[ 2015-08-24T15:18:41+08:00 ] ::1 /pctushu/
ERR: SQLSTATE[HY000] [1049] Unknown database 'pctushu'

[ 2015-08-24T15:18:46+08:00 ] ::1 /pctushu/
ERR: SQLSTATE[HY000] [1049] Unknown database 'pctushu'

[ 2015-08-24T15:19:13+08:00 ] ::1 /pctushu/
INFO: [ app_init ] --START--
INFO: Run Behavior\BuildLiteBehavior [ RunTime:0.000000s ]
INFO: [ app_init ] --END-- [ RunTime:0.012000s ]
INFO: [ app_begin ] --START--
INFO: Run Behavior\ReadHtmlCacheBehavior [ RunTime:0.000000s ]
INFO: [ app_begin ] --END-- [ RunTime:0.000000s ]
ERR: SQLSTATE[HY000] [1049] Unknown database 'pctushu'

[ 2015-08-24T15:20:07+08:00 ] ::1 /pctushu/
INFO: [ app_init ] --START--
INFO: Run Behavior\BuildLiteBehavior [ RunTime:0.000000s ]
INFO: [ app_init ] --END-- [ RunTime:0.001000s ]
INFO: [ app_begin ] --START--
INFO: Run Behavior\ReadHtmlCacheBehavior [ RunTime:0.000000s ]
INFO: [ app_begin ] --END-- [ RunTime:0.000000s ]
ERR: SQLSTATE[HY000] [1049] Unknown database 'pctushu'

[ 2015-08-24T15:22:08+08:00 ] ::1 /pctushu/
INFO: [ app_init ] --START--
INFO: Run Behavior\BuildLiteBehavior [ RunTime:0.000000s ]
INFO: [ app_init ] --END-- [ RunTime:0.000000s ]
INFO: [ app_begin ] --START--
INFO: Run Behavior\ReadHtmlCacheBehavior [ RunTime:0.001000s ]
INFO: [ app_begin ] --END-- [ RunTime:0.001000s ]
SQL: SHOW COLUMNS FROM `book_books_category` [ RunTime:0.0110s ]
SQL: SELECT `category_name`,`id` FROM `book_books_category` WHERE `pid` = 0  [ RunTime:0.0010s ]
SQL: SELECT * FROM `book_books_category` WHERE `id` = 1  [ RunTime:0.0010s ]
SQL: SELECT * FROM `book_books_category` WHERE `pid_path` LIKE '%,1%'  [ RunTime:0.0010s ]
SQL: SHOW COLUMNS FROM `book_books_list` [ RunTime:0.0110s ]
SQL: SHOW COLUMNS FROM `book_books_category` [ RunTime:0.0080s ]
SQL: SHOW COLUMNS FROM `book_user` [ RunTime:0.0060s ]
SQL: SELECT COUNT(*) AS tp_count FROM book_books_list Books_list LEFT JOIN book_books_category Books_category ON Books_list.category_id = Books_category.id  JOIN book_user User ON Books_list.uid = User.id WHERE Books_list.category_id IN ('1','6','7','8','9','10','11','12','13','14','15','16','18','19','20','21','22','23','24','25','26','27','28','29','30','31','32','33','34','35','36','37','38','39') LIMIT 1   [ RunTime:0.0010s ]
SQL: SELECT Books_list.id AS id,Books_list.books_name AS books_name,Books_list.books_counts AS books_counts,Books_list.add_time AS add_time,Books_list.books_face AS books_face,Books_list.uid AS uid,Books_list.category_id AS category_id,Books_category.category_name AS category_name,User.name AS name FROM book_books_list Books_list LEFT JOIN book_books_category Books_category ON Books_list.category_id = Books_category.id  JOIN book_user User ON Books_list.uid = User.id WHERE Books_list.category_id IN ('1','6','7','8','9','10','11','12','13','14','15','16','18','19','20','21','22','23','24','25','26','27','28','29','30','31','32','33','34','35','36','37','38','39') LIMIT 0,12   [ RunTime:0.0000s ]
INFO: [ view_parse ] --START--
INFO: [ template_filter ] --START--
INFO: Run Behavior\ContentReplaceBehavior [ RunTime:0.001000s ]
INFO: [ template_filter ] --END-- [ RunTime:0.001000s ]
NOTIC: [8] Undefined index: uid D:\phpStudy\WWW\pctushu\Index\Runtime\Cache\Home\f8cf203eb98c60ed9cec339b90173a5c.php 第 62 行.
SQL: SHOW COLUMNS FROM `book_content_category` [ RunTime:0.0040s ]
SQL: SELECT `content_id` FROM `book_content_category` WHERE `bid` = 17 AND (  `content_id` <> 0 ) ORDER BY content_id ASC LIMIT 1   [ RunTime:0.0010s ]
NOTIC: [8] Undefined variable: followStatus D:\phpStudy\WWW\pctushu\Index\Runtime\Cache\Home\f8cf203eb98c60ed9cec339b90173a5c.php 第 134 行.
NOTIC: [2] in_array() expects parameter 2 to be array, null given D:\phpStudy\WWW\pctushu\Index\Runtime\Cache\Home\f8cf203eb98c60ed9cec339b90173a5c.php 第 134 行.
INFO: Run Behavior\ParseTemplateBehavior [ RunTime:0.032002s ]
INFO: [ view_parse ] --END-- [ RunTime:0.032002s ]
INFO: [ view_filter ] --START--
INFO: Run Behavior\WriteHtmlCacheBehavior [ RunTime:0.001000s ]
INFO: [ view_filter ] --END-- [ RunTime:0.001000s ]
INFO: [ app_end ] --START--
INFO: Run Behavior\ShowPageTraceBehavior [ RunTime:0.001000s ]
INFO: [ app_end ] --END-- [ RunTime:0.001000s ]

[ 2015-08-24T15:22:12+08:00 ] ::1 /pctushu/books/index/bid/17/content_id/14
INFO: [ app_init ] --START--
INFO: Run Behavior\BuildLiteBehavior [ RunTime:0.000000s ]
INFO: [ app_init ] --END-- [ RunTime:0.001000s ]
INFO: [ app_begin ] --START--
INFO: Run Behavior\ReadHtmlCacheBehavior [ RunTime:0.001000s ]
INFO: [ app_begin ] --END-- [ RunTime:0.001000s ]
NOTIC: [8] Undefined index: uid D:\phpStudy\WWW\pctushu\Index\Home\Controller\CommonController.class.php 第 6 行.
NOTIC: [8] Undefined index: username D:\phpStudy\WWW\pctushu\Index\Home\Controller\CommonController.class.php 第 7 行.
SQL: SHOW COLUMNS FROM `book_books_list` [ RunTime:0.0120s ]
SQL: SELECT * FROM `book_books_list` WHERE `id` = 17 LIMIT 1   [ RunTime:0.0010s ]
SQL: SHOW COLUMNS FROM `book_books_category` [ RunTime:0.0110s ]
SQL: SELECT `pid_path` FROM `book_books_category` WHERE `id` = 39 LIMIT 1   [ RunTime:0.0000s ]
SQL: SELECT `id`,`category_name` FROM `book_books_category` WHERE `id` IN ('39','7','1')  [ RunTime:0.0010s ]
SQL: SELECT * FROM `book_books_list` WHERE `id` = 17 LIMIT 1   [ RunTime:0.0010s ]
SQL: SHOW COLUMNS FROM `book_content_category` [ RunTime:0.0110s ]
SQL: SELECT `content_id` FROM `book_content_category` WHERE `bid` = 17 AND (  `content_id` <> 0 ) ORDER BY content_id ASC LIMIT 1   [ RunTime:0.0000s ]
SQL: SELECT `content_id` FROM `book_content_category` WHERE `bid` = 17 AND (  `content_id` <> 0 ) ORDER BY content_id DESC LIMIT 1   [ RunTime:0.0000s ]
SQL: SELECT * FROM `book_content_category` WHERE `bid` = 17 ORDER BY id ASC  [ RunTime:0.0010s ]
SQL: SHOW COLUMNS FROM `book_books_content` [ RunTime:0.0050s ]
SQL: SELECT Books_content.id AS id,Books_content.acticle_name AS acticle_name,Books_content.key_word AS key_word,Books_content.acticle_content AS acticle_content,Books_content.acticle_click AS acticle_click,Books_content.add_time AS add_time,content_category.id AS content_cate_id,content_category.pid AS pid,content_category.bid AS bid FROM book_books_content Books_content LEFT JOIN book_content_category content_category ON Books_content.id = content_category.content_id WHERE `content_id` = '14' AND (  `books_id` = '17' ) LIMIT 1   [ RunTime:0.0000s ]
SQL: SHOW COLUMNS FROM `book_books_content` [ RunTime:0.0050s ]
SQL: UPDATE `book_books_content` SET `acticle_click`=acticle_click+1 WHERE `id` = 14 [ RunTime:0.0000s ]
SQL: UPDATE `book_books_list` SET `books_counts`=books_counts+1 WHERE `id` = 17 [ RunTime:0.0000s ]
SQL: SELECT COUNT(*) AS tp_count FROM `book_books_content` WHERE `books_id` = 17 LIMIT 1   [ RunTime:0.0010s ]
SQL: SELECT `id` FROM `book_books_content` WHERE `books_id` = 17 ORDER BY id ASC LIMIT 1   [ RunTime:0.0000s ]
INFO: [ view_parse ] --START--
INFO: [ template_filter ] --START--
INFO: Run Behavior\ContentReplaceBehavior [ RunTime:0.000000s ]
INFO: [ template_filter ] --END-- [ RunTime:0.000000s ]
NOTIC: [8] Undefined index: uid D:\phpStudy\WWW\pctushu\Index\Runtime\Cache\Home\878c39c45ad0f14c9ac7c0ba29036d03.php 第 56 行.
INFO: Run Behavior\ParseTemplateBehavior [ RunTime:0.013001s ]
INFO: [ view_parse ] --END-- [ RunTime:0.013001s ]
INFO: [ view_filter ] --START--
INFO: Run Behavior\WriteHtmlCacheBehavior [ RunTime:0.000000s ]
INFO: [ view_filter ] --END-- [ RunTime:0.000000s ]
INFO: [ app_end ] --START--
INFO: Run Behavior\ShowPageTraceBehavior [ RunTime:0.000000s ]
INFO: [ app_end ] --END-- [ RunTime:0.000000s ]

[ 2015-08-24T15:22:12+08:00 ] ::1 /pctushu/books/index/bid/17/content_id/image/apic12099.jpg
INFO: [ app_init ] --START--
INFO: Run Behavior\BuildLiteBehavior [ RunTime:0.000000s ]
INFO: [ app_init ] --END-- [ RunTime:0.000000s ]

[ 2015-08-24T15:22:16+08:00 ] ::1 /pctushu/index/index
INFO: [ app_init ] --START--
INFO: Run Behavior\BuildLiteBehavior [ RunTime:0.000000s ]
INFO: [ app_init ] --END-- [ RunTime:0.000000s ]
INFO: [ app_begin ] --START--
INFO: Run Behavior\ReadHtmlCacheBehavior [ RunTime:0.000000s ]
INFO: [ app_begin ] --END-- [ RunTime:0.001000s ]
SQL: SHOW COLUMNS FROM `book_books_category` [ RunTime:0.0110s ]
SQL: SELECT * FROM `book_books_category` WHERE `id` = 1  [ RunTime:0.0010s ]
SQL: SELECT * FROM `book_books_category` WHERE `pid_path` LIKE '%,1%'  [ RunTime:0.0010s ]
SQL: SHOW COLUMNS FROM `book_books_list` [ RunTime:0.0080s ]
SQL: SHOW COLUMNS FROM `book_books_category` [ RunTime:0.0060s ]
SQL: SHOW COLUMNS FROM `book_user` [ RunTime:0.0070s ]
SQL: SELECT COUNT(*) AS tp_count FROM book_books_list Books_list LEFT JOIN book_books_category Books_category ON Books_list.category_id = Books_category.id  JOIN book_user User ON Books_list.uid = User.id WHERE Books_list.category_id IN ('1','6','7','8','9','10','11','12','13','14','15','16','18','19','20','21','22','23','24','25','26','27','28','29','30','31','32','33','34','35','36','37','38','39') LIMIT 1   [ RunTime:0.0000s ]
SQL: SELECT Books_list.id AS id,Books_list.books_name AS books_name,Books_list.books_counts AS books_counts,Books_list.add_time AS add_time,Books_list.books_face AS books_face,Books_list.uid AS uid,Books_list.category_id AS category_id,Books_category.category_name AS category_name,User.name AS name FROM book_books_list Books_list LEFT JOIN book_books_category Books_category ON Books_list.category_id = Books_category.id  JOIN book_user User ON Books_list.uid = User.id WHERE Books_list.category_id IN ('1','6','7','8','9','10','11','12','13','14','15','16','18','19','20','21','22','23','24','25','26','27','28','29','30','31','32','33','34','35','36','37','38','39') LIMIT 0,12   [ RunTime:0.0010s ]
INFO: [ view_parse ] --START--
INFO: [ template_filter ] --START--
INFO: Run Behavior\ContentReplaceBehavior [ RunTime:0.000000s ]
INFO: [ template_filter ] --END-- [ RunTime:0.000000s ]
NOTIC: [8] Undefined index: uid D:\phpStudy\WWW\pctushu\Index\Runtime\Cache\Home\f8cf203eb98c60ed9cec339b90173a5c.php 第 62 行.
SQL: SHOW COLUMNS FROM `book_content_category` [ RunTime:0.0030s ]
SQL: SELECT `content_id` FROM `book_content_category` WHERE `bid` = 17 AND (  `content_id` <> 0 ) ORDER BY content_id ASC LIMIT 1   [ RunTime:0.0000s ]
NOTIC: [8] Undefined variable: followStatus D:\phpStudy\WWW\pctushu\Index\Runtime\Cache\Home\f8cf203eb98c60ed9cec339b90173a5c.php 第 134 行.
NOTIC: [2] in_array() expects parameter 2 to be array, null given D:\phpStudy\WWW\pctushu\Index\Runtime\Cache\Home\f8cf203eb98c60ed9cec339b90173a5c.php 第 134 行.
INFO: Run Behavior\ParseTemplateBehavior [ RunTime:0.017001s ]
INFO: [ view_parse ] --END-- [ RunTime:0.017001s ]
INFO: [ view_filter ] --START--
INFO: Run Behavior\WriteHtmlCacheBehavior [ RunTime:0.000000s ]
INFO: [ view_filter ] --END-- [ RunTime:0.000000s ]
INFO: [ app_end ] --START--
INFO: Run Behavior\ShowPageTraceBehavior [ RunTime:0.000000s ]
INFO: [ app_end ] --END-- [ RunTime:0.000000s ]

[ 2015-08-24T16:18:12+08:00 ] ::1 /pctushu/bookslist/index
INFO: [ app_init ] --START--
INFO: Run Behavior\BuildLiteBehavior [ RunTime:0.000000s ]
INFO: [ app_init ] --END-- [ RunTime:0.001000s ]
INFO: [ app_begin ] --START--
INFO: Run Behavior\ReadHtmlCacheBehavior [ RunTime:0.001000s ]
INFO: [ app_begin ] --END-- [ RunTime:0.001000s ]
SQL: SHOW COLUMNS FROM `book_books_category` [ RunTime:0.0140s ]
SQL: SELECT * FROM `book_books_category` WHERE `id` = 1  [ RunTime:0.0010s ]
SQL: SELECT * FROM `book_books_category` WHERE `pid_path` LIKE '%,1%'  [ RunTime:0.0010s ]
SQL: SHOW COLUMNS FROM `book_books_list` [ RunTime:0.0120s ]
SQL: SHOW COLUMNS FROM `book_books_category` [ RunTime:0.0060s ]
SQL: SHOW COLUMNS FROM `book_user` [ RunTime:0.0060s ]
SQL: SELECT COUNT(*) AS tp_count FROM book_books_list Books_list LEFT JOIN book_books_category Books_category ON Books_list.category_id = Books_category.id  JOIN book_user User ON Books_list.uid = User.id WHERE Books_list.category_id IN ('1','6','7','8','9','10','11','12','13','14','15','16','18','19','20','21','22','23','24','25','26','27','28','29','30','31','32','33','34','35','36','37','38','39') LIMIT 1   [ RunTime:0.0010s ]
SQL: SELECT Books_list.id AS id,Books_list.books_name AS books_name,Books_list.books_counts AS books_counts,Books_list.add_time AS add_time,Books_list.books_face AS books_face,Books_list.uid AS uid,Books_list.category_id AS category_id,Books_category.category_name AS category_name,User.name AS name FROM book_books_list Books_list LEFT JOIN book_books_category Books_category ON Books_list.category_id = Books_category.id  JOIN book_user User ON Books_list.uid = User.id WHERE Books_list.category_id IN ('1','6','7','8','9','10','11','12','13','14','15','16','18','19','20','21','22','23','24','25','26','27','28','29','30','31','32','33','34','35','36','37','38','39') LIMIT 0,12   [ RunTime:0.0000s ]
SQL: SELECT `id`,`category_name` FROM `book_books_category` WHERE `pid` = 0  [ RunTime:0.0000s ]
SQL: SELECT * FROM `book_books_category` WHERE `id` = 1  [ RunTime:0.0010s ]
SQL: SELECT `id`,`category_name` FROM `book_books_category` WHERE `pid` = 1  [ RunTime:0.0000s ]
SQL: SELECT `id`,`category_name` FROM `book_books_category` WHERE `pid` = 1 AND (  `pid` IN ('1','2','3','4','5') )  [ RunTime:0.0010s ]
SQL: SELECT `id`,`pid`,`category_name` FROM `book_books_category` WHERE `id` = 1 AND (  `pid` IN ('1','2','3','4','5') )  [ RunTime:0.0000s ]
SQL: SELECT `id`,`category_name` FROM `book_books_category` WHERE `pid` IN ('6','7','8','19','20','32')  [ RunTime:0.0010s ]
SQL: SELECT * FROM `book_books_category` WHERE `id` = 1 LIMIT 1   [ RunTime:0.0000s ]
SQL: SELECT * FROM `book_books_category` WHERE `pid_path` LIKE '%,0%'  [ RunTime:0.0010s ]
INFO: [ view_parse ] --START--
INFO: [ template_filter ] --START--
INFO: Run Behavior\ContentReplaceBehavior [ RunTime:0.000000s ]
INFO: [ template_filter ] --END-- [ RunTime:0.000000s ]
NOTIC: [8] Undefined index: uid D:\phpStudy\WWW\pctushu\Index\Runtime\Cache\Home\d2dc1e1fec690345be64c8d912010af0.php 第 65 行.
SQL: SHOW COLUMNS FROM `book_content_category` [ RunTime:0.0060s ]
SQL: SELECT `content_id` FROM `book_content_category` WHERE `bid` = 17 AND (  `content_id` <> 0 ) ORDER BY content_id ASC LIMIT 1   [ RunTime:0.0010s ]
NOTIC: [8] Undefined variable: followStatus D:\phpStudy\WWW\pctushu\Index\Runtime\Cache\Home\d2dc1e1fec690345be64c8d912010af0.php 第 137 行.
NOTIC: [2] in_array() expects parameter 2 to be array, null given D:\phpStudy\WWW\pctushu\Index\Runtime\Cache\Home\d2dc1e1fec690345be64c8d912010af0.php 第 137 行.
INFO: Run Behavior\ParseTemplateBehavior [ RunTime:0.057003s ]
INFO: [ view_parse ] --END-- [ RunTime:0.057003s ]
INFO: [ view_filter ] --START--
INFO: Run Behavior\WriteHtmlCacheBehavior [ RunTime:0.000000s ]
INFO: [ view_filter ] --END-- [ RunTime:0.001000s ]
INFO: [ app_end ] --START--
INFO: Run Behavior\ShowPageTraceBehavior [ RunTime:0.000000s ]
INFO: [ app_end ] --END-- [ RunTime:0.000000s ]

