[ 2015-08-26T16:13:25+08:00 ] ::1 /PCTUSHU/
INFO: [ app_init ] --START--
INFO: Run Behavior\BuildLiteBehavior [ RunTime:0.000000s ]
INFO: [ app_init ] --END-- [ RunTime:0.002000s ]
INFO: [ app_begin ] --START--
INFO: Run Behavior\ReadHtmlCacheBehavior [ RunTime:0.002000s ]
INFO: [ app_begin ] --END-- [ RunTime:0.002000s ]
SQL: SHOW COLUMNS FROM `book_books_category` [ RunTime:0.0780s ]
SQL: SELECT `category_name`,`id` FROM `book_books_category` WHERE `pid` = 0  [ RunTime:0.0010s ]
SQL: SELECT * FROM `book_books_category` WHERE `id` = 1  [ RunTime:0.0010s ]
SQL: SELECT * FROM `book_books_category` WHERE `pid_path` LIKE '%,1%'  [ RunTime:0.0010s ]
SQL: SHOW COLUMNS FROM `book_books_list` [ RunTime:0.0150s ]
SQL: SHOW COLUMNS FROM `book_books_category` [ RunTime:0.0070s ]
SQL: SHOW COLUMNS FROM `book_user` [ RunTime:0.0250s ]
SQL: SELECT COUNT(*) AS tp_count FROM book_books_list Books_list LEFT JOIN book_books_category Books_category ON Books_list.category_id = Books_category.id  JOIN book_user User ON Books_list.uid = User.id WHERE Books_list.category_id IN ('1','6','7','8','9','10','11','12','13','14','15','16','18','19','20','21','22','23','24','25','26','27','28','29','30','31','32','33','34','35','36','37','38','39') LIMIT 1   [ RunTime:0.0000s ]
SQL: SELECT Books_list.id AS id,Books_list.books_name AS books_name,Books_list.books_counts AS books_counts,Books_list.add_time AS add_time,Books_list.books_face AS books_face,Books_list.uid AS uid,Books_list.category_id AS category_id,Books_category.category_name AS category_name,User.name AS name FROM book_books_list Books_list LEFT JOIN book_books_category Books_category ON Books_list.category_id = Books_category.id  JOIN book_user User ON Books_list.uid = User.id WHERE Books_list.category_id IN ('1','6','7','8','9','10','11','12','13','14','15','16','18','19','20','21','22','23','24','25','26','27','28','29','30','31','32','33','34','35','36','37','38','39') LIMIT 0,12   [ RunTime:0.0000s ]
INFO: [ view_parse ] --START--
INFO: [ template_filter ] --START--
INFO: Run Behavior\ContentReplaceBehavior [ RunTime:0.000000s ]
INFO: [ template_filter ] --END-- [ RunTime:0.000000s ]
NOTIC: [8] Undefined index: uid D:\phpStudy\WWW\PCTUSHU\Index\Runtime\Cache\Home\f8cf203eb98c60ed9cec339b90173a5c.php 第 62 行.
SQL: SHOW COLUMNS FROM `book_content_category` [ RunTime:0.0170s ]
SQL: SELECT `content_id` FROM `book_content_category` WHERE `bid` = 17 AND (  `content_id` <> 0 ) ORDER BY content_id ASC LIMIT 1   [ RunTime:0.0000s ]
NOTIC: [8] Undefined variable: followStatus D:\phpStudy\WWW\PCTUSHU\Index\Runtime\Cache\Home\f8cf203eb98c60ed9cec339b90173a5c.php 第 134 行.
NOTIC: [2] in_array() expects parameter 2 to be array, null given D:\phpStudy\WWW\PCTUSHU\Index\Runtime\Cache\Home\f8cf203eb98c60ed9cec339b90173a5c.php 第 134 行.
INFO: Run Behavior\ParseTemplateBehavior [ RunTime:0.051003s ]
INFO: [ view_parse ] --END-- [ RunTime:0.051003s ]
INFO: [ view_filter ] --START--
INFO: Run Behavior\WriteHtmlCacheBehavior [ RunTime:0.001000s ]
INFO: [ view_filter ] --END-- [ RunTime:0.001000s ]
INFO: [ app_end ] --START--
INFO: Run Behavior\ShowPageTraceBehavior [ RunTime:0.005000s ]
INFO: [ app_end ] --END-- [ RunTime:0.005000s ]

