[ 2015-08-30T10:02:48+08:00 ] ::1 /pctushu/
INFO: [ app_init ] --START--
INFO: Run Behavior\BuildLiteBehavior [ RunTime:0.000025s ]
INFO: [ app_init ] --END-- [ RunTime:0.001405s ]
INFO: [ app_begin ] --START--
INFO: Run Behavior\ReadHtmlCacheBehavior [ RunTime:0.001581s ]
INFO: [ app_begin ] --END-- [ RunTime:0.001779s ]
SQL: SHOW COLUMNS FROM `book_books_category` [ RunTime:0.0185s ]
SQL: SELECT `category_name`,`id` FROM `book_books_category` WHERE `pid` = 0  [ RunTime:0.0019s ]
SQL: SELECT * FROM `book_books_category` WHERE `id` = 1  [ RunTime:0.0012s ]
SQL: SELECT * FROM `book_books_category` WHERE `pid_path` LIKE '%,1%'  [ RunTime:0.0015s ]
SQL: SHOW COLUMNS FROM `book_books_list` [ RunTime:0.0071s ]
SQL: SHOW COLUMNS FROM `book_books_category` [ RunTime:0.0048s ]
SQL: SHOW COLUMNS FROM `book_user` [ RunTime:0.0069s ]
SQL: SELECT COUNT(*) AS tp_count FROM book_books_list Books_list LEFT JOIN book_books_category Books_category ON Books_list.category_id = Books_category.id  JOIN book_user User ON Books_list.uid = User.id WHERE Books_list.category_id IN ('1','6','7','8','9','10','11','12','13','14','15','16','18','19','20','21','22','23','24','25','26','27','28','29','30','31','32','33','34','35','36','37','38','39') LIMIT 1   [ RunTime:0.0031s ]
SQL: SELECT Books_list.id AS id,Books_list.books_name AS books_name,Books_list.books_counts AS books_counts,Books_list.add_time AS add_time,Books_list.books_face AS books_face,Books_list.uid AS uid,Books_list.category_id AS category_id,Books_category.category_name AS category_name,User.name AS name FROM book_books_list Books_list LEFT JOIN book_books_category Books_category ON Books_list.category_id = Books_category.id  JOIN book_user User ON Books_list.uid = User.id WHERE Books_list.category_id IN ('1','6','7','8','9','10','11','12','13','14','15','16','18','19','20','21','22','23','24','25','26','27','28','29','30','31','32','33','34','35','36','37','38','39') LIMIT 0,12   [ RunTime:0.0013s ]
INFO: [ view_parse ] --START--
INFO: [ template_filter ] --START--
INFO: Run Behavior\ContentReplaceBehavior [ RunTime:0.000124s ]
INFO: [ template_filter ] --END-- [ RunTime:0.000225s ]
NOTIC: [8] Undefined index: uid C:\php\www\pctushu\Index\Runtime\Cache\Home\f8cf203eb98c60ed9cec339b90173a5c.php 第 62 行.
SQL: SHOW COLUMNS FROM `book_content_category` [ RunTime:0.0060s ]
SQL: SELECT `content_id` FROM `book_content_category` WHERE `bid` = 17 AND (  `content_id` <> 0 ) ORDER BY content_id ASC LIMIT 1   [ RunTime:0.0010s ]
NOTIC: [8] Undefined variable: followStatus C:\php\www\pctushu\Index\Runtime\Cache\Home\f8cf203eb98c60ed9cec339b90173a5c.php 第 134 行.
NOTIC: [2] in_array() expects parameter 2 to be array, null given C:\php\www\pctushu\Index\Runtime\Cache\Home\f8cf203eb98c60ed9cec339b90173a5c.php 第 134 行.
SQL: SELECT `content_id` FROM `book_content_category` WHERE `bid` = 18 AND (  `content_id` <> 0 ) ORDER BY content_id ASC LIMIT 1   [ RunTime:0.0006s ]
NOTIC: [8] Undefined variable: followStatus C:\php\www\pctushu\Index\Runtime\Cache\Home\f8cf203eb98c60ed9cec339b90173a5c.php 第 134 行.
NOTIC: [2] in_array() expects parameter 2 to be array, null given C:\php\www\pctushu\Index\Runtime\Cache\Home\f8cf203eb98c60ed9cec339b90173a5c.php 第 134 行.
SQL: SELECT `content_id` FROM `book_content_category` WHERE `bid` = 19 AND (  `content_id` <> 0 ) ORDER BY content_id ASC LIMIT 1   [ RunTime:0.0004s ]
NOTIC: [8] Undefined variable: followStatus C:\php\www\pctushu\Index\Runtime\Cache\Home\f8cf203eb98c60ed9cec339b90173a5c.php 第 134 行.
NOTIC: [2] in_array() expects parameter 2 to be array, null given C:\php\www\pctushu\Index\Runtime\Cache\Home\f8cf203eb98c60ed9cec339b90173a5c.php 第 134 行.
SQL: SELECT `content_id` FROM `book_content_category` WHERE `bid` = 20 AND (  `content_id` <> 0 ) ORDER BY content_id ASC LIMIT 1   [ RunTime:0.0005s ]
NOTIC: [8] Undefined variable: followStatus C:\php\www\pctushu\Index\Runtime\Cache\Home\f8cf203eb98c60ed9cec339b90173a5c.php 第 134 行.
NOTIC: [2] in_array() expects parameter 2 to be array, null given C:\php\www\pctushu\Index\Runtime\Cache\Home\f8cf203eb98c60ed9cec339b90173a5c.php 第 134 行.
SQL: SELECT `content_id` FROM `book_content_category` WHERE `bid` = 21 AND (  `content_id` <> 0 ) ORDER BY content_id ASC LIMIT 1   [ RunTime:0.0008s ]
NOTIC: [8] Undefined variable: followStatus C:\php\www\pctushu\Index\Runtime\Cache\Home\f8cf203eb98c60ed9cec339b90173a5c.php 第 134 行.
NOTIC: [2] in_array() expects parameter 2 to be array, null given C:\php\www\pctushu\Index\Runtime\Cache\Home\f8cf203eb98c60ed9cec339b90173a5c.php 第 134 行.
SQL: SELECT `content_id` FROM `book_content_category` WHERE `bid` = 22 AND (  `content_id` <> 0 ) ORDER BY content_id ASC LIMIT 1   [ RunTime:0.0007s ]
NOTIC: [8] Undefined variable: followStatus C:\php\www\pctushu\Index\Runtime\Cache\Home\f8cf203eb98c60ed9cec339b90173a5c.php 第 134 行.
NOTIC: [2] in_array() expects parameter 2 to be array, null given C:\php\www\pctushu\Index\Runtime\Cache\Home\f8cf203eb98c60ed9cec339b90173a5c.php 第 134 行.
SQL: SELECT `content_id` FROM `book_content_category` WHERE `bid` = 23 AND (  `content_id` <> 0 ) ORDER BY content_id ASC LIMIT 1   [ RunTime:0.0007s ]
NOTIC: [8] Undefined variable: followStatus C:\php\www\pctushu\Index\Runtime\Cache\Home\f8cf203eb98c60ed9cec339b90173a5c.php 第 134 行.
NOTIC: [2] in_array() expects parameter 2 to be array, null given C:\php\www\pctushu\Index\Runtime\Cache\Home\f8cf203eb98c60ed9cec339b90173a5c.php 第 134 行.
SQL: SELECT `content_id` FROM `book_content_category` WHERE `bid` = 24 AND (  `content_id` <> 0 ) ORDER BY content_id ASC LIMIT 1   [ RunTime:0.0007s ]
NOTIC: [8] Undefined variable: followStatus C:\php\www\pctushu\Index\Runtime\Cache\Home\f8cf203eb98c60ed9cec339b90173a5c.php 第 134 行.
NOTIC: [2] in_array() expects parameter 2 to be array, null given C:\php\www\pctushu\Index\Runtime\Cache\Home\f8cf203eb98c60ed9cec339b90173a5c.php 第 134 行.
SQL: SELECT `content_id` FROM `book_content_category` WHERE `bid` = 25 AND (  `content_id` <> 0 ) ORDER BY content_id ASC LIMIT 1   [ RunTime:0.0009s ]
NOTIC: [8] Undefined variable: followStatus C:\php\www\pctushu\Index\Runtime\Cache\Home\f8cf203eb98c60ed9cec339b90173a5c.php 第 134 行.
NOTIC: [2] in_array() expects parameter 2 to be array, null given C:\php\www\pctushu\Index\Runtime\Cache\Home\f8cf203eb98c60ed9cec339b90173a5c.php 第 134 行.
SQL: SELECT `content_id` FROM `book_content_category` WHERE `bid` = 26 AND (  `content_id` <> 0 ) ORDER BY content_id ASC LIMIT 1   [ RunTime:0.0008s ]
NOTIC: [8] Undefined variable: followStatus C:\php\www\pctushu\Index\Runtime\Cache\Home\f8cf203eb98c60ed9cec339b90173a5c.php 第 134 行.
NOTIC: [2] in_array() expects parameter 2 to be array, null given C:\php\www\pctushu\Index\Runtime\Cache\Home\f8cf203eb98c60ed9cec339b90173a5c.php 第 134 行.
SQL: SELECT `content_id` FROM `book_content_category` WHERE `bid` = 27 AND (  `content_id` <> 0 ) ORDER BY content_id ASC LIMIT 1   [ RunTime:0.0007s ]
NOTIC: [8] Undefined variable: followStatus C:\php\www\pctushu\Index\Runtime\Cache\Home\f8cf203eb98c60ed9cec339b90173a5c.php 第 134 行.
NOTIC: [2] in_array() expects parameter 2 to be array, null given C:\php\www\pctushu\Index\Runtime\Cache\Home\f8cf203eb98c60ed9cec339b90173a5c.php 第 134 行.
SQL: SELECT `content_id` FROM `book_content_category` WHERE `bid` = 28 AND (  `content_id` <> 0 ) ORDER BY content_id ASC LIMIT 1   [ RunTime:0.0006s ]
NOTIC: [8] Undefined variable: followStatus C:\php\www\pctushu\Index\Runtime\Cache\Home\f8cf203eb98c60ed9cec339b90173a5c.php 第 134 行.
NOTIC: [2] in_array() expects parameter 2 to be array, null given C:\php\www\pctushu\Index\Runtime\Cache\Home\f8cf203eb98c60ed9cec339b90173a5c.php 第 134 行.
INFO: Run Behavior\ParseTemplateBehavior [ RunTime:0.049263s ]
INFO: [ view_parse ] --END-- [ RunTime:0.049391s ]
INFO: [ view_filter ] --START--
INFO: Run Behavior\WriteHtmlCacheBehavior [ RunTime:0.001360s ]
INFO: [ view_filter ] --END-- [ RunTime:0.001503s ]
INFO: [ app_end ] --START--
INFO: Run Behavior\ShowPageTraceBehavior [ RunTime:0.001633s ]
INFO: [ app_end ] --END-- [ RunTime:0.001812s ]

[ 2015-08-30T10:07:01+08:00 ] ::1 /pctushu/books/index/bid/25
INFO: [ app_init ] --START--
INFO: Run Behavior\BuildLiteBehavior [ RunTime:0.000023s ]
INFO: [ app_init ] --END-- [ RunTime:0.000540s ]
INFO: [ app_begin ] --START--
INFO: Run Behavior\ReadHtmlCacheBehavior [ RunTime:0.000972s ]
INFO: [ app_begin ] --END-- [ RunTime:0.001065s ]
NOTIC: [8] Undefined index: uid C:\php\www\pctushu\Index\Home\Controller\CommonController.class.php 第 6 行.
NOTIC: [8] Undefined index: username C:\php\www\pctushu\Index\Home\Controller\CommonController.class.php 第 7 行.
SQL: SHOW COLUMNS FROM `book_books_list` [ RunTime:0.0091s ]
SQL: SELECT * FROM `book_books_list` WHERE `id` = 25 LIMIT 1   [ RunTime:0.0009s ]
SQL: SHOW COLUMNS FROM `book_books_category` [ RunTime:0.0063s ]
SQL: SELECT `pid_path` FROM `book_books_category` WHERE `id` = 13 LIMIT 1   [ RunTime:0.0010s ]
SQL: SELECT `id`,`category_name` FROM `book_books_category` WHERE `id` IN ('13','7','1')  [ RunTime:0.0008s ]
SQL: SELECT * FROM `book_books_list` WHERE `id` = 25 LIMIT 1   [ RunTime:0.0008s ]
SQL: SHOW COLUMNS FROM `book_content_category` [ RunTime:0.0068s ]
SQL: SELECT `content_id` FROM `book_content_category` WHERE `bid` = 25 AND (  `content_id` <> 0 ) ORDER BY content_id ASC LIMIT 1   [ RunTime:0.0007s ]
SQL: SELECT `content_id` FROM `book_content_category` WHERE `bid` = 25 AND (  `content_id` <> 0 ) ORDER BY content_id DESC LIMIT 1   [ RunTime:0.0006s ]
SQL: SELECT * FROM `book_content_category` WHERE `bid` = 25 ORDER BY id ASC  [ RunTime:0.0007s ]
NOTIC: [8] Undefined index: content_id C:\php\www\pctushu\Index\Home\Controller\BooksController.class.php 第 34 行.
NOTIC: [8] Undefined index: content_id C:\php\www\pctushu\Index\Home\Controller\BooksController.class.php 第 11 行.
INFO: [ view_parse ] --START--
INFO: [ template_filter ] --START--
INFO: Run Behavior\ContentReplaceBehavior [ RunTime:0.000166s ]
INFO: [ template_filter ] --END-- [ RunTime:0.000275s ]
NOTIC: [8] Undefined variable: getContentList C:\php\www\pctushu\Index\Runtime\Cache\Home\878c39c45ad0f14c9ac7c0ba29036d03.php 第 7 行.
NOTIC: [8] Undefined variable: getContentList C:\php\www\pctushu\Index\Runtime\Cache\Home\878c39c45ad0f14c9ac7c0ba29036d03.php 第 9 行.
NOTIC: [8] Undefined index: uid C:\php\www\pctushu\Index\Runtime\Cache\Home\878c39c45ad0f14c9ac7c0ba29036d03.php 第 56 行.
NOTIC: [8] Undefined index: content_id C:\php\www\pctushu\Index\Runtime\Cache\Home\878c39c45ad0f14c9ac7c0ba29036d03.php 第 86 行.
NOTIC: [8] Undefined variable: getContentList C:\php\www\pctushu\Index\Runtime\Cache\Home\878c39c45ad0f14c9ac7c0ba29036d03.php 第 88 行.
NOTIC: [8] Undefined variable: getContentList C:\php\www\pctushu\Index\Runtime\Cache\Home\878c39c45ad0f14c9ac7c0ba29036d03.php 第 89 行.
NOTIC: [8] Undefined index: content_id C:\php\www\pctushu\Index\Runtime\Cache\Home\878c39c45ad0f14c9ac7c0ba29036d03.php 第 94 行.
NOTIC: [8] Undefined variable: getContentList C:\php\www\pctushu\Index\Runtime\Cache\Home\878c39c45ad0f14c9ac7c0ba29036d03.php 第 98 行.
NOTIC: [8] Undefined variable: getContentList C:\php\www\pctushu\Index\Runtime\Cache\Home\878c39c45ad0f14c9ac7c0ba29036d03.php 第 99 行.
INFO: Run Behavior\ParseTemplateBehavior [ RunTime:0.023521s ]
INFO: [ view_parse ] --END-- [ RunTime:0.023695s ]
INFO: [ view_filter ] --START--
INFO: Run Behavior\WriteHtmlCacheBehavior [ RunTime:0.000687s ]
INFO: [ view_filter ] --END-- [ RunTime:0.000777s ]
INFO: [ app_end ] --START--
INFO: Run Behavior\ShowPageTraceBehavior [ RunTime:0.000983s ]
INFO: [ app_end ] --END-- [ RunTime:0.001089s ]

[ 2015-08-30T10:07:02+08:00 ] ::1 /pctushu/books/index/bid/image/apic12099.jpg
INFO: [ app_init ] --START--
INFO: Run Behavior\BuildLiteBehavior [ RunTime:0.000056s ]
INFO: [ app_init ] --END-- [ RunTime:0.000824s ]

[ 2015-08-30T12:16:31+08:00 ] ::1 /pctushu/bookslist/index
INFO: [ app_init ] --START--
INFO: Run Behavior\BuildLiteBehavior [ RunTime:0.000024s ]
INFO: [ app_init ] --END-- [ RunTime:0.000543s ]
INFO: [ app_begin ] --START--
INFO: Run Behavior\ReadHtmlCacheBehavior [ RunTime:0.001090s ]
INFO: [ app_begin ] --END-- [ RunTime:0.001200s ]
SQL: SHOW COLUMNS FROM `book_books_category` [ RunTime:0.0056s ]
SQL: SELECT * FROM `book_books_category` WHERE `id` = 1  [ RunTime:0.0007s ]
SQL: SELECT * FROM `book_books_category` WHERE `pid_path` LIKE '%,1%'  [ RunTime:0.0009s ]
SQL: SHOW COLUMNS FROM `book_books_list` [ RunTime:0.0055s ]
SQL: SHOW COLUMNS FROM `book_books_category` [ RunTime:0.0046s ]
SQL: SHOW COLUMNS FROM `book_user` [ RunTime:0.0056s ]
SQL: SELECT COUNT(*) AS tp_count FROM book_books_list Books_list LEFT JOIN book_books_category Books_category ON Books_list.category_id = Books_category.id  JOIN book_user User ON Books_list.uid = User.id WHERE Books_list.category_id IN ('1','6','7','8','9','10','11','12','13','14','15','16','18','19','20','21','22','23','24','25','26','27','28','29','30','31','32','33','34','35','36','37','38','39') LIMIT 1   [ RunTime:0.0009s ]
SQL: SELECT Books_list.id AS id,Books_list.books_name AS books_name,Books_list.books_counts AS books_counts,Books_list.add_time AS add_time,Books_list.books_face AS books_face,Books_list.uid AS uid,Books_list.category_id AS category_id,Books_category.category_name AS category_name,User.name AS name FROM book_books_list Books_list LEFT JOIN book_books_category Books_category ON Books_list.category_id = Books_category.id  JOIN book_user User ON Books_list.uid = User.id WHERE Books_list.category_id IN ('1','6','7','8','9','10','11','12','13','14','15','16','18','19','20','21','22','23','24','25','26','27','28','29','30','31','32','33','34','35','36','37','38','39') LIMIT 0,12   [ RunTime:0.0013s ]
SQL: SELECT `id`,`category_name` FROM `book_books_category` WHERE `pid` = 0  [ RunTime:0.0006s ]
SQL: SELECT * FROM `book_books_category` WHERE `id` = 1  [ RunTime:0.0005s ]
SQL: SELECT `id`,`category_name` FROM `book_books_category` WHERE `pid` = 1  [ RunTime:0.0005s ]
SQL: SELECT `id`,`category_name` FROM `book_books_category` WHERE `pid` = 1 AND (  `pid` IN ('1','2','3','4','5') )  [ RunTime:0.0005s ]
SQL: SELECT `id`,`pid`,`category_name` FROM `book_books_category` WHERE `id` = 1 AND (  `pid` IN ('1','2','3','4','5') )  [ RunTime:0.0005s ]
SQL: SELECT `id`,`category_name` FROM `book_books_category` WHERE `pid` IN ('6','7','8','19','20','32')  [ RunTime:0.0007s ]
SQL: SELECT * FROM `book_books_category` WHERE `id` = 1 LIMIT 1   [ RunTime:0.0007s ]
SQL: SELECT * FROM `book_books_category` WHERE `pid_path` LIKE '%,0%'  [ RunTime:0.0006s ]
INFO: [ view_parse ] --START--
INFO: [ template_filter ] --START--
INFO: Run Behavior\ContentReplaceBehavior [ RunTime:0.000122s ]
INFO: [ template_filter ] --END-- [ RunTime:0.000218s ]
NOTIC: [8] Undefined index: uid C:\php\www\pctushu\Index\Runtime\Cache\Home\d2dc1e1fec690345be64c8d912010af0.php 第 65 行.
SQL: SHOW COLUMNS FROM `book_content_category` [ RunTime:0.0061s ]
SQL: SELECT `content_id` FROM `book_content_category` WHERE `bid` = 17 AND (  `content_id` <> 0 ) ORDER BY content_id ASC LIMIT 1   [ RunTime:0.0006s ]
NOTIC: [8] Undefined variable: followStatus C:\php\www\pctushu\Index\Runtime\Cache\Home\d2dc1e1fec690345be64c8d912010af0.php 第 137 行.
NOTIC: [2] in_array() expects parameter 2 to be array, null given C:\php\www\pctushu\Index\Runtime\Cache\Home\d2dc1e1fec690345be64c8d912010af0.php 第 137 行.
SQL: SELECT `content_id` FROM `book_content_category` WHERE `bid` = 18 AND (  `content_id` <> 0 ) ORDER BY content_id ASC LIMIT 1   [ RunTime:0.0007s ]
NOTIC: [8] Undefined variable: followStatus C:\php\www\pctushu\Index\Runtime\Cache\Home\d2dc1e1fec690345be64c8d912010af0.php 第 137 行.
NOTIC: [2] in_array() expects parameter 2 to be array, null given C:\php\www\pctushu\Index\Runtime\Cache\Home\d2dc1e1fec690345be64c8d912010af0.php 第 137 行.
SQL: SELECT `content_id` FROM `book_content_category` WHERE `bid` = 19 AND (  `content_id` <> 0 ) ORDER BY content_id ASC LIMIT 1   [ RunTime:0.0005s ]
NOTIC: [8] Undefined variable: followStatus C:\php\www\pctushu\Index\Runtime\Cache\Home\d2dc1e1fec690345be64c8d912010af0.php 第 137 行.
NOTIC: [2] in_array() expects parameter 2 to be array, null given C:\php\www\pctushu\Index\Runtime\Cache\Home\d2dc1e1fec690345be64c8d912010af0.php 第 137 行.
SQL: SELECT `content_id` FROM `book_content_category` WHERE `bid` = 20 AND (  `content_id` <> 0 ) ORDER BY content_id ASC LIMIT 1   [ RunTime:0.0007s ]
NOTIC: [8] Undefined variable: followStatus C:\php\www\pctushu\Index\Runtime\Cache\Home\d2dc1e1fec690345be64c8d912010af0.php 第 137 行.
NOTIC: [2] in_array() expects parameter 2 to be array, null given C:\php\www\pctushu\Index\Runtime\Cache\Home\d2dc1e1fec690345be64c8d912010af0.php 第 137 行.
SQL: SELECT `content_id` FROM `book_content_category` WHERE `bid` = 21 AND (  `content_id` <> 0 ) ORDER BY content_id ASC LIMIT 1   [ RunTime:0.0005s ]
NOTIC: [8] Undefined variable: followStatus C:\php\www\pctushu\Index\Runtime\Cache\Home\d2dc1e1fec690345be64c8d912010af0.php 第 137 行.
NOTIC: [2] in_array() expects parameter 2 to be array, null given C:\php\www\pctushu\Index\Runtime\Cache\Home\d2dc1e1fec690345be64c8d912010af0.php 第 137 行.
SQL: SELECT `content_id` FROM `book_content_category` WHERE `bid` = 22 AND (  `content_id` <> 0 ) ORDER BY content_id ASC LIMIT 1   [ RunTime:0.0005s ]
NOTIC: [8] Undefined variable: followStatus C:\php\www\pctushu\Index\Runtime\Cache\Home\d2dc1e1fec690345be64c8d912010af0.php 第 137 行.
NOTIC: [2] in_array() expects parameter 2 to be array, null given C:\php\www\pctushu\Index\Runtime\Cache\Home\d2dc1e1fec690345be64c8d912010af0.php 第 137 行.
SQL: SELECT `content_id` FROM `book_content_category` WHERE `bid` = 23 AND (  `content_id` <> 0 ) ORDER BY content_id ASC LIMIT 1   [ RunTime:0.0005s ]
NOTIC: [8] Undefined variable: followStatus C:\php\www\pctushu\Index\Runtime\Cache\Home\d2dc1e1fec690345be64c8d912010af0.php 第 137 行.
NOTIC: [2] in_array() expects parameter 2 to be array, null given C:\php\www\pctushu\Index\Runtime\Cache\Home\d2dc1e1fec690345be64c8d912010af0.php 第 137 行.
SQL: SELECT `content_id` FROM `book_content_category` WHERE `bid` = 24 AND (  `content_id` <> 0 ) ORDER BY content_id ASC LIMIT 1   [ RunTime:0.0004s ]
NOTIC: [8] Undefined variable: followStatus C:\php\www\pctushu\Index\Runtime\Cache\Home\d2dc1e1fec690345be64c8d912010af0.php 第 137 行.
NOTIC: [2] in_array() expects parameter 2 to be array, null given C:\php\www\pctushu\Index\Runtime\Cache\Home\d2dc1e1fec690345be64c8d912010af0.php 第 137 行.
SQL: SELECT `content_id` FROM `book_content_category` WHERE `bid` = 25 AND (  `content_id` <> 0 ) ORDER BY content_id ASC LIMIT 1   [ RunTime:0.0006s ]
NOTIC: [8] Undefined variable: followStatus C:\php\www\pctushu\Index\Runtime\Cache\Home\d2dc1e1fec690345be64c8d912010af0.php 第 137 行.
NOTIC: [2] in_array() expects parameter 2 to be array, null given C:\php\www\pctushu\Index\Runtime\Cache\Home\d2dc1e1fec690345be64c8d912010af0.php 第 137 行.
SQL: SELECT `content_id` FROM `book_content_category` WHERE `bid` = 26 AND (  `content_id` <> 0 ) ORDER BY content_id ASC LIMIT 1   [ RunTime:0.0005s ]
NOTIC: [8] Undefined variable: followStatus C:\php\www\pctushu\Index\Runtime\Cache\Home\d2dc1e1fec690345be64c8d912010af0.php 第 137 行.
NOTIC: [2] in_array() expects parameter 2 to be array, null given C:\php\www\pctushu\Index\Runtime\Cache\Home\d2dc1e1fec690345be64c8d912010af0.php 第 137 行.
SQL: SELECT `content_id` FROM `book_content_category` WHERE `bid` = 27 AND (  `content_id` <> 0 ) ORDER BY content_id ASC LIMIT 1   [ RunTime:0.0004s ]
NOTIC: [8] Undefined variable: followStatus C:\php\www\pctushu\Index\Runtime\Cache\Home\d2dc1e1fec690345be64c8d912010af0.php 第 137 行.
NOTIC: [2] in_array() expects parameter 2 to be array, null given C:\php\www\pctushu\Index\Runtime\Cache\Home\d2dc1e1fec690345be64c8d912010af0.php 第 137 行.
SQL: SELECT `content_id` FROM `book_content_category` WHERE `bid` = 28 AND (  `content_id` <> 0 ) ORDER BY content_id ASC LIMIT 1   [ RunTime:0.0005s ]
NOTIC: [8] Undefined variable: followStatus C:\php\www\pctushu\Index\Runtime\Cache\Home\d2dc1e1fec690345be64c8d912010af0.php 第 137 行.
NOTIC: [2] in_array() expects parameter 2 to be array, null given C:\php\www\pctushu\Index\Runtime\Cache\Home\d2dc1e1fec690345be64c8d912010af0.php 第 137 行.
INFO: Run Behavior\ParseTemplateBehavior [ RunTime:0.046092s ]
INFO: [ view_parse ] --END-- [ RunTime:0.046184s ]
INFO: [ view_filter ] --START--
INFO: Run Behavior\WriteHtmlCacheBehavior [ RunTime:0.000809s ]
INFO: [ view_filter ] --END-- [ RunTime:0.000889s ]
INFO: [ app_end ] --START--
INFO: Run Behavior\ShowPageTraceBehavior [ RunTime:0.001246s ]
INFO: [ app_end ] --END-- [ RunTime:0.001350s ]

[ 2015-08-30T12:16:35+08:00 ] ::1 /pctushu/bookslist/index/p/2
INFO: [ app_init ] --START--
INFO: Run Behavior\BuildLiteBehavior [ RunTime:0.000024s ]
INFO: [ app_init ] --END-- [ RunTime:0.000537s ]
INFO: [ app_begin ] --START--
INFO: Run Behavior\ReadHtmlCacheBehavior [ RunTime:0.000894s ]
INFO: [ app_begin ] --END-- [ RunTime:0.000985s ]
SQL: SHOW COLUMNS FROM `book_books_category` [ RunTime:0.0053s ]
SQL: SELECT * FROM `book_books_category` WHERE `id` = 1  [ RunTime:0.0006s ]
SQL: SELECT * FROM `book_books_category` WHERE `pid_path` LIKE '%,1%'  [ RunTime:0.0007s ]
SQL: SHOW COLUMNS FROM `book_books_list` [ RunTime:0.0049s ]
SQL: SHOW COLUMNS FROM `book_books_category` [ RunTime:0.0049s ]
SQL: SHOW COLUMNS FROM `book_user` [ RunTime:0.0052s ]
SQL: SELECT COUNT(*) AS tp_count FROM book_books_list Books_list LEFT JOIN book_books_category Books_category ON Books_list.category_id = Books_category.id  JOIN book_user User ON Books_list.uid = User.id WHERE Books_list.category_id IN ('1','6','7','8','9','10','11','12','13','14','15','16','18','19','20','21','22','23','24','25','26','27','28','29','30','31','32','33','34','35','36','37','38','39') LIMIT 1   [ RunTime:0.0009s ]
SQL: SELECT Books_list.id AS id,Books_list.books_name AS books_name,Books_list.books_counts AS books_counts,Books_list.add_time AS add_time,Books_list.books_face AS books_face,Books_list.uid AS uid,Books_list.category_id AS category_id,Books_category.category_name AS category_name,User.name AS name FROM book_books_list Books_list LEFT JOIN book_books_category Books_category ON Books_list.category_id = Books_category.id  JOIN book_user User ON Books_list.uid = User.id WHERE Books_list.category_id IN ('1','6','7','8','9','10','11','12','13','14','15','16','18','19','20','21','22','23','24','25','26','27','28','29','30','31','32','33','34','35','36','37','38','39') LIMIT 12,12   [ RunTime:0.0015s ]
SQL: SELECT `id`,`category_name` FROM `book_books_category` WHERE `pid` = 0  [ RunTime:0.0007s ]
SQL: SELECT * FROM `book_books_category` WHERE `id` = 1  [ RunTime:0.0005s ]
SQL: SELECT `id`,`category_name` FROM `book_books_category` WHERE `pid` = 1  [ RunTime:0.0005s ]
SQL: SELECT `id`,`category_name` FROM `book_books_category` WHERE `pid` = 1 AND (  `pid` IN ('1','2','3','4','5') )  [ RunTime:0.0006s ]
SQL: SELECT `id`,`pid`,`category_name` FROM `book_books_category` WHERE `id` = 1 AND (  `pid` IN ('1','2','3','4','5') )  [ RunTime:0.0005s ]
SQL: SELECT `id`,`category_name` FROM `book_books_category` WHERE `pid` IN ('6','7','8','19','20','32')  [ RunTime:0.0006s ]
SQL: SELECT * FROM `book_books_category` WHERE `id` = 1 LIMIT 1   [ RunTime:0.0006s ]
SQL: SELECT * FROM `book_books_category` WHERE `pid_path` LIKE '%,0%'  [ RunTime:0.0009s ]
INFO: [ view_parse ] --START--
INFO: [ template_filter ] --START--
INFO: Run Behavior\ContentReplaceBehavior [ RunTime:0.000124s ]
INFO: [ template_filter ] --END-- [ RunTime:0.000217s ]
NOTIC: [8] Undefined index: uid C:\php\www\pctushu\Index\Runtime\Cache\Home\d2dc1e1fec690345be64c8d912010af0.php 第 65 行.
SQL: SHOW COLUMNS FROM `book_content_category` [ RunTime:0.0051s ]
SQL: SELECT `content_id` FROM `book_content_category` WHERE `bid` = 29 AND (  `content_id` <> 0 ) ORDER BY content_id ASC LIMIT 1   [ RunTime:0.0006s ]
NOTIC: [8] Undefined variable: followStatus C:\php\www\pctushu\Index\Runtime\Cache\Home\d2dc1e1fec690345be64c8d912010af0.php 第 137 行.
NOTIC: [2] in_array() expects parameter 2 to be array, null given C:\php\www\pctushu\Index\Runtime\Cache\Home\d2dc1e1fec690345be64c8d912010af0.php 第 137 行.
SQL: SELECT `content_id` FROM `book_content_category` WHERE `bid` = 30 AND (  `content_id` <> 0 ) ORDER BY content_id ASC LIMIT 1   [ RunTime:0.0005s ]
NOTIC: [8] Undefined variable: followStatus C:\php\www\pctushu\Index\Runtime\Cache\Home\d2dc1e1fec690345be64c8d912010af0.php 第 137 行.
NOTIC: [2] in_array() expects parameter 2 to be array, null given C:\php\www\pctushu\Index\Runtime\Cache\Home\d2dc1e1fec690345be64c8d912010af0.php 第 137 行.
INFO: Run Behavior\ParseTemplateBehavior [ RunTime:0.031985s ]
INFO: [ view_parse ] --END-- [ RunTime:0.032076s ]
INFO: [ view_filter ] --START--
INFO: Run Behavior\WriteHtmlCacheBehavior [ RunTime:0.000788s ]
INFO: [ view_filter ] --END-- [ RunTime:0.000866s ]
INFO: [ app_end ] --START--
INFO: Run Behavior\ShowPageTraceBehavior [ RunTime:0.001198s ]
INFO: [ app_end ] --END-- [ RunTime:0.001303s ]

[ 2015-08-30T12:16:38+08:00 ] ::1 /pctushu/bookslist/index/cid/1
INFO: [ app_init ] --START--
INFO: Run Behavior\BuildLiteBehavior [ RunTime:0.000025s ]
INFO: [ app_init ] --END-- [ RunTime:0.000561s ]
INFO: [ app_begin ] --START--
INFO: Run Behavior\ReadHtmlCacheBehavior [ RunTime:0.001082s ]
INFO: [ app_begin ] --END-- [ RunTime:0.001172s ]
SQL: SHOW COLUMNS FROM `book_books_category` [ RunTime:0.0052s ]
SQL: SELECT * FROM `book_books_category` WHERE `id` = 1  [ RunTime:0.0006s ]
SQL: SELECT * FROM `book_books_category` WHERE `pid_path` LIKE '%,1%'  [ RunTime:0.0008s ]
SQL: SHOW COLUMNS FROM `book_books_list` [ RunTime:0.0050s ]
SQL: SHOW COLUMNS FROM `book_books_category` [ RunTime:0.0047s ]
SQL: SHOW COLUMNS FROM `book_user` [ RunTime:0.0053s ]
SQL: SELECT COUNT(*) AS tp_count FROM book_books_list Books_list LEFT JOIN book_books_category Books_category ON Books_list.category_id = Books_category.id  JOIN book_user User ON Books_list.uid = User.id WHERE Books_list.category_id IN ('1','6','7','8','9','10','11','12','13','14','15','16','18','19','20','21','22','23','24','25','26','27','28','29','30','31','32','33','34','35','36','37','38','39') LIMIT 1   [ RunTime:0.0009s ]
SQL: SELECT Books_list.id AS id,Books_list.books_name AS books_name,Books_list.books_counts AS books_counts,Books_list.add_time AS add_time,Books_list.books_face AS books_face,Books_list.uid AS uid,Books_list.category_id AS category_id,Books_category.category_name AS category_name,User.name AS name FROM book_books_list Books_list LEFT JOIN book_books_category Books_category ON Books_list.category_id = Books_category.id  JOIN book_user User ON Books_list.uid = User.id WHERE Books_list.category_id IN ('1','6','7','8','9','10','11','12','13','14','15','16','18','19','20','21','22','23','24','25','26','27','28','29','30','31','32','33','34','35','36','37','38','39') LIMIT 0,12   [ RunTime:0.0013s ]
SQL: SELECT `id`,`category_name` FROM `book_books_category` WHERE `pid` = 0  [ RunTime:0.0006s ]
SQL: SELECT * FROM `book_books_category` WHERE `id` = 1  [ RunTime:0.0005s ]
SQL: SELECT `id`,`category_name` FROM `book_books_category` WHERE `pid` = 1  [ RunTime:0.0005s ]
SQL: SELECT `id`,`category_name` FROM `book_books_category` WHERE `pid` = 1 AND (  `pid` IN ('1','2','3','4','5') )  [ RunTime:0.0005s ]
SQL: SELECT `id`,`pid`,`category_name` FROM `book_books_category` WHERE `id` = 1 AND (  `pid` IN ('1','2','3','4','5') )  [ RunTime:0.0005s ]
SQL: SELECT `id`,`category_name` FROM `book_books_category` WHERE `pid` IN ('6','7','8','19','20','32')  [ RunTime:0.0006s ]
SQL: SELECT * FROM `book_books_category` WHERE `id` = 1 LIMIT 1   [ RunTime:0.0005s ]
SQL: SELECT * FROM `book_books_category` WHERE `pid_path` LIKE '%,0%'  [ RunTime:0.0006s ]
INFO: [ view_parse ] --START--
INFO: [ template_filter ] --START--
INFO: Run Behavior\ContentReplaceBehavior [ RunTime:0.000126s ]
INFO: [ template_filter ] --END-- [ RunTime:0.000224s ]
NOTIC: [8] Undefined index: uid C:\php\www\pctushu\Index\Runtime\Cache\Home\d2dc1e1fec690345be64c8d912010af0.php 第 65 行.
SQL: SHOW COLUMNS FROM `book_content_category` [ RunTime:0.0052s ]
SQL: SELECT `content_id` FROM `book_content_category` WHERE `bid` = 17 AND (  `content_id` <> 0 ) ORDER BY content_id ASC LIMIT 1   [ RunTime:0.0006s ]
NOTIC: [8] Undefined variable: followStatus C:\php\www\pctushu\Index\Runtime\Cache\Home\d2dc1e1fec690345be64c8d912010af0.php 第 137 行.
NOTIC: [2] in_array() expects parameter 2 to be array, null given C:\php\www\pctushu\Index\Runtime\Cache\Home\d2dc1e1fec690345be64c8d912010af0.php 第 137 行.
SQL: SELECT `content_id` FROM `book_content_category` WHERE `bid` = 18 AND (  `content_id` <> 0 ) ORDER BY content_id ASC LIMIT 1   [ RunTime:0.0006s ]
NOTIC: [8] Undefined variable: followStatus C:\php\www\pctushu\Index\Runtime\Cache\Home\d2dc1e1fec690345be64c8d912010af0.php 第 137 行.
NOTIC: [2] in_array() expects parameter 2 to be array, null given C:\php\www\pctushu\Index\Runtime\Cache\Home\d2dc1e1fec690345be64c8d912010af0.php 第 137 行.
SQL: SELECT `content_id` FROM `book_content_category` WHERE `bid` = 19 AND (  `content_id` <> 0 ) ORDER BY content_id ASC LIMIT 1   [ RunTime:0.0005s ]
NOTIC: [8] Undefined variable: followStatus C:\php\www\pctushu\Index\Runtime\Cache\Home\d2dc1e1fec690345be64c8d912010af0.php 第 137 行.
NOTIC: [2] in_array() expects parameter 2 to be array, null given C:\php\www\pctushu\Index\Runtime\Cache\Home\d2dc1e1fec690345be64c8d912010af0.php 第 137 行.
SQL: SELECT `content_id` FROM `book_content_category` WHERE `bid` = 20 AND (  `content_id` <> 0 ) ORDER BY content_id ASC LIMIT 1   [ RunTime:0.0004s ]
NOTIC: [8] Undefined variable: followStatus C:\php\www\pctushu\Index\Runtime\Cache\Home\d2dc1e1fec690345be64c8d912010af0.php 第 137 行.
NOTIC: [2] in_array() expects parameter 2 to be array, null given C:\php\www\pctushu\Index\Runtime\Cache\Home\d2dc1e1fec690345be64c8d912010af0.php 第 137 行.
SQL: SELECT `content_id` FROM `book_content_category` WHERE `bid` = 21 AND (  `content_id` <> 0 ) ORDER BY content_id ASC LIMIT 1   [ RunTime:0.0004s ]
NOTIC: [8] Undefined variable: followStatus C:\php\www\pctushu\Index\Runtime\Cache\Home\d2dc1e1fec690345be64c8d912010af0.php 第 137 行.
NOTIC: [2] in_array() expects parameter 2 to be array, null given C:\php\www\pctushu\Index\Runtime\Cache\Home\d2dc1e1fec690345be64c8d912010af0.php 第 137 行.
SQL: SELECT `content_id` FROM `book_content_category` WHERE `bid` = 22 AND (  `content_id` <> 0 ) ORDER BY content_id ASC LIMIT 1   [ RunTime:0.0004s ]
NOTIC: [8] Undefined variable: followStatus C:\php\www\pctushu\Index\Runtime\Cache\Home\d2dc1e1fec690345be64c8d912010af0.php 第 137 行.
NOTIC: [2] in_array() expects parameter 2 to be array, null given C:\php\www\pctushu\Index\Runtime\Cache\Home\d2dc1e1fec690345be64c8d912010af0.php 第 137 行.
SQL: SELECT `content_id` FROM `book_content_category` WHERE `bid` = 23 AND (  `content_id` <> 0 ) ORDER BY content_id ASC LIMIT 1   [ RunTime:0.0004s ]
NOTIC: [8] Undefined variable: followStatus C:\php\www\pctushu\Index\Runtime\Cache\Home\d2dc1e1fec690345be64c8d912010af0.php 第 137 行.
NOTIC: [2] in_array() expects parameter 2 to be array, null given C:\php\www\pctushu\Index\Runtime\Cache\Home\d2dc1e1fec690345be64c8d912010af0.php 第 137 行.
SQL: SELECT `content_id` FROM `book_content_category` WHERE `bid` = 24 AND (  `content_id` <> 0 ) ORDER BY content_id ASC LIMIT 1   [ RunTime:0.0005s ]
NOTIC: [8] Undefined variable: followStatus C:\php\www\pctushu\Index\Runtime\Cache\Home\d2dc1e1fec690345be64c8d912010af0.php 第 137 行.
NOTIC: [2] in_array() expects parameter 2 to be array, null given C:\php\www\pctushu\Index\Runtime\Cache\Home\d2dc1e1fec690345be64c8d912010af0.php 第 137 行.
SQL: SELECT `content_id` FROM `book_content_category` WHERE `bid` = 25 AND (  `content_id` <> 0 ) ORDER BY content_id ASC LIMIT 1   [ RunTime:0.0004s ]
NOTIC: [8] Undefined variable: followStatus C:\php\www\pctushu\Index\Runtime\Cache\Home\d2dc1e1fec690345be64c8d912010af0.php 第 137 行.
NOTIC: [2] in_array() expects parameter 2 to be array, null given C:\php\www\pctushu\Index\Runtime\Cache\Home\d2dc1e1fec690345be64c8d912010af0.php 第 137 行.
SQL: SELECT `content_id` FROM `book_content_category` WHERE `bid` = 26 AND (  `content_id` <> 0 ) ORDER BY content_id ASC LIMIT 1   [ RunTime:0.0004s ]
NOTIC: [8] Undefined variable: followStatus C:\php\www\pctushu\Index\Runtime\Cache\Home\d2dc1e1fec690345be64c8d912010af0.php 第 137 行.
NOTIC: [2] in_array() expects parameter 2 to be array, null given C:\php\www\pctushu\Index\Runtime\Cache\Home\d2dc1e1fec690345be64c8d912010af0.php 第 137 行.
SQL: SELECT `content_id` FROM `book_content_category` WHERE `bid` = 27 AND (  `content_id` <> 0 ) ORDER BY content_id ASC LIMIT 1   [ RunTime:0.0004s ]
NOTIC: [8] Undefined variable: followStatus C:\php\www\pctushu\Index\Runtime\Cache\Home\d2dc1e1fec690345be64c8d912010af0.php 第 137 行.
NOTIC: [2] in_array() expects parameter 2 to be array, null given C:\php\www\pctushu\Index\Runtime\Cache\Home\d2dc1e1fec690345be64c8d912010af0.php 第 137 行.
SQL: SELECT `content_id` FROM `book_content_category` WHERE `bid` = 28 AND (  `content_id` <> 0 ) ORDER BY content_id ASC LIMIT 1   [ RunTime:0.0005s ]
NOTIC: [8] Undefined variable: followStatus C:\php\www\pctushu\Index\Runtime\Cache\Home\d2dc1e1fec690345be64c8d912010af0.php 第 137 行.
NOTIC: [2] in_array() expects parameter 2 to be array, null given C:\php\www\pctushu\Index\Runtime\Cache\Home\d2dc1e1fec690345be64c8d912010af0.php 第 137 行.
INFO: Run Behavior\ParseTemplateBehavior [ RunTime:0.043669s ]
INFO: [ view_parse ] --END-- [ RunTime:0.043811s ]
INFO: [ view_filter ] --START--
INFO: Run Behavior\WriteHtmlCacheBehavior [ RunTime:0.001100s ]
INFO: [ view_filter ] --END-- [ RunTime:0.001198s ]
INFO: [ app_end ] --START--
INFO: Run Behavior\ShowPageTraceBehavior [ RunTime:0.001614s ]
INFO: [ app_end ] --END-- [ RunTime:0.001893s ]

[ 2015-08-30T12:16:41+08:00 ] ::1 /pctushu/bookslist/index/cid/6
INFO: [ app_init ] --START--
INFO: Run Behavior\BuildLiteBehavior [ RunTime:0.000022s ]
INFO: [ app_init ] --END-- [ RunTime:0.000536s ]
INFO: [ app_begin ] --START--
INFO: Run Behavior\ReadHtmlCacheBehavior [ RunTime:0.001087s ]
INFO: [ app_begin ] --END-- [ RunTime:0.001177s ]
SQL: SHOW COLUMNS FROM `book_books_category` [ RunTime:0.0052s ]
SQL: SELECT * FROM `book_books_category` WHERE `id` = 6  [ RunTime:0.0007s ]
SQL: SELECT * FROM `book_books_category` WHERE `pid_path` LIKE '%,6%'  [ RunTime:0.0007s ]
SQL: SHOW COLUMNS FROM `book_books_list` [ RunTime:0.0053s ]
SQL: SHOW COLUMNS FROM `book_books_category` [ RunTime:0.0047s ]
SQL: SHOW COLUMNS FROM `book_user` [ RunTime:0.0053s ]
SQL: SELECT COUNT(*) AS tp_count FROM book_books_list Books_list LEFT JOIN book_books_category Books_category ON Books_list.category_id = Books_category.id  JOIN book_user User ON Books_list.uid = User.id WHERE Books_list.category_id IN ('9','10','11','12','21','22','23','24','25') LIMIT 1   [ RunTime:0.0008s ]
SQL: SELECT Books_list.id AS id,Books_list.books_name AS books_name,Books_list.books_counts AS books_counts,Books_list.add_time AS add_time,Books_list.books_face AS books_face,Books_list.uid AS uid,Books_list.category_id AS category_id,Books_category.category_name AS category_name,User.name AS name FROM book_books_list Books_list LEFT JOIN book_books_category Books_category ON Books_list.category_id = Books_category.id  JOIN book_user User ON Books_list.uid = User.id WHERE Books_list.category_id IN ('9','10','11','12','21','22','23','24','25') LIMIT 0,12   [ RunTime:0.0010s ]
SQL: SELECT `id`,`category_name` FROM `book_books_category` WHERE `pid` = 0  [ RunTime:0.0006s ]
SQL: SELECT * FROM `book_books_category` WHERE `id` = 6  [ RunTime:0.0007s ]
SQL: SELECT `id`,`category_name` FROM `book_books_category` WHERE `pid` = 6  [ RunTime:0.0006s ]
SQL: SELECT `id`,`category_name` FROM `book_books_category` WHERE `pid` = 6 AND (  `pid` IN ('1','2','3','4','5') )  [ RunTime:0.0005s ]
SQL: SELECT `id`,`pid`,`category_name` FROM `book_books_category` WHERE `id` = 6 LIMIT 1   [ RunTime:0.0005s ]
SQL: SELECT `id`,`category_name` FROM `book_books_category` WHERE `pid` = 1  [ RunTime:0.0006s ]
SQL: SELECT `id`,`pid`,`category_name` FROM `book_books_category` WHERE `id` = 6 AND (  `pid` IN ('1','2','3','4','5') )  [ RunTime:0.0007s ]
SQL: SELECT `id`,`category_name` FROM `book_books_category` WHERE `pid` IN ('9','10','11','12','21','22','23','24','25')  [ RunTime:0.0007s ]
SQL: SELECT `id`,`category_name` FROM `book_books_category` WHERE `pid` = 6  [ RunTime:0.0007s ]
INFO: [ view_parse ] --START--
INFO: [ template_filter ] --START--
INFO: Run Behavior\ContentReplaceBehavior [ RunTime:0.000125s ]
INFO: [ template_filter ] --END-- [ RunTime:0.000219s ]
NOTIC: [8] Undefined index: uid C:\php\www\pctushu\Index\Runtime\Cache\Home\d2dc1e1fec690345be64c8d912010af0.php 第 65 行.
SQL: SHOW COLUMNS FROM `book_content_category` [ RunTime:0.0053s ]
SQL: SELECT `content_id` FROM `book_content_category` WHERE `bid` = 22 AND (  `content_id` <> 0 ) ORDER BY content_id ASC LIMIT 1   [ RunTime:0.0005s ]
NOTIC: [8] Undefined variable: followStatus C:\php\www\pctushu\Index\Runtime\Cache\Home\d2dc1e1fec690345be64c8d912010af0.php 第 137 行.
NOTIC: [2] in_array() expects parameter 2 to be array, null given C:\php\www\pctushu\Index\Runtime\Cache\Home\d2dc1e1fec690345be64c8d912010af0.php 第 137 行.
SQL: SELECT `content_id` FROM `book_content_category` WHERE `bid` = 23 AND (  `content_id` <> 0 ) ORDER BY content_id ASC LIMIT 1   [ RunTime:0.0004s ]
NOTIC: [8] Undefined variable: followStatus C:\php\www\pctushu\Index\Runtime\Cache\Home\d2dc1e1fec690345be64c8d912010af0.php 第 137 行.
NOTIC: [2] in_array() expects parameter 2 to be array, null given C:\php\www\pctushu\Index\Runtime\Cache\Home\d2dc1e1fec690345be64c8d912010af0.php 第 137 行.
SQL: SELECT `content_id` FROM `book_content_category` WHERE `bid` = 29 AND (  `content_id` <> 0 ) ORDER BY content_id ASC LIMIT 1   [ RunTime:0.0004s ]
NOTIC: [8] Undefined variable: followStatus C:\php\www\pctushu\Index\Runtime\Cache\Home\d2dc1e1fec690345be64c8d912010af0.php 第 137 行.
NOTIC: [2] in_array() expects parameter 2 to be array, null given C:\php\www\pctushu\Index\Runtime\Cache\Home\d2dc1e1fec690345be64c8d912010af0.php 第 137 行.
SQL: SELECT `content_id` FROM `book_content_category` WHERE `bid` = 30 AND (  `content_id` <> 0 ) ORDER BY content_id ASC LIMIT 1   [ RunTime:0.0004s ]
NOTIC: [8] Undefined variable: followStatus C:\php\www\pctushu\Index\Runtime\Cache\Home\d2dc1e1fec690345be64c8d912010af0.php 第 137 行.
NOTIC: [2] in_array() expects parameter 2 to be array, null given C:\php\www\pctushu\Index\Runtime\Cache\Home\d2dc1e1fec690345be64c8d912010af0.php 第 137 行.
INFO: Run Behavior\ParseTemplateBehavior [ RunTime:0.032603s ]
INFO: [ view_parse ] --END-- [ RunTime:0.032696s ]
INFO: [ view_filter ] --START--
INFO: Run Behavior\WriteHtmlCacheBehavior [ RunTime:0.000957s ]
INFO: [ view_filter ] --END-- [ RunTime:0.001040s ]
INFO: [ app_end ] --START--
INFO: Run Behavior\ShowPageTraceBehavior [ RunTime:0.001409s ]
INFO: [ app_end ] --END-- [ RunTime:0.001511s ]

[ 2015-08-30T12:16:43+08:00 ] ::1 /pctushu/bookslist/index/cid/7
INFO: [ app_init ] --START--
INFO: Run Behavior\BuildLiteBehavior [ RunTime:0.000022s ]
INFO: [ app_init ] --END-- [ RunTime:0.000531s ]
INFO: [ app_begin ] --START--
INFO: Run Behavior\ReadHtmlCacheBehavior [ RunTime:0.001084s ]
INFO: [ app_begin ] --END-- [ RunTime:0.001179s ]
SQL: SHOW COLUMNS FROM `book_books_category` [ RunTime:0.0050s ]
SQL: SELECT * FROM `book_books_category` WHERE `id` = 7  [ RunTime:0.0006s ]
SQL: SELECT * FROM `book_books_category` WHERE `pid_path` LIKE '%,7%'  [ RunTime:0.0005s ]
SQL: SHOW COLUMNS FROM `book_books_list` [ RunTime:0.0048s ]
SQL: SHOW COLUMNS FROM `book_books_category` [ RunTime:0.0045s ]
SQL: SHOW COLUMNS FROM `book_user` [ RunTime:0.0054s ]
SQL: SELECT COUNT(*) AS tp_count FROM book_books_list Books_list LEFT JOIN book_books_category Books_category ON Books_list.category_id = Books_category.id  JOIN book_user User ON Books_list.uid = User.id WHERE Books_list.category_id IN ('13','14','15','16','26','27','28','39') LIMIT 1   [ RunTime:0.0007s ]
SQL: SELECT Books_list.id AS id,Books_list.books_name AS books_name,Books_list.books_counts AS books_counts,Books_list.add_time AS add_time,Books_list.books_face AS books_face,Books_list.uid AS uid,Books_list.category_id AS category_id,Books_category.category_name AS category_name,User.name AS name FROM book_books_list Books_list LEFT JOIN book_books_category Books_category ON Books_list.category_id = Books_category.id  JOIN book_user User ON Books_list.uid = User.id WHERE Books_list.category_id IN ('13','14','15','16','26','27','28','39') LIMIT 0,12   [ RunTime:0.0010s ]
SQL: SELECT `id`,`category_name` FROM `book_books_category` WHERE `pid` = 0  [ RunTime:0.0006s ]
SQL: SELECT * FROM `book_books_category` WHERE `id` = 7  [ RunTime:0.0005s ]
SQL: SELECT `id`,`category_name` FROM `book_books_category` WHERE `pid` = 7  [ RunTime:0.0005s ]
SQL: SELECT `id`,`category_name` FROM `book_books_category` WHERE `pid` = 7 AND (  `pid` IN ('1','2','3','4','5') )  [ RunTime:0.0005s ]
SQL: SELECT `id`,`pid`,`category_name` FROM `book_books_category` WHERE `id` = 7 LIMIT 1   [ RunTime:0.0005s ]
SQL: SELECT `id`,`category_name` FROM `book_books_category` WHERE `pid` = 1  [ RunTime:0.0005s ]
SQL: SELECT `id`,`pid`,`category_name` FROM `book_books_category` WHERE `id` = 7 AND (  `pid` IN ('1','2','3','4','5') )  [ RunTime:0.0005s ]
SQL: SELECT `id`,`category_name` FROM `book_books_category` WHERE `pid` IN ('13','14','15','16','26','27','28','39')  [ RunTime:0.0004s ]
SQL: SELECT `id`,`category_name` FROM `book_books_category` WHERE `pid` = 7  [ RunTime:0.0005s ]
INFO: [ view_parse ] --START--
INFO: [ template_filter ] --START--
INFO: Run Behavior\ContentReplaceBehavior [ RunTime:0.000127s ]
INFO: [ template_filter ] --END-- [ RunTime:0.000228s ]
NOTIC: [8] Undefined index: uid C:\php\www\pctushu\Index\Runtime\Cache\Home\d2dc1e1fec690345be64c8d912010af0.php 第 65 行.
SQL: SHOW COLUMNS FROM `book_content_category` [ RunTime:0.0051s ]
SQL: SELECT `content_id` FROM `book_content_category` WHERE `bid` = 17 AND (  `content_id` <> 0 ) ORDER BY content_id ASC LIMIT 1   [ RunTime:0.0007s ]
NOTIC: [8] Undefined variable: followStatus C:\php\www\pctushu\Index\Runtime\Cache\Home\d2dc1e1fec690345be64c8d912010af0.php 第 137 行.
NOTIC: [2] in_array() expects parameter 2 to be array, null given C:\php\www\pctushu\Index\Runtime\Cache\Home\d2dc1e1fec690345be64c8d912010af0.php 第 137 行.
SQL: SELECT `content_id` FROM `book_content_category` WHERE `bid` = 18 AND (  `content_id` <> 0 ) ORDER BY content_id ASC LIMIT 1   [ RunTime:0.0007s ]
NOTIC: [8] Undefined variable: followStatus C:\php\www\pctushu\Index\Runtime\Cache\Home\d2dc1e1fec690345be64c8d912010af0.php 第 137 行.
NOTIC: [2] in_array() expects parameter 2 to be array, null given C:\php\www\pctushu\Index\Runtime\Cache\Home\d2dc1e1fec690345be64c8d912010af0.php 第 137 行.
SQL: SELECT `content_id` FROM `book_content_category` WHERE `bid` = 19 AND (  `content_id` <> 0 ) ORDER BY content_id ASC LIMIT 1   [ RunTime:0.0006s ]
NOTIC: [8] Undefined variable: followStatus C:\php\www\pctushu\Index\Runtime\Cache\Home\d2dc1e1fec690345be64c8d912010af0.php 第 137 行.
NOTIC: [2] in_array() expects parameter 2 to be array, null given C:\php\www\pctushu\Index\Runtime\Cache\Home\d2dc1e1fec690345be64c8d912010af0.php 第 137 行.
SQL: SELECT `content_id` FROM `book_content_category` WHERE `bid` = 24 AND (  `content_id` <> 0 ) ORDER BY content_id ASC LIMIT 1   [ RunTime:0.0006s ]
NOTIC: [8] Undefined variable: followStatus C:\php\www\pctushu\Index\Runtime\Cache\Home\d2dc1e1fec690345be64c8d912010af0.php 第 137 行.
NOTIC: [2] in_array() expects parameter 2 to be array, null given C:\php\www\pctushu\Index\Runtime\Cache\Home\d2dc1e1fec690345be64c8d912010af0.php 第 137 行.
SQL: SELECT `content_id` FROM `book_content_category` WHERE `bid` = 25 AND (  `content_id` <> 0 ) ORDER BY content_id ASC LIMIT 1   [ RunTime:0.0005s ]
NOTIC: [8] Undefined variable: followStatus C:\php\www\pctushu\Index\Runtime\Cache\Home\d2dc1e1fec690345be64c8d912010af0.php 第 137 行.
NOTIC: [2] in_array() expects parameter 2 to be array, null given C:\php\www\pctushu\Index\Runtime\Cache\Home\d2dc1e1fec690345be64c8d912010af0.php 第 137 行.
SQL: SELECT `content_id` FROM `book_content_category` WHERE `bid` = 26 AND (  `content_id` <> 0 ) ORDER BY content_id ASC LIMIT 1   [ RunTime:0.0005s ]
NOTIC: [8] Undefined variable: followStatus C:\php\www\pctushu\Index\Runtime\Cache\Home\d2dc1e1fec690345be64c8d912010af0.php 第 137 行.
NOTIC: [2] in_array() expects parameter 2 to be array, null given C:\php\www\pctushu\Index\Runtime\Cache\Home\d2dc1e1fec690345be64c8d912010af0.php 第 137 行.
SQL: SELECT `content_id` FROM `book_content_category` WHERE `bid` = 27 AND (  `content_id` <> 0 ) ORDER BY content_id ASC LIMIT 1   [ RunTime:0.0005s ]
NOTIC: [8] Undefined variable: followStatus C:\php\www\pctushu\Index\Runtime\Cache\Home\d2dc1e1fec690345be64c8d912010af0.php 第 137 行.
NOTIC: [2] in_array() expects parameter 2 to be array, null given C:\php\www\pctushu\Index\Runtime\Cache\Home\d2dc1e1fec690345be64c8d912010af0.php 第 137 行.
SQL: SELECT `content_id` FROM `book_content_category` WHERE `bid` = 28 AND (  `content_id` <> 0 ) ORDER BY content_id ASC LIMIT 1   [ RunTime:0.0005s ]
NOTIC: [8] Undefined variable: followStatus C:\php\www\pctushu\Index\Runtime\Cache\Home\d2dc1e1fec690345be64c8d912010af0.php 第 137 行.
NOTIC: [2] in_array() expects parameter 2 to be array, null given C:\php\www\pctushu\Index\Runtime\Cache\Home\d2dc1e1fec690345be64c8d912010af0.php 第 137 行.
INFO: Run Behavior\ParseTemplateBehavior [ RunTime:0.038061s ]
INFO: [ view_parse ] --END-- [ RunTime:0.038149s ]
INFO: [ view_filter ] --START--
INFO: Run Behavior\WriteHtmlCacheBehavior [ RunTime:0.000979s ]
INFO: [ view_filter ] --END-- [ RunTime:0.001057s ]
INFO: [ app_end ] --START--
INFO: Run Behavior\ShowPageTraceBehavior [ RunTime:0.001472s ]
INFO: [ app_end ] --END-- [ RunTime:0.001576s ]

[ 2015-08-30T12:16:45+08:00 ] ::1 /pctushu/books/index/bid/17/content_id/14
INFO: [ app_init ] --START--
INFO: Run Behavior\BuildLiteBehavior [ RunTime:0.000026s ]
INFO: [ app_init ] --END-- [ RunTime:0.000605s ]
INFO: [ app_begin ] --START--
INFO: Run Behavior\ReadHtmlCacheBehavior [ RunTime:0.001102s ]
INFO: [ app_begin ] --END-- [ RunTime:0.001214s ]
NOTIC: [8] Undefined index: uid C:\php\www\pctushu\Index\Home\Controller\CommonController.class.php 第 6 行.
NOTIC: [8] Undefined index: username C:\php\www\pctushu\Index\Home\Controller\CommonController.class.php 第 7 行.
SQL: SHOW COLUMNS FROM `book_books_list` [ RunTime:0.0053s ]
SQL: SELECT * FROM `book_books_list` WHERE `id` = 17 LIMIT 1   [ RunTime:0.0007s ]
SQL: SHOW COLUMNS FROM `book_books_category` [ RunTime:0.0054s ]
SQL: SELECT `pid_path` FROM `book_books_category` WHERE `id` = 39 LIMIT 1   [ RunTime:0.0006s ]
SQL: SELECT `id`,`category_name` FROM `book_books_category` WHERE `id` IN ('39','7','1')  [ RunTime:0.0006s ]
SQL: SELECT * FROM `book_books_list` WHERE `id` = 17 LIMIT 1   [ RunTime:0.0006s ]
SQL: SHOW COLUMNS FROM `book_content_category` [ RunTime:0.0048s ]
SQL: SELECT `content_id` FROM `book_content_category` WHERE `bid` = 17 AND (  `content_id` <> 0 ) ORDER BY content_id ASC LIMIT 1   [ RunTime:0.0006s ]
SQL: SELECT `content_id` FROM `book_content_category` WHERE `bid` = 17 AND (  `content_id` <> 0 ) ORDER BY content_id DESC LIMIT 1   [ RunTime:0.0005s ]
SQL: SELECT * FROM `book_content_category` WHERE `bid` = 17 ORDER BY id ASC  [ RunTime:0.0012s ]
SQL: SHOW COLUMNS FROM `book_books_content` [ RunTime:0.0066s ]
SQL: SELECT Books_content.id AS id,Books_content.acticle_name AS acticle_name,Books_content.key_word AS key_word,Books_content.acticle_content AS acticle_content,Books_content.acticle_click AS acticle_click,Books_content.add_time AS add_time,content_category.id AS content_cate_id,content_category.pid AS pid,content_category.bid AS bid FROM book_books_content Books_content LEFT JOIN book_content_category content_category ON Books_content.id = content_category.content_id WHERE `content_id` = '14' AND (  `books_id` = '17' ) LIMIT 1   [ RunTime:0.0022s ]
SQL: SHOW COLUMNS FROM `book_books_content` [ RunTime:0.0053s ]
SQL: UPDATE `book_books_content` SET `acticle_click`=acticle_click+1 WHERE `id` = 14 [ RunTime:0.0023s ]
SQL: UPDATE `book_books_list` SET `books_counts`=books_counts+1 WHERE `id` = 17 [ RunTime:0.0006s ]
SQL: SELECT COUNT(*) AS tp_count FROM `book_books_content` WHERE `books_id` = 17 LIMIT 1   [ RunTime:0.0004s ]
SQL: SELECT `id` FROM `book_books_content` WHERE `books_id` = 17 ORDER BY id ASC LIMIT 1   [ RunTime:0.0004s ]
INFO: [ view_parse ] --START--
INFO: [ template_filter ] --START--
INFO: Run Behavior\ContentReplaceBehavior [ RunTime:0.000119s ]
INFO: [ template_filter ] --END-- [ RunTime:0.000219s ]
NOTIC: [8] Undefined index: uid C:\php\www\pctushu\Index\Runtime\Cache\Home\878c39c45ad0f14c9ac7c0ba29036d03.php 第 56 行.
INFO: Run Behavior\ParseTemplateBehavior [ RunTime:0.023765s ]
INFO: [ view_parse ] --END-- [ RunTime:0.023869s ]
INFO: [ view_filter ] --START--
INFO: Run Behavior\WriteHtmlCacheBehavior [ RunTime:0.001004s ]
INFO: [ view_filter ] --END-- [ RunTime:0.001091s ]
INFO: [ app_end ] --START--
INFO: Run Behavior\ShowPageTraceBehavior [ RunTime:0.001643s ]
INFO: [ app_end ] --END-- [ RunTime:0.001753s ]

[ 2015-08-30T12:16:45+08:00 ] ::1 /pctushu/books/index/bid/17/content_id/image/apic12099.jpg
INFO: [ app_init ] --START--
INFO: Run Behavior\BuildLiteBehavior [ RunTime:0.000039s ]
INFO: [ app_init ] --END-- [ RunTime:0.000831s ]

[ 2015-08-30T12:16:54+08:00 ] ::1 /pctushu/books/index/bid/17/content_id/15
INFO: [ app_init ] --START--
INFO: Run Behavior\BuildLiteBehavior [ RunTime:0.000023s ]
INFO: [ app_init ] --END-- [ RunTime:0.000541s ]
INFO: [ app_begin ] --START--
INFO: Run Behavior\ReadHtmlCacheBehavior [ RunTime:0.001099s ]
INFO: [ app_begin ] --END-- [ RunTime:0.001190s ]
NOTIC: [8] Undefined index: uid C:\php\www\pctushu\Index\Home\Controller\CommonController.class.php 第 6 行.
NOTIC: [8] Undefined index: username C:\php\www\pctushu\Index\Home\Controller\CommonController.class.php 第 7 行.
SQL: SHOW COLUMNS FROM `book_books_list` [ RunTime:0.0049s ]
SQL: SELECT * FROM `book_books_list` WHERE `id` = 17 LIMIT 1   [ RunTime:0.0006s ]
SQL: SHOW COLUMNS FROM `book_books_category` [ RunTime:0.0049s ]
SQL: SELECT `pid_path` FROM `book_books_category` WHERE `id` = 39 LIMIT 1   [ RunTime:0.0005s ]
SQL: SELECT `id`,`category_name` FROM `book_books_category` WHERE `id` IN ('39','7','1')  [ RunTime:0.0005s ]
SQL: SELECT * FROM `book_books_list` WHERE `id` = 17 LIMIT 1   [ RunTime:0.0005s ]
SQL: SHOW COLUMNS FROM `book_content_category` [ RunTime:0.0047s ]
SQL: SELECT `content_id` FROM `book_content_category` WHERE `bid` = 17 AND (  `content_id` <> 0 ) ORDER BY content_id ASC LIMIT 1   [ RunTime:0.0006s ]
SQL: SELECT `content_id` FROM `book_content_category` WHERE `bid` = 17 AND (  `content_id` <> 0 ) ORDER BY content_id DESC LIMIT 1   [ RunTime:0.0005s ]
SQL: SELECT * FROM `book_content_category` WHERE `bid` = 17 ORDER BY id ASC  [ RunTime:0.0015s ]
SQL: SHOW COLUMNS FROM `book_books_content` [ RunTime:0.0049s ]
SQL: SELECT Books_content.id AS id,Books_content.acticle_name AS acticle_name,Books_content.key_word AS key_word,Books_content.acticle_content AS acticle_content,Books_content.acticle_click AS acticle_click,Books_content.add_time AS add_time,content_category.id AS content_cate_id,content_category.pid AS pid,content_category.bid AS bid FROM book_books_content Books_content LEFT JOIN book_content_category content_category ON Books_content.id = content_category.content_id WHERE `content_id` = '15' AND (  `books_id` = '17' ) LIMIT 1   [ RunTime:0.0012s ]
SQL: SHOW COLUMNS FROM `book_books_content` [ RunTime:0.0048s ]
SQL: UPDATE `book_books_content` SET `acticle_click`=acticle_click+1 WHERE `id` = 15 [ RunTime:0.0006s ]
SQL: UPDATE `book_books_list` SET `books_counts`=books_counts+1 WHERE `id` = 17 [ RunTime:0.0005s ]
SQL: SELECT COUNT(*) AS tp_count FROM `book_books_content` WHERE `books_id` = 17 LIMIT 1   [ RunTime:0.0004s ]
SQL: SELECT `id` FROM `book_books_content` WHERE `books_id` = 17 ORDER BY id ASC LIMIT 1   [ RunTime:0.0005s ]
INFO: [ view_parse ] --START--
INFO: [ template_filter ] --START--
INFO: Run Behavior\ContentReplaceBehavior [ RunTime:0.000121s ]
INFO: [ template_filter ] --END-- [ RunTime:0.000227s ]
NOTIC: [8] Undefined index: uid C:\php\www\pctushu\Index\Runtime\Cache\Home\878c39c45ad0f14c9ac7c0ba29036d03.php 第 56 行.
INFO: Run Behavior\ParseTemplateBehavior [ RunTime:0.024371s ]
INFO: [ view_parse ] --END-- [ RunTime:0.024465s ]
INFO: [ view_filter ] --START--
INFO: Run Behavior\WriteHtmlCacheBehavior [ RunTime:0.000832s ]
INFO: [ view_filter ] --END-- [ RunTime:0.000911s ]
INFO: [ app_end ] --START--
INFO: Run Behavior\ShowPageTraceBehavior [ RunTime:0.001564s ]
INFO: [ app_end ] --END-- [ RunTime:0.001702s ]

[ 2015-08-30T12:16:54+08:00 ] ::1 /pctushu/books/index/bid/17/content_id/image/apic12099.jpg
INFO: [ app_init ] --START--
INFO: Run Behavior\BuildLiteBehavior [ RunTime:0.000026s ]
INFO: [ app_init ] --END-- [ RunTime:0.000697s ]

[ 2015-08-30T12:16:55+08:00 ] ::1 /pctushu/books/index/bid/17/content_id/16
INFO: [ app_init ] --START--
INFO: Run Behavior\BuildLiteBehavior [ RunTime:0.000023s ]
INFO: [ app_init ] --END-- [ RunTime:0.000543s ]
INFO: [ app_begin ] --START--
INFO: Run Behavior\ReadHtmlCacheBehavior [ RunTime:0.000909s ]
INFO: [ app_begin ] --END-- [ RunTime:0.001000s ]
NOTIC: [8] Undefined index: uid C:\php\www\pctushu\Index\Home\Controller\CommonController.class.php 第 6 行.
NOTIC: [8] Undefined index: username C:\php\www\pctushu\Index\Home\Controller\CommonController.class.php 第 7 行.
SQL: SHOW COLUMNS FROM `book_books_list` [ RunTime:0.0052s ]
SQL: SELECT * FROM `book_books_list` WHERE `id` = 17 LIMIT 1   [ RunTime:0.0007s ]
SQL: SHOW COLUMNS FROM `book_books_category` [ RunTime:0.0048s ]
SQL: SELECT `pid_path` FROM `book_books_category` WHERE `id` = 39 LIMIT 1   [ RunTime:0.0006s ]
SQL: SELECT `id`,`category_name` FROM `book_books_category` WHERE `id` IN ('39','7','1')  [ RunTime:0.0008s ]
SQL: SELECT * FROM `book_books_list` WHERE `id` = 17 LIMIT 1   [ RunTime:0.0008s ]
SQL: SHOW COLUMNS FROM `book_content_category` [ RunTime:0.0051s ]
SQL: SELECT `content_id` FROM `book_content_category` WHERE `bid` = 17 AND (  `content_id` <> 0 ) ORDER BY content_id ASC LIMIT 1   [ RunTime:0.0006s ]
SQL: SELECT `content_id` FROM `book_content_category` WHERE `bid` = 17 AND (  `content_id` <> 0 ) ORDER BY content_id DESC LIMIT 1   [ RunTime:0.0006s ]
SQL: SELECT * FROM `book_content_category` WHERE `bid` = 17 ORDER BY id ASC  [ RunTime:0.0012s ]
SQL: SHOW COLUMNS FROM `book_books_content` [ RunTime:0.0052s ]
SQL: SELECT Books_content.id AS id,Books_content.acticle_name AS acticle_name,Books_content.key_word AS key_word,Books_content.acticle_content AS acticle_content,Books_content.acticle_click AS acticle_click,Books_content.add_time AS add_time,content_category.id AS content_cate_id,content_category.pid AS pid,content_category.bid AS bid FROM book_books_content Books_content LEFT JOIN book_content_category content_category ON Books_content.id = content_category.content_id WHERE `content_id` = '16' AND (  `books_id` = '17' ) LIMIT 1   [ RunTime:0.0019s ]
SQL: SHOW COLUMNS FROM `book_books_content` [ RunTime:0.0049s ]
SQL: UPDATE `book_books_content` SET `acticle_click`=acticle_click+1 WHERE `id` = 16 [ RunTime:0.0006s ]
SQL: UPDATE `book_books_list` SET `books_counts`=books_counts+1 WHERE `id` = 17 [ RunTime:0.0006s ]
SQL: SELECT COUNT(*) AS tp_count FROM `book_books_content` WHERE `books_id` = 17 LIMIT 1   [ RunTime:0.0005s ]
SQL: SELECT `id` FROM `book_books_content` WHERE `books_id` = 17 ORDER BY id ASC LIMIT 1   [ RunTime:0.0005s ]
INFO: [ view_parse ] --START--
INFO: [ template_filter ] --START--
INFO: Run Behavior\ContentReplaceBehavior [ RunTime:0.000118s ]
INFO: [ template_filter ] --END-- [ RunTime:0.000221s ]
NOTIC: [8] Undefined index: uid C:\php\www\pctushu\Index\Runtime\Cache\Home\878c39c45ad0f14c9ac7c0ba29036d03.php 第 56 行.
INFO: Run Behavior\ParseTemplateBehavior [ RunTime:0.029010s ]
INFO: [ view_parse ] --END-- [ RunTime:0.029115s ]
INFO: [ view_filter ] --START--
INFO: Run Behavior\WriteHtmlCacheBehavior [ RunTime:0.000772s ]
INFO: [ view_filter ] --END-- [ RunTime:0.000853s ]
INFO: [ app_end ] --START--
INFO: Run Behavior\ShowPageTraceBehavior [ RunTime:0.001540s ]
INFO: [ app_end ] --END-- [ RunTime:0.001677s ]

[ 2015-08-30T12:16:55+08:00 ] ::1 /pctushu/books/index/bid/17/content_id/image/apic12099.jpg
INFO: [ app_init ] --START--
INFO: Run Behavior\BuildLiteBehavior [ RunTime:0.000039s ]
INFO: [ app_init ] --END-- [ RunTime:0.000864s ]

