[ 2015-08-18T08:19:48+08:00 ] ::1 /pctushu/
INFO: [ app_init ] --START--
INFO: Run Behavior\BuildLiteBehavior [ RunTime:0.000026s ]
INFO: [ app_init ] --END-- [ RunTime:0.000862s ]
INFO: [ app_begin ] --START--
INFO: Run Behavior\ReadHtmlCacheBehavior [ RunTime:0.001405s ]
INFO: [ app_begin ] --END-- [ RunTime:0.001524s ]
SQL: SHOW COLUMNS FROM `book_books_category` [ RunTime:0.0154s ]
SQL: SELECT `category_name`,`id` FROM `book_books_category` WHERE `pid` = 0  [ RunTime:0.0021s ]
SQL: SELECT * FROM `book_books_category` WHERE `id` = 1  [ RunTime:0.0015s ]
SQL: SELECT * FROM `book_books_category` WHERE `pid_path` LIKE '%,1%'  [ RunTime:0.0021s ]
SQL: SHOW COLUMNS FROM `book_books_list` [ RunTime:0.0159s ]
SQL: SHOW COLUMNS FROM `book_books_category` [ RunTime:0.0139s ]
SQL: SHOW COLUMNS FROM `book_user` [ RunTime:0.0159s ]
SQL: SELECT COUNT(*) AS tp_count FROM book_books_list Books_list LEFT JOIN book_books_category Books_category ON Books_list.category_id = Books_category.id  JOIN book_user User ON Books_list.uid = User.id WHERE Books_list.category_id IN ('1','6','7','8','9','10','11','12','13','14','15','16','18','19','20','21','22','23','24','25','26','27','28','29','30','31','32','33','34','35','36','37','38','39') LIMIT 1   [ RunTime:0.0018s ]
SQL: SELECT Books_list.id AS id,Books_list.books_name AS books_name,Books_list.books_counts AS books_counts,Books_list.add_time AS add_time,Books_list.books_face AS books_face,Books_list.uid AS uid,Books_list.category_id AS category_id,Books_category.category_name AS category_name,User.name AS name FROM book_books_list Books_list LEFT JOIN book_books_category Books_category ON Books_list.category_id = Books_category.id  JOIN book_user User ON Books_list.uid = User.id WHERE Books_list.category_id IN ('1','6','7','8','9','10','11','12','13','14','15','16','18','19','20','21','22','23','24','25','26','27','28','29','30','31','32','33','34','35','36','37','38','39') LIMIT 0,12   [ RunTime:0.0019s ]
INFO: [ view_parse ] --START--
INFO: [ template_filter ] --START--
INFO: Run Behavior\ContentReplaceBehavior [ RunTime:0.000179s ]
INFO: [ template_filter ] --END-- [ RunTime:0.000325s ]
NOTIC: [8] Undefined index: uid C:\php\www\pctushu\Index\Runtime\Cache\Home\f8cf203eb98c60ed9cec339b90173a5c.php 第 62 行.
SQL: SHOW COLUMNS FROM `book_content_category` [ RunTime:0.0073s ]
SQL: SELECT `content_id` FROM `book_content_category` WHERE `bid` = 17 AND (  `content_id` <> 0 ) ORDER BY content_id ASC LIMIT 1   [ RunTime:0.0011s ]
NOTIC: [8] Undefined variable: followStatus C:\php\www\pctushu\Index\Runtime\Cache\Home\f8cf203eb98c60ed9cec339b90173a5c.php 第 134 行.
NOTIC: [2] in_array() expects parameter 2 to be array, null given C:\php\www\pctushu\Index\Runtime\Cache\Home\f8cf203eb98c60ed9cec339b90173a5c.php 第 134 行.
SQL: SELECT `content_id` FROM `book_content_category` WHERE `bid` = 18 AND (  `content_id` <> 0 ) ORDER BY content_id ASC LIMIT 1   [ RunTime:0.0007s ]
NOTIC: [8] Undefined variable: followStatus C:\php\www\pctushu\Index\Runtime\Cache\Home\f8cf203eb98c60ed9cec339b90173a5c.php 第 134 行.
NOTIC: [2] in_array() expects parameter 2 to be array, null given C:\php\www\pctushu\Index\Runtime\Cache\Home\f8cf203eb98c60ed9cec339b90173a5c.php 第 134 行.
SQL: SELECT `content_id` FROM `book_content_category` WHERE `bid` = 19 AND (  `content_id` <> 0 ) ORDER BY content_id ASC LIMIT 1   [ RunTime:0.0005s ]
NOTIC: [8] Undefined variable: followStatus C:\php\www\pctushu\Index\Runtime\Cache\Home\f8cf203eb98c60ed9cec339b90173a5c.php 第 134 行.
NOTIC: [2] in_array() expects parameter 2 to be array, null given C:\php\www\pctushu\Index\Runtime\Cache\Home\f8cf203eb98c60ed9cec339b90173a5c.php 第 134 行.
SQL: SELECT `content_id` FROM `book_content_category` WHERE `bid` = 20 AND (  `content_id` <> 0 ) ORDER BY content_id ASC LIMIT 1   [ RunTime:0.0006s ]
NOTIC: [8] Undefined variable: followStatus C:\php\www\pctushu\Index\Runtime\Cache\Home\f8cf203eb98c60ed9cec339b90173a5c.php 第 134 行.
NOTIC: [2] in_array() expects parameter 2 to be array, null given C:\php\www\pctushu\Index\Runtime\Cache\Home\f8cf203eb98c60ed9cec339b90173a5c.php 第 134 行.
SQL: SELECT `content_id` FROM `book_content_category` WHERE `bid` = 21 AND (  `content_id` <> 0 ) ORDER BY content_id ASC LIMIT 1   [ RunTime:0.0006s ]
NOTIC: [8] Undefined variable: followStatus C:\php\www\pctushu\Index\Runtime\Cache\Home\f8cf203eb98c60ed9cec339b90173a5c.php 第 134 行.
NOTIC: [2] in_array() expects parameter 2 to be array, null given C:\php\www\pctushu\Index\Runtime\Cache\Home\f8cf203eb98c60ed9cec339b90173a5c.php 第 134 行.
SQL: SELECT `content_id` FROM `book_content_category` WHERE `bid` = 22 AND (  `content_id` <> 0 ) ORDER BY content_id ASC LIMIT 1   [ RunTime:0.0005s ]
NOTIC: [8] Undefined variable: followStatus C:\php\www\pctushu\Index\Runtime\Cache\Home\f8cf203eb98c60ed9cec339b90173a5c.php 第 134 行.
NOTIC: [2] in_array() expects parameter 2 to be array, null given C:\php\www\pctushu\Index\Runtime\Cache\Home\f8cf203eb98c60ed9cec339b90173a5c.php 第 134 行.
SQL: SELECT `content_id` FROM `book_content_category` WHERE `bid` = 23 AND (  `content_id` <> 0 ) ORDER BY content_id ASC LIMIT 1   [ RunTime:0.0006s ]
NOTIC: [8] Undefined variable: followStatus C:\php\www\pctushu\Index\Runtime\Cache\Home\f8cf203eb98c60ed9cec339b90173a5c.php 第 134 行.
NOTIC: [2] in_array() expects parameter 2 to be array, null given C:\php\www\pctushu\Index\Runtime\Cache\Home\f8cf203eb98c60ed9cec339b90173a5c.php 第 134 行.
SQL: SELECT `content_id` FROM `book_content_category` WHERE `bid` = 24 AND (  `content_id` <> 0 ) ORDER BY content_id ASC LIMIT 1   [ RunTime:0.0006s ]
NOTIC: [8] Undefined variable: followStatus C:\php\www\pctushu\Index\Runtime\Cache\Home\f8cf203eb98c60ed9cec339b90173a5c.php 第 134 行.
NOTIC: [2] in_array() expects parameter 2 to be array, null given C:\php\www\pctushu\Index\Runtime\Cache\Home\f8cf203eb98c60ed9cec339b90173a5c.php 第 134 行.
SQL: SELECT `content_id` FROM `book_content_category` WHERE `bid` = 25 AND (  `content_id` <> 0 ) ORDER BY content_id ASC LIMIT 1   [ RunTime:0.0005s ]
NOTIC: [8] Undefined variable: followStatus C:\php\www\pctushu\Index\Runtime\Cache\Home\f8cf203eb98c60ed9cec339b90173a5c.php 第 134 行.
NOTIC: [2] in_array() expects parameter 2 to be array, null given C:\php\www\pctushu\Index\Runtime\Cache\Home\f8cf203eb98c60ed9cec339b90173a5c.php 第 134 行.
SQL: SELECT `content_id` FROM `book_content_category` WHERE `bid` = 26 AND (  `content_id` <> 0 ) ORDER BY content_id ASC LIMIT 1   [ RunTime:0.0005s ]
NOTIC: [8] Undefined variable: followStatus C:\php\www\pctushu\Index\Runtime\Cache\Home\f8cf203eb98c60ed9cec339b90173a5c.php 第 134 行.
NOTIC: [2] in_array() expects parameter 2 to be array, null given C:\php\www\pctushu\Index\Runtime\Cache\Home\f8cf203eb98c60ed9cec339b90173a5c.php 第 134 行.
SQL: SELECT `content_id` FROM `book_content_category` WHERE `bid` = 27 AND (  `content_id` <> 0 ) ORDER BY content_id ASC LIMIT 1   [ RunTime:0.0006s ]
NOTIC: [8] Undefined variable: followStatus C:\php\www\pctushu\Index\Runtime\Cache\Home\f8cf203eb98c60ed9cec339b90173a5c.php 第 134 行.
NOTIC: [2] in_array() expects parameter 2 to be array, null given C:\php\www\pctushu\Index\Runtime\Cache\Home\f8cf203eb98c60ed9cec339b90173a5c.php 第 134 行.
SQL: SELECT `content_id` FROM `book_content_category` WHERE `bid` = 28 AND (  `content_id` <> 0 ) ORDER BY content_id ASC LIMIT 1   [ RunTime:0.0005s ]
NOTIC: [8] Undefined variable: followStatus C:\php\www\pctushu\Index\Runtime\Cache\Home\f8cf203eb98c60ed9cec339b90173a5c.php 第 134 行.
NOTIC: [2] in_array() expects parameter 2 to be array, null given C:\php\www\pctushu\Index\Runtime\Cache\Home\f8cf203eb98c60ed9cec339b90173a5c.php 第 134 行.
INFO: Run Behavior\ParseTemplateBehavior [ RunTime:0.056356s ]
INFO: [ view_parse ] --END-- [ RunTime:0.056491s ]
INFO: [ view_filter ] --START--
INFO: Run Behavior\WriteHtmlCacheBehavior [ RunTime:0.001368s ]
INFO: [ view_filter ] --END-- [ RunTime:0.001468s ]
INFO: [ app_end ] --START--
INFO: Run Behavior\ShowPageTraceBehavior [ RunTime:0.001292s ]
INFO: [ app_end ] --END-- [ RunTime:0.001427s ]

[ 2015-08-18T08:19:52+08:00 ] ::1 /pctushu/index/index/cid/2
INFO: [ app_init ] --START--
INFO: Run Behavior\BuildLiteBehavior [ RunTime:0.000025s ]
INFO: [ app_init ] --END-- [ RunTime:0.000707s ]
INFO: [ app_begin ] --START--
INFO: Run Behavior\ReadHtmlCacheBehavior [ RunTime:0.000977s ]
INFO: [ app_begin ] --END-- [ RunTime:0.001070s ]
SQL: SHOW COLUMNS FROM `book_books_category` [ RunTime:0.0048s ]
SQL: SELECT * FROM `book_books_category` WHERE `id` = 2  [ RunTime:0.0006s ]
SQL: SELECT * FROM `book_books_category` WHERE `pid_path` LIKE '%,2%'  [ RunTime:0.0006s ]
SQL: SHOW COLUMNS FROM `book_books_list` [ RunTime:0.0046s ]
SQL: SHOW COLUMNS FROM `book_books_category` [ RunTime:0.0044s ]
SQL: SHOW COLUMNS FROM `book_user` [ RunTime:0.0054s ]
SQL: SELECT COUNT(*) AS tp_count FROM book_books_list Books_list LEFT JOIN book_books_category Books_category ON Books_list.category_id = Books_category.id  JOIN book_user User ON Books_list.uid = User.id WHERE Books_list.category_id IN ('2','17','35','36') LIMIT 1   [ RunTime:0.0008s ]
SQL: SELECT Books_list.id AS id,Books_list.books_name AS books_name,Books_list.books_counts AS books_counts,Books_list.add_time AS add_time,Books_list.books_face AS books_face,Books_list.uid AS uid,Books_list.category_id AS category_id,Books_category.category_name AS category_name,User.name AS name FROM book_books_list Books_list LEFT JOIN book_books_category Books_category ON Books_list.category_id = Books_category.id  JOIN book_user User ON Books_list.uid = User.id WHERE Books_list.category_id IN ('2','17','35','36') LIMIT 0,12   [ RunTime:0.0008s ]
INFO: [ view_parse ] --START--
INFO: [ template_filter ] --START--
INFO: Run Behavior\ContentReplaceBehavior [ RunTime:0.000134s ]
INFO: [ template_filter ] --END-- [ RunTime:0.000236s ]
NOTIC: [8] Undefined index: uid C:\php\www\pctushu\Index\Runtime\Cache\Home\f8cf203eb98c60ed9cec339b90173a5c.php 第 62 行.
INFO: Run Behavior\ParseTemplateBehavior [ RunTime:0.017900s ]
INFO: [ view_parse ] --END-- [ RunTime:0.017999s ]
INFO: [ view_filter ] --START--
INFO: Run Behavior\WriteHtmlCacheBehavior [ RunTime:0.000649s ]
INFO: [ view_filter ] --END-- [ RunTime:0.000725s ]
INFO: [ app_end ] --START--
INFO: Run Behavior\ShowPageTraceBehavior [ RunTime:0.001071s ]
INFO: [ app_end ] --END-- [ RunTime:0.001153s ]

[ 2015-08-18T08:19:52+08:00 ] ::1 /pctushu/index/index/favicon.ico
INFO: [ app_init ] --START--
INFO: Run Behavior\BuildLiteBehavior [ RunTime:0.000023s ]
INFO: [ app_init ] --END-- [ RunTime:0.000567s ]

[ 2015-08-18T08:19:54+08:00 ] ::1 /pctushu/index/index/cid/3
INFO: [ app_init ] --START--
INFO: Run Behavior\BuildLiteBehavior [ RunTime:0.000024s ]
INFO: [ app_init ] --END-- [ RunTime:0.000536s ]
INFO: [ app_begin ] --START--
INFO: Run Behavior\ReadHtmlCacheBehavior [ RunTime:0.000911s ]
INFO: [ app_begin ] --END-- [ RunTime:0.001003s ]
SQL: SHOW COLUMNS FROM `book_books_category` [ RunTime:0.0114s ]
SQL: SELECT * FROM `book_books_category` WHERE `id` = 3  [ RunTime:0.0008s ]
SQL: SELECT * FROM `book_books_category` WHERE `pid_path` LIKE '%,3%'  [ RunTime:0.0008s ]
SQL: SHOW COLUMNS FROM `book_books_list` [ RunTime:0.0091s ]
SQL: SHOW COLUMNS FROM `book_books_category` [ RunTime:0.0088s ]
SQL: SHOW COLUMNS FROM `book_user` [ RunTime:0.0066s ]
SQL: SELECT COUNT(*) AS tp_count FROM book_books_list Books_list LEFT JOIN book_books_category Books_category ON Books_list.category_id = Books_category.id  JOIN book_user User ON Books_list.uid = User.id WHERE Books_list.category_id IN ('3','37','38') LIMIT 1   [ RunTime:0.0008s ]
SQL: SELECT Books_list.id AS id,Books_list.books_name AS books_name,Books_list.books_counts AS books_counts,Books_list.add_time AS add_time,Books_list.books_face AS books_face,Books_list.uid AS uid,Books_list.category_id AS category_id,Books_category.category_name AS category_name,User.name AS name FROM book_books_list Books_list LEFT JOIN book_books_category Books_category ON Books_list.category_id = Books_category.id  JOIN book_user User ON Books_list.uid = User.id WHERE Books_list.category_id IN ('3','37','38') LIMIT 0,12   [ RunTime:0.0014s ]
INFO: [ view_parse ] --START--
INFO: [ template_filter ] --START--
INFO: Run Behavior\ContentReplaceBehavior [ RunTime:0.000125s ]
INFO: [ template_filter ] --END-- [ RunTime:0.000230s ]
NOTIC: [8] Undefined index: uid C:\php\www\pctushu\Index\Runtime\Cache\Home\f8cf203eb98c60ed9cec339b90173a5c.php 第 62 行.
INFO: Run Behavior\ParseTemplateBehavior [ RunTime:0.020209s ]
INFO: [ view_parse ] --END-- [ RunTime:0.020376s ]
INFO: [ view_filter ] --START--
INFO: Run Behavior\WriteHtmlCacheBehavior [ RunTime:0.000909s ]
INFO: [ view_filter ] --END-- [ RunTime:0.001038s ]
INFO: [ app_end ] --START--
INFO: Run Behavior\ShowPageTraceBehavior [ RunTime:0.001133s ]
INFO: [ app_end ] --END-- [ RunTime:0.001244s ]

[ 2015-08-18T08:21:48+08:00 ] ::1 /pctushu/
INFO: [ app_init ] --START--
INFO: Run Behavior\BuildLiteBehavior [ RunTime:0.000028s ]
INFO: [ app_init ] --END-- [ RunTime:0.000735s ]
INFO: [ app_begin ] --START--
INFO: Run Behavior\ReadHtmlCacheBehavior [ RunTime:0.001230s ]
INFO: [ app_begin ] --END-- [ RunTime:0.001350s ]
SQL: SHOW COLUMNS FROM `book_books_category` [ RunTime:0.0138s ]
SQL: SELECT * FROM `book_books_category` WHERE `id` = 1  [ RunTime:0.0015s ]
SQL: SELECT * FROM `book_books_category` WHERE `pid_path` LIKE '%,1%'  [ RunTime:0.0023s ]
SQL: SHOW COLUMNS FROM `book_books_list` [ RunTime:0.0110s ]
SQL: SHOW COLUMNS FROM `book_books_category` [ RunTime:0.0103s ]
SQL: SHOW COLUMNS FROM `book_user` [ RunTime:0.0090s ]
SQL: SELECT COUNT(*) AS tp_count FROM book_books_list Books_list LEFT JOIN book_books_category Books_category ON Books_list.category_id = Books_category.id  JOIN book_user User ON Books_list.uid = User.id WHERE Books_list.category_id IN ('1','6','7','8','9','10','11','12','13','14','15','16','18','19','20','21','22','23','24','25','26','27','28','29','30','31','32','33','34','35','36','37','38','39') LIMIT 1   [ RunTime:0.0018s ]
SQL: SELECT Books_list.id AS id,Books_list.books_name AS books_name,Books_list.books_counts AS books_counts,Books_list.add_time AS add_time,Books_list.books_face AS books_face,Books_list.uid AS uid,Books_list.category_id AS category_id,Books_category.category_name AS category_name,User.name AS name FROM book_books_list Books_list LEFT JOIN book_books_category Books_category ON Books_list.category_id = Books_category.id  JOIN book_user User ON Books_list.uid = User.id WHERE Books_list.category_id IN ('1','6','7','8','9','10','11','12','13','14','15','16','18','19','20','21','22','23','24','25','26','27','28','29','30','31','32','33','34','35','36','37','38','39') LIMIT 0,12   [ RunTime:0.0013s ]
INFO: [ view_parse ] --START--
INFO: [ template_filter ] --START--
INFO: Run Behavior\ContentReplaceBehavior [ RunTime:0.000144s ]
INFO: [ template_filter ] --END-- [ RunTime:0.000246s ]
NOTIC: [8] Undefined index: uid C:\php\www\pctushu\Index\Runtime\Cache\Home\f8cf203eb98c60ed9cec339b90173a5c.php 第 62 行.
SQL: SHOW COLUMNS FROM `book_content_category` [ RunTime:0.0048s ]
SQL: SELECT `content_id` FROM `book_content_category` WHERE `bid` = 17 AND (  `content_id` <> 0 ) ORDER BY content_id ASC LIMIT 1   [ RunTime:0.0007s ]
NOTIC: [8] Undefined variable: followStatus C:\php\www\pctushu\Index\Runtime\Cache\Home\f8cf203eb98c60ed9cec339b90173a5c.php 第 134 行.
NOTIC: [2] in_array() expects parameter 2 to be array, null given C:\php\www\pctushu\Index\Runtime\Cache\Home\f8cf203eb98c60ed9cec339b90173a5c.php 第 134 行.
SQL: SELECT `content_id` FROM `book_content_category` WHERE `bid` = 18 AND (  `content_id` <> 0 ) ORDER BY content_id ASC LIMIT 1   [ RunTime:0.0007s ]
NOTIC: [8] Undefined variable: followStatus C:\php\www\pctushu\Index\Runtime\Cache\Home\f8cf203eb98c60ed9cec339b90173a5c.php 第 134 行.
NOTIC: [2] in_array() expects parameter 2 to be array, null given C:\php\www\pctushu\Index\Runtime\Cache\Home\f8cf203eb98c60ed9cec339b90173a5c.php 第 134 行.
SQL: SELECT `content_id` FROM `book_content_category` WHERE `bid` = 19 AND (  `content_id` <> 0 ) ORDER BY content_id ASC LIMIT 1   [ RunTime:0.0005s ]
NOTIC: [8] Undefined variable: followStatus C:\php\www\pctushu\Index\Runtime\Cache\Home\f8cf203eb98c60ed9cec339b90173a5c.php 第 134 行.
NOTIC: [2] in_array() expects parameter 2 to be array, null given C:\php\www\pctushu\Index\Runtime\Cache\Home\f8cf203eb98c60ed9cec339b90173a5c.php 第 134 行.
SQL: SELECT `content_id` FROM `book_content_category` WHERE `bid` = 20 AND (  `content_id` <> 0 ) ORDER BY content_id ASC LIMIT 1   [ RunTime:0.0005s ]
NOTIC: [8] Undefined variable: followStatus C:\php\www\pctushu\Index\Runtime\Cache\Home\f8cf203eb98c60ed9cec339b90173a5c.php 第 134 行.
NOTIC: [2] in_array() expects parameter 2 to be array, null given C:\php\www\pctushu\Index\Runtime\Cache\Home\f8cf203eb98c60ed9cec339b90173a5c.php 第 134 行.
SQL: SELECT `content_id` FROM `book_content_category` WHERE `bid` = 21 AND (  `content_id` <> 0 ) ORDER BY content_id ASC LIMIT 1   [ RunTime:0.0005s ]
NOTIC: [8] Undefined variable: followStatus C:\php\www\pctushu\Index\Runtime\Cache\Home\f8cf203eb98c60ed9cec339b90173a5c.php 第 134 行.
NOTIC: [2] in_array() expects parameter 2 to be array, null given C:\php\www\pctushu\Index\Runtime\Cache\Home\f8cf203eb98c60ed9cec339b90173a5c.php 第 134 行.
SQL: SELECT `content_id` FROM `book_content_category` WHERE `bid` = 22 AND (  `content_id` <> 0 ) ORDER BY content_id ASC LIMIT 1   [ RunTime:0.0005s ]
NOTIC: [8] Undefined variable: followStatus C:\php\www\pctushu\Index\Runtime\Cache\Home\f8cf203eb98c60ed9cec339b90173a5c.php 第 134 行.
NOTIC: [2] in_array() expects parameter 2 to be array, null given C:\php\www\pctushu\Index\Runtime\Cache\Home\f8cf203eb98c60ed9cec339b90173a5c.php 第 134 行.
SQL: SELECT `content_id` FROM `book_content_category` WHERE `bid` = 23 AND (  `content_id` <> 0 ) ORDER BY content_id ASC LIMIT 1   [ RunTime:0.0008s ]
NOTIC: [8] Undefined variable: followStatus C:\php\www\pctushu\Index\Runtime\Cache\Home\f8cf203eb98c60ed9cec339b90173a5c.php 第 134 行.
NOTIC: [2] in_array() expects parameter 2 to be array, null given C:\php\www\pctushu\Index\Runtime\Cache\Home\f8cf203eb98c60ed9cec339b90173a5c.php 第 134 行.
SQL: SELECT `content_id` FROM `book_content_category` WHERE `bid` = 24 AND (  `content_id` <> 0 ) ORDER BY content_id ASC LIMIT 1   [ RunTime:0.0007s ]
NOTIC: [8] Undefined variable: followStatus C:\php\www\pctushu\Index\Runtime\Cache\Home\f8cf203eb98c60ed9cec339b90173a5c.php 第 134 行.
NOTIC: [2] in_array() expects parameter 2 to be array, null given C:\php\www\pctushu\Index\Runtime\Cache\Home\f8cf203eb98c60ed9cec339b90173a5c.php 第 134 行.
SQL: SELECT `content_id` FROM `book_content_category` WHERE `bid` = 25 AND (  `content_id` <> 0 ) ORDER BY content_id ASC LIMIT 1   [ RunTime:0.0005s ]
NOTIC: [8] Undefined variable: followStatus C:\php\www\pctushu\Index\Runtime\Cache\Home\f8cf203eb98c60ed9cec339b90173a5c.php 第 134 行.
NOTIC: [2] in_array() expects parameter 2 to be array, null given C:\php\www\pctushu\Index\Runtime\Cache\Home\f8cf203eb98c60ed9cec339b90173a5c.php 第 134 行.
SQL: SELECT `content_id` FROM `book_content_category` WHERE `bid` = 26 AND (  `content_id` <> 0 ) ORDER BY content_id ASC LIMIT 1   [ RunTime:0.0005s ]
NOTIC: [8] Undefined variable: followStatus C:\php\www\pctushu\Index\Runtime\Cache\Home\f8cf203eb98c60ed9cec339b90173a5c.php 第 134 行.
NOTIC: [2] in_array() expects parameter 2 to be array, null given C:\php\www\pctushu\Index\Runtime\Cache\Home\f8cf203eb98c60ed9cec339b90173a5c.php 第 134 行.
SQL: SELECT `content_id` FROM `book_content_category` WHERE `bid` = 27 AND (  `content_id` <> 0 ) ORDER BY content_id ASC LIMIT 1   [ RunTime:0.0005s ]
NOTIC: [8] Undefined variable: followStatus C:\php\www\pctushu\Index\Runtime\Cache\Home\f8cf203eb98c60ed9cec339b90173a5c.php 第 134 行.
NOTIC: [2] in_array() expects parameter 2 to be array, null given C:\php\www\pctushu\Index\Runtime\Cache\Home\f8cf203eb98c60ed9cec339b90173a5c.php 第 134 行.
SQL: SELECT `content_id` FROM `book_content_category` WHERE `bid` = 28 AND (  `content_id` <> 0 ) ORDER BY content_id ASC LIMIT 1   [ RunTime:0.0005s ]
NOTIC: [8] Undefined variable: followStatus C:\php\www\pctushu\Index\Runtime\Cache\Home\f8cf203eb98c60ed9cec339b90173a5c.php 第 134 行.
NOTIC: [2] in_array() expects parameter 2 to be array, null given C:\php\www\pctushu\Index\Runtime\Cache\Home\f8cf203eb98c60ed9cec339b90173a5c.php 第 134 行.
INFO: Run Behavior\ParseTemplateBehavior [ RunTime:0.040436s ]
INFO: [ view_parse ] --END-- [ RunTime:0.040526s ]
INFO: [ view_filter ] --START--
INFO: Run Behavior\WriteHtmlCacheBehavior [ RunTime:0.000995s ]
INFO: [ view_filter ] --END-- [ RunTime:0.001083s ]
INFO: [ app_end ] --START--
INFO: Run Behavior\ShowPageTraceBehavior [ RunTime:0.001772s ]
INFO: [ app_end ] --END-- [ RunTime:0.001941s ]

[ 2015-08-18T08:21:50+08:00 ] ::1 /pctushu/bookslist/index
INFO: [ app_init ] --START--
INFO: Run Behavior\BuildLiteBehavior [ RunTime:0.000023s ]
INFO: [ app_init ] --END-- [ RunTime:0.000541s ]
INFO: [ app_begin ] --START--
INFO: Run Behavior\ReadHtmlCacheBehavior [ RunTime:0.001267s ]
INFO: [ app_begin ] --END-- [ RunTime:0.001364s ]
SQL: SHOW COLUMNS FROM `book_books_category` [ RunTime:0.0050s ]
SQL: SELECT * FROM `book_books_category` WHERE `id` = 1  [ RunTime:0.0007s ]
SQL: SELECT * FROM `book_books_category` WHERE `pid_path` LIKE '%,1%'  [ RunTime:0.0008s ]
SQL: SHOW COLUMNS FROM `book_books_list` [ RunTime:0.0051s ]
SQL: SHOW COLUMNS FROM `book_books_category` [ RunTime:0.0049s ]
SQL: SHOW COLUMNS FROM `book_user` [ RunTime:0.0056s ]
SQL: SELECT COUNT(*) AS tp_count FROM book_books_list Books_list LEFT JOIN book_books_category Books_category ON Books_list.category_id = Books_category.id  JOIN book_user User ON Books_list.uid = User.id WHERE Books_list.category_id IN ('1','6','7','8','9','10','11','12','13','14','15','16','18','19','20','21','22','23','24','25','26','27','28','29','30','31','32','33','34','35','36','37','38','39') LIMIT 1   [ RunTime:0.0009s ]
SQL: SELECT Books_list.id AS id,Books_list.books_name AS books_name,Books_list.books_counts AS books_counts,Books_list.add_time AS add_time,Books_list.books_face AS books_face,Books_list.uid AS uid,Books_list.category_id AS category_id,Books_category.category_name AS category_name,User.name AS name FROM book_books_list Books_list LEFT JOIN book_books_category Books_category ON Books_list.category_id = Books_category.id  JOIN book_user User ON Books_list.uid = User.id WHERE Books_list.category_id IN ('1','6','7','8','9','10','11','12','13','14','15','16','18','19','20','21','22','23','24','25','26','27','28','29','30','31','32','33','34','35','36','37','38','39') LIMIT 0,12   [ RunTime:0.0013s ]
SQL: SELECT `id`,`category_name` FROM `book_books_category` WHERE `pid` = 0  [ RunTime:0.0006s ]
SQL: SELECT * FROM `book_books_category` WHERE `id` = 1  [ RunTime:0.0007s ]
SQL: SELECT `id`,`category_name` FROM `book_books_category` WHERE `pid` = 1  [ RunTime:0.0010s ]
SQL: SELECT `id`,`category_name` FROM `book_books_category` WHERE `pid` = 1 AND (  `pid` IN ('1','2','3','4','5') )  [ RunTime:0.0007s ]
SQL: SELECT `id`,`pid`,`category_name` FROM `book_books_category` WHERE `id` = 1 AND (  `pid` IN ('1','2','3','4','5') )  [ RunTime:0.0006s ]
SQL: SELECT `id`,`category_name` FROM `book_books_category` WHERE `pid` IN ('6','7','8','19','20','32')  [ RunTime:0.0007s ]
SQL: SELECT * FROM `book_books_category` WHERE `id` = 1 LIMIT 1   [ RunTime:0.0006s ]
SQL: SELECT * FROM `book_books_category` WHERE `pid_path` LIKE '%,0%'  [ RunTime:0.0006s ]
INFO: [ view_parse ] --START--
INFO: [ template_filter ] --START--
INFO: Run Behavior\ContentReplaceBehavior [ RunTime:0.000120s ]
INFO: [ template_filter ] --END-- [ RunTime:0.000224s ]
NOTIC: [8] Undefined index: uid C:\php\www\pctushu\Index\Runtime\Cache\Home\d2dc1e1fec690345be64c8d912010af0.php 第 65 行.
SQL: SHOW COLUMNS FROM `book_content_category` [ RunTime:0.0052s ]
SQL: SELECT `content_id` FROM `book_content_category` WHERE `bid` = 17 AND (  `content_id` <> 0 ) ORDER BY content_id ASC LIMIT 1   [ RunTime:0.0007s ]
NOTIC: [8] Undefined variable: followStatus C:\php\www\pctushu\Index\Runtime\Cache\Home\d2dc1e1fec690345be64c8d912010af0.php 第 137 行.
NOTIC: [2] in_array() expects parameter 2 to be array, null given C:\php\www\pctushu\Index\Runtime\Cache\Home\d2dc1e1fec690345be64c8d912010af0.php 第 137 行.
SQL: SELECT `content_id` FROM `book_content_category` WHERE `bid` = 18 AND (  `content_id` <> 0 ) ORDER BY content_id ASC LIMIT 1   [ RunTime:0.0007s ]
NOTIC: [8] Undefined variable: followStatus C:\php\www\pctushu\Index\Runtime\Cache\Home\d2dc1e1fec690345be64c8d912010af0.php 第 137 行.
NOTIC: [2] in_array() expects parameter 2 to be array, null given C:\php\www\pctushu\Index\Runtime\Cache\Home\d2dc1e1fec690345be64c8d912010af0.php 第 137 行.
SQL: SELECT `content_id` FROM `book_content_category` WHERE `bid` = 19 AND (  `content_id` <> 0 ) ORDER BY content_id ASC LIMIT 1   [ RunTime:0.0006s ]
NOTIC: [8] Undefined variable: followStatus C:\php\www\pctushu\Index\Runtime\Cache\Home\d2dc1e1fec690345be64c8d912010af0.php 第 137 行.
NOTIC: [2] in_array() expects parameter 2 to be array, null given C:\php\www\pctushu\Index\Runtime\Cache\Home\d2dc1e1fec690345be64c8d912010af0.php 第 137 行.
SQL: SELECT `content_id` FROM `book_content_category` WHERE `bid` = 20 AND (  `content_id` <> 0 ) ORDER BY content_id ASC LIMIT 1   [ RunTime:0.0005s ]
NOTIC: [8] Undefined variable: followStatus C:\php\www\pctushu\Index\Runtime\Cache\Home\d2dc1e1fec690345be64c8d912010af0.php 第 137 行.
NOTIC: [2] in_array() expects parameter 2 to be array, null given C:\php\www\pctushu\Index\Runtime\Cache\Home\d2dc1e1fec690345be64c8d912010af0.php 第 137 行.
SQL: SELECT `content_id` FROM `book_content_category` WHERE `bid` = 21 AND (  `content_id` <> 0 ) ORDER BY content_id ASC LIMIT 1   [ RunTime:0.0007s ]
NOTIC: [8] Undefined variable: followStatus C:\php\www\pctushu\Index\Runtime\Cache\Home\d2dc1e1fec690345be64c8d912010af0.php 第 137 行.
NOTIC: [2] in_array() expects parameter 2 to be array, null given C:\php\www\pctushu\Index\Runtime\Cache\Home\d2dc1e1fec690345be64c8d912010af0.php 第 137 行.
SQL: SELECT `content_id` FROM `book_content_category` WHERE `bid` = 22 AND (  `content_id` <> 0 ) ORDER BY content_id ASC LIMIT 1   [ RunTime:0.0008s ]
NOTIC: [8] Undefined variable: followStatus C:\php\www\pctushu\Index\Runtime\Cache\Home\d2dc1e1fec690345be64c8d912010af0.php 第 137 行.
NOTIC: [2] in_array() expects parameter 2 to be array, null given C:\php\www\pctushu\Index\Runtime\Cache\Home\d2dc1e1fec690345be64c8d912010af0.php 第 137 行.
SQL: SELECT `content_id` FROM `book_content_category` WHERE `bid` = 23 AND (  `content_id` <> 0 ) ORDER BY content_id ASC LIMIT 1   [ RunTime:0.0007s ]
NOTIC: [8] Undefined variable: followStatus C:\php\www\pctushu\Index\Runtime\Cache\Home\d2dc1e1fec690345be64c8d912010af0.php 第 137 行.
NOTIC: [2] in_array() expects parameter 2 to be array, null given C:\php\www\pctushu\Index\Runtime\Cache\Home\d2dc1e1fec690345be64c8d912010af0.php 第 137 行.
SQL: SELECT `content_id` FROM `book_content_category` WHERE `bid` = 24 AND (  `content_id` <> 0 ) ORDER BY content_id ASC LIMIT 1   [ RunTime:0.0007s ]
NOTIC: [8] Undefined variable: followStatus C:\php\www\pctushu\Index\Runtime\Cache\Home\d2dc1e1fec690345be64c8d912010af0.php 第 137 行.
NOTIC: [2] in_array() expects parameter 2 to be array, null given C:\php\www\pctushu\Index\Runtime\Cache\Home\d2dc1e1fec690345be64c8d912010af0.php 第 137 行.
SQL: SELECT `content_id` FROM `book_content_category` WHERE `bid` = 25 AND (  `content_id` <> 0 ) ORDER BY content_id ASC LIMIT 1   [ RunTime:0.0006s ]
NOTIC: [8] Undefined variable: followStatus C:\php\www\pctushu\Index\Runtime\Cache\Home\d2dc1e1fec690345be64c8d912010af0.php 第 137 行.
NOTIC: [2] in_array() expects parameter 2 to be array, null given C:\php\www\pctushu\Index\Runtime\Cache\Home\d2dc1e1fec690345be64c8d912010af0.php 第 137 行.
SQL: SELECT `content_id` FROM `book_content_category` WHERE `bid` = 26 AND (  `content_id` <> 0 ) ORDER BY content_id ASC LIMIT 1   [ RunTime:0.0006s ]
NOTIC: [8] Undefined variable: followStatus C:\php\www\pctushu\Index\Runtime\Cache\Home\d2dc1e1fec690345be64c8d912010af0.php 第 137 行.
NOTIC: [2] in_array() expects parameter 2 to be array, null given C:\php\www\pctushu\Index\Runtime\Cache\Home\d2dc1e1fec690345be64c8d912010af0.php 第 137 行.
SQL: SELECT `content_id` FROM `book_content_category` WHERE `bid` = 27 AND (  `content_id` <> 0 ) ORDER BY content_id ASC LIMIT 1   [ RunTime:0.0005s ]
NOTIC: [8] Undefined variable: followStatus C:\php\www\pctushu\Index\Runtime\Cache\Home\d2dc1e1fec690345be64c8d912010af0.php 第 137 行.
NOTIC: [2] in_array() expects parameter 2 to be array, null given C:\php\www\pctushu\Index\Runtime\Cache\Home\d2dc1e1fec690345be64c8d912010af0.php 第 137 行.
SQL: SELECT `content_id` FROM `book_content_category` WHERE `bid` = 28 AND (  `content_id` <> 0 ) ORDER BY content_id ASC LIMIT 1   [ RunTime:0.0005s ]
NOTIC: [8] Undefined variable: followStatus C:\php\www\pctushu\Index\Runtime\Cache\Home\d2dc1e1fec690345be64c8d912010af0.php 第 137 行.
NOTIC: [2] in_array() expects parameter 2 to be array, null given C:\php\www\pctushu\Index\Runtime\Cache\Home\d2dc1e1fec690345be64c8d912010af0.php 第 137 行.
INFO: Run Behavior\ParseTemplateBehavior [ RunTime:0.051495s ]
INFO: [ view_parse ] --END-- [ RunTime:0.051594s ]
INFO: [ view_filter ] --START--
INFO: Run Behavior\WriteHtmlCacheBehavior [ RunTime:0.000962s ]
INFO: [ view_filter ] --END-- [ RunTime:0.001042s ]
INFO: [ app_end ] --START--
INFO: Run Behavior\ShowPageTraceBehavior [ RunTime:0.001445s ]
INFO: [ app_end ] --END-- [ RunTime:0.001581s ]

[ 2015-08-18T08:21:53+08:00 ] ::1 /pctushu/bookslist/index/cid/6
INFO: [ app_init ] --START--
INFO: Run Behavior\BuildLiteBehavior [ RunTime:0.000026s ]
INFO: [ app_init ] --END-- [ RunTime:0.000735s ]
INFO: [ app_begin ] --START--
INFO: Run Behavior\ReadHtmlCacheBehavior [ RunTime:0.001258s ]
INFO: [ app_begin ] --END-- [ RunTime:0.001349s ]
SQL: SHOW COLUMNS FROM `book_books_category` [ RunTime:0.0156s ]
SQL: SELECT * FROM `book_books_category` WHERE `id` = 6  [ RunTime:0.0016s ]
SQL: SELECT * FROM `book_books_category` WHERE `pid_path` LIKE '%,6%'  [ RunTime:0.0019s ]
SQL: SHOW COLUMNS FROM `book_books_list` [ RunTime:0.0078s ]
SQL: SHOW COLUMNS FROM `book_books_category` [ RunTime:0.0112s ]
SQL: SHOW COLUMNS FROM `book_user` [ RunTime:0.0110s ]
SQL: SELECT COUNT(*) AS tp_count FROM book_books_list Books_list LEFT JOIN book_books_category Books_category ON Books_list.category_id = Books_category.id  JOIN book_user User ON Books_list.uid = User.id WHERE Books_list.category_id IN ('9','10','11','12','21','22','23','24','25') LIMIT 1   [ RunTime:0.0011s ]
SQL: SELECT Books_list.id AS id,Books_list.books_name AS books_name,Books_list.books_counts AS books_counts,Books_list.add_time AS add_time,Books_list.books_face AS books_face,Books_list.uid AS uid,Books_list.category_id AS category_id,Books_category.category_name AS category_name,User.name AS name FROM book_books_list Books_list LEFT JOIN book_books_category Books_category ON Books_list.category_id = Books_category.id  JOIN book_user User ON Books_list.uid = User.id WHERE Books_list.category_id IN ('9','10','11','12','21','22','23','24','25') LIMIT 0,12   [ RunTime:0.0013s ]
SQL: SELECT `id`,`category_name` FROM `book_books_category` WHERE `pid` = 0  [ RunTime:0.0008s ]
SQL: SELECT * FROM `book_books_category` WHERE `id` = 6  [ RunTime:0.0008s ]
SQL: SELECT `id`,`category_name` FROM `book_books_category` WHERE `pid` = 6  [ RunTime:0.0007s ]
SQL: SELECT `id`,`category_name` FROM `book_books_category` WHERE `pid` = 6 AND (  `pid` IN ('1','2','3','4','5') )  [ RunTime:0.0006s ]
SQL: SELECT `id`,`pid`,`category_name` FROM `book_books_category` WHERE `id` = 6 LIMIT 1   [ RunTime:0.0007s ]
SQL: SELECT `id`,`category_name` FROM `book_books_category` WHERE `pid` = 1  [ RunTime:0.0007s ]
SQL: SELECT `id`,`pid`,`category_name` FROM `book_books_category` WHERE `id` = 6 AND (  `pid` IN ('1','2','3','4','5') )  [ RunTime:0.0006s ]
SQL: SELECT `id`,`category_name` FROM `book_books_category` WHERE `pid` IN ('9','10','11','12','21','22','23','24','25')  [ RunTime:0.0004s ]
SQL: SELECT `id`,`category_name` FROM `book_books_category` WHERE `pid` = 6  [ RunTime:0.0004s ]
INFO: [ view_parse ] --START--
INFO: [ template_filter ] --START--
INFO: Run Behavior\ContentReplaceBehavior [ RunTime:0.000126s ]
INFO: [ template_filter ] --END-- [ RunTime:0.000229s ]
NOTIC: [8] Undefined index: uid C:\php\www\pctushu\Index\Runtime\Cache\Home\d2dc1e1fec690345be64c8d912010af0.php 第 65 行.
SQL: SHOW COLUMNS FROM `book_content_category` [ RunTime:0.0050s ]
SQL: SELECT `content_id` FROM `book_content_category` WHERE `bid` = 22 AND (  `content_id` <> 0 ) ORDER BY content_id ASC LIMIT 1   [ RunTime:0.0009s ]
NOTIC: [8] Undefined variable: followStatus C:\php\www\pctushu\Index\Runtime\Cache\Home\d2dc1e1fec690345be64c8d912010af0.php 第 137 行.
NOTIC: [2] in_array() expects parameter 2 to be array, null given C:\php\www\pctushu\Index\Runtime\Cache\Home\d2dc1e1fec690345be64c8d912010af0.php 第 137 行.
SQL: SELECT `content_id` FROM `book_content_category` WHERE `bid` = 23 AND (  `content_id` <> 0 ) ORDER BY content_id ASC LIMIT 1   [ RunTime:0.0005s ]
NOTIC: [8] Undefined variable: followStatus C:\php\www\pctushu\Index\Runtime\Cache\Home\d2dc1e1fec690345be64c8d912010af0.php 第 137 行.
NOTIC: [2] in_array() expects parameter 2 to be array, null given C:\php\www\pctushu\Index\Runtime\Cache\Home\d2dc1e1fec690345be64c8d912010af0.php 第 137 行.
SQL: SELECT `content_id` FROM `book_content_category` WHERE `bid` = 29 AND (  `content_id` <> 0 ) ORDER BY content_id ASC LIMIT 1   [ RunTime:0.0004s ]
NOTIC: [8] Undefined variable: followStatus C:\php\www\pctushu\Index\Runtime\Cache\Home\d2dc1e1fec690345be64c8d912010af0.php 第 137 行.
NOTIC: [2] in_array() expects parameter 2 to be array, null given C:\php\www\pctushu\Index\Runtime\Cache\Home\d2dc1e1fec690345be64c8d912010af0.php 第 137 行.
SQL: SELECT `content_id` FROM `book_content_category` WHERE `bid` = 30 AND (  `content_id` <> 0 ) ORDER BY content_id ASC LIMIT 1   [ RunTime:0.0004s ]
NOTIC: [8] Undefined variable: followStatus C:\php\www\pctushu\Index\Runtime\Cache\Home\d2dc1e1fec690345be64c8d912010af0.php 第 137 行.
NOTIC: [2] in_array() expects parameter 2 to be array, null given C:\php\www\pctushu\Index\Runtime\Cache\Home\d2dc1e1fec690345be64c8d912010af0.php 第 137 行.
INFO: Run Behavior\ParseTemplateBehavior [ RunTime:0.034091s ]
INFO: [ view_parse ] --END-- [ RunTime:0.034181s ]
INFO: [ view_filter ] --START--
INFO: Run Behavior\WriteHtmlCacheBehavior [ RunTime:0.000945s ]
INFO: [ view_filter ] --END-- [ RunTime:0.001027s ]
INFO: [ app_end ] --START--
INFO: Run Behavior\ShowPageTraceBehavior [ RunTime:0.001489s ]
INFO: [ app_end ] --END-- [ RunTime:0.001614s ]

