[ 2015-09-02T13:34:44+08:00 ] ::1 /czcf/Public/content/settings/select.html
INFO: [ app_init ] --START--
INFO: Run Behavior\BuildLiteBehavior [ RunTime:0.000000s ]
INFO: [ app_init ] --END-- [ RunTime:0.000000s ]
ERR: 无法加载模块:Public

[ 2015-09-02T13:34:44+08:00 ] ::1 /czcf/Public/css/img/altbg/double_lined.html
INFO: [ app_init ] --START--
INFO: Run Behavior\BuildLiteBehavior [ RunTime:0.000000s ]
INFO: [ app_init ] --END-- [ RunTime:0.000000s ]
ERR: 无法加载模块:Public

[ 2015-09-02T13:34:44+08:00 ] ::1 /czcf/Public/css/img/altbg/carbon.html
INFO: [ app_init ] --START--
INFO: Run Behavior\BuildLiteBehavior [ RunTime:0.000000s ]
INFO: [ app_init ] --END-- [ RunTime:0.000000s ]
ERR: 无法加载模块:Public

[ 2015-09-02T13:34:44+08:00 ] ::1 /czcf/Public/css/img/dark-bg.html
INFO: [ app_init ] --START--
INFO: Run Behavior\BuildLiteBehavior [ RunTime:0.000000s ]
INFO: [ app_init ] --END-- [ RunTime:0.000000s ]
ERR: 无法加载模块:Public

[ 2015-09-02T13:34:44+08:00 ] ::1 /czcf/Public/css/img/bg.html
INFO: [ app_init ] --START--
INFO: Run Behavior\BuildLiteBehavior [ RunTime:0.000000s ]
INFO: [ app_init ] --END-- [ RunTime:0.000000s ]
ERR: 无法加载模块:Public

[ 2015-09-02T13:34:45+08:00 ] ::1 /czcf/Public/css/img/altbg/black_denim.html
INFO: [ app_init ] --START--
INFO: Run Behavior\BuildLiteBehavior [ RunTime:0.000000s ]
INFO: [ app_init ] --END-- [ RunTime:0.000000s ]
ERR: 无法加载模块:Public

[ 2015-09-02T13:34:45+08:00 ] ::1 /czcf/Public/css/img/wood.html
INFO: [ app_init ] --START--
INFO: Run Behavior\BuildLiteBehavior [ RunTime:0.000000s ]
INFO: [ app_init ] --END-- [ RunTime:0.001000s ]
ERR: 无法加载模块:Public

[ 2015-09-02T13:34:45+08:00 ] ::1 /czcf/Public/css/img/altbg/smoothwall.html
INFO: [ app_init ] --START--
INFO: Run Behavior\BuildLiteBehavior [ RunTime:0.000000s ]
INFO: [ app_init ] --END-- [ RunTime:0.000000s ]
ERR: 无法加载模块:Public

[ 2015-09-02T14:43:03+08:00 ] ::1 /czcf/api/__PUBLIC__/js/jquery-2.1.4.min.js
INFO: [ app_init ] --START--
INFO: Run Behavior\BuildLiteBehavior [ RunTime:0.000000s ]
INFO: [ app_init ] --END-- [ RunTime:0.000000s ]
ERR: 无法加载模块:Api

[ 2015-09-02T15:12:14+08:00 ] ::1 /czcf/api/__PUBLIC__/js/jquery-2.1.4.min.js
INFO: [ app_init ] --START--
INFO: Run Behavior\BuildLiteBehavior [ RunTime:0.000000s ]
INFO: [ app_init ] --END-- [ RunTime:0.001000s ]
ERR: 无法加载模块:Api

[ 2015-09-02T15:13:12+08:00 ] ::1 /czcf/api/__PUBLIC__/js/jquery-2.1.4.min.js
INFO: [ app_init ] --START--
INFO: Run Behavior\BuildLiteBehavior [ RunTime:0.000000s ]
INFO: [ app_init ] --END-- [ RunTime:0.000000s ]
ERR: 无法加载模块:Api

[ 2015-09-02T15:13:48+08:00 ] ::1 /czcf/api/__PUBLIC__/js/jquery-2.1.4.min.js
INFO: [ app_init ] --START--
INFO: Run Behavior\BuildLiteBehavior [ RunTime:0.000000s ]
INFO: [ app_init ] --END-- [ RunTime:0.000000s ]
ERR: 无法加载模块:Api

[ 2015-09-02T15:15:09+08:00 ] ::1 /czcf/api/__PUBLIC__/js/jquery-2.1.4.min.js
INFO: [ app_init ] --START--
INFO: Run Behavior\BuildLiteBehavior [ RunTime:0.000000s ]
INFO: [ app_init ] --END-- [ RunTime:0.000000s ]
ERR: 无法加载模块:Api

[ 2015-09-02T15:15:37+08:00 ] ::1 /czcf/api/__PUBLIC__/js/jquery-2.1.4.min.js
INFO: [ app_init ] --START--
INFO: Run Behavior\BuildLiteBehavior [ RunTime:0.000000s ]
INFO: [ app_init ] --END-- [ RunTime:0.000000s ]
ERR: 无法加载模块:Api

[ 2015-09-02T15:15:56+08:00 ] ::1 /czcf/api/__PUBLIC__/js/jquery-2.1.4.min.js
INFO: [ app_init ] --START--
INFO: Run Behavior\BuildLiteBehavior [ RunTime:0.000000s ]
INFO: [ app_init ] --END-- [ RunTime:0.001000s ]
ERR: 无法加载模块:Api

[ 2015-09-02T15:18:32+08:00 ] ::1 /czcf/api/__PUBLIC__/js/jquery-2.1.4.min.js
INFO: [ app_init ] --START--
INFO: Run Behavior\BuildLiteBehavior [ RunTime:0.000000s ]
INFO: [ app_init ] --END-- [ RunTime:0.001000s ]
ERR: 无法加载模块:Api

[ 2015-09-02T15:18:45+08:00 ] ::1 /czcf/api/__PUBLIC__/js/jquery-2.1.4.min.js
INFO: [ app_init ] --START--
INFO: Run Behavior\BuildLiteBehavior [ RunTime:0.000000s ]
INFO: [ app_init ] --END-- [ RunTime:0.000000s ]
ERR: 无法加载模块:Api

[ 2015-09-02T15:18:46+08:00 ] ::1 /czcf/api/__PUBLIC__/js/jquery-2.1.4.min.js
INFO: [ app_init ] --START--
INFO: Run Behavior\BuildLiteBehavior [ RunTime:0.000000s ]
INFO: [ app_init ] --END-- [ RunTime:0.000000s ]
ERR: 无法加载模块:Api

[ 2015-09-02T15:18:49+08:00 ] ::1 /czcf/api/__PUBLIC__/js/jquery-2.1.4.min.js
INFO: [ app_init ] --START--
INFO: Run Behavior\BuildLiteBehavior [ RunTime:0.000000s ]
INFO: [ app_init ] --END-- [ RunTime:0.000000s ]
ERR: 无法加载模块:Api

[ 2015-09-02T15:18:50+08:00 ] ::1 /czcf/api/__PUBLIC__/js/jquery-2.1.4.min.js
INFO: [ app_init ] --START--
INFO: Run Behavior\BuildLiteBehavior [ RunTime:0.000000s ]
INFO: [ app_init ] --END-- [ RunTime:0.001000s ]
ERR: 无法加载模块:Api

[ 2015-09-02T15:19:11+08:00 ] ::1 /czcf/api/__PUBLIC__/js/jquery-2.1.4.min.js
INFO: [ app_init ] --START--
INFO: Run Behavior\BuildLiteBehavior [ RunTime:0.000000s ]
INFO: [ app_init ] --END-- [ RunTime:0.000000s ]
ERR: 无法加载模块:Api

[ 2015-09-02T15:45:15+08:00 ] ::1 /czcf/czcf/home/api/getPhoneVerify/smmkey/3eef0f2cb569f66b61248104de523c101a1e4361
INFO: [ app_init ] --START--
INFO: Run Behavior\BuildLiteBehavior [ RunTime:0.000000s ]
INFO: [ app_init ] --END-- [ RunTime:0.000000s ]
ERR: 无法加载模块:Czcf

[ 2015-09-02T15:46:28+08:00 ] ::1 /czcf/api/czcf/home/api/getPhoneVerify/smmkey/3eef0f2cb569f66b61248104de523c101a1e4361
INFO: [ app_init ] --START--
INFO: Run Behavior\BuildLiteBehavior [ RunTime:0.000000s ]
INFO: [ app_init ] --END-- [ RunTime:0.001000s ]
ERR: 无法加载模块:Api

