[ 2015-09-09T08:52:12+08:00 ] ::1 /
INFO: [ app_init ] --START--
INFO: Run Behavior\BuildLiteBehavior [ RunTime:0.000000s ]
INFO: [ app_init ] --END-- [ RunTime:0.000000s ]
INFO: [ app_begin ] --START--
INFO: Run Behavior\ReadHtmlCacheBehavior [ RunTime:0.000000s ]
INFO: [ app_begin ] --END-- [ RunTime:0.000000s ]
NOTIC: [2048] Declaration of Index\Controller\HomeController::display() should be compatible with Think\Controller::display($templateFile = '', $charset = '', $contentType = '', $content = '', $prefix = '') D:\phpStudy\WWW\app\Index\Controller\HomeController.class.php 第 8 行.
SQL: SHOW COLUMNS FROM `yyd_system` [ RunTime:0.0156s ]
SQL: SELECT * FROM `yyd_system`  [ RunTime:0.0000s ]
NOTIC: [8] Undefined index: con_cookie_status D:\phpStudy\WWW\app\Common\Controller\BaseController.class.php 第 23 行.
NOTIC: [8] Undefined index: session_id D:\phpStudy\WWW\app\Common\Common\function.php 第 519 行.
NOTIC: [8] Undefined index: time D:\phpStudy\WWW\app\Common\Common\function.php 第 520 行.
SQL: SHOW COLUMNS FROM `yyd_credit_class` [ RunTime:0.0156s ]
SQL: SELECT p1.* FROM yyd_credit_class p1 WHERE (   1=1  ) ORDER BY p1.id desc  [ RunTime:0.0000s ]
SQL: SHOW COLUMNS FROM `yyd_credit_rank` [ RunTime:0.0000s ]
SQL: SELECT p1.*,p2.nid as class_nid FROM yyd_credit_rank p1 LEFT JOIN `yyd_credit_class` as p2 on p1.class_id=p2.id  WHERE ( 1=1  ) ORDER BY p1.id desc  [ RunTime:0.0000s ]
SQL: SHOW COLUMNS FROM `yyd_linkages` [ RunTime:0.0156s ]
SQL: SELECT p1.*,p2.code,p2.name as type_name,p2.nid as type_nid FROM yyd_linkages p1 LEFT JOIN yyd_linkages_type as p2 on p1.type_id=p2.id  WHERE (  1=1  ) ORDER BY p1.order desc ,p1.id asc  [ RunTime:0.0000s ]
NOTIC: [8] Undefined index: excel D:\phpStudy\WWW\modules\areas.class.php 第 15 行.
SQL: SHOW COLUMNS FROM `yyd_areas` [ RunTime:0.0156s ]
SQL: SELECT * FROM `yyd_areas`  [ RunTime:0.0156s ]
NOTIC: [8] Uninitialized string offset: 0 D:\phpStudy\WWW\modules\areas.class.php 第 344 行.
NOTIC: [8] Uninitialized string offset: 0 D:\phpStudy\WWW\modules\areas.class.php 第 344 行.
NOTIC: [8] Uninitialized string offset: 0 D:\phpStudy\WWW\modules\areas.class.php 第 344 行.
SQL: SHOW COLUMNS FROM `yyd_borrow_tender` [ RunTime:0.0000s ]
SQL: SELECT p1.*,p2.borrow_period,p2.user_id as b_user_id,p2.name as borrow_name FROM yyd_borrow_tender p1 LEFT JOIN `yyd_borrow` as p2 on p2.borrow_nid =  p1.borrow_nid  WHERE ( p1.status=1 and p1.flow_status=0 and p1.flow_count >0 and p2.is_flow =1 )  [ RunTime:0.0156s ]
NOTIC: [2] Invalid argument supplied for foreach() D:\phpStudy\WWW\app\Common\Controller\BaseController.class.php 第 76 行.
SQL: update `yyd_borrow_repay` set repay_status=1 where repay_account=repay_account_yes and repay_account > 0  [ RunTime:0.0000s ]
NOTIC: [2048] Non-static method adminClass::GetSiteList() should not be called statically, assuming $this from incompatible context D:\phpStudy\WWW\app\Index\Controller\HomeController.class.php 第 14 行.
NOTIC: [8] Undefined index: pid D:\phpStudy\WWW\modules\admin.class.php 第 243 行.
NOTIC: [8] Undefined index: status D:\phpStudy\WWW\modules\admin.class.php 第 246 行.
SQL: SHOW COLUMNS FROM `yyd_site` [ RunTime:0.0000s ]
SQL: SELECT * FROM `yyd_site` WHERE ( 1=1  ) ORDER BY  `order` desc ,id asc   [ RunTime:0.0000s ]
NOTIC: [8] Uninitialized string offset: 0 D:\phpStudy\WWW\app\Index\Controller\HomeController.class.php 第 75 行.
NOTIC: [8] Uninitialized string offset: 1 D:\phpStudy\WWW\app\Index\Controller\HomeController.class.php 第 76 行.
NOTIC: [8] Undefined index: status D:\phpStudy\WWW\modules\links.class.php 第 8 行.
SQL: SHOW COLUMNS FROM `yyd_links` [ RunTime:0.0000s ]
SQL: SELECT p1.*,p2.typename,p3.fileurl FROM yyd_links p1 LEFT JOIN yyd_links_type as p2 on p1.type_id= p2.id LEFT JOIN yyd_users_upfiles as p3 on p1.logoimg= p3.id  WHERE (  1=1  and p1.type_id='44' ) LIMIT 20   [ RunTime:0.0000s ]
INFO: [ view_parse ] --START--
NOTIC: [8] Undefined variable: val D:\phpStudy\WWW\core\Library\Think\Template\TagLib\Cx.class.php 第 679 行.
NOTIC: [8] Undefined variable: val D:\phpStudy\WWW\core\Library\Think\Template\TagLib\Cx.class.php 第 679 行.
NOTIC: [8] Undefined variable: val D:\phpStudy\WWW\core\Library\Think\Template\TagLib\Cx.class.php 第 679 行.
NOTIC: [8] Undefined variable: _data D:\phpStudy\WWW\core\Library\Think\Template\TagLib\Cx.class.php 第 687 行.
NOTIC: [8] Undefined variable: data D:\phpStudy\WWW\core\Library\Think\Template\TagLib\Cx.class.php 第 690 行.
NOTIC: [8] Undefined variable: _data D:\phpStudy\WWW\core\Library\Think\Template\TagLib\Cx.class.php 第 687 行.
NOTIC: [8] Undefined variable: data D:\phpStudy\WWW\core\Library\Think\Template\TagLib\Cx.class.php 第 690 行.
NOTIC: [8] Undefined variable: val D:\phpStudy\WWW\core\Library\Think\Template\TagLib\Cx.class.php 第 679 行.
NOTIC: [8] Undefined variable: val D:\phpStudy\WWW\core\Library\Think\Template\TagLib\Cx.class.php 第 679 行.
NOTIC: [8] Undefined variable: val D:\phpStudy\WWW\core\Library\Think\Template\TagLib\Cx.class.php 第 679 行.
NOTIC: [8] Undefined variable: val D:\phpStudy\WWW\core\Library\Think\Template\TagLib\Cx.class.php 第 679 行.
NOTIC: [8] Undefined variable: val D:\phpStudy\WWW\core\Library\Think\Template\TagLib\Cx.class.php 第 679 行.
NOTIC: [8] Undefined variable: val D:\phpStudy\WWW\core\Library\Think\Template\TagLib\Cx.class.php 第 679 行.
NOTIC: [8] Undefined variable: val D:\phpStudy\WWW\core\Library\Think\Template\TagLib\Cx.class.php 第 679 行.
NOTIC: [8] Undefined variable: val D:\phpStudy\WWW\core\Library\Think\Template\TagLib\Cx.class.php 第 679 行.
NOTIC: [8] Undefined variable: val D:\phpStudy\WWW\core\Library\Think\Template\TagLib\Cx.class.php 第 679 行.
NOTIC: [8] Undefined variable: val D:\phpStudy\WWW\core\Library\Think\Template\TagLib\Cx.class.php 第 679 行.
NOTIC: [8] Undefined variable: val D:\phpStudy\WWW\core\Library\Think\Template\TagLib\Cx.class.php 第 679 行.
NOTIC: [8] Undefined variable: val D:\phpStudy\WWW\core\Library\Think\Template\TagLib\Cx.class.php 第 679 行.
NOTIC: [8] Undefined variable: val D:\phpStudy\WWW\core\Library\Think\Template\TagLib\Cx.class.php 第 679 行.
NOTIC: [8] Undefined variable: val D:\phpStudy\WWW\core\Library\Think\Template\TagLib\Cx.class.php 第 679 行.
INFO: [ template_filter ] --START--
INFO: Run Behavior\ContentReplaceBehavior [ RunTime:0.000000s ]
INFO: [ template_filter ] --END-- [ RunTime:0.000000s ]
NOTIC: [8] Use of undefined constant site_result - assumed 'site_result' D:\phpStudy\WWW\data\runtime\Cache\Index\e2dcf7c21a00101b61039579d430ae6d.php 第 74 行.
NOTIC: [8] Array to string conversion D:\phpStudy\WWW\data\runtime\Cache\Index\e2dcf7c21a00101b61039579d430ae6d.php 第 74 行.
NOTIC: [8] Use of undefined constant pid - assumed 'pid' D:\phpStudy\WWW\data\runtime\Cache\Index\e2dcf7c21a00101b61039579d430ae6d.php 第 74 行.
NOTIC: [8] Use of undefined constant site_result - assumed 'site_result' D:\phpStudy\WWW\data\runtime\Cache\Index\e2dcf7c21a00101b61039579d430ae6d.php 第 75 行.
NOTIC: [8] Array to string conversion D:\phpStudy\WWW\data\runtime\Cache\Index\e2dcf7c21a00101b61039579d430ae6d.php 第 75 行.
NOTIC: [8] Use of undefined constant pid - assumed 'pid' D:\phpStudy\WWW\data\runtime\Cache\Index\e2dcf7c21a00101b61039579d430ae6d.php 第 75 行.
NOTIC: [8] Use of undefined constant site_result - assumed 'site_result' D:\phpStudy\WWW\data\runtime\Cache\Index\e2dcf7c21a00101b61039579d430ae6d.php 第 76 行.
NOTIC: [8] Array to string conversion D:\phpStudy\WWW\data\runtime\Cache\Index\e2dcf7c21a00101b61039579d430ae6d.php 第 76 行.
NOTIC: [8] Use of undefined constant pid - assumed 'pid' D:\phpStudy\WWW\data\runtime\Cache\Index\e2dcf7c21a00101b61039579d430ae6d.php 第 76 行.
SQL: SHOW COLUMNS FROM `yyd_scrollpic` [ RunTime:0.0000s ]
SQL: SELECT p1.*,p2.typename FROM yyd_scrollpic p1 LEFT JOIN yyd_scrollpic_type as p2 on p1.type_id= p2.id  WHERE (  1=1  and p1.type_id=1
		 ) LIMIT 6   [ RunTime:0.0000s ]

[ 2015-09-09T08:52:31+08:00 ] ::1 /
INFO: [ app_init ] --START--
INFO: Run Behavior\BuildLiteBehavior [ RunTime:0.000000s ]
INFO: [ app_init ] --END-- [ RunTime:0.000000s ]
INFO: [ app_begin ] --START--
INFO: Run Behavior\ReadHtmlCacheBehavior [ RunTime:0.001000s ]
INFO: [ app_begin ] --END-- [ RunTime:0.001000s ]
NOTIC: [2048] Declaration of Index\Controller\HomeController::display() should be compatible with Think\Controller::display($templateFile = '', $charset = '', $contentType = '', $content = '', $prefix = '') D:\phpStudy\WWW\app\Index\Controller\HomeController.class.php 第 8 行.
SQL: SHOW COLUMNS FROM `yyd_system` [ RunTime:0.0070s ]
SQL: SELECT * FROM `yyd_system`  [ RunTime:0.0020s ]
NOTIC: [8] Undefined index: con_cookie_status D:\phpStudy\WWW\app\Common\Controller\BaseController.class.php 第 23 行.
NOTIC: [8] Undefined index: session_id D:\phpStudy\WWW\app\Common\Common\function.php 第 519 行.
NOTIC: [8] Undefined index: time D:\phpStudy\WWW\app\Common\Common\function.php 第 520 行.
SQL: SHOW COLUMNS FROM `yyd_credit_class` [ RunTime:0.0060s ]
SQL: SELECT p1.* FROM yyd_credit_class p1 WHERE (   1=1  ) ORDER BY p1.id desc  [ RunTime:0.0000s ]
SQL: SHOW COLUMNS FROM `yyd_credit_rank` [ RunTime:0.0060s ]
SQL: SELECT p1.*,p2.nid as class_nid FROM yyd_credit_rank p1 LEFT JOIN `yyd_credit_class` as p2 on p1.class_id=p2.id  WHERE ( 1=1  ) ORDER BY p1.id desc  [ RunTime:0.0010s ]
SQL: SHOW COLUMNS FROM `yyd_linkages` [ RunTime:0.0040s ]
SQL: SELECT p1.*,p2.code,p2.name as type_name,p2.nid as type_nid FROM yyd_linkages p1 LEFT JOIN yyd_linkages_type as p2 on p1.type_id=p2.id  WHERE (  1=1  ) ORDER BY p1.order desc ,p1.id asc  [ RunTime:0.0050s ]
NOTIC: [8] Undefined index: excel D:\phpStudy\WWW\modules\areas.class.php 第 15 行.
SQL: SHOW COLUMNS FROM `yyd_areas` [ RunTime:0.0040s ]
SQL: SELECT * FROM `yyd_areas`  [ RunTime:0.0100s ]
NOTIC: [8] Uninitialized string offset: 0 D:\phpStudy\WWW\modules\areas.class.php 第 344 行.
NOTIC: [8] Uninitialized string offset: 0 D:\phpStudy\WWW\modules\areas.class.php 第 344 行.
NOTIC: [8] Uninitialized string offset: 0 D:\phpStudy\WWW\modules\areas.class.php 第 344 行.
SQL: SHOW COLUMNS FROM `yyd_borrow_tender` [ RunTime:0.0030s ]
SQL: SELECT p1.*,p2.borrow_period,p2.user_id as b_user_id,p2.name as borrow_name FROM yyd_borrow_tender p1 LEFT JOIN `yyd_borrow` as p2 on p2.borrow_nid =  p1.borrow_nid  WHERE ( p1.status=1 and p1.flow_status=0 and p1.flow_count >0 and p2.is_flow =1 )  [ RunTime:0.0010s ]
NOTIC: [2] Invalid argument supplied for foreach() D:\phpStudy\WWW\app\Common\Controller\BaseController.class.php 第 76 行.
SQL: update `yyd_borrow_repay` set repay_status=1 where repay_account=repay_account_yes and repay_account > 0  [ RunTime:0.0000s ]
NOTIC: [2048] Non-static method adminClass::GetSiteList() should not be called statically, assuming $this from incompatible context D:\phpStudy\WWW\app\Index\Controller\HomeController.class.php 第 14 行.
NOTIC: [8] Undefined index: pid D:\phpStudy\WWW\modules\admin.class.php 第 243 行.
NOTIC: [8] Undefined index: status D:\phpStudy\WWW\modules\admin.class.php 第 246 行.
SQL: SHOW COLUMNS FROM `yyd_site` [ RunTime:0.0020s ]
SQL: SELECT * FROM `yyd_site` WHERE ( 1=1  ) ORDER BY  `order` desc ,id asc   [ RunTime:0.0010s ]
NOTIC: [8] Uninitialized string offset: 0 D:\phpStudy\WWW\app\Index\Controller\HomeController.class.php 第 75 行.
NOTIC: [8] Uninitialized string offset: 1 D:\phpStudy\WWW\app\Index\Controller\HomeController.class.php 第 76 行.
NOTIC: [8] Undefined index: status D:\phpStudy\WWW\modules\links.class.php 第 8 行.
SQL: SHOW COLUMNS FROM `yyd_links` [ RunTime:0.0020s ]
SQL: SELECT p1.*,p2.typename,p3.fileurl FROM yyd_links p1 LEFT JOIN yyd_links_type as p2 on p1.type_id= p2.id LEFT JOIN yyd_users_upfiles as p3 on p1.logoimg= p3.id  WHERE (  1=1  and p1.type_id='44' ) LIMIT 20   [ RunTime:0.0000s ]
INFO: [ view_parse ] --START--
NOTIC: [8] Undefined variable: val D:\phpStudy\WWW\core\Library\Think\Template\TagLib\Cx.class.php 第 679 行.
NOTIC: [8] Undefined variable: val D:\phpStudy\WWW\core\Library\Think\Template\TagLib\Cx.class.php 第 679 行.
NOTIC: [8] Undefined variable: val D:\phpStudy\WWW\core\Library\Think\Template\TagLib\Cx.class.php 第 679 行.
NOTIC: [8] Undefined variable: _data D:\phpStudy\WWW\core\Library\Think\Template\TagLib\Cx.class.php 第 687 行.
NOTIC: [8] Undefined variable: data D:\phpStudy\WWW\core\Library\Think\Template\TagLib\Cx.class.php 第 690 行.
NOTIC: [8] Undefined variable: _data D:\phpStudy\WWW\core\Library\Think\Template\TagLib\Cx.class.php 第 687 行.
NOTIC: [8] Undefined variable: data D:\phpStudy\WWW\core\Library\Think\Template\TagLib\Cx.class.php 第 690 行.
NOTIC: [8] Undefined variable: val D:\phpStudy\WWW\core\Library\Think\Template\TagLib\Cx.class.php 第 679 行.
NOTIC: [8] Undefined variable: val D:\phpStudy\WWW\core\Library\Think\Template\TagLib\Cx.class.php 第 679 行.
NOTIC: [8] Undefined variable: val D:\phpStudy\WWW\core\Library\Think\Template\TagLib\Cx.class.php 第 679 行.
NOTIC: [8] Undefined variable: val D:\phpStudy\WWW\core\Library\Think\Template\TagLib\Cx.class.php 第 679 行.
NOTIC: [8] Undefined variable: val D:\phpStudy\WWW\core\Library\Think\Template\TagLib\Cx.class.php 第 679 行.
NOTIC: [8] Undefined variable: val D:\phpStudy\WWW\core\Library\Think\Template\TagLib\Cx.class.php 第 679 行.
NOTIC: [8] Undefined variable: val D:\phpStudy\WWW\core\Library\Think\Template\TagLib\Cx.class.php 第 679 行.
NOTIC: [8] Undefined variable: val D:\phpStudy\WWW\core\Library\Think\Template\TagLib\Cx.class.php 第 679 行.
NOTIC: [8] Undefined variable: val D:\phpStudy\WWW\core\Library\Think\Template\TagLib\Cx.class.php 第 679 行.
NOTIC: [8] Undefined variable: val D:\phpStudy\WWW\core\Library\Think\Template\TagLib\Cx.class.php 第 679 行.
NOTIC: [8] Undefined variable: val D:\phpStudy\WWW\core\Library\Think\Template\TagLib\Cx.class.php 第 679 行.
NOTIC: [8] Undefined variable: val D:\phpStudy\WWW\core\Library\Think\Template\TagLib\Cx.class.php 第 679 行.
NOTIC: [8] Undefined variable: val D:\phpStudy\WWW\core\Library\Think\Template\TagLib\Cx.class.php 第 679 行.
NOTIC: [8] Undefined variable: val D:\phpStudy\WWW\core\Library\Think\Template\TagLib\Cx.class.php 第 679 行.
INFO: [ template_filter ] --START--
INFO: Run Behavior\ContentReplaceBehavior [ RunTime:0.000000s ]
INFO: [ template_filter ] --END-- [ RunTime:0.000000s ]
NOTIC: [8] Use of undefined constant site_result - assumed 'site_result' D:\phpStudy\WWW\data\runtime\Cache\Index\e2dcf7c21a00101b61039579d430ae6d.php 第 74 行.
NOTIC: [8] Array to string conversion D:\phpStudy\WWW\data\runtime\Cache\Index\e2dcf7c21a00101b61039579d430ae6d.php 第 74 行.
NOTIC: [8] Use of undefined constant pid - assumed 'pid' D:\phpStudy\WWW\data\runtime\Cache\Index\e2dcf7c21a00101b61039579d430ae6d.php 第 74 行.
NOTIC: [8] Use of undefined constant site_result - assumed 'site_result' D:\phpStudy\WWW\data\runtime\Cache\Index\e2dcf7c21a00101b61039579d430ae6d.php 第 75 行.
NOTIC: [8] Array to string conversion D:\phpStudy\WWW\data\runtime\Cache\Index\e2dcf7c21a00101b61039579d430ae6d.php 第 75 行.
NOTIC: [8] Use of undefined constant pid - assumed 'pid' D:\phpStudy\WWW\data\runtime\Cache\Index\e2dcf7c21a00101b61039579d430ae6d.php 第 75 行.
NOTIC: [8] Use of undefined constant site_result - assumed 'site_result' D:\phpStudy\WWW\data\runtime\Cache\Index\e2dcf7c21a00101b61039579d430ae6d.php 第 76 行.
NOTIC: [8] Array to string conversion D:\phpStudy\WWW\data\runtime\Cache\Index\e2dcf7c21a00101b61039579d430ae6d.php 第 76 行.
NOTIC: [8] Use of undefined constant pid - assumed 'pid' D:\phpStudy\WWW\data\runtime\Cache\Index\e2dcf7c21a00101b61039579d430ae6d.php 第 76 行.
SQL: SHOW COLUMNS FROM `yyd_scrollpic` [ RunTime:0.0020s ]
SQL: SELECT p1.*,p2.typename FROM yyd_scrollpic p1 LEFT JOIN yyd_scrollpic_type as p2 on p1.type_id= p2.id  WHERE (  1=1  and p1.type_id=1
		 ) LIMIT 6   [ RunTime:0.0000s ]

[ 2015-09-09T08:52:43+08:00 ] ::1 /index/index/reg.html
INFO: [ app_init ] --START--
INFO: Run Behavior\BuildLiteBehavior [ RunTime:0.000000s ]
INFO: [ app_init ] --END-- [ RunTime:0.000000s ]
INFO: [ app_begin ] --START--
INFO: Run Behavior\ReadHtmlCacheBehavior [ RunTime:0.000000s ]
INFO: [ app_begin ] --END-- [ RunTime:0.000000s ]
NOTIC: [2048] Declaration of Index\Controller\HomeController::display() should be compatible with Think\Controller::display($templateFile = '', $charset = '', $contentType = '', $content = '', $prefix = '') D:\phpStudy\WWW\app\Index\Controller\HomeController.class.php 第 8 行.
SQL: SHOW COLUMNS FROM `yyd_system` [ RunTime:0.0150s ]
SQL: SELECT * FROM `yyd_system`  [ RunTime:0.0030s ]
NOTIC: [8] Undefined index: con_cookie_status D:\phpStudy\WWW\app\Common\Controller\BaseController.class.php 第 23 行.
NOTIC: [8] Undefined index: session_id D:\phpStudy\WWW\app\Common\Common\function.php 第 519 行.
NOTIC: [8] Undefined index: time D:\phpStudy\WWW\app\Common\Common\function.php 第 520 行.
SQL: SHOW COLUMNS FROM `yyd_credit_class` [ RunTime:0.0030s ]
SQL: SELECT p1.* FROM yyd_credit_class p1 WHERE (   1=1  ) ORDER BY p1.id desc  [ RunTime:0.0000s ]
SQL: SHOW COLUMNS FROM `yyd_credit_rank` [ RunTime:0.0040s ]
SQL: SELECT p1.*,p2.nid as class_nid FROM yyd_credit_rank p1 LEFT JOIN `yyd_credit_class` as p2 on p1.class_id=p2.id  WHERE ( 1=1  ) ORDER BY p1.id desc  [ RunTime:0.0010s ]
SQL: SHOW COLUMNS FROM `yyd_linkages` [ RunTime:0.0050s ]
SQL: SELECT p1.*,p2.code,p2.name as type_name,p2.nid as type_nid FROM yyd_linkages p1 LEFT JOIN yyd_linkages_type as p2 on p1.type_id=p2.id  WHERE (  1=1  ) ORDER BY p1.order desc ,p1.id asc  [ RunTime:0.0040s ]
NOTIC: [8] Undefined index: excel D:\phpStudy\WWW\modules\areas.class.php 第 15 行.
SQL: SHOW COLUMNS FROM `yyd_areas` [ RunTime:0.0050s ]
SQL: SELECT * FROM `yyd_areas`  [ RunTime:0.0080s ]
NOTIC: [8] Uninitialized string offset: 0 D:\phpStudy\WWW\modules\areas.class.php 第 344 行.
NOTIC: [8] Uninitialized string offset: 0 D:\phpStudy\WWW\modules\areas.class.php 第 344 行.
NOTIC: [8] Uninitialized string offset: 0 D:\phpStudy\WWW\modules\areas.class.php 第 344 行.
SQL: SHOW COLUMNS FROM `yyd_borrow_tender` [ RunTime:0.0760s ]
SQL: SELECT p1.*,p2.borrow_period,p2.user_id as b_user_id,p2.name as borrow_name FROM yyd_borrow_tender p1 LEFT JOIN `yyd_borrow` as p2 on p2.borrow_nid =  p1.borrow_nid  WHERE ( p1.status=1 and p1.flow_status=0 and p1.flow_count >0 and p2.is_flow =1 )  [ RunTime:0.0010s ]
NOTIC: [2] Invalid argument supplied for foreach() D:\phpStudy\WWW\app\Common\Controller\BaseController.class.php 第 76 行.
SQL: update `yyd_borrow_repay` set repay_status=1 where repay_account=repay_account_yes and repay_account > 0  [ RunTime:0.0000s ]
NOTIC: [2048] Non-static method adminClass::GetSiteList() should not be called statically, assuming $this from incompatible context D:\phpStudy\WWW\app\Index\Controller\HomeController.class.php 第 14 行.
NOTIC: [8] Undefined index: pid D:\phpStudy\WWW\modules\admin.class.php 第 243 行.
NOTIC: [8] Undefined index: status D:\phpStudy\WWW\modules\admin.class.php 第 246 行.
SQL: SHOW COLUMNS FROM `yyd_site` [ RunTime:0.0030s ]
SQL: SELECT * FROM `yyd_site` WHERE ( 1=1  ) ORDER BY  `order` desc ,id asc   [ RunTime:0.0000s ]
NOTIC: [8] Undefined index: type D:\phpStudy\WWW\app\Index\Controller\IndexController.class.php 第 212 行.
NOTIC: [8] Uninitialized string offset: 0 D:\phpStudy\WWW\app\Index\Controller\HomeController.class.php 第 75 行.
NOTIC: [8] Uninitialized string offset: 1 D:\phpStudy\WWW\app\Index\Controller\HomeController.class.php 第 76 行.
NOTIC: [8] Undefined index: status D:\phpStudy\WWW\modules\links.class.php 第 8 行.
SQL: SHOW COLUMNS FROM `yyd_links` [ RunTime:0.0030s ]
SQL: SELECT p1.*,p2.typename,p3.fileurl FROM yyd_links p1 LEFT JOIN yyd_links_type as p2 on p1.type_id= p2.id LEFT JOIN yyd_users_upfiles as p3 on p1.logoimg= p3.id  WHERE (  1=1  and p1.type_id='44' ) LIMIT 20   [ RunTime:0.0010s ]
INFO: [ view_parse ] --START--
INFO: [ template_filter ] --START--
INFO: Run Behavior\ContentReplaceBehavior [ RunTime:0.000000s ]
INFO: [ template_filter ] --END-- [ RunTime:0.000000s ]
NOTIC: [8] Undefined index: articles D:\phpStudy\WWW\data\runtime\Cache\Index\a870db4173c077850cdf51e1d9902ae9.php 第 5 行.
NOTIC: [8] Undefined index: articles D:\phpStudy\WWW\data\runtime\Cache\Index\a870db4173c077850cdf51e1d9902ae9.php 第 5 行.
NOTIC: [8] Undefined index: articles D:\phpStudy\WWW\data\runtime\Cache\Index\a870db4173c077850cdf51e1d9902ae9.php 第 7 行.
NOTIC: [8] Use of undefined constant site_result - assumed 'site_result' D:\phpStudy\WWW\data\runtime\Cache\Index\a870db4173c077850cdf51e1d9902ae9.php 第 85 行.
NOTIC: [8] Array to string conversion D:\phpStudy\WWW\data\runtime\Cache\Index\a870db4173c077850cdf51e1d9902ae9.php 第 85 行.
NOTIC: [8] Use of undefined constant pid - assumed 'pid' D:\phpStudy\WWW\data\runtime\Cache\Index\a870db4173c077850cdf51e1d9902ae9.php 第 85 行.
NOTIC: [8] Use of undefined constant site_result - assumed 'site_result' D:\phpStudy\WWW\data\runtime\Cache\Index\a870db4173c077850cdf51e1d9902ae9.php 第 86 行.
NOTIC: [8] Array to string conversion D:\phpStudy\WWW\data\runtime\Cache\Index\a870db4173c077850cdf51e1d9902ae9.php 第 86 行.
NOTIC: [8] Use of undefined constant pid - assumed 'pid' D:\phpStudy\WWW\data\runtime\Cache\Index\a870db4173c077850cdf51e1d9902ae9.php 第 86 行.
NOTIC: [8] Use of undefined constant site_result - assumed 'site_result' D:\phpStudy\WWW\data\runtime\Cache\Index\a870db4173c077850cdf51e1d9902ae9.php 第 87 行.
NOTIC: [8] Array to string conversion D:\phpStudy\WWW\data\runtime\Cache\Index\a870db4173c077850cdf51e1d9902ae9.php 第 87 行.
NOTIC: [8] Use of undefined constant pid - assumed 'pid' D:\phpStudy\WWW\data\runtime\Cache\Index\a870db4173c077850cdf51e1d9902ae9.php 第 87 行.
NOTIC: [8] Undefined index: type D:\phpStudy\WWW\data\runtime\Cache\Index\a870db4173c077850cdf51e1d9902ae9.php 第 148 行.
NOTIC: [8] Undefined index: reginvite_code D:\phpStudy\WWW\data\runtime\Cache\Index\a870db4173c077850cdf51e1d9902ae9.php 第 261 行.
NOTIC: [8] Undefined variable: reginvite_user_id D:\phpStudy\WWW\data\runtime\Cache\Index\a870db4173c077850cdf51e1d9902ae9.php 第 288 行.
INFO: Run Behavior\ParseTemplateBehavior [ RunTime:0.021002s ]
INFO: [ view_parse ] --END-- [ RunTime:0.021002s ]
INFO: [ view_filter ] --START--
INFO: Run Behavior\WriteHtmlCacheBehavior [ RunTime:0.000000s ]
INFO: [ view_filter ] --END-- [ RunTime:0.000000s ]
INFO: [ app_end ] --START--
INFO: Run Behavior\ShowPageTraceBehavior [ RunTime:0.001000s ]
INFO: [ app_end ] --END-- [ RunTime:0.001000s ]

[ 2015-09-09T08:52:45+08:00 ] ::1 /Index/Index/verify.html
INFO: [ app_init ] --START--
INFO: Run Behavior\BuildLiteBehavior [ RunTime:0.000000s ]
INFO: [ app_init ] --END-- [ RunTime:0.001000s ]
INFO: [ app_begin ] --START--
INFO: Run Behavior\ReadHtmlCacheBehavior [ RunTime:0.001000s ]
INFO: [ app_begin ] --END-- [ RunTime:0.001000s ]
NOTIC: [2048] Declaration of Index\Controller\HomeController::display() should be compatible with Think\Controller::display($templateFile = '', $charset = '', $contentType = '', $content = '', $prefix = '') D:\phpStudy\WWW\app\Index\Controller\HomeController.class.php 第 8 行.
SQL: SHOW COLUMNS FROM `yyd_system` [ RunTime:0.0020s ]
SQL: SELECT * FROM `yyd_system`  [ RunTime:0.0000s ]
NOTIC: [8] Undefined index: con_cookie_status D:\phpStudy\WWW\app\Common\Controller\BaseController.class.php 第 23 行.
NOTIC: [8] Undefined index: session_id D:\phpStudy\WWW\app\Common\Common\function.php 第 519 行.
NOTIC: [8] Undefined index: time D:\phpStudy\WWW\app\Common\Common\function.php 第 520 行.
SQL: SHOW COLUMNS FROM `yyd_credit_class` [ RunTime:0.0020s ]
SQL: SELECT p1.* FROM yyd_credit_class p1 WHERE (   1=1  ) ORDER BY p1.id desc  [ RunTime:0.0010s ]
SQL: SHOW COLUMNS FROM `yyd_credit_rank` [ RunTime:0.0020s ]
SQL: SELECT p1.*,p2.nid as class_nid FROM yyd_credit_rank p1 LEFT JOIN `yyd_credit_class` as p2 on p1.class_id=p2.id  WHERE ( 1=1  ) ORDER BY p1.id desc  [ RunTime:0.0010s ]
SQL: SHOW COLUMNS FROM `yyd_linkages` [ RunTime:0.0020s ]
SQL: SELECT p1.*,p2.code,p2.name as type_name,p2.nid as type_nid FROM yyd_linkages p1 LEFT JOIN yyd_linkages_type as p2 on p1.type_id=p2.id  WHERE (  1=1  ) ORDER BY p1.order desc ,p1.id asc  [ RunTime:0.0020s ]
NOTIC: [8] Undefined index: excel D:\phpStudy\WWW\modules\areas.class.php 第 15 行.
SQL: SHOW COLUMNS FROM `yyd_areas` [ RunTime:0.0030s ]
SQL: SELECT * FROM `yyd_areas`  [ RunTime:0.0080s ]
NOTIC: [8] Uninitialized string offset: 0 D:\phpStudy\WWW\modules\areas.class.php 第 344 行.
NOTIC: [8] Uninitialized string offset: 0 D:\phpStudy\WWW\modules\areas.class.php 第 344 行.
NOTIC: [8] Uninitialized string offset: 0 D:\phpStudy\WWW\modules\areas.class.php 第 344 行.
SQL: SHOW COLUMNS FROM `yyd_borrow_tender` [ RunTime:0.0030s ]
SQL: SELECT p1.*,p2.borrow_period,p2.user_id as b_user_id,p2.name as borrow_name FROM yyd_borrow_tender p1 LEFT JOIN `yyd_borrow` as p2 on p2.borrow_nid =  p1.borrow_nid  WHERE ( p1.status=1 and p1.flow_status=0 and p1.flow_count >0 and p2.is_flow =1 )  [ RunTime:0.0000s ]
NOTIC: [2] Invalid argument supplied for foreach() D:\phpStudy\WWW\app\Common\Controller\BaseController.class.php 第 76 行.
SQL: update `yyd_borrow_repay` set repay_status=1 where repay_account=repay_account_yes and repay_account > 0  [ RunTime:0.0010s ]
NOTIC: [2048] Non-static method adminClass::GetSiteList() should not be called statically, assuming $this from incompatible context D:\phpStudy\WWW\app\Index\Controller\HomeController.class.php 第 14 行.
NOTIC: [8] Undefined index: pid D:\phpStudy\WWW\modules\admin.class.php 第 243 行.
NOTIC: [8] Undefined index: status D:\phpStudy\WWW\modules\admin.class.php 第 246 行.
SQL: SHOW COLUMNS FROM `yyd_site` [ RunTime:0.0040s ]
SQL: SELECT * FROM `yyd_site` WHERE ( 1=1  ) ORDER BY  `order` desc ,id asc   [ RunTime:0.0010s ]
INFO: [ app_end ] --START--
INFO: Run Behavior\ShowPageTraceBehavior [ RunTime:0.000000s ]
INFO: [ app_end ] --END-- [ RunTime:0.000000s ]

[ 2015-09-09T08:53:00+08:00 ] ::1 /index.html
INFO: [ app_init ] --START--
INFO: Run Behavior\BuildLiteBehavior [ RunTime:0.000000s ]
INFO: [ app_init ] --END-- [ RunTime:0.000000s ]
INFO: [ app_begin ] --START--
INFO: Run Behavior\ReadHtmlCacheBehavior [ RunTime:0.000000s ]
INFO: [ app_begin ] --END-- [ RunTime:0.000000s ]
NOTIC: [2048] Declaration of Index\Controller\HomeController::display() should be compatible with Think\Controller::display($templateFile = '', $charset = '', $contentType = '', $content = '', $prefix = '') D:\phpStudy\WWW\app\Index\Controller\HomeController.class.php 第 8 行.
SQL: SHOW COLUMNS FROM `yyd_system` [ RunTime:0.0100s ]
SQL: SELECT * FROM `yyd_system`  [ RunTime:0.0020s ]
NOTIC: [8] Undefined index: con_cookie_status D:\phpStudy\WWW\app\Common\Controller\BaseController.class.php 第 23 行.
NOTIC: [8] Undefined index: session_id D:\phpStudy\WWW\app\Common\Common\function.php 第 519 行.
NOTIC: [8] Undefined index: time D:\phpStudy\WWW\app\Common\Common\function.php 第 520 行.
SQL: SHOW COLUMNS FROM `yyd_credit_class` [ RunTime:0.0060s ]
SQL: SELECT p1.* FROM yyd_credit_class p1 WHERE (   1=1  ) ORDER BY p1.id desc  [ RunTime:0.0010s ]
SQL: SHOW COLUMNS FROM `yyd_credit_rank` [ RunTime:0.0070s ]
SQL: SELECT p1.*,p2.nid as class_nid FROM yyd_credit_rank p1 LEFT JOIN `yyd_credit_class` as p2 on p1.class_id=p2.id  WHERE ( 1=1  ) ORDER BY p1.id desc  [ RunTime:0.0020s ]
SQL: SHOW COLUMNS FROM `yyd_linkages` [ RunTime:0.0060s ]
SQL: SELECT p1.*,p2.code,p2.name as type_name,p2.nid as type_nid FROM yyd_linkages p1 LEFT JOIN yyd_linkages_type as p2 on p1.type_id=p2.id  WHERE (  1=1  ) ORDER BY p1.order desc ,p1.id asc  [ RunTime:0.0040s ]
NOTIC: [8] Undefined index: excel D:\phpStudy\WWW\modules\areas.class.php 第 15 行.
SQL: SHOW COLUMNS FROM `yyd_areas` [ RunTime:0.0040s ]
SQL: SELECT * FROM `yyd_areas`  [ RunTime:0.0090s ]
NOTIC: [8] Uninitialized string offset: 0 D:\phpStudy\WWW\modules\areas.class.php 第 344 行.
NOTIC: [8] Uninitialized string offset: 0 D:\phpStudy\WWW\modules\areas.class.php 第 344 行.
NOTIC: [8] Uninitialized string offset: 0 D:\phpStudy\WWW\modules\areas.class.php 第 344 行.
SQL: SHOW COLUMNS FROM `yyd_borrow_tender` [ RunTime:0.0030s ]
SQL: SELECT p1.*,p2.borrow_period,p2.user_id as b_user_id,p2.name as borrow_name FROM yyd_borrow_tender p1 LEFT JOIN `yyd_borrow` as p2 on p2.borrow_nid =  p1.borrow_nid  WHERE ( p1.status=1 and p1.flow_status=0 and p1.flow_count >0 and p2.is_flow =1 )  [ RunTime:0.0000s ]
NOTIC: [2] Invalid argument supplied for foreach() D:\phpStudy\WWW\app\Common\Controller\BaseController.class.php 第 76 行.
SQL: update `yyd_borrow_repay` set repay_status=1 where repay_account=repay_account_yes and repay_account > 0  [ RunTime:0.0010s ]
NOTIC: [2048] Non-static method adminClass::GetSiteList() should not be called statically, assuming $this from incompatible context D:\phpStudy\WWW\app\Index\Controller\HomeController.class.php 第 14 行.
NOTIC: [8] Undefined index: pid D:\phpStudy\WWW\modules\admin.class.php 第 243 行.
NOTIC: [8] Undefined index: status D:\phpStudy\WWW\modules\admin.class.php 第 246 行.
SQL: SHOW COLUMNS FROM `yyd_site` [ RunTime:0.0020s ]
SQL: SELECT * FROM `yyd_site` WHERE ( 1=1  ) ORDER BY  `order` desc ,id asc   [ RunTime:0.0000s ]
NOTIC: [8] Uninitialized string offset: 0 D:\phpStudy\WWW\app\Index\Controller\HomeController.class.php 第 75 行.
NOTIC: [8] Uninitialized string offset: 1 D:\phpStudy\WWW\app\Index\Controller\HomeController.class.php 第 76 行.
NOTIC: [8] Undefined index: status D:\phpStudy\WWW\modules\links.class.php 第 8 行.
SQL: SHOW COLUMNS FROM `yyd_links` [ RunTime:0.0030s ]
SQL: SELECT p1.*,p2.typename,p3.fileurl FROM yyd_links p1 LEFT JOIN yyd_links_type as p2 on p1.type_id= p2.id LEFT JOIN yyd_users_upfiles as p3 on p1.logoimg= p3.id  WHERE (  1=1  and p1.type_id='44' ) LIMIT 20   [ RunTime:0.0000s ]
INFO: [ view_parse ] --START--
NOTIC: [8] Undefined variable: val D:\phpStudy\WWW\core\Library\Think\Template\TagLib\Cx.class.php 第 679 行.
NOTIC: [8] Undefined variable: val D:\phpStudy\WWW\core\Library\Think\Template\TagLib\Cx.class.php 第 679 行.
NOTIC: [8] Undefined variable: val D:\phpStudy\WWW\core\Library\Think\Template\TagLib\Cx.class.php 第 679 行.
NOTIC: [8] Undefined variable: _data D:\phpStudy\WWW\core\Library\Think\Template\TagLib\Cx.class.php 第 687 行.
NOTIC: [8] Undefined variable: data D:\phpStudy\WWW\core\Library\Think\Template\TagLib\Cx.class.php 第 690 行.
NOTIC: [8] Undefined variable: _data D:\phpStudy\WWW\core\Library\Think\Template\TagLib\Cx.class.php 第 687 行.
NOTIC: [8] Undefined variable: data D:\phpStudy\WWW\core\Library\Think\Template\TagLib\Cx.class.php 第 690 行.
NOTIC: [8] Undefined variable: val D:\phpStudy\WWW\core\Library\Think\Template\TagLib\Cx.class.php 第 679 行.
NOTIC: [8] Undefined variable: val D:\phpStudy\WWW\core\Library\Think\Template\TagLib\Cx.class.php 第 679 行.
NOTIC: [8] Undefined variable: val D:\phpStudy\WWW\core\Library\Think\Template\TagLib\Cx.class.php 第 679 行.
NOTIC: [8] Undefined variable: val D:\phpStudy\WWW\core\Library\Think\Template\TagLib\Cx.class.php 第 679 行.
NOTIC: [8] Undefined variable: val D:\phpStudy\WWW\core\Library\Think\Template\TagLib\Cx.class.php 第 679 行.
NOTIC: [8] Undefined variable: val D:\phpStudy\WWW\core\Library\Think\Template\TagLib\Cx.class.php 第 679 行.
NOTIC: [8] Undefined variable: val D:\phpStudy\WWW\core\Library\Think\Template\TagLib\Cx.class.php 第 679 行.
NOTIC: [8] Undefined variable: val D:\phpStudy\WWW\core\Library\Think\Template\TagLib\Cx.class.php 第 679 行.
NOTIC: [8] Undefined variable: val D:\phpStudy\WWW\core\Library\Think\Template\TagLib\Cx.class.php 第 679 行.
NOTIC: [8] Undefined variable: val D:\phpStudy\WWW\core\Library\Think\Template\TagLib\Cx.class.php 第 679 行.
NOTIC: [8] Undefined variable: val D:\phpStudy\WWW\core\Library\Think\Template\TagLib\Cx.class.php 第 679 行.
NOTIC: [8] Undefined variable: val D:\phpStudy\WWW\core\Library\Think\Template\TagLib\Cx.class.php 第 679 行.
NOTIC: [8] Undefined variable: val D:\phpStudy\WWW\core\Library\Think\Template\TagLib\Cx.class.php 第 679 行.
NOTIC: [8] Undefined variable: val D:\phpStudy\WWW\core\Library\Think\Template\TagLib\Cx.class.php 第 679 行.
INFO: [ template_filter ] --START--
INFO: Run Behavior\ContentReplaceBehavior [ RunTime:0.000000s ]
INFO: [ template_filter ] --END-- [ RunTime:0.000000s ]
NOTIC: [8] Use of undefined constant site_result - assumed 'site_result' D:\phpStudy\WWW\data\runtime\Cache\Index\e2dcf7c21a00101b61039579d430ae6d.php 第 74 行.
NOTIC: [8] Array to string conversion D:\phpStudy\WWW\data\runtime\Cache\Index\e2dcf7c21a00101b61039579d430ae6d.php 第 74 行.
NOTIC: [8] Use of undefined constant pid - assumed 'pid' D:\phpStudy\WWW\data\runtime\Cache\Index\e2dcf7c21a00101b61039579d430ae6d.php 第 74 行.
NOTIC: [8] Use of undefined constant site_result - assumed 'site_result' D:\phpStudy\WWW\data\runtime\Cache\Index\e2dcf7c21a00101b61039579d430ae6d.php 第 75 行.
NOTIC: [8] Array to string conversion D:\phpStudy\WWW\data\runtime\Cache\Index\e2dcf7c21a00101b61039579d430ae6d.php 第 75 行.
NOTIC: [8] Use of undefined constant pid - assumed 'pid' D:\phpStudy\WWW\data\runtime\Cache\Index\e2dcf7c21a00101b61039579d430ae6d.php 第 75 行.
NOTIC: [8] Use of undefined constant site_result - assumed 'site_result' D:\phpStudy\WWW\data\runtime\Cache\Index\e2dcf7c21a00101b61039579d430ae6d.php 第 76 行.
NOTIC: [8] Array to string conversion D:\phpStudy\WWW\data\runtime\Cache\Index\e2dcf7c21a00101b61039579d430ae6d.php 第 76 行.
NOTIC: [8] Use of undefined constant pid - assumed 'pid' D:\phpStudy\WWW\data\runtime\Cache\Index\e2dcf7c21a00101b61039579d430ae6d.php 第 76 行.
SQL: SHOW COLUMNS FROM `yyd_scrollpic` [ RunTime:0.0020s ]
SQL: SELECT p1.*,p2.typename FROM yyd_scrollpic p1 LEFT JOIN yyd_scrollpic_type as p2 on p1.type_id= p2.id  WHERE (  1=1  and p1.type_id=1
		 ) LIMIT 6   [ RunTime:0.0000s ]

[ 2015-09-09T10:40:41+08:00 ] ::1 /
INFO: [ app_init ] --START--
INFO: Run Behavior\BuildLiteBehavior [ RunTime:0.000000s ]
INFO: [ app_init ] --END-- [ RunTime:0.000000s ]
INFO: [ app_begin ] --START--
INFO: Run Behavior\ReadHtmlCacheBehavior [ RunTime:0.000000s ]
INFO: [ app_begin ] --END-- [ RunTime:0.000000s ]
NOTIC: [2048] Declaration of Index\Controller\HomeController::display() should be compatible with Think\Controller::display($templateFile = '', $charset = '', $contentType = '', $content = '', $prefix = '') D:\phpStudy\WWW\app\Index\Controller\HomeController.class.php 第 8 行.
SQL: SHOW COLUMNS FROM `yyd_system` [ RunTime:0.0030s ]
SQL: SELECT * FROM `yyd_system`  [ RunTime:0.0000s ]
NOTIC: [8] Undefined index: con_cookie_status D:\phpStudy\WWW\app\Common\Controller\BaseController.class.php 第 23 行.
NOTIC: [8] Undefined index: session_id D:\phpStudy\WWW\app\Common\Common\function.php 第 519 行.
NOTIC: [8] Undefined index: time D:\phpStudy\WWW\app\Common\Common\function.php 第 520 行.
SQL: SHOW COLUMNS FROM `yyd_credit_class` [ RunTime:0.0030s ]
SQL: SELECT p1.* FROM yyd_credit_class p1 WHERE (   1=1  ) ORDER BY p1.id desc  [ RunTime:0.0000s ]
SQL: SHOW COLUMNS FROM `yyd_credit_rank` [ RunTime:0.0030s ]
SQL: SELECT p1.*,p2.nid as class_nid FROM yyd_credit_rank p1 LEFT JOIN `yyd_credit_class` as p2 on p1.class_id=p2.id  WHERE ( 1=1  ) ORDER BY p1.id desc  [ RunTime:0.0000s ]
SQL: SHOW COLUMNS FROM `yyd_linkages` [ RunTime:0.0030s ]
SQL: SELECT p1.*,p2.code,p2.name as type_name,p2.nid as type_nid FROM yyd_linkages p1 LEFT JOIN yyd_linkages_type as p2 on p1.type_id=p2.id  WHERE (  1=1  ) ORDER BY p1.order desc ,p1.id asc  [ RunTime:0.0030s ]
NOTIC: [8] Undefined index: excel D:\phpStudy\WWW\modules\areas.class.php 第 15 行.
SQL: SHOW COLUMNS FROM `yyd_areas` [ RunTime:0.0030s ]
SQL: SELECT * FROM `yyd_areas`  [ RunTime:0.0070s ]
NOTIC: [8] Uninitialized string offset: 0 D:\phpStudy\WWW\modules\areas.class.php 第 344 行.
NOTIC: [8] Uninitialized string offset: 0 D:\phpStudy\WWW\modules\areas.class.php 第 344 行.
NOTIC: [8] Uninitialized string offset: 0 D:\phpStudy\WWW\modules\areas.class.php 第 344 行.
SQL: SHOW COLUMNS FROM `yyd_borrow_tender` [ RunTime:0.0030s ]
SQL: SELECT p1.*,p2.borrow_period,p2.user_id as b_user_id,p2.name as borrow_name FROM yyd_borrow_tender p1 LEFT JOIN `yyd_borrow` as p2 on p2.borrow_nid =  p1.borrow_nid  WHERE ( p1.status=1 and p1.flow_status=0 and p1.flow_count >0 and p2.is_flow =1 )  [ RunTime:0.0000s ]
NOTIC: [2] Invalid argument supplied for foreach() D:\phpStudy\WWW\app\Common\Controller\BaseController.class.php 第 76 行.
SQL: update `yyd_borrow_repay` set repay_status=1 where repay_account=repay_account_yes and repay_account > 0  [ RunTime:0.0010s ]
NOTIC: [2048] Non-static method adminClass::GetSiteList() should not be called statically, assuming $this from incompatible context D:\phpStudy\WWW\app\Index\Controller\HomeController.class.php 第 14 行.
NOTIC: [8] Undefined index: pid D:\phpStudy\WWW\modules\admin.class.php 第 243 行.
NOTIC: [8] Undefined index: status D:\phpStudy\WWW\modules\admin.class.php 第 246 行.
SQL: SHOW COLUMNS FROM `yyd_site` [ RunTime:0.0030s ]
SQL: SELECT * FROM `yyd_site` WHERE ( 1=1  ) ORDER BY  `order` desc ,id asc   [ RunTime:0.0010s ]
NOTIC: [8] Uninitialized string offset: 0 D:\phpStudy\WWW\app\Index\Controller\HomeController.class.php 第 75 行.
NOTIC: [8] Uninitialized string offset: 1 D:\phpStudy\WWW\app\Index\Controller\HomeController.class.php 第 76 行.
NOTIC: [8] Undefined index: status D:\phpStudy\WWW\modules\links.class.php 第 8 行.
SQL: SHOW COLUMNS FROM `yyd_links` [ RunTime:0.0020s ]
SQL: SELECT p1.*,p2.typename,p3.fileurl FROM yyd_links p1 LEFT JOIN yyd_links_type as p2 on p1.type_id= p2.id LEFT JOIN yyd_users_upfiles as p3 on p1.logoimg= p3.id  WHERE (  1=1  and p1.type_id='44' ) LIMIT 20   [ RunTime:0.0000s ]
INFO: [ view_parse ] --START--
NOTIC: [8] Undefined variable: val D:\phpStudy\WWW\core\Library\Think\Template\TagLib\Cx.class.php 第 679 行.
NOTIC: [8] Undefined variable: val D:\phpStudy\WWW\core\Library\Think\Template\TagLib\Cx.class.php 第 679 行.
NOTIC: [8] Undefined variable: val D:\phpStudy\WWW\core\Library\Think\Template\TagLib\Cx.class.php 第 679 行.
NOTIC: [8] Undefined variable: _data D:\phpStudy\WWW\core\Library\Think\Template\TagLib\Cx.class.php 第 687 行.
NOTIC: [8] Undefined variable: data D:\phpStudy\WWW\core\Library\Think\Template\TagLib\Cx.class.php 第 690 行.
NOTIC: [8] Undefined variable: _data D:\phpStudy\WWW\core\Library\Think\Template\TagLib\Cx.class.php 第 687 行.
NOTIC: [8] Undefined variable: data D:\phpStudy\WWW\core\Library\Think\Template\TagLib\Cx.class.php 第 690 行.
NOTIC: [8] Undefined variable: val D:\phpStudy\WWW\core\Library\Think\Template\TagLib\Cx.class.php 第 679 行.
NOTIC: [8] Undefined variable: val D:\phpStudy\WWW\core\Library\Think\Template\TagLib\Cx.class.php 第 679 行.
NOTIC: [8] Undefined variable: val D:\phpStudy\WWW\core\Library\Think\Template\TagLib\Cx.class.php 第 679 行.
NOTIC: [8] Undefined variable: val D:\phpStudy\WWW\core\Library\Think\Template\TagLib\Cx.class.php 第 679 行.
NOTIC: [8] Undefined variable: val D:\phpStudy\WWW\core\Library\Think\Template\TagLib\Cx.class.php 第 679 行.
NOTIC: [8] Undefined variable: val D:\phpStudy\WWW\core\Library\Think\Template\TagLib\Cx.class.php 第 679 行.
NOTIC: [8] Undefined variable: val D:\phpStudy\WWW\core\Library\Think\Template\TagLib\Cx.class.php 第 679 行.
NOTIC: [8] Undefined variable: val D:\phpStudy\WWW\core\Library\Think\Template\TagLib\Cx.class.php 第 679 行.
NOTIC: [8] Undefined variable: val D:\phpStudy\WWW\core\Library\Think\Template\TagLib\Cx.class.php 第 679 行.
NOTIC: [8] Undefined variable: val D:\phpStudy\WWW\core\Library\Think\Template\TagLib\Cx.class.php 第 679 行.
NOTIC: [8] Undefined variable: val D:\phpStudy\WWW\core\Library\Think\Template\TagLib\Cx.class.php 第 679 行.
NOTIC: [8] Undefined variable: val D:\phpStudy\WWW\core\Library\Think\Template\TagLib\Cx.class.php 第 679 行.
NOTIC: [8] Undefined variable: val D:\phpStudy\WWW\core\Library\Think\Template\TagLib\Cx.class.php 第 679 行.
NOTIC: [8] Undefined variable: val D:\phpStudy\WWW\core\Library\Think\Template\TagLib\Cx.class.php 第 679 行.
INFO: [ template_filter ] --START--
INFO: Run Behavior\ContentReplaceBehavior [ RunTime:0.000000s ]
INFO: [ template_filter ] --END-- [ RunTime:0.000000s ]
NOTIC: [8] Use of undefined constant site_result - assumed 'site_result' D:\phpStudy\WWW\data\runtime\Cache\Index\e2dcf7c21a00101b61039579d430ae6d.php 第 74 行.
NOTIC: [8] Array to string conversion D:\phpStudy\WWW\data\runtime\Cache\Index\e2dcf7c21a00101b61039579d430ae6d.php 第 74 行.
NOTIC: [8] Use of undefined constant pid - assumed 'pid' D:\phpStudy\WWW\data\runtime\Cache\Index\e2dcf7c21a00101b61039579d430ae6d.php 第 74 行.
NOTIC: [8] Use of undefined constant site_result - assumed 'site_result' D:\phpStudy\WWW\data\runtime\Cache\Index\e2dcf7c21a00101b61039579d430ae6d.php 第 75 行.
NOTIC: [8] Array to string conversion D:\phpStudy\WWW\data\runtime\Cache\Index\e2dcf7c21a00101b61039579d430ae6d.php 第 75 行.
NOTIC: [8] Use of undefined constant pid - assumed 'pid' D:\phpStudy\WWW\data\runtime\Cache\Index\e2dcf7c21a00101b61039579d430ae6d.php 第 75 行.
NOTIC: [8] Use of undefined constant site_result - assumed 'site_result' D:\phpStudy\WWW\data\runtime\Cache\Index\e2dcf7c21a00101b61039579d430ae6d.php 第 76 行.
NOTIC: [8] Array to string conversion D:\phpStudy\WWW\data\runtime\Cache\Index\e2dcf7c21a00101b61039579d430ae6d.php 第 76 行.
NOTIC: [8] Use of undefined constant pid - assumed 'pid' D:\phpStudy\WWW\data\runtime\Cache\Index\e2dcf7c21a00101b61039579d430ae6d.php 第 76 行.
SQL: SHOW COLUMNS FROM `yyd_scrollpic` [ RunTime:0.0030s ]
SQL: SELECT p1.*,p2.typename FROM yyd_scrollpic p1 LEFT JOIN yyd_scrollpic_type as p2 on p1.type_id= p2.id  WHERE (  1=1  and p1.type_id=1
		 ) LIMIT 6   [ RunTime:0.0010s ]

