[ 2015-09-03T19:02:01+08:00 ] ::1 /czcf/
INFO: [ app_init ] --START--
INFO: Run Behavior\BuildLiteBehavior [ RunTime:0.000024s ]
INFO: [ app_init ] --END-- [ RunTime:0.000539s ]
INFO: [ app_begin ] --START--
INFO: Run Behavior\ReadHtmlCacheBehavior [ RunTime:0.000946s ]
INFO: [ app_begin ] --END-- [ RunTime:0.001056s ]
INFO: [ view_parse ] --START--
INFO: [ template_filter ] --START--
INFO: Run Behavior\ContentReplaceBehavior [ RunTime:0.000062s ]
INFO: [ template_filter ] --END-- [ RunTime:0.000159s ]
INFO: Run Behavior\ParseTemplateBehavior [ RunTime:0.009291s ]
INFO: [ view_parse ] --END-- [ RunTime:0.009403s ]
INFO: [ view_filter ] --START--
INFO: Run Behavior\WriteHtmlCacheBehavior [ RunTime:0.000626s ]
INFO: [ view_filter ] --END-- [ RunTime:0.000704s ]

[ 2015-09-03T19:02:04+08:00 ] ::1 /czcf/home/login/index
INFO: [ app_init ] --START--
INFO: Run Behavior\BuildLiteBehavior [ RunTime:0.000031s ]
INFO: [ app_init ] --END-- [ RunTime:0.000711s ]
INFO: [ app_begin ] --START--
INFO: Run Behavior\ReadHtmlCacheBehavior [ RunTime:0.001243s ]
INFO: [ app_begin ] --END-- [ RunTime:0.001379s ]
INFO: [ view_parse ] --START--
INFO: [ template_filter ] --START--
INFO: Run Behavior\ContentReplaceBehavior [ RunTime:0.000119s ]
INFO: [ template_filter ] --END-- [ RunTime:0.000226s ]
INFO: Run Behavior\ParseTemplateBehavior [ RunTime:0.011277s ]
INFO: [ view_parse ] --END-- [ RunTime:0.011419s ]
INFO: [ view_filter ] --START--
INFO: Run Behavior\WriteHtmlCacheBehavior [ RunTime:0.000710s ]
INFO: [ view_filter ] --END-- [ RunTime:0.000795s ]
INFO: [ app_end ] --START--
INFO: Run Behavior\ShowPageTraceBehavior [ RunTime:0.001127s ]
INFO: [ app_end ] --END-- [ RunTime:0.001243s ]

[ 2015-09-03T19:02:04+08:00 ] ::1 /czcf/home/login/verify
INFO: [ app_init ] --START--
INFO: Run Behavior\BuildLiteBehavior [ RunTime:0.000040s ]
INFO: [ app_init ] --END-- [ RunTime:0.000878s ]
INFO: [ app_begin ] --START--
INFO: Run Behavior\ReadHtmlCacheBehavior [ RunTime:0.001587s ]
INFO: [ app_begin ] --END-- [ RunTime:0.001759s ]
INFO: [ app_end ] --START--
INFO: Run Behavior\ShowPageTraceBehavior [ RunTime:0.001598s ]
INFO: [ app_end ] --END-- [ RunTime:0.001791s ]

[ 2015-09-03T19:02:12+08:00 ] ::1 /czcf/home/login/checklogin
INFO: [ app_init ] --START--
INFO: Run Behavior\BuildLiteBehavior [ RunTime:0.000025s ]
INFO: [ app_init ] --END-- [ RunTime:0.000585s ]
INFO: [ app_begin ] --START--
INFO: Run Behavior\ReadHtmlCacheBehavior [ RunTime:0.001108s ]
INFO: [ app_begin ] --END-- [ RunTime:0.001208s ]
SQL: SHOW COLUMNS FROM `yyd_admin` [ RunTime:0.0162s ]
SQL: SELECT * FROM `yyd_admin` WHERE `username` = 'longjianwei' AND `password` = '29fd06e62faa920cbe4b9c62018aa064' LIMIT 1   [ RunTime:0.0020s ]
SQL: UPDATE `yyd_admin` SET `update_time`='1441113421',`update_ip`='0.0.0.0',`login_time`='1441278132',`login_ip`='0.0.0.0' WHERE `id` = 10 [ RunTime:0.0012s ]
INFO: [ view_parse ] --START--
INFO: [ template_filter ] --START--
INFO: Run Behavior\ContentReplaceBehavior [ RunTime:0.000104s ]
INFO: [ template_filter ] --END-- [ RunTime:0.000270s ]
INFO: Run Behavior\ParseTemplateBehavior [ RunTime:0.015461s ]
INFO: [ view_parse ] --END-- [ RunTime:0.015627s ]
INFO: [ view_filter ] --START--
INFO: Run Behavior\WriteHtmlCacheBehavior [ RunTime:0.001238s ]
INFO: [ view_filter ] --END-- [ RunTime:0.001371s ]
INFO: [ app_end ] --START--
INFO: Run Behavior\ShowPageTraceBehavior [ RunTime:0.001752s ]
INFO: [ app_end ] --END-- [ RunTime:0.001886s ]

[ 2015-09-03T19:02:14+08:00 ] ::1 /czcf/home/index/index
INFO: [ app_init ] --START--
INFO: Run Behavior\BuildLiteBehavior [ RunTime:0.000042s ]
INFO: [ app_init ] --END-- [ RunTime:0.000734s ]
INFO: [ app_begin ] --START--
INFO: Run Behavior\ReadHtmlCacheBehavior [ RunTime:0.001571s ]
INFO: [ app_begin ] --END-- [ RunTime:0.001704s ]
SQL: SHOW COLUMNS FROM `yyd_admin` [ RunTime:0.0096s ]
SQL: SHOW COLUMNS FROM `yyd_admin_type` [ RunTime:0.0103s ]
SQL: SELECT admin.id AS id,admin.username AS username,admin.adminname AS adminname,admin.type_id AS type_id,admin.qq AS qq,admin.phone AS phone,admin.addtime AS addtime,admin.addip AS addip,admin.update_time AS update_time,admin.update_ip AS update_ip,admin.login_time AS login_time,admin.login_ip AS login_ip,admin_type.name AS name FROM yyd_admin admin LEFT JOIN yyd_admin_type admin_type ON admin.type_id = admin_type.id WHERE admin.id = '10' LIMIT 1   [ RunTime:0.0019s ]
NOTIC: [2] Missing argument 1 for sendPhone(), called in C:\php\www\czcf\Admin\Home\Controller\IndexController.class.php on line 10 and defined C:\php\www\czcf\Admin\Common\Common\function.php 第 111 行.
NOTIC: [8] Undefined variable: phone C:\php\www\czcf\Admin\Common\Common\function.php 第 118 行.
NOTIC: [8] Undefined index: port C:\php\www\czcf\Admin\Common\Common\function.php 第 150 行.

[ 2015-09-03T20:39:15+08:00 ] ::1 /czcf/home/index/index
INFO: [ app_init ] --START--
INFO: Run Behavior\BuildLiteBehavior [ RunTime:0.000024s ]
INFO: [ app_init ] --END-- [ RunTime:0.001072s ]
INFO: [ app_begin ] --START--
INFO: Run Behavior\ReadHtmlCacheBehavior [ RunTime:0.001460s ]
INFO: [ app_begin ] --END-- [ RunTime:0.001584s ]
SQL: SHOW COLUMNS FROM `yyd_admin` [ RunTime:0.0169s ]
SQL: SHOW COLUMNS FROM `yyd_admin_type` [ RunTime:0.0161s ]
SQL: SELECT admin.id AS id,admin.username AS username,admin.adminname AS adminname,admin.type_id AS type_id,admin.qq AS qq,admin.phone AS phone,admin.addtime AS addtime,admin.addip AS addip,admin.update_time AS update_time,admin.update_ip AS update_ip,admin.login_time AS login_time,admin.login_ip AS login_ip,admin_type.name AS name FROM yyd_admin admin LEFT JOIN yyd_admin_type admin_type ON admin.type_id = admin_type.id WHERE admin.id = '10' LIMIT 1   [ RunTime:0.0019s ]
INFO: [ view_parse ] --START--
INFO: [ template_filter ] --START--
INFO: Run Behavior\ContentReplaceBehavior [ RunTime:0.000226s ]
INFO: [ template_filter ] --END-- [ RunTime:0.000332s ]
NOTIC: [8] Use of undefined constant login_ip - assumed 'login_ip' C:\php\www\czcf\Admin\Runtime\Cache\Home\55843b8195cd32862e5dfa640df6e51d.php 第 388 行.
NOTIC: [8] Undefined index: SYSTEMROOT C:\php\www\czcf\Admin\Runtime\Cache\Home\55843b8195cd32862e5dfa640df6e51d.php 第 418 行.
INFO: Run Behavior\ParseTemplateBehavior [ RunTime:0.022888s ]
INFO: [ view_parse ] --END-- [ RunTime:0.022997s ]
INFO: [ view_filter ] --START--
INFO: Run Behavior\WriteHtmlCacheBehavior [ RunTime:0.001124s ]
INFO: [ view_filter ] --END-- [ RunTime:0.001212s ]
INFO: [ app_end ] --START--
INFO: Run Behavior\ShowPageTraceBehavior [ RunTime:0.002262s ]
INFO: [ app_end ] --END-- [ RunTime:0.002408s ]

[ 2015-09-03T20:39:21+08:00 ] ::1 /czcf/home/admin/index/pli/6/cli/0
INFO: [ app_init ] --START--
INFO: Run Behavior\BuildLiteBehavior [ RunTime:0.000025s ]
INFO: [ app_init ] --END-- [ RunTime:0.000482s ]
INFO: [ app_begin ] --START--
INFO: Run Behavior\ReadHtmlCacheBehavior [ RunTime:0.000979s ]
INFO: [ app_begin ] --END-- [ RunTime:0.001071s ]
SQL: SHOW COLUMNS FROM `yyd_admin` [ RunTime:0.0145s ]
SQL: SHOW COLUMNS FROM `yyd_admin_type` [ RunTime:0.0141s ]
SQL: SELECT admin.id AS id,admin.username AS username,admin.adminname AS adminname,admin.type_id AS type_id,admin.qq AS qq,admin.phone AS phone,admin.addtime AS addtime,admin.addip AS addip,admin.update_time AS update_time,admin.update_ip AS update_ip,admin.login_time AS login_time,admin.login_ip AS login_ip,admin_type.name AS name FROM yyd_admin admin LEFT JOIN yyd_admin_type admin_type ON admin.type_id = admin_type.id WHERE admin.id = '10' LIMIT 1   [ RunTime:0.0024s ]
SQL: SELECT admin.id AS id,admin.username AS username,admin.adminname AS adminname,admin.type_id AS type_id,admin.qq AS qq,admin.phone AS phone,admin.addtime AS addtime,admin.addip AS addip,admin.update_time AS update_time,admin.update_ip AS update_ip,admin.login_time AS login_time,admin.login_ip AS login_ip,admin_type.name AS name FROM yyd_admin admin LEFT JOIN yyd_admin_type admin_type ON admin.type_id = admin_type.id  [ RunTime:0.0027s ]
INFO: [ view_parse ] --START--
INFO: [ template_filter ] --START--
INFO: Run Behavior\ContentReplaceBehavior [ RunTime:0.000323s ]
INFO: [ template_filter ] --END-- [ RunTime:0.000482s ]
NOTIC: [8] Use of undefined constant id - assumed 'id' C:\php\www\czcf\Admin\Runtime\Cache\Home\c09665db8c8380dc4786202d054ddd84.php 第 210 行.
NOTIC: [8] Use of undefined constant id - assumed 'id' C:\php\www\czcf\Admin\Runtime\Cache\Home\c09665db8c8380dc4786202d054ddd84.php 第 210 行.
NOTIC: [8] Use of undefined constant id - assumed 'id' C:\php\www\czcf\Admin\Runtime\Cache\Home\c09665db8c8380dc4786202d054ddd84.php 第 210 行.
NOTIC: [8] Use of undefined constant id - assumed 'id' C:\php\www\czcf\Admin\Runtime\Cache\Home\c09665db8c8380dc4786202d054ddd84.php 第 210 行.
NOTIC: [8] Use of undefined constant id - assumed 'id' C:\php\www\czcf\Admin\Runtime\Cache\Home\c09665db8c8380dc4786202d054ddd84.php 第 210 行.
NOTIC: [8] Use of undefined constant id - assumed 'id' C:\php\www\czcf\Admin\Runtime\Cache\Home\c09665db8c8380dc4786202d054ddd84.php 第 210 行.
NOTIC: [8] Use of undefined constant id - assumed 'id' C:\php\www\czcf\Admin\Runtime\Cache\Home\c09665db8c8380dc4786202d054ddd84.php 第 210 行.
NOTIC: [8] Use of undefined constant id - assumed 'id' C:\php\www\czcf\Admin\Runtime\Cache\Home\c09665db8c8380dc4786202d054ddd84.php 第 210 行.
NOTIC: [8] Use of undefined constant id - assumed 'id' C:\php\www\czcf\Admin\Runtime\Cache\Home\c09665db8c8380dc4786202d054ddd84.php 第 210 行.
NOTIC: [2] date() expects parameter 2 to be long, string given C:\php\www\czcf\Admin\Runtime\Cache\Home\c09665db8c8380dc4786202d054ddd84.php 第 208 行.
NOTIC: [8] Use of undefined constant id - assumed 'id' C:\php\www\czcf\Admin\Runtime\Cache\Home\c09665db8c8380dc4786202d054ddd84.php 第 210 行.
NOTIC: [2] date() expects parameter 2 to be long, string given C:\php\www\czcf\Admin\Runtime\Cache\Home\c09665db8c8380dc4786202d054ddd84.php 第 208 行.
NOTIC: [8] Use of undefined constant id - assumed 'id' C:\php\www\czcf\Admin\Runtime\Cache\Home\c09665db8c8380dc4786202d054ddd84.php 第 210 行.
NOTIC: [2] date() expects parameter 2 to be long, string given C:\php\www\czcf\Admin\Runtime\Cache\Home\c09665db8c8380dc4786202d054ddd84.php 第 208 行.
NOTIC: [8] Use of undefined constant id - assumed 'id' C:\php\www\czcf\Admin\Runtime\Cache\Home\c09665db8c8380dc4786202d054ddd84.php 第 210 行.
NOTIC: [2] date() expects parameter 2 to be long, string given C:\php\www\czcf\Admin\Runtime\Cache\Home\c09665db8c8380dc4786202d054ddd84.php 第 208 行.
NOTIC: [8] Use of undefined constant id - assumed 'id' C:\php\www\czcf\Admin\Runtime\Cache\Home\c09665db8c8380dc4786202d054ddd84.php 第 210 行.
NOTIC: [2] date() expects parameter 2 to be long, string given C:\php\www\czcf\Admin\Runtime\Cache\Home\c09665db8c8380dc4786202d054ddd84.php 第 208 行.
NOTIC: [8] Use of undefined constant id - assumed 'id' C:\php\www\czcf\Admin\Runtime\Cache\Home\c09665db8c8380dc4786202d054ddd84.php 第 210 行.
NOTIC: [2] date() expects parameter 2 to be long, string given C:\php\www\czcf\Admin\Runtime\Cache\Home\c09665db8c8380dc4786202d054ddd84.php 第 208 行.
NOTIC: [8] Use of undefined constant id - assumed 'id' C:\php\www\czcf\Admin\Runtime\Cache\Home\c09665db8c8380dc4786202d054ddd84.php 第 210 行.
NOTIC: [2] date() expects parameter 2 to be long, string given C:\php\www\czcf\Admin\Runtime\Cache\Home\c09665db8c8380dc4786202d054ddd84.php 第 208 行.
NOTIC: [8] Use of undefined constant id - assumed 'id' C:\php\www\czcf\Admin\Runtime\Cache\Home\c09665db8c8380dc4786202d054ddd84.php 第 210 行.
INFO: Run Behavior\ParseTemplateBehavior [ RunTime:0.034911s ]
INFO: [ view_parse ] --END-- [ RunTime:0.035050s ]
INFO: [ view_filter ] --START--
INFO: Run Behavior\WriteHtmlCacheBehavior [ RunTime:0.000752s ]
INFO: [ view_filter ] --END-- [ RunTime:0.000834s ]
INFO: [ app_end ] --START--
INFO: Run Behavior\ShowPageTraceBehavior [ RunTime:0.001445s ]
INFO: [ app_end ] --END-- [ RunTime:0.001581s ]

[ 2015-09-03T20:39:28+08:00 ] ::1 /czcf/home/member/index/pli/2/cli/0
INFO: [ app_init ] --START--
INFO: Run Behavior\BuildLiteBehavior [ RunTime:0.000031s ]
INFO: [ app_init ] --END-- [ RunTime:0.000606s ]
INFO: [ app_begin ] --START--
INFO: Run Behavior\ReadHtmlCacheBehavior [ RunTime:0.001001s ]
INFO: [ app_begin ] --END-- [ RunTime:0.001101s ]
SQL: SHOW COLUMNS FROM `yyd_admin` [ RunTime:0.0165s ]
SQL: SHOW COLUMNS FROM `yyd_admin_type` [ RunTime:0.0156s ]
SQL: SELECT admin.id AS id,admin.username AS username,admin.adminname AS adminname,admin.type_id AS type_id,admin.qq AS qq,admin.phone AS phone,admin.addtime AS addtime,admin.addip AS addip,admin.update_time AS update_time,admin.update_ip AS update_ip,admin.login_time AS login_time,admin.login_ip AS login_ip,admin_type.name AS name FROM yyd_admin admin LEFT JOIN yyd_admin_type admin_type ON admin.type_id = admin_type.id WHERE admin.id = '10' LIMIT 1   [ RunTime:0.0013s ]
SQL: SHOW COLUMNS FROM `yyd_users` [ RunTime:0.0092s ]
SQL: SHOW COLUMNS FROM `yyd_users_info` [ RunTime:0.0123s ]
SQL: SELECT COUNT(*) AS tp_count FROM yyd_users users LEFT JOIN yyd_users_info users_info ON users.user_id = users_info.user_id LIMIT 1   [ RunTime:0.0035s ]
SQL: SELECT users.user_id AS user_id,users.username AS username,users.email AS email,users.logintime AS logintime,users.reg_ip AS reg_ip,users.reg_time AS reg_time,users.last_ip AS last_ip,users.last_time AS last_time,users_info.niname AS niname,users_info.type_id AS type_id,users_info.status AS status,users_info.realname AS realname FROM yyd_users users LEFT JOIN yyd_users_info users_info ON users.user_id = users_info.user_id LIMIT 0,15   [ RunTime:0.0022s ]
INFO: [ view_parse ] --START--
INFO: [ template_filter ] --START--
INFO: Run Behavior\ContentReplaceBehavior [ RunTime:0.000221s ]
INFO: [ template_filter ] --END-- [ RunTime:0.000349s ]
INFO: Run Behavior\ParseTemplateBehavior [ RunTime:0.026589s ]
INFO: [ view_parse ] --END-- [ RunTime:0.026750s ]
INFO: [ view_filter ] --START--
INFO: Run Behavior\WriteHtmlCacheBehavior [ RunTime:0.000936s ]
INFO: [ view_filter ] --END-- [ RunTime:0.001042s ]
INFO: [ app_end ] --START--
INFO: Run Behavior\ShowPageTraceBehavior [ RunTime:0.001583s ]
INFO: [ app_end ] --END-- [ RunTime:0.001727s ]

[ 2015-09-03T20:39:32+08:00 ] ::1 /czcf/home/member/index/pli/2/cli/0/p/2
INFO: [ app_init ] --START--
INFO: Run Behavior\BuildLiteBehavior [ RunTime:0.000025s ]
INFO: [ app_init ] --END-- [ RunTime:0.000558s ]
INFO: [ app_begin ] --START--
INFO: Run Behavior\ReadHtmlCacheBehavior [ RunTime:0.000930s ]
INFO: [ app_begin ] --END-- [ RunTime:0.001021s ]
SQL: SHOW COLUMNS FROM `yyd_admin` [ RunTime:0.0159s ]
SQL: SHOW COLUMNS FROM `yyd_admin_type` [ RunTime:0.0085s ]
SQL: SELECT admin.id AS id,admin.username AS username,admin.adminname AS adminname,admin.type_id AS type_id,admin.qq AS qq,admin.phone AS phone,admin.addtime AS addtime,admin.addip AS addip,admin.update_time AS update_time,admin.update_ip AS update_ip,admin.login_time AS login_time,admin.login_ip AS login_ip,admin_type.name AS name FROM yyd_admin admin LEFT JOIN yyd_admin_type admin_type ON admin.type_id = admin_type.id WHERE admin.id = '10' LIMIT 1   [ RunTime:0.0012s ]
SQL: SHOW COLUMNS FROM `yyd_users` [ RunTime:0.0067s ]
SQL: SHOW COLUMNS FROM `yyd_users_info` [ RunTime:0.0072s ]
SQL: SELECT COUNT(*) AS tp_count FROM yyd_users users LEFT JOIN yyd_users_info users_info ON users.user_id = users_info.user_id LIMIT 1   [ RunTime:0.0007s ]
SQL: SELECT users.user_id AS user_id,users.username AS username,users.email AS email,users.logintime AS logintime,users.reg_ip AS reg_ip,users.reg_time AS reg_time,users.last_ip AS last_ip,users.last_time AS last_time,users_info.niname AS niname,users_info.type_id AS type_id,users_info.status AS status,users_info.realname AS realname FROM yyd_users users LEFT JOIN yyd_users_info users_info ON users.user_id = users_info.user_id LIMIT 15,15   [ RunTime:0.0016s ]
INFO: [ view_parse ] --START--
INFO: [ template_filter ] --START--
INFO: Run Behavior\ContentReplaceBehavior [ RunTime:0.000176s ]
INFO: [ template_filter ] --END-- [ RunTime:0.000275s ]
INFO: Run Behavior\ParseTemplateBehavior [ RunTime:0.018985s ]
INFO: [ view_parse ] --END-- [ RunTime:0.019103s ]
INFO: [ view_filter ] --START--
INFO: Run Behavior\WriteHtmlCacheBehavior [ RunTime:0.000650s ]
INFO: [ view_filter ] --END-- [ RunTime:0.000731s ]
INFO: [ app_end ] --START--
INFO: Run Behavior\ShowPageTraceBehavior [ RunTime:0.001175s ]
INFO: [ app_end ] --END-- [ RunTime:0.001305s ]

