[ 2015-09-09T08:54:28+08:00 ] ::1 /czcf/
INFO: [ app_init ] --START--
INFO: Run Behavior\BuildLiteBehavior [ RunTime:0.000000s ]
INFO: [ app_init ] --END-- [ RunTime:0.001000s ]
INFO: [ app_begin ] --START--
INFO: Run Behavior\ReadHtmlCacheBehavior [ RunTime:0.000000s ]
INFO: [ app_begin ] --END-- [ RunTime:0.000000s ]
INFO: [ view_parse ] --START--
INFO: [ template_filter ] --START--
INFO: Run Behavior\ContentReplaceBehavior [ RunTime:0.000000s ]
INFO: [ template_filter ] --END-- [ RunTime:0.001000s ]
INFO: Run Behavior\ParseTemplateBehavior [ RunTime:0.142008s ]
INFO: [ view_parse ] --END-- [ RunTime:0.143008s ]
INFO: [ view_filter ] --START--
INFO: Run Behavior\WriteHtmlCacheBehavior [ RunTime:0.028002s ]
INFO: [ view_filter ] --END-- [ RunTime:0.028002s ]

[ 2015-09-09T08:54:31+08:00 ] ::1 /czcf/home/login/index
INFO: [ app_init ] --START--
INFO: Run Behavior\BuildLiteBehavior [ RunTime:0.000000s ]
INFO: [ app_init ] --END-- [ RunTime:0.001000s ]
INFO: [ app_begin ] --START--
INFO: Run Behavior\ReadHtmlCacheBehavior [ RunTime:0.001000s ]
INFO: [ app_begin ] --END-- [ RunTime:0.001000s ]
INFO: [ view_parse ] --START--
INFO: [ template_filter ] --START--
INFO: Run Behavior\ContentReplaceBehavior [ RunTime:0.000000s ]
INFO: [ template_filter ] --END-- [ RunTime:0.000000s ]
INFO: Run Behavior\ParseTemplateBehavior [ RunTime:0.009001s ]
INFO: [ view_parse ] --END-- [ RunTime:0.009001s ]
INFO: [ view_filter ] --START--
INFO: Run Behavior\WriteHtmlCacheBehavior [ RunTime:0.000000s ]
INFO: [ view_filter ] --END-- [ RunTime:0.000000s ]
INFO: [ app_end ] --START--
INFO: Run Behavior\ShowPageTraceBehavior [ RunTime:0.002000s ]
INFO: [ app_end ] --END-- [ RunTime:0.002000s ]

[ 2015-09-09T08:54:31+08:00 ] ::1 /czcf/home/login/verify
INFO: [ app_init ] --START--
INFO: Run Behavior\BuildLiteBehavior [ RunTime:0.000000s ]
INFO: [ app_init ] --END-- [ RunTime:0.000000s ]
INFO: [ app_begin ] --START--
INFO: Run Behavior\ReadHtmlCacheBehavior [ RunTime:0.001000s ]
INFO: [ app_begin ] --END-- [ RunTime:0.001000s ]
INFO: [ app_end ] --START--
INFO: Run Behavior\ShowPageTraceBehavior [ RunTime:0.001000s ]
INFO: [ app_end ] --END-- [ RunTime:0.001000s ]

[ 2015-09-09T08:54:41+08:00 ] ::1 /czcf/home/login/checklogin
INFO: [ app_init ] --START--
INFO: Run Behavior\BuildLiteBehavior [ RunTime:0.000000s ]
INFO: [ app_init ] --END-- [ RunTime:0.001000s ]
INFO: [ app_begin ] --START--
INFO: Run Behavior\ReadHtmlCacheBehavior [ RunTime:0.000000s ]
INFO: [ app_begin ] --END-- [ RunTime:0.000000s ]
SQL: SHOW COLUMNS FROM `yyd_admin` [ RunTime:0.0170s ]
SQL: SELECT * FROM `yyd_admin` WHERE `username` = 'admin' AND `password` = '21232f297a57a5a743894a0e4a801fc3' LIMIT 1   [ RunTime:0.0010s ]
SQL: UPDATE `yyd_admin` SET `update_time`='1441677089',`update_ip`='0.0.0.0',`login_time`='1441760081',`login_ip`='0.0.0.0' WHERE `id` = 1 [ RunTime:0.0010s ]
INFO: [ view_parse ] --START--
INFO: [ template_filter ] --START--
INFO: Run Behavior\ContentReplaceBehavior [ RunTime:0.000000s ]
INFO: [ template_filter ] --END-- [ RunTime:0.000000s ]
INFO: Run Behavior\ParseTemplateBehavior [ RunTime:0.013001s ]
INFO: [ view_parse ] --END-- [ RunTime:0.013001s ]
INFO: [ view_filter ] --START--
INFO: Run Behavior\WriteHtmlCacheBehavior [ RunTime:0.001000s ]
INFO: [ view_filter ] --END-- [ RunTime:0.001000s ]
INFO: [ app_end ] --START--
INFO: Run Behavior\ShowPageTraceBehavior [ RunTime:0.002000s ]
INFO: [ app_end ] --END-- [ RunTime:0.002000s ]

[ 2015-09-09T08:54:44+08:00 ] ::1 /czcf/home/index/index
INFO: [ app_init ] --START--
INFO: Run Behavior\BuildLiteBehavior [ RunTime:0.000000s ]
INFO: [ app_init ] --END-- [ RunTime:0.000000s ]
INFO: [ app_begin ] --START--
INFO: Run Behavior\ReadHtmlCacheBehavior [ RunTime:0.000000s ]
INFO: [ app_begin ] --END-- [ RunTime:0.000000s ]
SQL: SHOW COLUMNS FROM `yyd_admin` [ RunTime:0.0090s ]
SQL: SHOW COLUMNS FROM `yyd_admin_type` [ RunTime:0.0620s ]
SQL: SELECT admin.id AS id,admin.username AS username,admin.adminname AS adminname,admin.type_id AS type_id,admin.qq AS qq,admin.phone AS phone,admin.addtime AS addtime,admin.addip AS addip,admin.update_time AS update_time,admin.update_ip AS update_ip,admin.login_time AS login_time,admin.login_ip AS login_ip,admin_type.name AS name FROM yyd_admin admin LEFT JOIN yyd_admin_type admin_type ON admin.type_id = admin_type.id WHERE admin.id = '1' LIMIT 1   [ RunTime:0.0010s ]
NOTIC: [8192] mysql_connect(): The mysql extension is deprecated and will be removed in the future: use mysqli or PDO instead D:\phpStudy\WWW\czcf\Admin\Home\Controller\IndexController.class.php 第 14 行.
INFO: [ view_parse ] --START--
INFO: [ template_filter ] --START--
INFO: Run Behavior\ContentReplaceBehavior [ RunTime:0.001000s ]
INFO: [ template_filter ] --END-- [ RunTime:0.001000s ]
NOTIC: [8] Use of undefined constant login_ip - assumed 'login_ip' D:\phpStudy\WWW\czcf\Admin\Runtime\Cache\Home\55843b8195cd32862e5dfa640df6e51d.php 第 388 行.
NOTIC: [8] Array to string conversion D:\phpStudy\WWW\czcf\Admin\Runtime\Cache\Home\55843b8195cd32862e5dfa640df6e51d.php 第 388 行.
INFO: Run Behavior\ParseTemplateBehavior [ RunTime:0.054003s ]
INFO: [ view_parse ] --END-- [ RunTime:0.054003s ]
INFO: [ view_filter ] --START--
INFO: Run Behavior\WriteHtmlCacheBehavior [ RunTime:0.001000s ]
INFO: [ view_filter ] --END-- [ RunTime:0.001000s ]
INFO: [ app_end ] --START--
INFO: Run Behavior\ShowPageTraceBehavior [ RunTime:0.001000s ]
INFO: [ app_end ] --END-- [ RunTime:0.001000s ]

[ 2015-09-09T08:56:18+08:00 ] ::1 /czcf/home/api/login/smmkey/3eef0f2cb569f66b61248104de523c101a1e4361
INFO: [ app_init ] --START--
INFO: Run Behavior\BuildLiteBehavior [ RunTime:0.000000s ]
INFO: [ app_init ] --END-- [ RunTime:0.000000s ]
INFO: [ app_begin ] --START--
INFO: Run Behavior\ReadHtmlCacheBehavior [ RunTime:0.001000s ]
INFO: [ app_begin ] --END-- [ RunTime:0.001000s ]
SQL: SHOW COLUMNS FROM `yyd_users` [ RunTime:0.0600s ]
SQL: SHOW COLUMNS FROM `yyd_users_info` [ RunTime:0.0090s ]
SQL: SELECT users.user_id AS user_id,users.username AS username,users.email AS email,users.logintime AS logintime,users.reg_ip AS reg_ip,users.reg_time AS reg_time,users.last_ip AS last_ip,users.last_time AS last_time,users_info.niname AS niname,users_info.type_id AS type_id,users_info.status AS status,users_info.realname AS realname,users_info.phone AS phone,users_info.phone_status AS phone_status FROM yyd_users users LEFT JOIN yyd_users_info users_info ON users.user_id = users_info.user_id WHERE `password` = '29fd06e62faa920cbe4b9c62018aa064' AND users.username = 'longjianwei' LIMIT 1   [ RunTime:0.0010s ]
INFO: [ app_end ] --START--
INFO: Run Behavior\ShowPageTraceBehavior [ RunTime:0.001000s ]
INFO: [ app_end ] --END-- [ RunTime:0.001000s ]

[ 2015-09-09T08:56:25+08:00 ] ::1 /czcf/home/api/login/smmkey/3eef0f2cb569f66b61248104de523c101a1e4361
INFO: [ app_init ] --START--
INFO: Run Behavior\BuildLiteBehavior [ RunTime:0.000000s ]
INFO: [ app_init ] --END-- [ RunTime:0.000000s ]
INFO: [ app_begin ] --START--
INFO: Run Behavior\ReadHtmlCacheBehavior [ RunTime:0.001000s ]
INFO: [ app_begin ] --END-- [ RunTime:0.001000s ]
SQL: SHOW COLUMNS FROM `yyd_users` [ RunTime:0.0050s ]
SQL: SHOW COLUMNS FROM `yyd_users_info` [ RunTime:0.0050s ]
SQL: SELECT users.user_id AS user_id,users.username AS username,users.email AS email,users.logintime AS logintime,users.reg_ip AS reg_ip,users.reg_time AS reg_time,users.last_ip AS last_ip,users.last_time AS last_time,users_info.niname AS niname,users_info.type_id AS type_id,users_info.status AS status,users_info.realname AS realname,users_info.phone AS phone,users_info.phone_status AS phone_status FROM yyd_users users LEFT JOIN yyd_users_info users_info ON users.user_id = users_info.user_id WHERE `password` = '4297f44b13955235245b2497399d7a93' AND users.username = 'longjianwei' LIMIT 1   [ RunTime:0.0010s ]
SQL: UPDATE `yyd_users` SET `logintime`='9',`up_ip`='0.0.0.0',`up_time`='1441155841',`last_ip`='0.0.0.0',`last_time`='1441760185' WHERE `user_id` = 36 [ RunTime:0.0010s ]
INFO: [ app_end ] --START--
INFO: Run Behavior\ShowPageTraceBehavior [ RunTime:0.001000s ]
INFO: [ app_end ] --END-- [ RunTime:0.001000s ]

[ 2015-09-09T09:01:09+08:00 ] ::1 /czcf/home/api/getPassword/smmkey/3eef0f2cb569f66b61248104de523c101a1e4361
INFO: [ app_init ] --START--
INFO: Run Behavior\BuildLiteBehavior [ RunTime:0.000000s ]
INFO: [ app_init ] --END-- [ RunTime:0.001000s ]
INFO: [ app_begin ] --START--
INFO: Run Behavior\ReadHtmlCacheBehavior [ RunTime:0.001000s ]
INFO: [ app_begin ] --END-- [ RunTime:0.001000s ]
NOTIC: [8] Undefined index: send_time D:\phpStudy\WWW\czcf\Admin\Home\Controller\ApiController.class.php 第 120 行.

[ 2015-09-09T09:06:25+08:00 ] ::1 /czcf/home/api/getPassword/smmkey/3eef0f2cb569f66b61248104de523c101a1e4361
INFO: [ app_init ] --START--
INFO: Run Behavior\BuildLiteBehavior [ RunTime:0.000000s ]
INFO: [ app_init ] --END-- [ RunTime:0.000000s ]
INFO: [ app_begin ] --START--
INFO: Run Behavior\ReadHtmlCacheBehavior [ RunTime:0.001000s ]
INFO: [ app_begin ] --END-- [ RunTime:0.001000s ]
NOTIC: [8] Undefined index: send_time D:\phpStudy\WWW\czcf\Admin\Home\Controller\ApiController.class.php 第 120 行.

[ 2015-09-09T09:56:23+08:00 ] ::1 /czcf/home/api/checkPhoneVerify/smmkey/3eef0f2cb569f66b61248104de523c101a1e4361
INFO: [ app_init ] --START--
INFO: Run Behavior\BuildLiteBehavior [ RunTime:0.000000s ]
INFO: [ app_init ] --END-- [ RunTime:0.001000s ]
INFO: [ app_begin ] --START--
INFO: Run Behavior\ReadHtmlCacheBehavior [ RunTime:0.001000s ]
INFO: [ app_begin ] --END-- [ RunTime:0.001000s ]
ERR: 非法操作:checkPhoneVerify

[ 2015-09-09T09:56:26+08:00 ] ::1 /czcf/home/api/checkPhoneVerify/smmkey/3eef0f2cb569f66b61248104de523c101a1e4361
INFO: [ app_init ] --START--
INFO: Run Behavior\BuildLiteBehavior [ RunTime:0.000000s ]
INFO: [ app_init ] --END-- [ RunTime:0.000000s ]
INFO: [ app_begin ] --START--
INFO: Run Behavior\ReadHtmlCacheBehavior [ RunTime:0.000000s ]
INFO: [ app_begin ] --END-- [ RunTime:0.000000s ]
ERR: 非法操作:checkPhoneVerify

[ 2015-09-09T09:56:28+08:00 ] ::1 /czcf/home/api/checkPhoneVerify/smmkey/3eef0f2cb569f66b61248104de523c101a1e4361
INFO: [ app_init ] --START--
INFO: Run Behavior\BuildLiteBehavior [ RunTime:0.000000s ]
INFO: [ app_init ] --END-- [ RunTime:0.000000s ]
INFO: [ app_begin ] --START--
INFO: Run Behavior\ReadHtmlCacheBehavior [ RunTime:0.001001s ]
INFO: [ app_begin ] --END-- [ RunTime:0.001001s ]
ERR: 非法操作:checkPhoneVerify

[ 2015-09-09T09:56:47+08:00 ] ::1 /czcf/home/api/checkPhoneVerify/smmkey/3eef0f2cb569f66b61248104de523c101a1e4361
INFO: [ app_init ] --START--
INFO: Run Behavior\BuildLiteBehavior [ RunTime:0.000000s ]
INFO: [ app_init ] --END-- [ RunTime:0.000000s ]
INFO: [ app_begin ] --START--
INFO: Run Behavior\ReadHtmlCacheBehavior [ RunTime:0.001000s ]
INFO: [ app_begin ] --END-- [ RunTime:0.001000s ]
ERR: 非法操作:checkPhoneVerify

[ 2015-09-09T09:57:05+08:00 ] ::1 /czcf/home/api/checkPhoneVerify/smmkey/3eef0f2cb569f66b61248104de523c101a1e4361
INFO: [ app_init ] --START--
INFO: Run Behavior\BuildLiteBehavior [ RunTime:0.000000s ]
INFO: [ app_init ] --END-- [ RunTime:0.000000s ]
INFO: [ app_begin ] --START--
INFO: Run Behavior\ReadHtmlCacheBehavior [ RunTime:0.001000s ]
INFO: [ app_begin ] --END-- [ RunTime:0.001000s ]
ERR: 非法操作:checkPhoneVerify

[ 2015-09-09T09:58:22+08:00 ] ::1 /czcf/home/api/checkPhoneVerify/smmkey/3eef0f2cb569f66b61248104de523c101a1e4361
INFO: [ app_init ] --START--
INFO: Run Behavior\BuildLiteBehavior [ RunTime:0.000000s ]
INFO: [ app_init ] --END-- [ RunTime:0.000000s ]
INFO: [ app_begin ] --START--
INFO: Run Behavior\ReadHtmlCacheBehavior [ RunTime:0.000000s ]
INFO: [ app_begin ] --END-- [ RunTime:0.000000s ]
ERR: 非法操作:checkPhoneVerify

[ 2015-09-09T09:58:51+08:00 ] ::1 /czcf/home/api/checkPhoneVerify/smmkey/3eef0f2cb569f66b61248104de523c101a1e4361
INFO: [ app_init ] --START--
INFO: Run Behavior\BuildLiteBehavior [ RunTime:0.000000s ]
INFO: [ app_init ] --END-- [ RunTime:0.001000s ]
INFO: [ app_begin ] --START--
INFO: Run Behavior\ReadHtmlCacheBehavior [ RunTime:0.001000s ]
INFO: [ app_begin ] --END-- [ RunTime:0.001000s ]
NOTIC: [8] Undefined index: send_time D:\phpStudy\WWW\czcf\Admin\Home\Controller\ApiController.class.php 第 120 行.
INFO: [ app_end ] --START--
INFO: Run Behavior\ShowPageTraceBehavior [ RunTime:0.001000s ]
INFO: [ app_end ] --END-- [ RunTime:0.001000s ]

[ 2015-09-09T09:59:40+08:00 ] ::1 /czcf/home/api/checkPhoneVerify/smmkey/3eef0f2cb569f66b61248104de523c101a1e4361
INFO: [ app_init ] --START--
INFO: Run Behavior\BuildLiteBehavior [ RunTime:0.000000s ]
INFO: [ app_init ] --END-- [ RunTime:0.000000s ]
INFO: [ app_begin ] --START--
INFO: Run Behavior\ReadHtmlCacheBehavior [ RunTime:0.001000s ]
INFO: [ app_begin ] --END-- [ RunTime:0.001000s ]
NOTIC: [8] Undefined index: send_time D:\phpStudy\WWW\czcf\Admin\Home\Controller\ApiController.class.php 第 120 行.
INFO: [ app_end ] --START--
INFO: Run Behavior\ShowPageTraceBehavior [ RunTime:0.001000s ]
INFO: [ app_end ] --END-- [ RunTime:0.001000s ]

[ 2015-09-09T09:59:43+08:00 ] ::1 /czcf/home/api/checkPhoneVerify/smmkey/3eef0f2cb569f66b61248104de523c101a1e4361
INFO: [ app_init ] --START--
INFO: Run Behavior\BuildLiteBehavior [ RunTime:0.000000s ]
INFO: [ app_init ] --END-- [ RunTime:0.000000s ]
INFO: [ app_begin ] --START--
INFO: Run Behavior\ReadHtmlCacheBehavior [ RunTime:0.000000s ]
INFO: [ app_begin ] --END-- [ RunTime:0.000000s ]
NOTIC: [8] Undefined index: send_time D:\phpStudy\WWW\czcf\Admin\Home\Controller\ApiController.class.php 第 120 行.
INFO: [ app_end ] --START--
INFO: Run Behavior\ShowPageTraceBehavior [ RunTime:0.001000s ]
INFO: [ app_end ] --END-- [ RunTime:0.001000s ]

[ 2015-09-09T10:00:45+08:00 ] ::1 /czcf/home/api/checkPhoneVerify/smmkey/3eef0f2cb569f66b61248104de523c101a1e4361
INFO: [ app_init ] --START--
INFO: Run Behavior\BuildLiteBehavior [ RunTime:0.000000s ]
INFO: [ app_init ] --END-- [ RunTime:0.000000s ]
INFO: [ app_begin ] --START--
INFO: Run Behavior\ReadHtmlCacheBehavior [ RunTime:0.000000s ]
INFO: [ app_begin ] --END-- [ RunTime:0.000000s ]
NOTIC: [8] Undefined index: send_time D:\phpStudy\WWW\czcf\Admin\Home\Controller\ApiController.class.php 第 120 行.
INFO: [ app_end ] --START--
INFO: Run Behavior\ShowPageTraceBehavior [ RunTime:0.000000s ]
INFO: [ app_end ] --END-- [ RunTime:0.000000s ]

[ 2015-09-09T10:02:59+08:00 ] ::1 /czcf/home/api/checkPhoneVerify/smmkey/3eef0f2cb569f66b61248104de523c101a1e4361
INFO: [ app_init ] --START--
INFO: Run Behavior\BuildLiteBehavior [ RunTime:0.000000s ]
INFO: [ app_init ] --END-- [ RunTime:0.000000s ]
INFO: [ app_begin ] --START--
INFO: Run Behavior\ReadHtmlCacheBehavior [ RunTime:0.000000s ]
INFO: [ app_begin ] --END-- [ RunTime:0.000000s ]
NOTIC: [8] Undefined index: send_time D:\phpStudy\WWW\czcf\Admin\Home\Controller\ApiController.class.php 第 120 行.
INFO: [ app_end ] --START--
INFO: Run Behavior\ShowPageTraceBehavior [ RunTime:0.001000s ]
INFO: [ app_end ] --END-- [ RunTime:0.001000s ]

[ 2015-09-09T10:03:26+08:00 ] ::1 /czcf/home/api/checkPhoneVerify/smmkey/3eef0f2cb569f66b61248104de523c101a1e4361
INFO: [ app_init ] --START--
INFO: Run Behavior\BuildLiteBehavior [ RunTime:0.000000s ]
INFO: [ app_init ] --END-- [ RunTime:0.001000s ]
INFO: [ app_begin ] --START--
INFO: Run Behavior\ReadHtmlCacheBehavior [ RunTime:0.001000s ]
INFO: [ app_begin ] --END-- [ RunTime:0.001000s ]
NOTIC: [8] Undefined index: send_time D:\phpStudy\WWW\czcf\Admin\Home\Controller\ApiController.class.php 第 120 行.
INFO: [ app_end ] --START--
INFO: Run Behavior\ShowPageTraceBehavior [ RunTime:0.001000s ]
INFO: [ app_end ] --END-- [ RunTime:0.001000s ]

[ 2015-09-09T10:03:52+08:00 ] ::1 /czcf/home/api/checkPhoneVerify/smmkey/3eef0f2cb569f66b61248104de523c101a1e4361
INFO: [ app_init ] --START--
INFO: Run Behavior\BuildLiteBehavior [ RunTime:0.000000s ]
INFO: [ app_init ] --END-- [ RunTime:0.000000s ]
INFO: [ app_begin ] --START--
INFO: Run Behavior\ReadHtmlCacheBehavior [ RunTime:0.001000s ]
INFO: [ app_begin ] --END-- [ RunTime:0.001000s ]
NOTIC: [8] Undefined index: send_time D:\phpStudy\WWW\czcf\Admin\Home\Controller\ApiController.class.php 第 120 行.
INFO: [ app_end ] --START--
INFO: Run Behavior\ShowPageTraceBehavior [ RunTime:0.000000s ]
INFO: [ app_end ] --END-- [ RunTime:0.000000s ]

[ 2015-09-09T10:04:11+08:00 ] ::1 /czcf/home/api/checkPhoneVerify/smmkey/3eef0f2cb569f66b61248104de523c101a1e4361
INFO: [ app_init ] --START--
INFO: Run Behavior\BuildLiteBehavior [ RunTime:0.000000s ]
INFO: [ app_init ] --END-- [ RunTime:0.001000s ]
INFO: [ app_begin ] --START--
INFO: Run Behavior\ReadHtmlCacheBehavior [ RunTime:0.000000s ]
INFO: [ app_begin ] --END-- [ RunTime:0.001000s ]
NOTIC: [8] Undefined index: send_time D:\phpStudy\WWW\czcf\Admin\Home\Controller\ApiController.class.php 第 120 行.
INFO: [ app_end ] --START--
INFO: Run Behavior\ShowPageTraceBehavior [ RunTime:0.001000s ]
INFO: [ app_end ] --END-- [ RunTime:0.001000s ]

[ 2015-09-09T10:04:20+08:00 ] ::1 /czcf/home/api/checkPhoneVerify/smmkey/3eef0f2cb569f66b61248104de523c101a1e4361
INFO: [ app_init ] --START--
INFO: Run Behavior\BuildLiteBehavior [ RunTime:0.000000s ]
INFO: [ app_init ] --END-- [ RunTime:0.001000s ]
INFO: [ app_begin ] --START--
INFO: Run Behavior\ReadHtmlCacheBehavior [ RunTime:0.001000s ]
INFO: [ app_begin ] --END-- [ RunTime:0.001000s ]
NOTIC: [8] Undefined index: send_time D:\phpStudy\WWW\czcf\Admin\Home\Controller\ApiController.class.php 第 120 行.
INFO: [ app_end ] --START--
INFO: Run Behavior\ShowPageTraceBehavior [ RunTime:0.001000s ]
INFO: [ app_end ] --END-- [ RunTime:0.001000s ]

[ 2015-09-09T10:05:37+08:00 ] ::1 /czcf/home/api/checkPhoneVerify/smmkey/3eef0f2cb569f66b61248104de523c101a1e4361
INFO: [ app_init ] --START--
INFO: Run Behavior\BuildLiteBehavior [ RunTime:0.000000s ]
INFO: [ app_init ] --END-- [ RunTime:0.000000s ]
INFO: [ app_begin ] --START--
INFO: Run Behavior\ReadHtmlCacheBehavior [ RunTime:0.000000s ]
INFO: [ app_begin ] --END-- [ RunTime:0.000000s ]
NOTIC: [8] Undefined index: send_time D:\phpStudy\WWW\czcf\Admin\Home\Controller\ApiController.class.php 第 120 行.
INFO: [ app_end ] --START--
INFO: Run Behavior\ShowPageTraceBehavior [ RunTime:0.001000s ]
INFO: [ app_end ] --END-- [ RunTime:0.001000s ]

[ 2015-09-09T10:05:40+08:00 ] ::1 /czcf/home/api/checkPhoneVerify/smmkey/3eef0f2cb569f66b61248104de523c101a1e4361
INFO: [ app_init ] --START--
INFO: Run Behavior\BuildLiteBehavior [ RunTime:0.000000s ]
INFO: [ app_init ] --END-- [ RunTime:0.000000s ]
INFO: [ app_begin ] --START--
INFO: Run Behavior\ReadHtmlCacheBehavior [ RunTime:0.001000s ]
INFO: [ app_begin ] --END-- [ RunTime:0.001000s ]
NOTIC: [8] Undefined index: send_time D:\phpStudy\WWW\czcf\Admin\Home\Controller\ApiController.class.php 第 120 行.
INFO: [ app_end ] --START--
INFO: Run Behavior\ShowPageTraceBehavior [ RunTime:0.001000s ]
INFO: [ app_end ] --END-- [ RunTime:0.001000s ]

[ 2015-09-09T10:06:00+08:00 ] ::1 /czcf/home/api/getPhoneVerify/smmkey/3eef0f2cb569f66b61248104de523c101a1e4361
INFO: [ app_init ] --START--
INFO: Run Behavior\BuildLiteBehavior [ RunTime:0.001000s ]
INFO: [ app_init ] --END-- [ RunTime:0.001000s ]
INFO: [ app_begin ] --START--
INFO: Run Behavior\ReadHtmlCacheBehavior [ RunTime:0.000000s ]
INFO: [ app_begin ] --END-- [ RunTime:0.002000s ]
NOTIC: [8] Undefined index: port D:\phpStudy\WWW\czcf\Admin\Common\Common\function.php 第 148 行.
INFO: [ app_end ] --START--
INFO: Run Behavior\ShowPageTraceBehavior [ RunTime:0.000000s ]
INFO: [ app_end ] --END-- [ RunTime:0.000000s ]

[ 2015-09-09T10:06:24+08:00 ] ::1 /czcf/home/api/checkPhoneVerify/smmkey/3eef0f2cb569f66b61248104de523c101a1e4361
INFO: [ app_init ] --START--
INFO: Run Behavior\BuildLiteBehavior [ RunTime:0.000000s ]
INFO: [ app_init ] --END-- [ RunTime:0.000000s ]
INFO: [ app_begin ] --START--
INFO: Run Behavior\ReadHtmlCacheBehavior [ RunTime:0.001000s ]
INFO: [ app_begin ] --END-- [ RunTime:0.001000s ]
NOTIC: [8] Undefined index: verify D:\phpStudy\WWW\czcf\Admin\Home\Controller\ApiController.class.php 第 121 行.
INFO: [ app_end ] --START--
INFO: Run Behavior\ShowPageTraceBehavior [ RunTime:0.000000s ]
INFO: [ app_end ] --END-- [ RunTime:0.000000s ]

[ 2015-09-09T10:06:34+08:00 ] ::1 /czcf/home/api/checkPhoneVerify/smmkey/3eef0f2cb569f66b61248104de523c101a1e4361
INFO: [ app_init ] --START--
INFO: Run Behavior\BuildLiteBehavior [ RunTime:0.000000s ]
INFO: [ app_init ] --END-- [ RunTime:0.001000s ]
INFO: [ app_begin ] --START--
INFO: Run Behavior\ReadHtmlCacheBehavior [ RunTime:0.001000s ]
INFO: [ app_begin ] --END-- [ RunTime:0.001000s ]
NOTIC: [8] Undefined index: verify D:\phpStudy\WWW\czcf\Admin\Home\Controller\ApiController.class.php 第 121 行.
INFO: [ app_end ] --START--
INFO: Run Behavior\ShowPageTraceBehavior [ RunTime:0.001000s ]
INFO: [ app_end ] --END-- [ RunTime:0.001000s ]

[ 2015-09-09T10:08:19+08:00 ] ::1 /czcf/home/api/checkPhoneVerify/smmkey/3eef0f2cb569f66b61248104de523c101a1e4361
INFO: [ app_init ] --START--
INFO: Run Behavior\BuildLiteBehavior [ RunTime:0.000000s ]
INFO: [ app_init ] --END-- [ RunTime:0.001000s ]
INFO: [ app_begin ] --START--
INFO: Run Behavior\ReadHtmlCacheBehavior [ RunTime:0.000000s ]
INFO: [ app_begin ] --END-- [ RunTime:0.000000s ]
INFO: [ app_end ] --START--
INFO: Run Behavior\ShowPageTraceBehavior [ RunTime:0.000000s ]
INFO: [ app_end ] --END-- [ RunTime:0.000000s ]

[ 2015-09-09T10:08:23+08:00 ] ::1 /czcf/home/api/checkPhoneVerify/smmkey/3eef0f2cb569f66b61248104de523c101a1e4361
INFO: [ app_init ] --START--
INFO: Run Behavior\BuildLiteBehavior [ RunTime:0.001000s ]
INFO: [ app_init ] --END-- [ RunTime:0.001000s ]
INFO: [ app_begin ] --START--
INFO: Run Behavior\ReadHtmlCacheBehavior [ RunTime:0.001000s ]
INFO: [ app_begin ] --END-- [ RunTime:0.001000s ]
INFO: [ app_end ] --START--
INFO: Run Behavior\ShowPageTraceBehavior [ RunTime:0.000000s ]
INFO: [ app_end ] --END-- [ RunTime:0.001000s ]

[ 2015-09-09T10:10:09+08:00 ] ::1 /czcf/home/api/checkPhoneVerify/smmkey/3eef0f2cb569f66b61248104de523c101a1e4361
INFO: [ app_init ] --START--
INFO: Run Behavior\BuildLiteBehavior [ RunTime:0.000000s ]
INFO: [ app_init ] --END-- [ RunTime:0.000000s ]
INFO: [ app_begin ] --START--
INFO: Run Behavior\ReadHtmlCacheBehavior [ RunTime:0.001000s ]
INFO: [ app_begin ] --END-- [ RunTime:0.001000s ]
INFO: [ app_end ] --START--
INFO: Run Behavior\ShowPageTraceBehavior [ RunTime:0.001000s ]
INFO: [ app_end ] --END-- [ RunTime:0.001000s ]

[ 2015-09-09T10:10:19+08:00 ] ::1 /czcf/home/api/checkPhoneVerify/smmkey/3eef0f2cb569f66b61248104de523c101a1e4361
INFO: [ app_init ] --START--
INFO: Run Behavior\BuildLiteBehavior [ RunTime:0.000000s ]
INFO: [ app_init ] --END-- [ RunTime:0.000000s ]
INFO: [ app_begin ] --START--
INFO: Run Behavior\ReadHtmlCacheBehavior [ RunTime:0.001000s ]
INFO: [ app_begin ] --END-- [ RunTime:0.001000s ]
INFO: [ app_end ] --START--
INFO: Run Behavior\ShowPageTraceBehavior [ RunTime:0.000000s ]
INFO: [ app_end ] --END-- [ RunTime:0.000000s ]

[ 2015-09-09T10:11:18+08:00 ] ::1 /czcf/home/api/getPassword/smmkey/3eef0f2cb569f66b61248104de523c101a1e4361
INFO: [ app_init ] --START--
INFO: Run Behavior\BuildLiteBehavior [ RunTime:0.000000s ]
INFO: [ app_init ] --END-- [ RunTime:0.001000s ]
INFO: [ app_begin ] --START--
INFO: Run Behavior\ReadHtmlCacheBehavior [ RunTime:0.000000s ]
INFO: [ app_begin ] --END-- [ RunTime:0.000000s ]

[ 2015-09-09T10:25:08+08:00 ] ::1 /czcf/home/api/checkPhoneVerify/smmkey/3eef0f2cb569f66b61248104de523c101a1e4361
INFO: [ app_init ] --START--
INFO: Run Behavior\BuildLiteBehavior [ RunTime:0.000000s ]
INFO: [ app_init ] --END-- [ RunTime:0.001000s ]
INFO: [ app_begin ] --START--
INFO: Run Behavior\ReadHtmlCacheBehavior [ RunTime:0.001000s ]
INFO: [ app_begin ] --END-- [ RunTime:0.001000s ]
INFO: [ app_end ] --START--
INFO: Run Behavior\ShowPageTraceBehavior [ RunTime:0.001000s ]
INFO: [ app_end ] --END-- [ RunTime:0.001000s ]

[ 2015-09-09T10:25:08+08:00 ] ::1 /czcf/home/api/getPhoneVerify/smmkey/3eef0f2cb569f66b61248104de523c101a1e4361
INFO: [ app_init ] --START--
INFO: Run Behavior\BuildLiteBehavior [ RunTime:0.000000s ]
INFO: [ app_init ] --END-- [ RunTime:0.001000s ]
INFO: [ app_begin ] --START--
INFO: Run Behavior\ReadHtmlCacheBehavior [ RunTime:0.000000s ]
INFO: [ app_begin ] --END-- [ RunTime:0.000000s ]
NOTIC: [8] Undefined index: port D:\phpStudy\WWW\czcf\Admin\Common\Common\function.php 第 148 行.
INFO: [ app_end ] --START--
INFO: Run Behavior\ShowPageTraceBehavior [ RunTime:0.001000s ]
INFO: [ app_end ] --END-- [ RunTime:0.001000s ]

[ 2015-09-09T10:25:16+08:00 ] ::1 /czcf/home/api/checkPhoneVerify/smmkey/3eef0f2cb569f66b61248104de523c101a1e4361
INFO: [ app_init ] --START--
INFO: Run Behavior\BuildLiteBehavior [ RunTime:0.000000s ]
INFO: [ app_init ] --END-- [ RunTime:0.000000s ]
INFO: [ app_begin ] --START--
INFO: Run Behavior\ReadHtmlCacheBehavior [ RunTime:0.000000s ]
INFO: [ app_begin ] --END-- [ RunTime:0.000000s ]
INFO: [ app_end ] --START--
INFO: Run Behavior\ShowPageTraceBehavior [ RunTime:0.000000s ]
INFO: [ app_end ] --END-- [ RunTime:0.000000s ]

[ 2015-09-09T10:25:16+08:00 ] ::1 /czcf/home/api/getPassword/smmkey/3eef0f2cb569f66b61248104de523c101a1e4361
INFO: [ app_init ] --START--
INFO: Run Behavior\BuildLiteBehavior [ RunTime:0.000000s ]
INFO: [ app_init ] --END-- [ RunTime:0.000000s ]
INFO: [ app_begin ] --START--
INFO: Run Behavior\ReadHtmlCacheBehavior [ RunTime:0.000000s ]
INFO: [ app_begin ] --END-- [ RunTime:0.000000s ]
NOTIC: [8] Undefined index: checkStatus D:\phpStudy\WWW\czcf\Admin\Home\Controller\ApiController.class.php 第 380 行.
INFO: [ app_end ] --START--
INFO: Run Behavior\ShowPageTraceBehavior [ RunTime:0.001000s ]
INFO: [ app_end ] --END-- [ RunTime:0.001000s ]

[ 2015-09-09T10:25:26+08:00 ] ::1 /czcf/home/api/checkPhoneVerify/smmkey/3eef0f2cb569f66b61248104de523c101a1e4361
INFO: [ app_init ] --START--
INFO: Run Behavior\BuildLiteBehavior [ RunTime:0.000000s ]
INFO: [ app_init ] --END-- [ RunTime:0.000000s ]
INFO: [ app_begin ] --START--
INFO: Run Behavior\ReadHtmlCacheBehavior [ RunTime:0.000000s ]
INFO: [ app_begin ] --END-- [ RunTime:0.000000s ]
INFO: [ app_end ] --START--
INFO: Run Behavior\ShowPageTraceBehavior [ RunTime:0.000000s ]
INFO: [ app_end ] --END-- [ RunTime:0.001000s ]

[ 2015-09-09T10:25:28+08:00 ] ::1 /czcf/home/api/getPassword/smmkey/3eef0f2cb569f66b61248104de523c101a1e4361
INFO: [ app_init ] --START--
INFO: Run Behavior\BuildLiteBehavior [ RunTime:0.000000s ]
INFO: [ app_init ] --END-- [ RunTime:0.000000s ]
INFO: [ app_begin ] --START--
INFO: Run Behavior\ReadHtmlCacheBehavior [ RunTime:0.000000s ]
INFO: [ app_begin ] --END-- [ RunTime:0.000000s ]
SQL: SHOW COLUMNS FROM `yyd_users` [ RunTime:0.0110s ]
NOTIC: [8] Undefined index: newpwd D:\phpStudy\WWW\czcf\Admin\Home\Controller\ApiController.class.php 第 384 行.
SQL: UPDATE `yyd_users` SET `password`='d41d8cd98f00b204e9800998ecf8427e' WHERE `user_id` = 36 [ RunTime:0.0010s ]
INFO: [ app_end ] --START--
INFO: Run Behavior\ShowPageTraceBehavior [ RunTime:0.001000s ]
INFO: [ app_end ] --END-- [ RunTime:0.001000s ]

[ 2015-09-09T10:26:03+08:00 ] ::1 /czcf/home/api/checkPhoneVerify/smmkey/3eef0f2cb569f66b61248104de523c101a1e4361
INFO: [ app_init ] --START--
INFO: Run Behavior\BuildLiteBehavior [ RunTime:0.000000s ]
INFO: [ app_init ] --END-- [ RunTime:0.001000s ]
INFO: [ app_begin ] --START--
INFO: Run Behavior\ReadHtmlCacheBehavior [ RunTime:0.000000s ]
INFO: [ app_begin ] --END-- [ RunTime:0.000000s ]
INFO: [ app_end ] --START--
INFO: Run Behavior\ShowPageTraceBehavior [ RunTime:0.000000s ]
INFO: [ app_end ] --END-- [ RunTime:0.000000s ]

[ 2015-09-09T10:26:11+08:00 ] ::1 /czcf/home/api/getPassword/smmkey/3eef0f2cb569f66b61248104de523c101a1e4361
INFO: [ app_init ] --START--
INFO: Run Behavior\BuildLiteBehavior [ RunTime:0.000000s ]
INFO: [ app_init ] --END-- [ RunTime:0.000000s ]
INFO: [ app_begin ] --START--
INFO: Run Behavior\ReadHtmlCacheBehavior [ RunTime:0.000000s ]
INFO: [ app_begin ] --END-- [ RunTime:0.000000s ]
SQL: SHOW COLUMNS FROM `yyd_users` [ RunTime:0.0090s ]
NOTIC: [8] Undefined index: newpwd D:\phpStudy\WWW\czcf\Admin\Home\Controller\ApiController.class.php 第 384 行.
SQL: UPDATE `yyd_users` SET `password`='d41d8cd98f00b204e9800998ecf8427e' WHERE `user_id` = 36 [ RunTime:0.0010s ]
INFO: [ app_end ] --START--
INFO: Run Behavior\ShowPageTraceBehavior [ RunTime:0.002000s ]
INFO: [ app_end ] --END-- [ RunTime:0.003000s ]

[ 2015-09-09T10:26:44+08:00 ] ::1 /czcf/home/api/getPassword/smmkey/3eef0f2cb569f66b61248104de523c101a1e4361
INFO: [ app_init ] --START--
INFO: Run Behavior\BuildLiteBehavior [ RunTime:0.000000s ]
INFO: [ app_init ] --END-- [ RunTime:0.001000s ]
INFO: [ app_begin ] --START--
INFO: Run Behavior\ReadHtmlCacheBehavior [ RunTime:0.001000s ]
INFO: [ app_begin ] --END-- [ RunTime:0.001000s ]
SQL: SHOW COLUMNS FROM `yyd_users` [ RunTime:0.0080s ]
NOTIC: [8] Undefined index: newpwd D:\phpStudy\WWW\czcf\Admin\Home\Controller\ApiController.class.php 第 384 行.
SQL: UPDATE `yyd_users` SET `password`='d41d8cd98f00b204e9800998ecf8427e' WHERE `user_id` = 36 [ RunTime:0.0010s ]
INFO: [ app_end ] --START--
INFO: Run Behavior\ShowPageTraceBehavior [ RunTime:0.002000s ]
INFO: [ app_end ] --END-- [ RunTime:0.002000s ]

[ 2015-09-09T10:27:17+08:00 ] ::1 /czcf/home/api/getPassword/smmkey/3eef0f2cb569f66b61248104de523c101a1e4361
INFO: [ app_init ] --START--
INFO: Run Behavior\BuildLiteBehavior [ RunTime:0.000000s ]
INFO: [ app_init ] --END-- [ RunTime:0.000000s ]
INFO: [ app_begin ] --START--
INFO: Run Behavior\ReadHtmlCacheBehavior [ RunTime:0.000000s ]
INFO: [ app_begin ] --END-- [ RunTime:0.000000s ]
SQL: SHOW COLUMNS FROM `yyd_users` [ RunTime:0.0080s ]
NOTIC: [8] Undefined index: newpwd D:\phpStudy\WWW\czcf\Admin\Home\Controller\ApiController.class.php 第 384 行.
SQL: UPDATE `yyd_users` SET `password`='d41d8cd98f00b204e9800998ecf8427e' WHERE `user_id` = 36 [ RunTime:0.0010s ]
INFO: [ app_end ] --START--
INFO: Run Behavior\ShowPageTraceBehavior [ RunTime:0.002000s ]
INFO: [ app_end ] --END-- [ RunTime:0.002000s ]

[ 2015-09-09T10:32:30+08:00 ] ::1 /czcf/home/api/getPassword/smmkey/3eef0f2cb569f66b61248104de523c101a1e4361
INFO: [ app_init ] --START--
INFO: Run Behavior\BuildLiteBehavior [ RunTime:0.000000s ]
INFO: [ app_init ] --END-- [ RunTime:0.000000s ]
INFO: [ app_begin ] --START--
INFO: Run Behavior\ReadHtmlCacheBehavior [ RunTime:0.000000s ]
INFO: [ app_begin ] --END-- [ RunTime:0.000000s ]

[ 2015-09-09T10:33:28+08:00 ] ::1 /czcf/home/api/checkPhoneVerify/smmkey/3eef0f2cb569f66b61248104de523c101a1e4361
INFO: [ app_init ] --START--
INFO: Run Behavior\BuildLiteBehavior [ RunTime:0.000000s ]
INFO: [ app_init ] --END-- [ RunTime:0.000000s ]
INFO: [ app_begin ] --START--
INFO: Run Behavior\ReadHtmlCacheBehavior [ RunTime:0.000000s ]
INFO: [ app_begin ] --END-- [ RunTime:0.000000s ]
INFO: [ app_end ] --START--
INFO: Run Behavior\ShowPageTraceBehavior [ RunTime:0.000000s ]
INFO: [ app_end ] --END-- [ RunTime:0.001000s ]

[ 2015-09-09T10:33:36+08:00 ] ::1 /czcf/home/api/checkPhoneVerify/smmkey/3eef0f2cb569f66b61248104de523c101a1e4361
INFO: [ app_init ] --START--
INFO: Run Behavior\BuildLiteBehavior [ RunTime:0.000000s ]
INFO: [ app_init ] --END-- [ RunTime:0.000000s ]
INFO: [ app_begin ] --START--
INFO: Run Behavior\ReadHtmlCacheBehavior [ RunTime:0.000000s ]
INFO: [ app_begin ] --END-- [ RunTime:0.001000s ]
INFO: [ app_end ] --START--
INFO: Run Behavior\ShowPageTraceBehavior [ RunTime:0.000000s ]
INFO: [ app_end ] --END-- [ RunTime:0.000000s ]

[ 2015-09-09T10:33:39+08:00 ] ::1 /czcf/home/api/checkPhoneVerify/smmkey/3eef0f2cb569f66b61248104de523c101a1e4361
INFO: [ app_init ] --START--
INFO: Run Behavior\BuildLiteBehavior [ RunTime:0.000000s ]
INFO: [ app_init ] --END-- [ RunTime:0.001000s ]
INFO: [ app_begin ] --START--
INFO: Run Behavior\ReadHtmlCacheBehavior [ RunTime:0.001000s ]
INFO: [ app_begin ] --END-- [ RunTime:0.001000s ]
INFO: [ app_end ] --START--
INFO: Run Behavior\ShowPageTraceBehavior [ RunTime:0.000000s ]
INFO: [ app_end ] --END-- [ RunTime:0.001000s ]

[ 2015-09-09T10:33:52+08:00 ] ::1 /czcf/home/api/getPassword/smmkey/3eef0f2cb569f66b61248104de523c101a1e4361
INFO: [ app_init ] --START--
INFO: Run Behavior\BuildLiteBehavior [ RunTime:0.000000s ]
INFO: [ app_init ] --END-- [ RunTime:0.001000s ]
INFO: [ app_begin ] --START--
INFO: Run Behavior\ReadHtmlCacheBehavior [ RunTime:0.000000s ]
INFO: [ app_begin ] --END-- [ RunTime:0.000000s ]

[ 2015-09-09T10:34:08+08:00 ] ::1 /czcf/home/api/getPassword/smmkey/3eef0f2cb569f66b61248104de523c101a1e4361
INFO: [ app_init ] --START--
INFO: Run Behavior\BuildLiteBehavior [ RunTime:0.000000s ]
INFO: [ app_init ] --END-- [ RunTime:0.001000s ]
INFO: [ app_begin ] --START--
INFO: Run Behavior\ReadHtmlCacheBehavior [ RunTime:0.001000s ]
INFO: [ app_begin ] --END-- [ RunTime:0.001000s ]

[ 2015-09-09T10:34:17+08:00 ] ::1 /czcf/home/api/getPassword/smmkey/3eef0f2cb569f66b61248104de523c101a1e4361
INFO: [ app_init ] --START--
INFO: Run Behavior\BuildLiteBehavior [ RunTime:0.000000s ]
INFO: [ app_init ] --END-- [ RunTime:0.001000s ]
INFO: [ app_begin ] --START--
INFO: Run Behavior\ReadHtmlCacheBehavior [ RunTime:0.001000s ]
INFO: [ app_begin ] --END-- [ RunTime:0.001000s ]

[ 2015-09-09T10:34:32+08:00 ] ::1 /czcf/home/api/getPassword/smmkey/3eef0f2cb569f66b61248104de523c101a1e4361
INFO: [ app_init ] --START--
INFO: Run Behavior\BuildLiteBehavior [ RunTime:0.000000s ]
INFO: [ app_init ] --END-- [ RunTime:0.001000s ]
INFO: [ app_begin ] --START--
INFO: Run Behavior\ReadHtmlCacheBehavior [ RunTime:0.001000s ]
INFO: [ app_begin ] --END-- [ RunTime:0.001000s ]

[ 2015-09-09T10:34:59+08:00 ] ::1 /czcf/home/api/getPassword/smmkey/3eef0f2cb569f66b61248104de523c101a1e4361
INFO: [ app_init ] --START--
INFO: Run Behavior\BuildLiteBehavior [ RunTime:0.000000s ]
INFO: [ app_init ] --END-- [ RunTime:0.001000s ]
INFO: [ app_begin ] --START--
INFO: Run Behavior\ReadHtmlCacheBehavior [ RunTime:0.000000s ]
INFO: [ app_begin ] --END-- [ RunTime:0.000000s ]

[ 2015-09-09T10:35:02+08:00 ] ::1 /czcf/home/api/getPassword/smmkey/3eef0f2cb569f66b61248104de523c101a1e4361
INFO: [ app_init ] --START--
INFO: Run Behavior\BuildLiteBehavior [ RunTime:0.000000s ]
INFO: [ app_init ] --END-- [ RunTime:0.000000s ]
INFO: [ app_begin ] --START--
INFO: Run Behavior\ReadHtmlCacheBehavior [ RunTime:0.000000s ]
INFO: [ app_begin ] --END-- [ RunTime:0.000000s ]

[ 2015-09-09T10:35:07+08:00 ] ::1 /czcf/home/api/getPassword/smmkey/3eef0f2cb569f66b61248104de523c101a1e4361
INFO: [ app_init ] --START--
INFO: Run Behavior\BuildLiteBehavior [ RunTime:0.000000s ]
INFO: [ app_init ] --END-- [ RunTime:0.000000s ]
INFO: [ app_begin ] --START--
INFO: Run Behavior\ReadHtmlCacheBehavior [ RunTime:0.000000s ]
INFO: [ app_begin ] --END-- [ RunTime:0.000000s ]

[ 2015-09-09T10:35:28+08:00 ] ::1 /czcf/home/api/getPassword/smmkey/3eef0f2cb569f66b61248104de523c101a1e4361
INFO: [ app_init ] --START--
INFO: Run Behavior\BuildLiteBehavior [ RunTime:0.000000s ]
INFO: [ app_init ] --END-- [ RunTime:0.000000s ]
INFO: [ app_begin ] --START--
INFO: Run Behavior\ReadHtmlCacheBehavior [ RunTime:0.001000s ]
INFO: [ app_begin ] --END-- [ RunTime:0.001000s ]

[ 2015-09-09T10:36:11+08:00 ] ::1 /czcf/home/api/getPassword/smmkey/3eef0f2cb569f66b61248104de523c101a1e4361
INFO: [ app_init ] --START--
INFO: Run Behavior\BuildLiteBehavior [ RunTime:0.000000s ]
INFO: [ app_init ] --END-- [ RunTime:0.001000s ]
INFO: [ app_begin ] --START--
INFO: Run Behavior\ReadHtmlCacheBehavior [ RunTime:0.001000s ]
INFO: [ app_begin ] --END-- [ RunTime:0.001000s ]

[ 2015-09-09T10:36:15+08:00 ] ::1 /czcf/home/api/getPassword/smmkey/3eef0f2cb569f66b61248104de523c101a1e4361
INFO: [ app_init ] --START--
INFO: Run Behavior\BuildLiteBehavior [ RunTime:0.000000s ]
INFO: [ app_init ] --END-- [ RunTime:0.000000s ]
INFO: [ app_begin ] --START--
INFO: Run Behavior\ReadHtmlCacheBehavior [ RunTime:0.001001s ]
INFO: [ app_begin ] --END-- [ RunTime:0.001001s ]

[ 2015-09-09T10:36:24+08:00 ] ::1 /czcf/home/api/getPassword/smmkey/3eef0f2cb569f66b61248104de523c101a1e4361
INFO: [ app_init ] --START--
INFO: Run Behavior\BuildLiteBehavior [ RunTime:0.000000s ]
INFO: [ app_init ] --END-- [ RunTime:0.001000s ]
INFO: [ app_begin ] --START--
INFO: Run Behavior\ReadHtmlCacheBehavior [ RunTime:0.000000s ]
INFO: [ app_begin ] --END-- [ RunTime:0.000000s ]
SQL: SHOW COLUMNS FROM `yyd_users` [ RunTime:0.0120s ]
NOTIC: [8] Undefined index: newpwd D:\phpStudy\WWW\czcf\Admin\Home\Controller\ApiController.class.php 第 391 行.
SQL: UPDATE `yyd_users` SET `password`='d41d8cd98f00b204e9800998ecf8427e' WHERE `user_id` = 36 [ RunTime:0.0010s ]
INFO: [ app_end ] --START--
INFO: Run Behavior\ShowPageTraceBehavior [ RunTime:0.002000s ]
INFO: [ app_end ] --END-- [ RunTime:0.002000s ]

[ 2015-09-09T10:37:03+08:00 ] ::1 /czcf/home/api/getPassword/smmkey/3eef0f2cb569f66b61248104de523c101a1e4361
INFO: [ app_init ] --START--
INFO: Run Behavior\BuildLiteBehavior [ RunTime:0.000000s ]
INFO: [ app_init ] --END-- [ RunTime:0.001000s ]
INFO: [ app_begin ] --START--
INFO: Run Behavior\ReadHtmlCacheBehavior [ RunTime:0.001000s ]
INFO: [ app_begin ] --END-- [ RunTime:0.001000s ]
SQL: SHOW COLUMNS FROM `yyd_users` [ RunTime:0.0020s ]
NOTIC: [8] Undefined index: newpwd D:\phpStudy\WWW\czcf\Admin\Home\Controller\ApiController.class.php 第 391 行.
SQL: UPDATE `yyd_users` SET `password`='d41d8cd98f00b204e9800998ecf8427e' WHERE `user_id` = 36 [ RunTime:0.0010s ]
INFO: [ app_end ] --START--
INFO: Run Behavior\ShowPageTraceBehavior [ RunTime:0.000000s ]
INFO: [ app_end ] --END-- [ RunTime:0.000000s ]

[ 2015-09-09T10:37:59+08:00 ] ::1 /czcf/home/api/getPassword/smmkey/3eef0f2cb569f66b61248104de523c101a1e4361
INFO: [ app_init ] --START--
INFO: Run Behavior\BuildLiteBehavior [ RunTime:0.000000s ]
INFO: [ app_init ] --END-- [ RunTime:0.001000s ]
INFO: [ app_begin ] --START--
INFO: Run Behavior\ReadHtmlCacheBehavior [ RunTime:0.001000s ]
INFO: [ app_begin ] --END-- [ RunTime:0.001000s ]

[ 2015-09-09T10:38:07+08:00 ] ::1 /czcf/home/api/getPassword/smmkey/3eef0f2cb569f66b61248104de523c101a1e4361
INFO: [ app_init ] --START--
INFO: Run Behavior\BuildLiteBehavior [ RunTime:0.000000s ]
INFO: [ app_init ] --END-- [ RunTime:0.001000s ]
INFO: [ app_begin ] --START--
INFO: Run Behavior\ReadHtmlCacheBehavior [ RunTime:0.001000s ]
INFO: [ app_begin ] --END-- [ RunTime:0.001000s ]
SQL: SHOW COLUMNS FROM `yyd_users` [ RunTime:0.0120s ]
SQL: UPDATE `yyd_users` SET `password`='4297f44b13955235245b2497399d7a93' WHERE `user_id` = 36 [ RunTime:0.0000s ]
INFO: [ app_end ] --START--
INFO: Run Behavior\ShowPageTraceBehavior [ RunTime:0.001000s ]
INFO: [ app_end ] --END-- [ RunTime:0.001000s ]

[ 2015-09-09T10:39:18+08:00 ] ::1 /czcf/home/api/getPassword/smmkey/3eef0f2cb569f66b61248104de523c101a1e4361
INFO: [ app_init ] --START--
INFO: Run Behavior\BuildLiteBehavior [ RunTime:0.000000s ]
INFO: [ app_init ] --END-- [ RunTime:0.000000s ]
INFO: [ app_begin ] --START--
INFO: Run Behavior\ReadHtmlCacheBehavior [ RunTime:0.000000s ]
INFO: [ app_begin ] --END-- [ RunTime:0.000000s ]
SQL: SHOW COLUMNS FROM `yyd_users` [ RunTime:0.0100s ]
SQL: UPDATE `yyd_users` SET `password`='4297f44b13955235245b2497399d7a93' WHERE `user_id` = 36 [ RunTime:0.0000s ]
INFO: [ app_end ] --START--
INFO: Run Behavior\ShowPageTraceBehavior [ RunTime:0.003000s ]
INFO: [ app_end ] --END-- [ RunTime:0.003000s ]

[ 2015-09-09T10:39:36+08:00 ] ::1 /czcf/home/api/getPassword/smmkey/3eef0f2cb569f66b61248104de523c101a1e4361
INFO: [ app_init ] --START--
INFO: Run Behavior\BuildLiteBehavior [ RunTime:0.000000s ]
INFO: [ app_init ] --END-- [ RunTime:0.001000s ]
INFO: [ app_begin ] --START--
INFO: Run Behavior\ReadHtmlCacheBehavior [ RunTime:0.000000s ]
INFO: [ app_begin ] --END-- [ RunTime:0.000000s ]
NOTIC: [8] Undefined index: checkStatus D:\phpStudy\WWW\czcf\Admin\Home\Controller\ApiController.class.php 第 384 行.
INFO: [ app_end ] --START--
INFO: Run Behavior\ShowPageTraceBehavior [ RunTime:0.001000s ]
INFO: [ app_end ] --END-- [ RunTime:0.001000s ]

[ 2015-09-09T10:39:56+08:00 ] ::1 /czcf/home/api/getPassword/smmkey/3eef0f2cb569f66b61248104de523c101a1e4361
INFO: [ app_init ] --START--
INFO: Run Behavior\BuildLiteBehavior [ RunTime:0.000000s ]
INFO: [ app_init ] --END-- [ RunTime:0.000000s ]
INFO: [ app_begin ] --START--
INFO: Run Behavior\ReadHtmlCacheBehavior [ RunTime:0.001000s ]
INFO: [ app_begin ] --END-- [ RunTime:0.001000s ]
NOTIC: [8] Undefined index: checkStatus D:\phpStudy\WWW\czcf\Admin\Home\Controller\ApiController.class.php 第 384 行.
INFO: [ app_end ] --START--
INFO: Run Behavior\ShowPageTraceBehavior [ RunTime:0.001000s ]
INFO: [ app_end ] --END-- [ RunTime:0.001000s ]

[ 2015-09-09T10:40:06+08:00 ] ::1 /czcf/home/api/getPassword/smmkey/3eef0f2cb569f66b61248104de523c101a1e4361
INFO: [ app_init ] --START--
INFO: Run Behavior\BuildLiteBehavior [ RunTime:0.000000s ]
INFO: [ app_init ] --END-- [ RunTime:0.000000s ]
INFO: [ app_begin ] --START--
INFO: Run Behavior\ReadHtmlCacheBehavior [ RunTime:0.000000s ]
INFO: [ app_begin ] --END-- [ RunTime:0.000000s ]
NOTIC: [8] Undefined index: checkStatus D:\phpStudy\WWW\czcf\Admin\Home\Controller\ApiController.class.php 第 384 行.
INFO: [ app_end ] --START--
INFO: Run Behavior\ShowPageTraceBehavior [ RunTime:0.000000s ]
INFO: [ app_end ] --END-- [ RunTime:0.000000s ]

[ 2015-09-09T10:40:16+08:00 ] ::1 /czcf/home/api/getPassword/smmkey/3eef0f2cb569f66b61248104de523c101a1e4361
INFO: [ app_init ] --START--
INFO: Run Behavior\BuildLiteBehavior [ RunTime:0.000000s ]
INFO: [ app_init ] --END-- [ RunTime:0.001001s ]
INFO: [ app_begin ] --START--
INFO: Run Behavior\ReadHtmlCacheBehavior [ RunTime:0.001000s ]
INFO: [ app_begin ] --END-- [ RunTime:0.001000s ]
NOTIC: [8] Undefined index: checkStatus D:\phpStudy\WWW\czcf\Admin\Home\Controller\ApiController.class.php 第 384 行.
INFO: [ app_end ] --START--
INFO: Run Behavior\ShowPageTraceBehavior [ RunTime:0.000000s ]
INFO: [ app_end ] --END-- [ RunTime:0.000000s ]

[ 2015-09-09T10:40:26+08:00 ] ::1 /czcf/home/api/getPassword/smmkey/3eef0f2cb569f66b61248104de523c101a1e4361
INFO: [ app_init ] --START--
INFO: Run Behavior\BuildLiteBehavior [ RunTime:0.000000s ]
INFO: [ app_init ] --END-- [ RunTime:0.001000s ]
INFO: [ app_begin ] --START--
INFO: Run Behavior\ReadHtmlCacheBehavior [ RunTime:0.001000s ]
INFO: [ app_begin ] --END-- [ RunTime:0.001000s ]
NOTIC: [8] Undefined index: checkStatus D:\phpStudy\WWW\czcf\Admin\Home\Controller\ApiController.class.php 第 384 行.
INFO: [ app_end ] --START--
INFO: Run Behavior\ShowPageTraceBehavior [ RunTime:0.000000s ]
INFO: [ app_end ] --END-- [ RunTime:0.000000s ]

[ 2015-09-09T10:43:15+08:00 ] ::1 /czcf/
INFO: [ app_init ] --START--
INFO: Run Behavior\BuildLiteBehavior [ RunTime:0.000000s ]
INFO: [ app_init ] --END-- [ RunTime:0.001001s ]
INFO: [ app_begin ] --START--
INFO: Run Behavior\ReadHtmlCacheBehavior [ RunTime:0.000000s ]
INFO: [ app_begin ] --END-- [ RunTime:0.000000s ]
INFO: [ view_parse ] --START--
INFO: [ template_filter ] --START--
INFO: Run Behavior\ContentReplaceBehavior [ RunTime:0.000000s ]
INFO: [ template_filter ] --END-- [ RunTime:0.000000s ]
INFO: Run Behavior\ParseTemplateBehavior [ RunTime:0.005000s ]
INFO: [ view_parse ] --END-- [ RunTime:0.005000s ]
INFO: [ view_filter ] --START--
INFO: Run Behavior\WriteHtmlCacheBehavior [ RunTime:0.000000s ]
INFO: [ view_filter ] --END-- [ RunTime:0.000000s ]

[ 2015-09-09T10:43:18+08:00 ] ::1 /czcf/home/login/index
INFO: [ app_init ] --START--
INFO: Run Behavior\BuildLiteBehavior [ RunTime:0.000000s ]
INFO: [ app_init ] --END-- [ RunTime:0.000000s ]
INFO: [ app_begin ] --START--
INFO: Run Behavior\ReadHtmlCacheBehavior [ RunTime:0.001000s ]
INFO: [ app_begin ] --END-- [ RunTime:0.001000s ]
INFO: [ view_parse ] --START--
INFO: [ template_filter ] --START--
INFO: Run Behavior\ContentReplaceBehavior [ RunTime:0.000000s ]
INFO: [ template_filter ] --END-- [ RunTime:0.000000s ]
INFO: Run Behavior\ParseTemplateBehavior [ RunTime:0.005001s ]
INFO: [ view_parse ] --END-- [ RunTime:0.005001s ]
INFO: [ view_filter ] --START--
INFO: Run Behavior\WriteHtmlCacheBehavior [ RunTime:0.000000s ]
INFO: [ view_filter ] --END-- [ RunTime:0.000000s ]
INFO: [ app_end ] --START--
INFO: Run Behavior\ShowPageTraceBehavior [ RunTime:0.001000s ]
INFO: [ app_end ] --END-- [ RunTime:0.001000s ]

[ 2015-09-09T10:43:18+08:00 ] ::1 /czcf/home/login/verify
INFO: [ app_init ] --START--
INFO: Run Behavior\BuildLiteBehavior [ RunTime:0.000000s ]
INFO: [ app_init ] --END-- [ RunTime:0.001000s ]
INFO: [ app_begin ] --START--
INFO: Run Behavior\ReadHtmlCacheBehavior [ RunTime:0.001000s ]
INFO: [ app_begin ] --END-- [ RunTime:0.001000s ]
INFO: [ app_end ] --START--
INFO: Run Behavior\ShowPageTraceBehavior [ RunTime:0.001000s ]
INFO: [ app_end ] --END-- [ RunTime:0.001000s ]

[ 2015-09-09T10:43:25+08:00 ] ::1 /czcf/home/login/checklogin
INFO: [ app_init ] --START--
INFO: Run Behavior\BuildLiteBehavior [ RunTime:0.000000s ]
INFO: [ app_init ] --END-- [ RunTime:0.000000s ]
INFO: [ app_begin ] --START--
INFO: Run Behavior\ReadHtmlCacheBehavior [ RunTime:0.000000s ]
INFO: [ app_begin ] --END-- [ RunTime:0.000000s ]
SQL: SHOW COLUMNS FROM `yyd_admin` [ RunTime:0.0020s ]
SQL: SELECT * FROM `yyd_admin` WHERE `username` = 'admin' AND `password` = '21232f297a57a5a743894a0e4a801fc3' LIMIT 1   [ RunTime:0.0010s ]
SQL: UPDATE `yyd_admin` SET `update_time`='1441760081',`update_ip`='0.0.0.0',`login_time`='1441766605',`login_ip`='0.0.0.0' WHERE `id` = 1 [ RunTime:0.0000s ]
INFO: [ view_parse ] --START--
INFO: [ template_filter ] --START--
INFO: Run Behavior\ContentReplaceBehavior [ RunTime:0.000000s ]
INFO: [ template_filter ] --END-- [ RunTime:0.000000s ]
INFO: Run Behavior\ParseTemplateBehavior [ RunTime:0.004000s ]
INFO: [ view_parse ] --END-- [ RunTime:0.004000s ]
INFO: [ view_filter ] --START--
INFO: Run Behavior\WriteHtmlCacheBehavior [ RunTime:0.000000s ]
INFO: [ view_filter ] --END-- [ RunTime:0.000000s ]
INFO: [ app_end ] --START--
INFO: Run Behavior\ShowPageTraceBehavior [ RunTime:0.000000s ]
INFO: [ app_end ] --END-- [ RunTime:0.000000s ]

[ 2015-09-09T10:43:28+08:00 ] ::1 /czcf/home/index/index
INFO: [ app_init ] --START--
INFO: Run Behavior\BuildLiteBehavior [ RunTime:0.000000s ]
INFO: [ app_init ] --END-- [ RunTime:0.000000s ]
INFO: [ app_begin ] --START--
INFO: Run Behavior\ReadHtmlCacheBehavior [ RunTime:0.000000s ]
INFO: [ app_begin ] --END-- [ RunTime:0.000000s ]
SQL: SHOW COLUMNS FROM `yyd_admin` [ RunTime:0.0040s ]
SQL: SHOW COLUMNS FROM `yyd_admin_type` [ RunTime:0.0030s ]
SQL: SELECT admin.id AS id,admin.username AS username,admin.adminname AS adminname,admin.type_id AS type_id,admin.qq AS qq,admin.phone AS phone,admin.addtime AS addtime,admin.addip AS addip,admin.update_time AS update_time,admin.update_ip AS update_ip,admin.login_time AS login_time,admin.login_ip AS login_ip,admin_type.name AS name FROM yyd_admin admin LEFT JOIN yyd_admin_type admin_type ON admin.type_id = admin_type.id WHERE admin.id = '1' LIMIT 1   [ RunTime:0.0010s ]
NOTIC: [8192] mysql_connect(): The mysql extension is deprecated and will be removed in the future: use mysqli or PDO instead D:\phpStudy\WWW\czcf\Admin\Home\Controller\IndexController.class.php 第 14 行.
INFO: [ view_parse ] --START--
INFO: [ template_filter ] --START--
INFO: Run Behavior\ContentReplaceBehavior [ RunTime:0.000000s ]
INFO: [ template_filter ] --END-- [ RunTime:0.001000s ]
NOTIC: [8] Use of undefined constant login_ip - assumed 'login_ip' D:\phpStudy\WWW\czcf\Admin\Runtime\Cache\Home\55843b8195cd32862e5dfa640df6e51d.php 第 388 行.
NOTIC: [8] Array to string conversion D:\phpStudy\WWW\czcf\Admin\Runtime\Cache\Home\55843b8195cd32862e5dfa640df6e51d.php 第 388 行.
INFO: Run Behavior\ParseTemplateBehavior [ RunTime:0.030001s ]
INFO: [ view_parse ] --END-- [ RunTime:0.030001s ]
INFO: [ view_filter ] --START--
INFO: Run Behavior\WriteHtmlCacheBehavior [ RunTime:0.001000s ]
INFO: [ view_filter ] --END-- [ RunTime:0.001000s ]
INFO: [ app_end ] --START--
INFO: Run Behavior\ShowPageTraceBehavior [ RunTime:0.000000s ]
INFO: [ app_end ] --END-- [ RunTime:0.000000s ]

[ 2015-09-09T11:11:10+08:00 ] 127.0.0.1 /czcf/home/api/login/smmkey/3eef0f2cb569f66b61248104de523c101a1e4361
INFO: [ app_init ] --START--
INFO: Run Behavior\BuildLiteBehavior [ RunTime:0.000000s ]
INFO: [ app_init ] --END-- [ RunTime:0.001000s ]
INFO: [ app_begin ] --START--
INFO: Run Behavior\ReadHtmlCacheBehavior [ RunTime:0.000000s ]
INFO: [ app_begin ] --END-- [ RunTime:0.000000s ]
SQL: SHOW COLUMNS FROM `yyd_users` [ RunTime:0.0100s ]
SQL: SHOW COLUMNS FROM `yyd_users_info` [ RunTime:0.0100s ]
SQL: SELECT users.user_id AS user_id,users.username AS username,users.email AS email,users.logintime AS logintime,users.reg_ip AS reg_ip,users.reg_time AS reg_time,users.last_ip AS last_ip,users.last_time AS last_time,users_info.niname AS niname,users_info.type_id AS type_id,users_info.status AS status,users_info.realname AS realname,users_info.phone AS phone,users_info.phone_status AS phone_status FROM yyd_users users LEFT JOIN yyd_users_info users_info ON users.user_id = users_info.user_id WHERE `password` = '4297f44b13955235245b2497399d7a93' AND users.username = 'longjianwei' LIMIT 1   [ RunTime:0.0010s ]
SQL: UPDATE `yyd_users` SET `logintime`='10',`up_ip`='0.0.0.0',`up_time`='1441760185',`last_ip`='127.0.0.1',`last_time`='1441768270' WHERE `user_id` = 36 [ RunTime:0.0010s ]
INFO: [ app_end ] --START--
INFO: Run Behavior\ShowPageTraceBehavior [ RunTime:0.001000s ]
INFO: [ app_end ] --END-- [ RunTime:0.002000s ]

