[ 2015-09-24T10:12:20+08:00 ] ::1 /czcf/home/api/borrowList/smmkey/3eef0f2cb569f66b61248104de523c101a1e4361
INFO: [ app_init ] --START--
INFO: Run Behavior\BuildLiteBehavior [ RunTime:0.000000s ]
INFO: [ app_init ] --END-- [ RunTime:0.000000s ]
INFO: [ app_begin ] --START--
INFO: Run Behavior\ReadHtmlCacheBehavior [ RunTime:0.000000s ]
INFO: [ app_begin ] --END-- [ RunTime:0.000000s ]

[ 2015-09-24T10:12:37+08:00 ] ::1 /czcf/home/api/borrowList/smmkey/3eef0f2cb569f66b61248104de523c101a1e4361
INFO: [ app_init ] --START--
INFO: Run Behavior\BuildLiteBehavior [ RunTime:0.000000s ]
INFO: [ app_init ] --END-- [ RunTime:0.001000s ]
INFO: [ app_begin ] --START--
INFO: Run Behavior\ReadHtmlCacheBehavior [ RunTime:0.001000s ]
INFO: [ app_begin ] --END-- [ RunTime:0.001000s ]
SQL: SHOW COLUMNS FROM `yyd_borrow` [ RunTime:0.0830s ]
SQL: SELECT COUNT(*) AS tp_count FROM `yyd_borrow` INNER JOIN yyd_credit ON yyd_credit.user_id = yyd_borrow.user_id  WHERE ( (`status`=1 AND `borrow_end_time`>1443060755) OR `status`=3 ) LIMIT 1   [ RunTime:0.0120s ]
SQL: SELECT `name`,`status`,`account`,`borrow_nid`,`borrow_account_yes`,`borrow_account_wait`,`borrow_style`,`borrow_period`,`borrow_apr`,`borrow_end_time`,`addtime`,`award_status`,`recommend`,yyd_credit.credit FROM `yyd_borrow` INNER JOIN yyd_credit ON yyd_credit.user_id = yyd_borrow.user_id  WHERE ( (`status`=1 AND `borrow_end_time`>1443060755) OR `status`=3 ) ORDER BY  `addtime` desc,`order` desc LIMIT 0,10   [ RunTime:0.0030s ]
INFO: [ app_end ] --START--
INFO: Run Behavior\ShowPageTraceBehavior [ RunTime:0.002001s ]
INFO: [ app_end ] --END-- [ RunTime:0.002001s ]

[ 2015-09-24T10:17:42+08:00 ] ::1 /czcf/home/api/borrowList/smmkey/3eef0f2cb569f66b61248104de523c101a1e4361
INFO: [ app_init ] --START--
INFO: Run Behavior\BuildLiteBehavior [ RunTime:0.000000s ]
INFO: [ app_init ] --END-- [ RunTime:0.001000s ]
INFO: [ app_begin ] --START--
INFO: Run Behavior\ReadHtmlCacheBehavior [ RunTime:0.000000s ]
INFO: [ app_begin ] --END-- [ RunTime:0.001000s ]
SQL: SHOW COLUMNS FROM `yyd_borrow` [ RunTime:0.0130s ]
SQL: SELECT COUNT(*) AS tp_count FROM `yyd_borrow` INNER JOIN yyd_credit ON yyd_credit.user_id = yyd_borrow.user_id  WHERE ( (`status`=1 AND `borrow_end_time`>1443061061) OR `status`=3 ) LIMIT 1   [ RunTime:0.0020s ]
SQL: SELECT `name`,`status`,`account`,`borrow_nid`,`borrow_account_yes`,`borrow_account_wait`,`borrow_style`,`borrow_period`,`borrow_apr`,`borrow_end_time`,`addtime`,`award_status`,`recommend`,yyd_credit.credit FROM `yyd_borrow` INNER JOIN yyd_credit ON yyd_credit.user_id = yyd_borrow.user_id  WHERE ( (`status`=1 AND `borrow_end_time`>1443061061) OR `status`=3 ) ORDER BY  `addtime` desc,`order` desc LIMIT 0,10   [ RunTime:0.0010s ]
INFO: [ app_end ] --START--
INFO: Run Behavior\ShowPageTraceBehavior [ RunTime:0.001000s ]
INFO: [ app_end ] --END-- [ RunTime:0.001000s ]

[ 2015-09-24T10:17:58+08:00 ] ::1 /czcf/home/api/borrowList/smmkey/3eef0f2cb569f66b61248104de523c101a1e4361/borrow_type/credit
INFO: [ app_init ] --START--
INFO: Run Behavior\BuildLiteBehavior [ RunTime:0.000000s ]
INFO: [ app_init ] --END-- [ RunTime:0.000000s ]
INFO: [ app_begin ] --START--
INFO: Run Behavior\ReadHtmlCacheBehavior [ RunTime:0.001000s ]
INFO: [ app_begin ] --END-- [ RunTime:0.001000s ]
SQL: SHOW COLUMNS FROM `yyd_borrow` [ RunTime:0.0130s ]
SQL: SELECT COUNT(*) AS tp_count FROM `yyd_borrow` INNER JOIN yyd_credit ON yyd_credit.user_id = yyd_borrow.user_id  WHERE ( (`status`=1 AND `borrow_end_time`>1443061077) OR `status`=3 ) LIMIT 1   [ RunTime:0.0010s ]
SQL: SELECT `name`,`status`,`account`,`borrow_nid`,`borrow_account_yes`,`borrow_account_wait`,`borrow_style`,`borrow_period`,`borrow_apr`,`borrow_end_time`,`addtime`,`award_status`,`recommend`,yyd_credit.credit FROM `yyd_borrow` INNER JOIN yyd_credit ON yyd_credit.user_id = yyd_borrow.user_id  WHERE ( (`status`=1 AND `borrow_end_time`>1443061077) OR `status`=3 ) ORDER BY  `addtime` desc,`order` desc LIMIT 0,10   [ RunTime:0.0020s ]
INFO: [ app_end ] --START--
INFO: Run Behavior\ShowPageTraceBehavior [ RunTime:0.001000s ]
INFO: [ app_end ] --END-- [ RunTime:0.001000s ]

[ 2015-09-24T10:18:15+08:00 ] ::1 /czcf/home/api/borrowList/smmkey/3eef0f2cb569f66b61248104de523c101a1e4361/borrow_type/credit/borrow_period/3
INFO: [ app_init ] --START--
INFO: Run Behavior\BuildLiteBehavior [ RunTime:0.000000s ]
INFO: [ app_init ] --END-- [ RunTime:0.000000s ]
INFO: [ app_begin ] --START--
INFO: Run Behavior\ReadHtmlCacheBehavior [ RunTime:0.001000s ]
INFO: [ app_begin ] --END-- [ RunTime:0.001000s ]
SQL: SHOW COLUMNS FROM `yyd_borrow` [ RunTime:0.0040s ]
SQL: SELECT COUNT(*) AS tp_count FROM `yyd_borrow` INNER JOIN yyd_credit ON yyd_credit.user_id = yyd_borrow.user_id  WHERE ( (`status`=1 AND `borrow_end_time`>1443061094) OR `status`=3 ) LIMIT 1   [ RunTime:0.0000s ]
SQL: SELECT `name`,`status`,`account`,`borrow_nid`,`borrow_account_yes`,`borrow_account_wait`,`borrow_style`,`borrow_period`,`borrow_apr`,`borrow_end_time`,`addtime`,`award_status`,`recommend`,yyd_credit.credit FROM `yyd_borrow` INNER JOIN yyd_credit ON yyd_credit.user_id = yyd_borrow.user_id  WHERE ( (`status`=1 AND `borrow_end_time`>1443061094) OR `status`=3 ) ORDER BY  `addtime` desc,`order` desc LIMIT 0,10   [ RunTime:0.0010s ]
INFO: [ app_end ] --START--
INFO: Run Behavior\ShowPageTraceBehavior [ RunTime:0.001000s ]
INFO: [ app_end ] --END-- [ RunTime:0.001000s ]

[ 2015-09-24T10:18:23+08:00 ] ::1 /czcf/home/api/borrowList/smmkey/3eef0f2cb569f66b61248104de523c101a1e4361/borrow_type/credit/borrow_period/3
INFO: [ app_init ] --START--
INFO: Run Behavior\BuildLiteBehavior [ RunTime:0.000000s ]
INFO: [ app_init ] --END-- [ RunTime:0.000000s ]
INFO: [ app_begin ] --START--
INFO: Run Behavior\ReadHtmlCacheBehavior [ RunTime:0.001000s ]
INFO: [ app_begin ] --END-- [ RunTime:0.001000s ]
SQL: SHOW COLUMNS FROM `yyd_borrow` [ RunTime:0.0140s ]
SQL: SELECT COUNT(*) AS tp_count FROM `yyd_borrow` INNER JOIN yyd_credit ON yyd_credit.user_id = yyd_borrow.user_id  WHERE ( (`status`=1 AND `borrow_end_time`>1443061102) OR `status`=3 ) LIMIT 1   [ RunTime:0.0010s ]
SQL: SELECT `name`,`status`,`account`,`borrow_nid`,`borrow_account_yes`,`borrow_account_wait`,`borrow_style`,`borrow_period`,`borrow_apr`,`borrow_end_time`,`addtime`,`award_status`,`recommend`,yyd_credit.credit FROM `yyd_borrow` INNER JOIN yyd_credit ON yyd_credit.user_id = yyd_borrow.user_id  WHERE ( (`status`=1 AND `borrow_end_time`>1443061102) OR `status`=3 ) ORDER BY  `addtime` desc,`order` desc LIMIT 0,10   [ RunTime:0.0010s ]
INFO: [ app_end ] --START--
INFO: Run Behavior\ShowPageTraceBehavior [ RunTime:0.001000s ]
INFO: [ app_end ] --END-- [ RunTime:0.001000s ]

[ 2015-09-24T10:18:45+08:00 ] ::1 /czcf/home/api/borrowList/smmkey/3eef0f2cb569f66b61248104de523c101a1e4361/borrow_type/credit/borrow_period/3
INFO: [ app_init ] --START--
INFO: Run Behavior\BuildLiteBehavior [ RunTime:0.000000s ]
INFO: [ app_init ] --END-- [ RunTime:0.000000s ]
INFO: [ app_begin ] --START--
INFO: Run Behavior\ReadHtmlCacheBehavior [ RunTime:0.001000s ]
INFO: [ app_begin ] --END-- [ RunTime:0.001000s ]
SQL: SHOW COLUMNS FROM `yyd_borrow` [ RunTime:0.0030s ]
SQL: SELECT COUNT(*) AS tp_count FROM `yyd_borrow` INNER JOIN yyd_credit ON yyd_credit.user_id = yyd_borrow.user_id  WHERE ( (`status`=1 AND `borrow_end_time`>1443061124) OR `status`=3 ) LIMIT 1   [ RunTime:0.0000s ]
SQL: SELECT `name`,`status`,`account`,`borrow_nid`,`borrow_account_yes`,`borrow_account_wait`,`borrow_style`,`borrow_period`,`borrow_apr`,`borrow_end_time`,`addtime`,`award_status`,`recommend`,yyd_credit.credit FROM `yyd_borrow` INNER JOIN yyd_credit ON yyd_credit.user_id = yyd_borrow.user_id  WHERE ( (`status`=1 AND `borrow_end_time`>1443061124) OR `status`=3 ) ORDER BY  `addtime` desc,`order` desc LIMIT 0,10   [ RunTime:0.0000s ]
INFO: [ app_end ] --START--
INFO: Run Behavior\ShowPageTraceBehavior [ RunTime:0.000000s ]
INFO: [ app_end ] --END-- [ RunTime:0.000000s ]

[ 2015-09-24T10:19:00+08:00 ] ::1 /czcf/home/api/borrowList/smmkey/3eef0f2cb569f66b61248104de523c101a1e4361/borrow_type/credit/borrow_period/lt3
INFO: [ app_init ] --START--
INFO: Run Behavior\BuildLiteBehavior [ RunTime:0.000000s ]
INFO: [ app_init ] --END-- [ RunTime:0.001000s ]
INFO: [ app_begin ] --START--
INFO: Run Behavior\ReadHtmlCacheBehavior [ RunTime:0.001000s ]
INFO: [ app_begin ] --END-- [ RunTime:0.001000s ]
SQL: SHOW COLUMNS FROM `yyd_borrow` [ RunTime:0.0040s ]
SQL: SELECT COUNT(*) AS tp_count FROM `yyd_borrow` INNER JOIN yyd_credit ON yyd_credit.user_id = yyd_borrow.user_id  WHERE ( (`status`=1 AND `borrow_end_time`>1443061139) OR `status`=3 ) LIMIT 1   [ RunTime:0.0010s ]
SQL: SELECT `name`,`status`,`account`,`borrow_nid`,`borrow_account_yes`,`borrow_account_wait`,`borrow_style`,`borrow_period`,`borrow_apr`,`borrow_end_time`,`addtime`,`award_status`,`recommend`,yyd_credit.credit FROM `yyd_borrow` INNER JOIN yyd_credit ON yyd_credit.user_id = yyd_borrow.user_id  WHERE ( (`status`=1 AND `borrow_end_time`>1443061139) OR `status`=3 ) ORDER BY  `addtime` desc,`order` desc LIMIT 0,10   [ RunTime:0.0010s ]
INFO: [ app_end ] --START--
INFO: Run Behavior\ShowPageTraceBehavior [ RunTime:0.000000s ]
INFO: [ app_end ] --END-- [ RunTime:0.000000s ]

[ 2015-09-24T10:36:01+08:00 ] ::1 /czcf/home/api/borrowList/smmkey/3eef0f2cb569f66b61248104de523c101a1e4361/borrow_type/credit/borrow_period/lt3
INFO: [ app_init ] --START--
INFO: Run Behavior\BuildLiteBehavior [ RunTime:0.000000s ]
INFO: [ app_init ] --END-- [ RunTime:0.000000s ]
INFO: [ app_begin ] --START--
INFO: Run Behavior\ReadHtmlCacheBehavior [ RunTime:0.001000s ]
INFO: [ app_begin ] --END-- [ RunTime:0.001000s ]
SQL: SHOW COLUMNS FROM `yyd_borrow` [ RunTime:0.0080s ]
SQL: SELECT COUNT(*) AS tp_count FROM `yyd_borrow` INNER JOIN yyd_credit ON yyd_credit.user_id = yyd_borrow.user_id  WHERE ( (`status`=1 AND `borrow_end_time`>1443062160) OR `status`=3 ) LIMIT 1   [ RunTime:0.0020s ]
SQL: SELECT `name`,`status`,`account`,`borrow_nid`,`borrow_account_yes`,`borrow_account_wait`,`borrow_style`,`borrow_period`,`borrow_apr`,`borrow_end_time`,`addtime`,`award_status`,`recommend`,yyd_credit.credit FROM `yyd_borrow` INNER JOIN yyd_credit ON yyd_credit.user_id = yyd_borrow.user_id  WHERE ( (`status`=1 AND `borrow_end_time`>1443062160) OR `status`=3 ) ORDER BY  `addtime` desc,`order` desc LIMIT 0,10   [ RunTime:0.0010s ]
INFO: [ app_end ] --START--
INFO: Run Behavior\ShowPageTraceBehavior [ RunTime:0.001000s ]
INFO: [ app_end ] --END-- [ RunTime:0.001000s ]

[ 2015-09-24T10:36:18+08:00 ] ::1 /czcf/home/api/borrowList/smmkey/3eef0f2cb569f66b61248104de523c101a1e4361/borrow_type/credit/borrow_period/egt3&lt6
INFO: [ app_init ] --START--
INFO: Run Behavior\BuildLiteBehavior [ RunTime:0.000000s ]
INFO: [ app_init ] --END-- [ RunTime:0.001000s ]
INFO: [ app_begin ] --START--
INFO: Run Behavior\ReadHtmlCacheBehavior [ RunTime:0.001000s ]
INFO: [ app_begin ] --END-- [ RunTime:0.001000s ]
SQL: SHOW COLUMNS FROM `yyd_borrow` [ RunTime:0.0120s ]
SQL: SELECT COUNT(*) AS tp_count FROM `yyd_borrow` INNER JOIN yyd_credit ON yyd_credit.user_id = yyd_borrow.user_id  WHERE ( (`status`=1 AND `borrow_end_time`>1443062177) OR `status`=3 ) LIMIT 1   [ RunTime:0.0010s ]
SQL: SELECT `name`,`status`,`account`,`borrow_nid`,`borrow_account_yes`,`borrow_account_wait`,`borrow_style`,`borrow_period`,`borrow_apr`,`borrow_end_time`,`addtime`,`award_status`,`recommend`,yyd_credit.credit FROM `yyd_borrow` INNER JOIN yyd_credit ON yyd_credit.user_id = yyd_borrow.user_id  WHERE ( (`status`=1 AND `borrow_end_time`>1443062177) OR `status`=3 ) ORDER BY  `addtime` desc,`order` desc LIMIT 0,10   [ RunTime:0.0020s ]
INFO: [ app_end ] --START--
INFO: Run Behavior\ShowPageTraceBehavior [ RunTime:0.002000s ]
INFO: [ app_end ] --END-- [ RunTime:0.002000s ]

[ 2015-09-24T10:37:04+08:00 ] ::1 /czcf/home/api/borrowList/smmkey/3eef0f2cb569f66b61248104de523c101a1e4361/borrow_type/credit/borrow_period/egt3&lt6
INFO: [ app_init ] --START--
INFO: Run Behavior\BuildLiteBehavior [ RunTime:0.000000s ]
INFO: [ app_init ] --END-- [ RunTime:0.000000s ]
INFO: [ app_begin ] --START--
INFO: Run Behavior\ReadHtmlCacheBehavior [ RunTime:0.001000s ]
INFO: [ app_begin ] --END-- [ RunTime:0.001000s ]
SQL: SHOW COLUMNS FROM `yyd_borrow` [ RunTime:0.0120s ]
SQL: SELECT COUNT(*) AS tp_count FROM `yyd_borrow` INNER JOIN yyd_credit ON yyd_credit.user_id = yyd_borrow.user_id  WHERE ( (`status`=1 AND `borrow_end_time`>1443062223) OR `status`=3 ) LIMIT 1   [ RunTime:0.0010s ]
SQL: SELECT `name`,`status`,`account`,`borrow_nid`,`borrow_account_yes`,`borrow_account_wait`,`borrow_style`,`borrow_period`,`borrow_apr`,`borrow_end_time`,`addtime`,`award_status`,`recommend`,yyd_credit.credit FROM `yyd_borrow` INNER JOIN yyd_credit ON yyd_credit.user_id = yyd_borrow.user_id  WHERE ( (`status`=1 AND `borrow_end_time`>1443062223) OR `status`=3 ) ORDER BY  `addtime` desc,`order` desc LIMIT 0,10   [ RunTime:0.0020s ]
INFO: [ app_end ] --START--
INFO: Run Behavior\ShowPageTraceBehavior [ RunTime:0.001000s ]
INFO: [ app_end ] --END-- [ RunTime:0.001000s ]

[ 2015-09-24T10:37:20+08:00 ] ::1 /czcf/home/api/borrowList/smmkey/3eef0f2cb569f66b61248104de523c101a1e4361/borrow_type/credit/borrow_period/egt12
INFO: [ app_init ] --START--
INFO: Run Behavior\BuildLiteBehavior [ RunTime:0.000000s ]
INFO: [ app_init ] --END-- [ RunTime:0.001000s ]
INFO: [ app_begin ] --START--
INFO: Run Behavior\ReadHtmlCacheBehavior [ RunTime:0.000000s ]
INFO: [ app_begin ] --END-- [ RunTime:0.000000s ]
SQL: SHOW COLUMNS FROM `yyd_borrow` [ RunTime:0.0120s ]
SQL: SELECT COUNT(*) AS tp_count FROM `yyd_borrow` INNER JOIN yyd_credit ON yyd_credit.user_id = yyd_borrow.user_id  WHERE ( (`status`=1 AND `borrow_end_time`>1443062239) OR `status`=3 ) LIMIT 1   [ RunTime:0.0010s ]
SQL: SELECT `name`,`status`,`account`,`borrow_nid`,`borrow_account_yes`,`borrow_account_wait`,`borrow_style`,`borrow_period`,`borrow_apr`,`borrow_end_time`,`addtime`,`award_status`,`recommend`,yyd_credit.credit FROM `yyd_borrow` INNER JOIN yyd_credit ON yyd_credit.user_id = yyd_borrow.user_id  WHERE ( (`status`=1 AND `borrow_end_time`>1443062239) OR `status`=3 ) ORDER BY  `addtime` desc,`order` desc LIMIT 0,10   [ RunTime:0.0020s ]
INFO: [ app_end ] --START--
INFO: Run Behavior\ShowPageTraceBehavior [ RunTime:0.002000s ]
INFO: [ app_end ] --END-- [ RunTime:0.002000s ]

[ 2015-09-24T10:37:38+08:00 ] ::1 /czcf/home/api/borrowList/smmkey/3eef0f2cb569f66b61248104de523c101a1e4361/borrow_type/credit/borrow_period/egt12
INFO: [ app_init ] --START--
INFO: Run Behavior\BuildLiteBehavior [ RunTime:0.000000s ]
INFO: [ app_init ] --END-- [ RunTime:0.000000s ]
INFO: [ app_begin ] --START--
INFO: Run Behavior\ReadHtmlCacheBehavior [ RunTime:0.000000s ]
INFO: [ app_begin ] --END-- [ RunTime:0.000000s ]
SQL: SHOW COLUMNS FROM `yyd_borrow` [ RunTime:0.0130s ]
SQL: SELECT COUNT(*) AS tp_count FROM `yyd_borrow` INNER JOIN yyd_credit ON yyd_credit.user_id = yyd_borrow.user_id  WHERE ( (`status`=1 AND `borrow_end_time`>1443062257) OR `status`=3 ) LIMIT 1   [ RunTime:0.0010s ]
SQL: SELECT `name`,`status`,`account`,`borrow_nid`,`borrow_account_yes`,`borrow_account_wait`,`borrow_style`,`borrow_period`,`borrow_apr`,`borrow_end_time`,`addtime`,`award_status`,`recommend`,yyd_credit.credit FROM `yyd_borrow` INNER JOIN yyd_credit ON yyd_credit.user_id = yyd_borrow.user_id  WHERE ( (`status`=1 AND `borrow_end_time`>1443062257) OR `status`=3 ) ORDER BY  `addtime` desc,`order` desc LIMIT 0,10   [ RunTime:0.0020s ]
INFO: [ app_end ] --START--
INFO: Run Behavior\ShowPageTraceBehavior [ RunTime:0.002000s ]
INFO: [ app_end ] --END-- [ RunTime:0.002000s ]

[ 2015-09-24T10:37:55+08:00 ] ::1 /czcf/home/api/borrowList/smmkey/3eef0f2cb569f66b61248104de523c101a1e4361/borrow_type/credit/borrow_period/egt3&lt6
INFO: [ app_init ] --START--
INFO: Run Behavior\BuildLiteBehavior [ RunTime:0.000000s ]
INFO: [ app_init ] --END-- [ RunTime:0.001000s ]
INFO: [ app_begin ] --START--
INFO: Run Behavior\ReadHtmlCacheBehavior [ RunTime:0.001000s ]
INFO: [ app_begin ] --END-- [ RunTime:0.001000s ]
SQL: SHOW COLUMNS FROM `yyd_borrow` [ RunTime:0.0040s ]
SQL: SELECT COUNT(*) AS tp_count FROM `yyd_borrow` INNER JOIN yyd_credit ON yyd_credit.user_id = yyd_borrow.user_id  WHERE ( (`status`=1 AND `borrow_end_time`>1443062274) OR `status`=3 ) LIMIT 1   [ RunTime:0.0000s ]
SQL: SELECT `name`,`status`,`account`,`borrow_nid`,`borrow_account_yes`,`borrow_account_wait`,`borrow_style`,`borrow_period`,`borrow_apr`,`borrow_end_time`,`addtime`,`award_status`,`recommend`,yyd_credit.credit FROM `yyd_borrow` INNER JOIN yyd_credit ON yyd_credit.user_id = yyd_borrow.user_id  WHERE ( (`status`=1 AND `borrow_end_time`>1443062274) OR `status`=3 ) ORDER BY  `addtime` desc,`order` desc LIMIT 0,10   [ RunTime:0.0000s ]
INFO: [ app_end ] --START--
INFO: Run Behavior\ShowPageTraceBehavior [ RunTime:0.001000s ]
INFO: [ app_end ] --END-- [ RunTime:0.001000s ]

[ 2015-09-24T10:38:00+08:00 ] ::1 /czcf/home/api/borrowList/smmkey/3eef0f2cb569f66b61248104de523c101a1e4361/borrow_type/credit/borrow_period/egt3&lt6
INFO: [ app_init ] --START--
INFO: Run Behavior\BuildLiteBehavior [ RunTime:0.001000s ]
INFO: [ app_init ] --END-- [ RunTime:0.001000s ]
INFO: [ app_begin ] --START--
INFO: Run Behavior\ReadHtmlCacheBehavior [ RunTime:0.001000s ]
INFO: [ app_begin ] --END-- [ RunTime:0.001000s ]
SQL: SHOW COLUMNS FROM `yyd_borrow` [ RunTime:0.0140s ]
SQL: SELECT COUNT(*) AS tp_count FROM `yyd_borrow` INNER JOIN yyd_credit ON yyd_credit.user_id = yyd_borrow.user_id  WHERE ( (`status`=1 AND `borrow_end_time`>1443062279) OR `status`=3 ) LIMIT 1   [ RunTime:0.0010s ]
SQL: SELECT `name`,`status`,`account`,`borrow_nid`,`borrow_account_yes`,`borrow_account_wait`,`borrow_style`,`borrow_period`,`borrow_apr`,`borrow_end_time`,`addtime`,`award_status`,`recommend`,yyd_credit.credit FROM `yyd_borrow` INNER JOIN yyd_credit ON yyd_credit.user_id = yyd_borrow.user_id  WHERE ( (`status`=1 AND `borrow_end_time`>1443062279) OR `status`=3 ) ORDER BY  `addtime` desc,`order` desc LIMIT 0,10   [ RunTime:0.0010s ]
INFO: [ app_end ] --START--
INFO: Run Behavior\ShowPageTraceBehavior [ RunTime:0.001000s ]
INFO: [ app_end ] --END-- [ RunTime:0.001000s ]

[ 2015-09-24T10:38:36+08:00 ] ::1 /czcf/home/api/borrowList/smmkey/3eef0f2cb569f66b61248104de523c101a1e4361/borrow_type/credit/borrow_period/egt3&lt6
INFO: [ app_init ] --START--
INFO: Run Behavior\BuildLiteBehavior [ RunTime:0.000000s ]
INFO: [ app_init ] --END-- [ RunTime:0.000000s ]
INFO: [ app_begin ] --START--
INFO: Run Behavior\ReadHtmlCacheBehavior [ RunTime:0.001000s ]
INFO: [ app_begin ] --END-- [ RunTime:0.001000s ]
SQL: SHOW COLUMNS FROM `yyd_borrow` [ RunTime:0.0120s ]
SQL: SELECT COUNT(*) AS tp_count FROM `yyd_borrow` INNER JOIN yyd_credit ON yyd_credit.user_id = yyd_borrow.user_id  WHERE ( (`status`=1 AND `borrow_end_time`>1443062315) OR `status`=3 ) LIMIT 1   [ RunTime:0.0020s ]
SQL: SELECT `name`,`status`,`account`,`borrow_nid`,`borrow_account_yes`,`borrow_account_wait`,`borrow_style`,`borrow_period`,`borrow_apr`,`borrow_end_time`,`addtime`,`award_status`,`recommend`,yyd_credit.credit FROM `yyd_borrow` INNER JOIN yyd_credit ON yyd_credit.user_id = yyd_borrow.user_id  WHERE ( (`status`=1 AND `borrow_end_time`>1443062315) OR `status`=3 ) ORDER BY  `addtime` desc,`order` desc LIMIT 0,10   [ RunTime:0.0020s ]
INFO: [ app_end ] --START--
INFO: Run Behavior\ShowPageTraceBehavior [ RunTime:0.002000s ]
INFO: [ app_end ] --END-- [ RunTime:0.002000s ]

[ 2015-09-24T10:38:49+08:00 ] ::1 /czcf/home/api/borrowList/smmkey/3eef0f2cb569f66b61248104de523c101a1e4361/borrow_type/credit/borrow_period/egt3&lt6
INFO: [ app_init ] --START--
INFO: Run Behavior\BuildLiteBehavior [ RunTime:0.000000s ]
INFO: [ app_init ] --END-- [ RunTime:0.001000s ]
INFO: [ app_begin ] --START--
INFO: Run Behavior\ReadHtmlCacheBehavior [ RunTime:0.001000s ]
INFO: [ app_begin ] --END-- [ RunTime:0.001000s ]
SQL: SHOW COLUMNS FROM `yyd_borrow` [ RunTime:0.0130s ]
SQL: SELECT COUNT(*) AS tp_count FROM `yyd_borrow` INNER JOIN yyd_credit ON yyd_credit.user_id = yyd_borrow.user_id  WHERE ( (`status`=1 AND `borrow_end_time`>1443062328) OR `status`=3 ) LIMIT 1   [ RunTime:0.0030s ]
SQL: SELECT `name`,`status`,`account`,`borrow_nid`,`borrow_account_yes`,`borrow_account_wait`,`borrow_style`,`borrow_period`,`borrow_apr`,`borrow_end_time`,`addtime`,`award_status`,`recommend`,yyd_credit.credit FROM `yyd_borrow` INNER JOIN yyd_credit ON yyd_credit.user_id = yyd_borrow.user_id  WHERE ( (`status`=1 AND `borrow_end_time`>1443062328) OR `status`=3 ) ORDER BY  `addtime` desc,`order` desc LIMIT 0,10   [ RunTime:0.0020s ]
INFO: [ app_end ] --START--
INFO: Run Behavior\ShowPageTraceBehavior [ RunTime:0.001000s ]
INFO: [ app_end ] --END-- [ RunTime:0.001000s ]

[ 2015-09-24T10:39:34+08:00 ] ::1 /czcf/home/api/borrowList/smmkey/3eef0f2cb569f66b61248104de523c101a1e4361/borrow_type/credit/borrow_period/egt3&lt6
INFO: [ app_init ] --START--
INFO: Run Behavior\BuildLiteBehavior [ RunTime:0.000000s ]
INFO: [ app_init ] --END-- [ RunTime:0.001000s ]
INFO: [ app_begin ] --START--
INFO: Run Behavior\ReadHtmlCacheBehavior [ RunTime:0.001000s ]
INFO: [ app_begin ] --END-- [ RunTime:0.001000s ]

[ 2015-09-24T10:40:05+08:00 ] ::1 /czcf/home/api/borrowList/smmkey/3eef0f2cb569f66b61248104de523c101a1e4361/borrow_type/credit/borrow_period/egt3&lt6
INFO: [ app_init ] --START--
INFO: Run Behavior\BuildLiteBehavior [ RunTime:0.000000s ]
INFO: [ app_init ] --END-- [ RunTime:0.000000s ]
INFO: [ app_begin ] --START--
INFO: Run Behavior\ReadHtmlCacheBehavior [ RunTime:0.001000s ]
INFO: [ app_begin ] --END-- [ RunTime:0.001000s ]
SQL: SHOW COLUMNS FROM `yyd_borrow` [ RunTime:0.0120s ]
SQL: SELECT COUNT(*) AS tp_count FROM `yyd_borrow` INNER JOIN yyd_credit ON yyd_credit.user_id = yyd_borrow.user_id  WHERE ( (`status`=1 AND `borrow_end_time`>1443062404) OR `status`=3 ) LIMIT 1   [ RunTime:0.0010s ]
SQL: SELECT `name`,`status`,`account`,`borrow_nid`,`borrow_account_yes`,`borrow_account_wait`,`borrow_style`,`borrow_period`,`borrow_apr`,`borrow_end_time`,`addtime`,`award_status`,`recommend`,yyd_credit.credit FROM `yyd_borrow` INNER JOIN yyd_credit ON yyd_credit.user_id = yyd_borrow.user_id  WHERE ( (`status`=1 AND `borrow_end_time`>1443062404) OR `status`=3 ) ORDER BY  `addtime` desc,`order` desc LIMIT 0,10   [ RunTime:0.0010s ]
INFO: [ app_end ] --START--
INFO: Run Behavior\ShowPageTraceBehavior [ RunTime:0.001000s ]
INFO: [ app_end ] --END-- [ RunTime:0.001000s ]

[ 2015-09-24T10:40:53+08:00 ] ::1 /czcf/home/api/borrowList/smmkey/3eef0f2cb569f66b61248104de523c101a1e4361/borrow_type/credit/borrow_period/egt3lt6
INFO: [ app_init ] --START--
INFO: Run Behavior\BuildLiteBehavior [ RunTime:0.000000s ]
INFO: [ app_init ] --END-- [ RunTime:0.001000s ]
INFO: [ app_begin ] --START--
INFO: Run Behavior\ReadHtmlCacheBehavior [ RunTime:0.001000s ]
INFO: [ app_begin ] --END-- [ RunTime:0.001000s ]
SQL: SHOW COLUMNS FROM `yyd_borrow` [ RunTime:0.0140s ]
SQL: SELECT COUNT(*) AS tp_count FROM `yyd_borrow` INNER JOIN yyd_credit ON yyd_credit.user_id = yyd_borrow.user_id  WHERE ( (`status`=1 AND `borrow_end_time`>1443062452) OR `status`=3 ) LIMIT 1   [ RunTime:0.0010s ]
SQL: SELECT `name`,`status`,`account`,`borrow_nid`,`borrow_account_yes`,`borrow_account_wait`,`borrow_style`,`borrow_period`,`borrow_apr`,`borrow_end_time`,`addtime`,`award_status`,`recommend`,yyd_credit.credit FROM `yyd_borrow` INNER JOIN yyd_credit ON yyd_credit.user_id = yyd_borrow.user_id  WHERE ( (`status`=1 AND `borrow_end_time`>1443062452) OR `status`=3 ) ORDER BY  `addtime` desc,`order` desc LIMIT 0,10   [ RunTime:0.0020s ]
INFO: [ app_end ] --START--
INFO: Run Behavior\ShowPageTraceBehavior [ RunTime:0.001000s ]
INFO: [ app_end ] --END-- [ RunTime:0.001000s ]

[ 2015-09-24T10:41:15+08:00 ] ::1 /czcf/home/api/borrowList/smmkey/3eef0f2cb569f66b61248104de523c101a1e4361/borrow_type/credit/borrow_period/egt3lt6
INFO: [ app_init ] --START--
INFO: Run Behavior\BuildLiteBehavior [ RunTime:0.000000s ]
INFO: [ app_init ] --END-- [ RunTime:0.001000s ]
INFO: [ app_begin ] --START--
INFO: Run Behavior\ReadHtmlCacheBehavior [ RunTime:0.000000s ]
INFO: [ app_begin ] --END-- [ RunTime:0.000000s ]
SQL: SHOW COLUMNS FROM `yyd_borrow` [ RunTime:0.0140s ]
SQL: SELECT COUNT(*) AS tp_count FROM `yyd_borrow` INNER JOIN yyd_credit ON yyd_credit.user_id = yyd_borrow.user_id  WHERE ( (`status`=1 AND `borrow_end_time`>1443062474) OR `status`=3 ) LIMIT 1   [ RunTime:0.0010s ]
SQL: SELECT `name`,`status`,`account`,`borrow_nid`,`borrow_account_yes`,`borrow_account_wait`,`borrow_style`,`borrow_period`,`borrow_apr`,`borrow_end_time`,`addtime`,`award_status`,`recommend`,yyd_credit.credit FROM `yyd_borrow` INNER JOIN yyd_credit ON yyd_credit.user_id = yyd_borrow.user_id  WHERE ( (`status`=1 AND `borrow_end_time`>1443062474) OR `status`=3 ) ORDER BY  `addtime` desc,`order` desc LIMIT 0,10   [ RunTime:0.0020s ]
INFO: [ app_end ] --START--
INFO: Run Behavior\ShowPageTraceBehavior [ RunTime:0.002000s ]
INFO: [ app_end ] --END-- [ RunTime:0.002000s ]

[ 2015-09-24T10:41:28+08:00 ] ::1 /czcf/home/api/borrowList/smmkey/3eef0f2cb569f66b61248104de523c101a1e4361/borrow_type/credit/borrow_period/egt3&lt6
INFO: [ app_init ] --START--
INFO: Run Behavior\BuildLiteBehavior [ RunTime:0.000000s ]
INFO: [ app_init ] --END-- [ RunTime:0.000000s ]
INFO: [ app_begin ] --START--
INFO: Run Behavior\ReadHtmlCacheBehavior [ RunTime:0.000000s ]
INFO: [ app_begin ] --END-- [ RunTime:0.001000s ]
SQL: SHOW COLUMNS FROM `yyd_borrow` [ RunTime:0.0120s ]
SQL: SELECT COUNT(*) AS tp_count FROM `yyd_borrow` INNER JOIN yyd_credit ON yyd_credit.user_id = yyd_borrow.user_id  WHERE ( (`status`=1 AND `borrow_end_time`>1443062487) OR `status`=3 ) LIMIT 1   [ RunTime:0.0010s ]
SQL: SELECT `name`,`status`,`account`,`borrow_nid`,`borrow_account_yes`,`borrow_account_wait`,`borrow_style`,`borrow_period`,`borrow_apr`,`borrow_end_time`,`addtime`,`award_status`,`recommend`,yyd_credit.credit FROM `yyd_borrow` INNER JOIN yyd_credit ON yyd_credit.user_id = yyd_borrow.user_id  WHERE ( (`status`=1 AND `borrow_end_time`>1443062487) OR `status`=3 ) ORDER BY  `addtime` desc,`order` desc LIMIT 0,10   [ RunTime:0.0020s ]
INFO: [ app_end ] --START--
INFO: Run Behavior\ShowPageTraceBehavior [ RunTime:0.002000s ]
INFO: [ app_end ] --END-- [ RunTime:0.002000s ]

[ 2015-09-24T10:41:43+08:00 ] ::1 /czcf/home/api/borrowList/smmkey/3eef0f2cb569f66b61248104de523c101a1e4361/borrow_type/credit/borrow_period/egt6lt12
INFO: [ app_init ] --START--
INFO: Run Behavior\BuildLiteBehavior [ RunTime:0.000000s ]
INFO: [ app_init ] --END-- [ RunTime:0.001000s ]
INFO: [ app_begin ] --START--
INFO: Run Behavior\ReadHtmlCacheBehavior [ RunTime:0.000000s ]
INFO: [ app_begin ] --END-- [ RunTime:0.000000s ]
SQL: SHOW COLUMNS FROM `yyd_borrow` [ RunTime:0.0120s ]
SQL: SELECT COUNT(*) AS tp_count FROM `yyd_borrow` INNER JOIN yyd_credit ON yyd_credit.user_id = yyd_borrow.user_id  WHERE ( (`status`=1 AND `borrow_end_time`>1443062502) OR `status`=3 ) LIMIT 1   [ RunTime:0.0010s ]
SQL: SELECT `name`,`status`,`account`,`borrow_nid`,`borrow_account_yes`,`borrow_account_wait`,`borrow_style`,`borrow_period`,`borrow_apr`,`borrow_end_time`,`addtime`,`award_status`,`recommend`,yyd_credit.credit FROM `yyd_borrow` INNER JOIN yyd_credit ON yyd_credit.user_id = yyd_borrow.user_id  WHERE ( (`status`=1 AND `borrow_end_time`>1443062502) OR `status`=3 ) ORDER BY  `addtime` desc,`order` desc LIMIT 0,10   [ RunTime:0.0020s ]
INFO: [ app_end ] --START--
INFO: Run Behavior\ShowPageTraceBehavior [ RunTime:0.002000s ]
INFO: [ app_end ] --END-- [ RunTime:0.002000s ]

[ 2015-09-24T10:42:25+08:00 ] ::1 /czcf/home/api/borrowList/smmkey/3eef0f2cb569f66b61248104de523c101a1e4361/borrow_type/FAST/borrow_period/egt6lt12
INFO: [ app_init ] --START--
INFO: Run Behavior\BuildLiteBehavior [ RunTime:0.001000s ]
INFO: [ app_init ] --END-- [ RunTime:0.001000s ]
INFO: [ app_begin ] --START--
INFO: Run Behavior\ReadHtmlCacheBehavior [ RunTime:0.001000s ]
INFO: [ app_begin ] --END-- [ RunTime:0.001000s ]
SQL: SHOW COLUMNS FROM `yyd_borrow` [ RunTime:0.0130s ]
SQL: SELECT COUNT(*) AS tp_count FROM `yyd_borrow` INNER JOIN yyd_credit ON yyd_credit.user_id = yyd_borrow.user_id  WHERE ( (`status`=1 AND `borrow_end_time`>1443062544) OR `status`=3 ) LIMIT 1   [ RunTime:0.0010s ]
SQL: SELECT `name`,`status`,`account`,`borrow_nid`,`borrow_account_yes`,`borrow_account_wait`,`borrow_style`,`borrow_period`,`borrow_apr`,`borrow_end_time`,`addtime`,`award_status`,`recommend`,yyd_credit.credit FROM `yyd_borrow` INNER JOIN yyd_credit ON yyd_credit.user_id = yyd_borrow.user_id  WHERE ( (`status`=1 AND `borrow_end_time`>1443062544) OR `status`=3 ) ORDER BY  `addtime` desc,`order` desc LIMIT 0,10   [ RunTime:0.0020s ]
INFO: [ app_end ] --START--
INFO: Run Behavior\ShowPageTraceBehavior [ RunTime:0.001000s ]
INFO: [ app_end ] --END-- [ RunTime:0.001000s ]

[ 2015-09-24T10:42:31+08:00 ] ::1 /czcf/home/api/borrowList/smmkey/3eef0f2cb569f66b61248104de523c101a1e4361/borrow_type/fast/borrow_period/egt6lt12
INFO: [ app_init ] --START--
INFO: Run Behavior\BuildLiteBehavior [ RunTime:0.000000s ]
INFO: [ app_init ] --END-- [ RunTime:0.001000s ]
INFO: [ app_begin ] --START--
INFO: Run Behavior\ReadHtmlCacheBehavior [ RunTime:0.001000s ]
INFO: [ app_begin ] --END-- [ RunTime:0.001000s ]
SQL: SHOW COLUMNS FROM `yyd_borrow` [ RunTime:0.0140s ]
SQL: SELECT COUNT(*) AS tp_count FROM `yyd_borrow` INNER JOIN yyd_credit ON yyd_credit.user_id = yyd_borrow.user_id  WHERE ( (`status`=1 AND `borrow_end_time`>1443062550) OR `status`=3 ) LIMIT 1   [ RunTime:0.0010s ]
SQL: SELECT `name`,`status`,`account`,`borrow_nid`,`borrow_account_yes`,`borrow_account_wait`,`borrow_style`,`borrow_period`,`borrow_apr`,`borrow_end_time`,`addtime`,`award_status`,`recommend`,yyd_credit.credit FROM `yyd_borrow` INNER JOIN yyd_credit ON yyd_credit.user_id = yyd_borrow.user_id  WHERE ( (`status`=1 AND `borrow_end_time`>1443062550) OR `status`=3 ) ORDER BY  `addtime` desc,`order` desc LIMIT 0,10   [ RunTime:0.0010s ]
INFO: [ app_end ] --START--
INFO: Run Behavior\ShowPageTraceBehavior [ RunTime:0.001000s ]
INFO: [ app_end ] --END-- [ RunTime:0.001000s ]

[ 2015-09-24T10:42:48+08:00 ] ::1 /czcf/home/api/borrowList/smmkey/3eef0f2cb569f66b61248104de523c101a1e4361/borrow_type/fast
INFO: [ app_init ] --START--
INFO: Run Behavior\BuildLiteBehavior [ RunTime:0.000000s ]
INFO: [ app_init ] --END-- [ RunTime:0.000000s ]
INFO: [ app_begin ] --START--
INFO: Run Behavior\ReadHtmlCacheBehavior [ RunTime:0.000000s ]
INFO: [ app_begin ] --END-- [ RunTime:0.000000s ]
SQL: SHOW COLUMNS FROM `yyd_borrow` [ RunTime:0.0130s ]
SQL: SELECT COUNT(*) AS tp_count FROM `yyd_borrow` INNER JOIN yyd_credit ON yyd_credit.user_id = yyd_borrow.user_id  WHERE ( (`status`=1 AND `borrow_end_time`>1443062567) OR `status`=3 ) LIMIT 1   [ RunTime:0.0010s ]
SQL: SELECT `name`,`status`,`account`,`borrow_nid`,`borrow_account_yes`,`borrow_account_wait`,`borrow_style`,`borrow_period`,`borrow_apr`,`borrow_end_time`,`addtime`,`award_status`,`recommend`,yyd_credit.credit FROM `yyd_borrow` INNER JOIN yyd_credit ON yyd_credit.user_id = yyd_borrow.user_id  WHERE ( (`status`=1 AND `borrow_end_time`>1443062567) OR `status`=3 ) ORDER BY  `addtime` desc,`order` desc LIMIT 0,10   [ RunTime:0.0010s ]
INFO: [ app_end ] --START--
INFO: Run Behavior\ShowPageTraceBehavior [ RunTime:0.001000s ]
INFO: [ app_end ] --END-- [ RunTime:0.001000s ]

[ 2015-09-24T10:42:56+08:00 ] ::1 /czcf/home/api/borrowList/smmkey/3eef0f2cb569f66b61248104de523c101a1e4361/borrow_type/fast/borrow_period/egt6lt12
INFO: [ app_init ] --START--
INFO: Run Behavior\BuildLiteBehavior [ RunTime:0.000000s ]
INFO: [ app_init ] --END-- [ RunTime:0.000000s ]
INFO: [ app_begin ] --START--
INFO: Run Behavior\ReadHtmlCacheBehavior [ RunTime:0.000000s ]
INFO: [ app_begin ] --END-- [ RunTime:0.000000s ]
SQL: SHOW COLUMNS FROM `yyd_borrow` [ RunTime:0.0110s ]
SQL: SELECT COUNT(*) AS tp_count FROM `yyd_borrow` INNER JOIN yyd_credit ON yyd_credit.user_id = yyd_borrow.user_id  WHERE ( (`status`=1 AND `borrow_end_time`>1443062575) OR `status`=3 ) LIMIT 1   [ RunTime:0.0010s ]
SQL: SELECT `name`,`status`,`account`,`borrow_nid`,`borrow_account_yes`,`borrow_account_wait`,`borrow_style`,`borrow_period`,`borrow_apr`,`borrow_end_time`,`addtime`,`award_status`,`recommend`,yyd_credit.credit FROM `yyd_borrow` INNER JOIN yyd_credit ON yyd_credit.user_id = yyd_borrow.user_id  WHERE ( (`status`=1 AND `borrow_end_time`>1443062575) OR `status`=3 ) ORDER BY  `addtime` desc,`order` desc LIMIT 0,10   [ RunTime:0.0020s ]
INFO: [ app_end ] --START--
INFO: Run Behavior\ShowPageTraceBehavior [ RunTime:0.001000s ]
INFO: [ app_end ] --END-- [ RunTime:0.001000s ]

[ 2015-09-24T10:48:58+08:00 ] ::1 /czcf/home/api/borrowList/smmkey/3eef0f2cb569f66b61248104de523c101a1e4361/borrow_type/fast/borrow_period/egt6lt12/account/egt50000lt100000
INFO: [ app_init ] --START--
INFO: Run Behavior\BuildLiteBehavior [ RunTime:0.000000s ]
INFO: [ app_init ] --END-- [ RunTime:0.000000s ]
INFO: [ app_begin ] --START--
INFO: Run Behavior\ReadHtmlCacheBehavior [ RunTime:0.000000s ]
INFO: [ app_begin ] --END-- [ RunTime:0.000000s ]
SQL: SHOW COLUMNS FROM `yyd_borrow` [ RunTime:0.0110s ]
SQL: SELECT COUNT(*) AS tp_count FROM `yyd_borrow` INNER JOIN yyd_credit ON yyd_credit.user_id = yyd_borrow.user_id  WHERE ( (`status`=1 AND `borrow_end_time`>1443062937) OR `status`=3 ) LIMIT 1   [ RunTime:0.0010s ]
SQL: SELECT `name`,`status`,`account`,`borrow_nid`,`borrow_account_yes`,`borrow_account_wait`,`borrow_style`,`borrow_period`,`borrow_apr`,`borrow_end_time`,`addtime`,`award_status`,`recommend`,yyd_credit.credit FROM `yyd_borrow` INNER JOIN yyd_credit ON yyd_credit.user_id = yyd_borrow.user_id  WHERE ( (`status`=1 AND `borrow_end_time`>1443062937) OR `status`=3 ) ORDER BY  `addtime` desc,`order` desc LIMIT 0,10   [ RunTime:0.0020s ]
INFO: [ app_end ] --START--
INFO: Run Behavior\ShowPageTraceBehavior [ RunTime:0.001000s ]
INFO: [ app_end ] --END-- [ RunTime:0.001000s ]

[ 2015-09-24T10:51:55+08:00 ] ::1 /czcf/home/api/borrowList/smmkey/3eef0f2cb569f66b61248104de523c101a1e4361/borrow_type/fast/borrow_period/egt6lt12/account/egt50000lt100000
INFO: [ app_init ] --START--
INFO: Run Behavior\BuildLiteBehavior [ RunTime:0.000000s ]
INFO: [ app_init ] --END-- [ RunTime:0.000000s ]
INFO: [ app_begin ] --START--
INFO: Run Behavior\ReadHtmlCacheBehavior [ RunTime:0.001000s ]
INFO: [ app_begin ] --END-- [ RunTime:0.001000s ]
SQL: SHOW COLUMNS FROM `yyd_borrow` [ RunTime:0.0130s ]
SQL: SELECT COUNT(*) AS tp_count FROM `yyd_borrow` INNER JOIN yyd_credit ON yyd_credit.user_id = yyd_borrow.user_id  WHERE ( (`status`=1 AND `borrow_end_time`>1443063114) OR `status`=3 ) LIMIT 1   [ RunTime:0.0010s ]
SQL: SELECT `name`,`status`,`account`,`borrow_nid`,`borrow_account_yes`,`borrow_account_wait`,`borrow_style`,`borrow_period`,`borrow_apr`,`borrow_end_time`,`addtime`,`award_status`,`recommend`,yyd_credit.credit FROM `yyd_borrow` INNER JOIN yyd_credit ON yyd_credit.user_id = yyd_borrow.user_id  WHERE ( (`status`=1 AND `borrow_end_time`>1443063114) OR `status`=3 ) ORDER BY  `addtime` desc,`order` desc LIMIT 0,10   [ RunTime:0.0030s ]
INFO: [ app_end ] --START--
INFO: Run Behavior\ShowPageTraceBehavior [ RunTime:0.001001s ]
INFO: [ app_end ] --END-- [ RunTime:0.002001s ]

[ 2015-09-24T10:52:04+08:00 ] ::1 /czcf/home/api/borrowList/smmkey/3eef0f2cb569f66b61248104de523c101a1e4361/borrow_type/fast/borrow_period/egt6lt12/account/egt50000lt100000/borrow_style
INFO: [ app_init ] --START--
INFO: Run Behavior\BuildLiteBehavior [ RunTime:0.000000s ]
INFO: [ app_init ] --END-- [ RunTime:0.001000s ]
INFO: [ app_begin ] --START--
INFO: Run Behavior\ReadHtmlCacheBehavior [ RunTime:0.000000s ]
INFO: [ app_begin ] --END-- [ RunTime:0.000000s ]
SQL: SHOW COLUMNS FROM `yyd_borrow` [ RunTime:0.0130s ]
SQL: SELECT COUNT(*) AS tp_count FROM `yyd_borrow` INNER JOIN yyd_credit ON yyd_credit.user_id = yyd_borrow.user_id  WHERE ( (`status`=1 AND `borrow_end_time`>1443063123) OR `status`=3 ) LIMIT 1   [ RunTime:0.0010s ]
SQL: SELECT `name`,`status`,`account`,`borrow_nid`,`borrow_account_yes`,`borrow_account_wait`,`borrow_style`,`borrow_period`,`borrow_apr`,`borrow_end_time`,`addtime`,`award_status`,`recommend`,yyd_credit.credit FROM `yyd_borrow` INNER JOIN yyd_credit ON yyd_credit.user_id = yyd_borrow.user_id  WHERE ( (`status`=1 AND `borrow_end_time`>1443063123) OR `status`=3 ) ORDER BY  `addtime` desc,`order` desc LIMIT 0,10   [ RunTime:0.0020s ]
INFO: [ app_end ] --START--
INFO: Run Behavior\ShowPageTraceBehavior [ RunTime:0.002000s ]
INFO: [ app_end ] --END-- [ RunTime:0.002000s ]

[ 2015-09-24T10:52:17+08:00 ] ::1 /czcf/home/api/borrowList/smmkey/3eef0f2cb569f66b61248104de523c101a1e4361/borrow_type/fast/borrow_period/egt6lt12/account/egt50000lt100000/borrow_style/0
INFO: [ app_init ] --START--
INFO: Run Behavior\BuildLiteBehavior [ RunTime:0.000000s ]
INFO: [ app_init ] --END-- [ RunTime:0.000000s ]
INFO: [ app_begin ] --START--
INFO: Run Behavior\ReadHtmlCacheBehavior [ RunTime:0.000000s ]
INFO: [ app_begin ] --END-- [ RunTime:0.000000s ]
SQL: SHOW COLUMNS FROM `yyd_borrow` [ RunTime:0.0120s ]
SQL: SELECT COUNT(*) AS tp_count FROM `yyd_borrow` INNER JOIN yyd_credit ON yyd_credit.user_id = yyd_borrow.user_id  WHERE ( (`status`=1 AND `borrow_end_time`>1443063136) OR `status`=3 ) LIMIT 1   [ RunTime:0.0020s ]
SQL: SELECT `name`,`status`,`account`,`borrow_nid`,`borrow_account_yes`,`borrow_account_wait`,`borrow_style`,`borrow_period`,`borrow_apr`,`borrow_end_time`,`addtime`,`award_status`,`recommend`,yyd_credit.credit FROM `yyd_borrow` INNER JOIN yyd_credit ON yyd_credit.user_id = yyd_borrow.user_id  WHERE ( (`status`=1 AND `borrow_end_time`>1443063136) OR `status`=3 ) ORDER BY  `addtime` desc,`order` desc LIMIT 0,10   [ RunTime:0.0030s ]
INFO: [ app_end ] --START--
INFO: Run Behavior\ShowPageTraceBehavior [ RunTime:0.001000s ]
INFO: [ app_end ] --END-- [ RunTime:0.001000s ]

[ 2015-09-24T10:52:31+08:00 ] ::1 /czcf/home/api/borrowList/smmkey/3eef0f2cb569f66b61248104de523c101a1e4361/borrow_type/fast/borrow_period/egt6lt12/account/egt50000lt100000/borrow_style/0
INFO: [ app_init ] --START--
INFO: Run Behavior\BuildLiteBehavior [ RunTime:0.000000s ]
INFO: [ app_init ] --END-- [ RunTime:0.000000s ]
INFO: [ app_begin ] --START--
INFO: Run Behavior\ReadHtmlCacheBehavior [ RunTime:0.001000s ]
INFO: [ app_begin ] --END-- [ RunTime:0.001000s ]
SQL: SHOW COLUMNS FROM `yyd_borrow` [ RunTime:0.0120s ]
SQL: SELECT COUNT(*) AS tp_count FROM `yyd_borrow` INNER JOIN yyd_credit ON yyd_credit.user_id = yyd_borrow.user_id  WHERE ( (`status`=1 AND `borrow_end_time`>1443063150) OR `status`=3 ) LIMIT 1   [ RunTime:0.0010s ]
SQL: SELECT `name`,`status`,`account`,`borrow_nid`,`borrow_account_yes`,`borrow_account_wait`,`borrow_style`,`borrow_period`,`borrow_apr`,`borrow_end_time`,`addtime`,`award_status`,`recommend`,yyd_credit.credit FROM `yyd_borrow` INNER JOIN yyd_credit ON yyd_credit.user_id = yyd_borrow.user_id  WHERE ( (`status`=1 AND `borrow_end_time`>1443063150) OR `status`=3 ) ORDER BY  `addtime` desc,`order` desc LIMIT 0,10   [ RunTime:0.0020s ]
INFO: [ app_end ] --START--
INFO: Run Behavior\ShowPageTraceBehavior [ RunTime:0.002000s ]
INFO: [ app_end ] --END-- [ RunTime:0.002000s ]

[ 2015-09-24T10:52:36+08:00 ] ::1 /czcf/home/api/borrowList/smmkey/3eef0f2cb569f66b61248104de523c101a1e4361/borrow_type/fast/borrow_period/egt6lt12/account/egt50000lt100000/borrow_style
INFO: [ app_init ] --START--
INFO: Run Behavior\BuildLiteBehavior [ RunTime:0.000000s ]
INFO: [ app_init ] --END-- [ RunTime:0.000000s ]
INFO: [ app_begin ] --START--
INFO: Run Behavior\ReadHtmlCacheBehavior [ RunTime:0.001000s ]
INFO: [ app_begin ] --END-- [ RunTime:0.001000s ]
SQL: SHOW COLUMNS FROM `yyd_borrow` [ RunTime:0.0130s ]
SQL: SELECT COUNT(*) AS tp_count FROM `yyd_borrow` INNER JOIN yyd_credit ON yyd_credit.user_id = yyd_borrow.user_id  WHERE ( (`status`=1 AND `borrow_end_time`>1443063155) OR `status`=3 ) LIMIT 1   [ RunTime:0.0020s ]
SQL: SELECT `name`,`status`,`account`,`borrow_nid`,`borrow_account_yes`,`borrow_account_wait`,`borrow_style`,`borrow_period`,`borrow_apr`,`borrow_end_time`,`addtime`,`award_status`,`recommend`,yyd_credit.credit FROM `yyd_borrow` INNER JOIN yyd_credit ON yyd_credit.user_id = yyd_borrow.user_id  WHERE ( (`status`=1 AND `borrow_end_time`>1443063155) OR `status`=3 ) ORDER BY  `addtime` desc,`order` desc LIMIT 0,10   [ RunTime:0.0020s ]
INFO: [ app_end ] --START--
INFO: Run Behavior\ShowPageTraceBehavior [ RunTime:0.001000s ]
INFO: [ app_end ] --END-- [ RunTime:0.001000s ]

[ 2015-09-24T10:52:58+08:00 ] ::1 /czcf/home/api/borrowList/smmkey/3eef0f2cb569f66b61248104de523c101a1e4361/borrow_type/fast/borrow_period/egt6lt12/account/egt50000lt100000/borrow_style
INFO: [ app_init ] --START--
INFO: Run Behavior\BuildLiteBehavior [ RunTime:0.000000s ]
INFO: [ app_init ] --END-- [ RunTime:0.001000s ]
INFO: [ app_begin ] --START--
INFO: Run Behavior\ReadHtmlCacheBehavior [ RunTime:0.000000s ]
INFO: [ app_begin ] --END-- [ RunTime:0.000000s ]
SQL: SHOW COLUMNS FROM `yyd_borrow` [ RunTime:0.0280s ]
SQL: SELECT COUNT(*) AS tp_count FROM `yyd_borrow` INNER JOIN yyd_credit ON yyd_credit.user_id = yyd_borrow.user_id  WHERE ( (`status`=1 AND `borrow_end_time`>1443063177) OR `status`=3 ) LIMIT 1   [ RunTime:0.0000s ]
SQL: SELECT `name`,`status`,`account`,`borrow_nid`,`borrow_account_yes`,`borrow_account_wait`,`borrow_style`,`borrow_period`,`borrow_apr`,`borrow_end_time`,`addtime`,`award_status`,`recommend`,yyd_credit.credit FROM `yyd_borrow` INNER JOIN yyd_credit ON yyd_credit.user_id = yyd_borrow.user_id  WHERE ( (`status`=1 AND `borrow_end_time`>1443063177) OR `status`=3 ) ORDER BY  `addtime` desc,`order` desc LIMIT 0,10   [ RunTime:0.0010s ]
INFO: [ app_end ] --START--
INFO: Run Behavior\ShowPageTraceBehavior [ RunTime:0.000000s ]
INFO: [ app_end ] --END-- [ RunTime:0.000000s ]

[ 2015-09-24T10:53:04+08:00 ] ::1 /czcf/home/api/borrowList/smmkey/3eef0f2cb569f66b61248104de523c101a1e4361/borrow_type/fast/borrow_period/egt6lt12/account/egt50000lt100000/borrow_style/
INFO: [ app_init ] --START--
INFO: Run Behavior\BuildLiteBehavior [ RunTime:0.000000s ]
INFO: [ app_init ] --END-- [ RunTime:0.001000s ]
INFO: [ app_begin ] --START--
INFO: Run Behavior\ReadHtmlCacheBehavior [ RunTime:0.000000s ]
INFO: [ app_begin ] --END-- [ RunTime:0.000000s ]
SQL: SHOW COLUMNS FROM `yyd_borrow` [ RunTime:0.0130s ]
SQL: SELECT COUNT(*) AS tp_count FROM `yyd_borrow` INNER JOIN yyd_credit ON yyd_credit.user_id = yyd_borrow.user_id  WHERE ( (`status`=1 AND `borrow_end_time`>1443063183) OR `status`=3 ) LIMIT 1   [ RunTime:0.0010s ]
SQL: SELECT `name`,`status`,`account`,`borrow_nid`,`borrow_account_yes`,`borrow_account_wait`,`borrow_style`,`borrow_period`,`borrow_apr`,`borrow_end_time`,`addtime`,`award_status`,`recommend`,yyd_credit.credit FROM `yyd_borrow` INNER JOIN yyd_credit ON yyd_credit.user_id = yyd_borrow.user_id  WHERE ( (`status`=1 AND `borrow_end_time`>1443063183) OR `status`=3 ) ORDER BY  `addtime` desc,`order` desc LIMIT 0,10   [ RunTime:0.0020s ]
INFO: [ app_end ] --START--
INFO: Run Behavior\ShowPageTraceBehavior [ RunTime:0.001000s ]
INFO: [ app_end ] --END-- [ RunTime:0.001000s ]

[ 2015-09-24T10:53:08+08:00 ] ::1 /czcf/home/api/borrowList/smmkey/3eef0f2cb569f66b61248104de523c101a1e4361/borrow_type/fast/borrow_period/egt6lt12/account/egt50000lt100000/borrow_style/1
INFO: [ app_init ] --START--
INFO: Run Behavior\BuildLiteBehavior [ RunTime:0.000000s ]
INFO: [ app_init ] --END-- [ RunTime:0.001000s ]
INFO: [ app_begin ] --START--
INFO: Run Behavior\ReadHtmlCacheBehavior [ RunTime:0.001000s ]
INFO: [ app_begin ] --END-- [ RunTime:0.001000s ]
SQL: SHOW COLUMNS FROM `yyd_borrow` [ RunTime:0.0140s ]
SQL: SELECT COUNT(*) AS tp_count FROM `yyd_borrow` INNER JOIN yyd_credit ON yyd_credit.user_id = yyd_borrow.user_id  WHERE ( (`status`=1 AND `borrow_end_time`>1443063187) OR `status`=3 ) LIMIT 1   [ RunTime:0.0010s ]
SQL: SELECT `name`,`status`,`account`,`borrow_nid`,`borrow_account_yes`,`borrow_account_wait`,`borrow_style`,`borrow_period`,`borrow_apr`,`borrow_end_time`,`addtime`,`award_status`,`recommend`,yyd_credit.credit FROM `yyd_borrow` INNER JOIN yyd_credit ON yyd_credit.user_id = yyd_borrow.user_id  WHERE ( (`status`=1 AND `borrow_end_time`>1443063187) OR `status`=3 ) ORDER BY  `addtime` desc,`order` desc LIMIT 0,10   [ RunTime:0.0010s ]
INFO: [ app_end ] --START--
INFO: Run Behavior\ShowPageTraceBehavior [ RunTime:0.001000s ]
INFO: [ app_end ] --END-- [ RunTime:0.001000s ]

[ 2015-09-24T10:54:20+08:00 ] ::1 /czcf/home/api/borrowList/smmkey/3eef0f2cb569f66b61248104de523c101a1e4361/borrow_type/fast/borrow_period/egt6lt12/account/egt50000lt100000/borrow_style/1
INFO: [ app_init ] --START--
INFO: Run Behavior\BuildLiteBehavior [ RunTime:0.000000s ]
INFO: [ app_init ] --END-- [ RunTime:0.001000s ]
INFO: [ app_begin ] --START--
INFO: Run Behavior\ReadHtmlCacheBehavior [ RunTime:0.000000s ]
INFO: [ app_begin ] --END-- [ RunTime:0.001000s ]
SQL: SHOW COLUMNS FROM `yyd_borrow` [ RunTime:0.0050s ]
SQL: SELECT COUNT(*) AS tp_count FROM `yyd_borrow` INNER JOIN yyd_credit ON yyd_credit.user_id = yyd_borrow.user_id  WHERE ( (`status`=1 AND `borrow_end_time`>1443063259) OR `status`=3 ) AND `borrow_type` = 'fast' AND ( `borrow_period` >= 6 AND `borrow_period` < 12  ) AND ( `account` >= 50000 AND `account` < 100000  ) AND `borrow_style` = '1' LIMIT 1   [ RunTime:0.0010s ]
SQL: SELECT `name`,`status`,`account`,`borrow_nid`,`borrow_account_yes`,`borrow_account_wait`,`borrow_style`,`borrow_period`,`borrow_apr`,`borrow_end_time`,`addtime`,`award_status`,`recommend`,yyd_credit.credit FROM `yyd_borrow` INNER JOIN yyd_credit ON yyd_credit.user_id = yyd_borrow.user_id  WHERE ( (`status`=1 AND `borrow_end_time`>1443063259) OR `status`=3 ) AND `borrow_type` = 'fast' AND ( `borrow_period` >= 6 AND `borrow_period` < 12  ) AND ( `account` >= 50000 AND `account` < 100000  ) AND `borrow_style` = '1' ORDER BY  `addtime` desc,`order` desc LIMIT 0,10   [ RunTime:0.0000s ]
INFO: [ app_end ] --START--
INFO: Run Behavior\ShowPageTraceBehavior [ RunTime:0.001000s ]
INFO: [ app_end ] --END-- [ RunTime:0.001000s ]

[ 2015-09-24T11:13:19+08:00 ] ::1 /czcf/home/api/borrowList/smmkey/3eef0f2cb569f66b61248104de523c101a1e4361/borrow_type/credit/borrow_period/egt6lt12/account/egt50000lt100000/borrow_style/1
INFO: [ app_init ] --START--
INFO: Run Behavior\BuildLiteBehavior [ RunTime:0.000000s ]
INFO: [ app_init ] --END-- [ RunTime:0.000000s ]
INFO: [ app_begin ] --START--
INFO: Run Behavior\ReadHtmlCacheBehavior [ RunTime:0.000000s ]
INFO: [ app_begin ] --END-- [ RunTime:0.000000s ]
SQL: SHOW COLUMNS FROM `yyd_borrow` [ RunTime:0.0130s ]
SQL: SELECT COUNT(*) AS tp_count FROM `yyd_borrow` INNER JOIN yyd_credit ON yyd_credit.user_id = yyd_borrow.user_id  WHERE ( (`status`=1 AND `borrow_end_time`>1443064398) OR `status`=3 ) AND `borrow_type` = 'credit' AND ( `borrow_period` >= 6 AND `borrow_period` < 12  ) AND ( `account` >= 50000 AND `account` < 100000  ) AND `borrow_style` = '1' LIMIT 1   [ RunTime:0.0010s ]
SQL: SELECT `name`,`status`,`account`,`borrow_nid`,`borrow_account_yes`,`borrow_account_wait`,`borrow_style`,`borrow_period`,`borrow_apr`,`borrow_end_time`,`addtime`,`award_status`,`recommend`,yyd_credit.credit FROM `yyd_borrow` INNER JOIN yyd_credit ON yyd_credit.user_id = yyd_borrow.user_id  WHERE ( (`status`=1 AND `borrow_end_time`>1443064398) OR `status`=3 ) AND `borrow_type` = 'credit' AND ( `borrow_period` >= 6 AND `borrow_period` < 12  ) AND ( `account` >= 50000 AND `account` < 100000  ) AND `borrow_style` = '1' ORDER BY  `addtime` desc,`order` desc LIMIT 0,10   [ RunTime:0.0010s ]
INFO: [ app_end ] --START--
INFO: Run Behavior\ShowPageTraceBehavior [ RunTime:0.001000s ]
INFO: [ app_end ] --END-- [ RunTime:0.001000s ]

[ 2015-09-24T11:13:24+08:00 ] ::1 /czcf/home/api/borrowList/smmkey/3eef0f2cb569f66b61248104de523c101a1e4361/borrow_type/credit
INFO: [ app_init ] --START--
INFO: Run Behavior\BuildLiteBehavior [ RunTime:0.000000s ]
INFO: [ app_init ] --END-- [ RunTime:0.000000s ]
INFO: [ app_begin ] --START--
INFO: Run Behavior\ReadHtmlCacheBehavior [ RunTime:0.001000s ]
INFO: [ app_begin ] --END-- [ RunTime:0.001000s ]
SQL: SHOW COLUMNS FROM `yyd_borrow` [ RunTime:0.0130s ]
SQL: SELECT COUNT(*) AS tp_count FROM `yyd_borrow` INNER JOIN yyd_credit ON yyd_credit.user_id = yyd_borrow.user_id  WHERE ( (`status`=1 AND `borrow_end_time`>1443064403) OR `status`=3 ) AND `borrow_type` = 'credit' LIMIT 1   [ RunTime:0.0020s ]
SQL: SELECT `name`,`status`,`account`,`borrow_nid`,`borrow_account_yes`,`borrow_account_wait`,`borrow_style`,`borrow_period`,`borrow_apr`,`borrow_end_time`,`addtime`,`award_status`,`recommend`,yyd_credit.credit FROM `yyd_borrow` INNER JOIN yyd_credit ON yyd_credit.user_id = yyd_borrow.user_id  WHERE ( (`status`=1 AND `borrow_end_time`>1443064403) OR `status`=3 ) AND `borrow_type` = 'credit' ORDER BY  `addtime` desc,`order` desc LIMIT 0,10   [ RunTime:0.0030s ]
INFO: [ app_end ] --START--
INFO: Run Behavior\ShowPageTraceBehavior [ RunTime:0.002000s ]
INFO: [ app_end ] --END-- [ RunTime:0.002000s ]

[ 2015-09-24T11:13:35+08:00 ] ::1 /czcf/home/api/borrowList/smmkey/3eef0f2cb569f66b61248104de523c101a1e4361/borrow_type/credit
INFO: [ app_init ] --START--
INFO: Run Behavior\BuildLiteBehavior [ RunTime:0.000000s ]
INFO: [ app_init ] --END-- [ RunTime:0.000000s ]
INFO: [ app_begin ] --START--
INFO: Run Behavior\ReadHtmlCacheBehavior [ RunTime:0.001000s ]
INFO: [ app_begin ] --END-- [ RunTime:0.001000s ]
SQL: SHOW COLUMNS FROM `yyd_borrow` [ RunTime:0.0130s ]
SQL: SELECT COUNT(*) AS tp_count FROM `yyd_borrow` INNER JOIN yyd_credit ON yyd_credit.user_id = yyd_borrow.user_id  WHERE ( (`status`=1 AND `borrow_end_time`>1443064414) OR `status`=3 ) AND `borrow_type` = 'credit' LIMIT 1   [ RunTime:0.0010s ]
SQL: SELECT `name`,`status`,`account`,`borrow_nid`,`borrow_account_yes`,`borrow_account_wait`,`borrow_style`,`borrow_period`,`borrow_apr`,`borrow_end_time`,`addtime`,`award_status`,`recommend`,yyd_credit.credit FROM `yyd_borrow` INNER JOIN yyd_credit ON yyd_credit.user_id = yyd_borrow.user_id  WHERE ( (`status`=1 AND `borrow_end_time`>1443064414) OR `status`=3 ) AND `borrow_type` = 'credit' ORDER BY  `addtime` desc,`order` desc LIMIT 0,10   [ RunTime:0.0020s ]
INFO: [ app_end ] --START--
INFO: Run Behavior\ShowPageTraceBehavior [ RunTime:0.002000s ]
INFO: [ app_end ] --END-- [ RunTime:0.002000s ]

[ 2015-09-24T15:02:16+08:00 ] ::1 /czcf/home/api/borrowList/smmkey/3eef0f2cb569f66b61248104de523c101a1e4361/borrow_type/credit
INFO: [ app_init ] --START--
INFO: Run Behavior\BuildLiteBehavior [ RunTime:0.000000s ]
INFO: [ app_init ] --END-- [ RunTime:0.000000s ]
INFO: [ app_begin ] --START--
INFO: Run Behavior\ReadHtmlCacheBehavior [ RunTime:0.000000s ]
INFO: [ app_begin ] --END-- [ RunTime:0.000000s ]
SQL: SHOW COLUMNS FROM `yyd_borrow` [ RunTime:0.0120s ]
SQL: SELECT COUNT(*) AS tp_count FROM `yyd_borrow` INNER JOIN yyd_credit ON yyd_credit.user_id = yyd_borrow.user_id  WHERE ( (`status`=1 AND `borrow_end_time`>1443078135) OR `status`=3 ) AND `borrow_type` = 'credit' LIMIT 1   [ RunTime:0.0020s ]
SQL: SELECT `name`,`status`,`account`,`borrow_nid`,`borrow_account_yes`,`borrow_account_wait`,`borrow_style`,`borrow_period`,`borrow_apr`,`borrow_end_time`,`addtime`,`award_status`,`recommend`,yyd_credit.credit FROM `yyd_borrow` INNER JOIN yyd_credit ON yyd_credit.user_id = yyd_borrow.user_id  WHERE ( (`status`=1 AND `borrow_end_time`>1443078135) OR `status`=3 ) AND `borrow_type` = 'credit' ORDER BY  `addtime` desc,`order` desc LIMIT 0,10   [ RunTime:0.0020s ]
INFO: [ app_end ] --START--
INFO: Run Behavior\ShowPageTraceBehavior [ RunTime:0.001000s ]
INFO: [ app_end ] --END-- [ RunTime:0.001000s ]

[ 2015-09-24T15:02:53+08:00 ] ::1 /czcf/home/api/borrowList/smmkey/3eef0f2cb569f66b61248104de523c101a1e4361/borrow_type/fast/
INFO: [ app_init ] --START--
INFO: Run Behavior\BuildLiteBehavior [ RunTime:0.000000s ]
INFO: [ app_init ] --END-- [ RunTime:0.000000s ]
INFO: [ app_begin ] --START--
INFO: Run Behavior\ReadHtmlCacheBehavior [ RunTime:0.000000s ]
INFO: [ app_begin ] --END-- [ RunTime:0.000000s ]
SQL: SHOW COLUMNS FROM `yyd_borrow` [ RunTime:0.0110s ]
SQL: SELECT COUNT(*) AS tp_count FROM `yyd_borrow` INNER JOIN yyd_credit ON yyd_credit.user_id = yyd_borrow.user_id  WHERE ( (`status`=1 AND `borrow_end_time`>1443078172) OR `status`=3 ) AND `borrow_type` = 'fast' LIMIT 1   [ RunTime:0.0010s ]
SQL: SELECT `name`,`status`,`account`,`borrow_nid`,`borrow_account_yes`,`borrow_account_wait`,`borrow_style`,`borrow_period`,`borrow_apr`,`borrow_end_time`,`addtime`,`award_status`,`recommend`,yyd_credit.credit FROM `yyd_borrow` INNER JOIN yyd_credit ON yyd_credit.user_id = yyd_borrow.user_id  WHERE ( (`status`=1 AND `borrow_end_time`>1443078172) OR `status`=3 ) AND `borrow_type` = 'fast' ORDER BY  `addtime` desc,`order` desc LIMIT 0,10   [ RunTime:0.0010s ]
INFO: [ app_end ] --START--
INFO: Run Behavior\ShowPageTraceBehavior [ RunTime:0.001000s ]
INFO: [ app_end ] --END-- [ RunTime:0.001000s ]

[ 2015-09-24T15:03:02+08:00 ] ::1 /czcf/home/api/borrowList/smmkey/3eef0f2cb569f66b61248104de523c101a1e4361/borrow_type/credit/
INFO: [ app_init ] --START--
INFO: Run Behavior\BuildLiteBehavior [ RunTime:0.000000s ]
INFO: [ app_init ] --END-- [ RunTime:0.000000s ]
INFO: [ app_begin ] --START--
INFO: Run Behavior\ReadHtmlCacheBehavior [ RunTime:0.000000s ]
INFO: [ app_begin ] --END-- [ RunTime:0.000000s ]
SQL: SHOW COLUMNS FROM `yyd_borrow` [ RunTime:0.0040s ]
SQL: SELECT COUNT(*) AS tp_count FROM `yyd_borrow` INNER JOIN yyd_credit ON yyd_credit.user_id = yyd_borrow.user_id  WHERE ( (`status`=1 AND `borrow_end_time`>1443078181) OR `status`=3 ) AND `borrow_type` = 'credit' LIMIT 1   [ RunTime:0.0000s ]
SQL: SELECT `name`,`status`,`account`,`borrow_nid`,`borrow_account_yes`,`borrow_account_wait`,`borrow_style`,`borrow_period`,`borrow_apr`,`borrow_end_time`,`addtime`,`award_status`,`recommend`,yyd_credit.credit FROM `yyd_borrow` INNER JOIN yyd_credit ON yyd_credit.user_id = yyd_borrow.user_id  WHERE ( (`status`=1 AND `borrow_end_time`>1443078181) OR `status`=3 ) AND `borrow_type` = 'credit' ORDER BY  `addtime` desc,`order` desc LIMIT 0,10   [ RunTime:0.0000s ]
INFO: [ app_end ] --START--
INFO: Run Behavior\ShowPageTraceBehavior [ RunTime:0.001000s ]
INFO: [ app_end ] --END-- [ RunTime:0.001000s ]

[ 2015-09-24T15:03:59+08:00 ] ::1 /czcf/home/api/borrowList/smmkey/3eef0f2cb569f66b61248104de523c101a1e4361/borrow_type/credit/
INFO: [ app_init ] --START--
INFO: Run Behavior\BuildLiteBehavior [ RunTime:0.000000s ]
INFO: [ app_init ] --END-- [ RunTime:0.001000s ]
INFO: [ app_begin ] --START--
INFO: Run Behavior\ReadHtmlCacheBehavior [ RunTime:0.001000s ]
INFO: [ app_begin ] --END-- [ RunTime:0.001000s ]
SQL: SHOW COLUMNS FROM `yyd_borrow` [ RunTime:0.0130s ]
SQL: SELECT COUNT(*) AS tp_count FROM `yyd_borrow` INNER JOIN yyd_credit ON yyd_credit.user_id = yyd_borrow.user_id  WHERE ( (`status`=1 AND `borrow_end_time`>1443078238) OR `status`=3 ) AND `borrow_type` = 'credit' LIMIT 1   [ RunTime:0.0010s ]
SQL: SELECT `name`,`status`,`account`,`borrow_nid`,`borrow_account_yes`,`borrow_account_wait`,`borrow_type`,`borrow_style`,`borrow_period`,`borrow_apr`,`borrow_end_time`,`addtime`,`award_status`,`recommend`,yyd_credit.credit FROM `yyd_borrow` INNER JOIN yyd_credit ON yyd_credit.user_id = yyd_borrow.user_id  WHERE ( (`status`=1 AND `borrow_end_time`>1443078238) OR `status`=3 ) AND `borrow_type` = 'credit' ORDER BY  `addtime` desc,`order` desc LIMIT 0,10   [ RunTime:0.0010s ]
INFO: [ app_end ] --START--
INFO: Run Behavior\ShowPageTraceBehavior [ RunTime:0.000000s ]
INFO: [ app_end ] --END-- [ RunTime:0.000000s ]

[ 2015-09-24T15:06:27+08:00 ] ::1 /czcf/home/api/borrowList/smmkey/3eef0f2cb569f66b61248104de523c101a1e4361/borrow_type/credit/
INFO: [ app_init ] --START--
INFO: Run Behavior\BuildLiteBehavior [ RunTime:0.000000s ]
INFO: [ app_init ] --END-- [ RunTime:0.000000s ]
INFO: [ app_begin ] --START--
INFO: Run Behavior\ReadHtmlCacheBehavior [ RunTime:0.001000s ]
INFO: [ app_begin ] --END-- [ RunTime:0.001000s ]
SQL: SHOW COLUMNS FROM `yyd_borrow` [ RunTime:0.0130s ]
SQL: SELECT COUNT(*) AS tp_count FROM `yyd_borrow` INNER JOIN yyd_credit ON yyd_credit.user_id = yyd_borrow.user_id  WHERE ( (`status`=1 AND `borrow_end_time`>1443078386) OR `status`=3 ) AND `borrow_type` = 'credit' LIMIT 1   [ RunTime:0.0010s ]
SQL: SELECT `name`,`status`,`account`,`borrow_nid`,`borrow_account_yes`,`borrow_account_wait`,`borrow_type`,`borrow_style`,`borrow_period`,`borrow_apr`,`borrow_end_time`,`addtime`,`award_status`,`recommend`,yyd_credit.credit FROM `yyd_borrow` INNER JOIN yyd_credit ON yyd_credit.user_id = yyd_borrow.user_id  WHERE ( (`status`=1 AND `borrow_end_time`>1443078386) OR `status`=3 ) AND `borrow_type` = 'credit' ORDER BY  `addtime` desc,`order` desc LIMIT 0,10   [ RunTime:0.0030s ]
INFO: [ app_end ] --START--
INFO: Run Behavior\ShowPageTraceBehavior [ RunTime:0.001001s ]
INFO: [ app_end ] --END-- [ RunTime:0.001001s ]

[ 2015-09-24T15:09:34+08:00 ] ::1 /czcf/home/api/borrowList/smmkey/3eef0f2cb569f66b61248104de523c101a1e4361/borrow_type/credit/borrow_period/
INFO: [ app_init ] --START--
INFO: Run Behavior\BuildLiteBehavior [ RunTime:0.000000s ]
INFO: [ app_init ] --END-- [ RunTime:0.001001s ]
INFO: [ app_begin ] --START--
INFO: Run Behavior\ReadHtmlCacheBehavior [ RunTime:0.000000s ]
INFO: [ app_begin ] --END-- [ RunTime:0.000000s ]
SQL: SHOW COLUMNS FROM `yyd_borrow` [ RunTime:0.0130s ]
SQL: SELECT COUNT(*) AS tp_count FROM `yyd_borrow` INNER JOIN yyd_credit ON yyd_credit.user_id = yyd_borrow.user_id  WHERE ( (`status`=1 AND `borrow_end_time`>1443078573) OR `status`=3 ) AND `borrow_type` = 'credit' LIMIT 1   [ RunTime:0.0010s ]
SQL: SELECT `name`,`status`,`account`,`borrow_nid`,`borrow_account_yes`,`borrow_account_wait`,`borrow_type`,`borrow_style`,`borrow_period`,`borrow_apr`,`borrow_end_time`,`addtime`,`award_status`,`recommend`,yyd_credit.credit FROM `yyd_borrow` INNER JOIN yyd_credit ON yyd_credit.user_id = yyd_borrow.user_id  WHERE ( (`status`=1 AND `borrow_end_time`>1443078573) OR `status`=3 ) AND `borrow_type` = 'credit' ORDER BY  `addtime` desc,`order` desc LIMIT 0,10   [ RunTime:0.0010s ]
INFO: [ app_end ] --START--
INFO: Run Behavior\ShowPageTraceBehavior [ RunTime:0.001000s ]
INFO: [ app_end ] --END-- [ RunTime:0.001000s ]

[ 2015-09-24T15:09:49+08:00 ] ::1 /czcf/home/api/borrowList/smmkey/3eef0f2cb569f66b61248104de523c101a1e4361/borrow_type/credit/borrow_period/lt3
INFO: [ app_init ] --START--
INFO: Run Behavior\BuildLiteBehavior [ RunTime:0.000000s ]
INFO: [ app_init ] --END-- [ RunTime:0.001000s ]
INFO: [ app_begin ] --START--
INFO: Run Behavior\ReadHtmlCacheBehavior [ RunTime:0.001000s ]
INFO: [ app_begin ] --END-- [ RunTime:0.001000s ]
SQL: SHOW COLUMNS FROM `yyd_borrow` [ RunTime:0.0120s ]
SQL: SELECT COUNT(*) AS tp_count FROM `yyd_borrow` INNER JOIN yyd_credit ON yyd_credit.user_id = yyd_borrow.user_id  WHERE ( (`status`=1 AND `borrow_end_time`>1443078588) OR `status`=3 ) AND `borrow_type` = 'credit' AND `borrow_period` < 3 LIMIT 1   [ RunTime:0.0020s ]
SQL: SELECT `name`,`status`,`account`,`borrow_nid`,`borrow_account_yes`,`borrow_account_wait`,`borrow_type`,`borrow_style`,`borrow_period`,`borrow_apr`,`borrow_end_time`,`addtime`,`award_status`,`recommend`,yyd_credit.credit FROM `yyd_borrow` INNER JOIN yyd_credit ON yyd_credit.user_id = yyd_borrow.user_id  WHERE ( (`status`=1 AND `borrow_end_time`>1443078588) OR `status`=3 ) AND `borrow_type` = 'credit' AND `borrow_period` < 3 ORDER BY  `addtime` desc,`order` desc LIMIT 0,10   [ RunTime:0.0020s ]
INFO: [ app_end ] --START--
INFO: Run Behavior\ShowPageTraceBehavior [ RunTime:0.001000s ]
INFO: [ app_end ] --END-- [ RunTime:0.002000s ]

[ 2015-09-24T15:10:09+08:00 ] ::1 /czcf/home/api/borrowList/smmkey/3eef0f2cb569f66b61248104de523c101a1e4361/borrow_type/credit/borrow_period/glt12
INFO: [ app_init ] --START--
INFO: Run Behavior\BuildLiteBehavior [ RunTime:0.000000s ]
INFO: [ app_init ] --END-- [ RunTime:0.000000s ]
INFO: [ app_begin ] --START--
INFO: Run Behavior\ReadHtmlCacheBehavior [ RunTime:0.000000s ]
INFO: [ app_begin ] --END-- [ RunTime:0.000000s ]
SQL: SHOW COLUMNS FROM `yyd_borrow` [ RunTime:0.0120s ]
SQL: SELECT COUNT(*) AS tp_count FROM `yyd_borrow` INNER JOIN yyd_credit ON yyd_credit.user_id = yyd_borrow.user_id  WHERE ( (`status`=1 AND `borrow_end_time`>1443078608) OR `status`=3 ) AND `borrow_type` = 'credit' LIMIT 1   [ RunTime:0.0020s ]
SQL: SELECT `name`,`status`,`account`,`borrow_nid`,`borrow_account_yes`,`borrow_account_wait`,`borrow_type`,`borrow_style`,`borrow_period`,`borrow_apr`,`borrow_end_time`,`addtime`,`award_status`,`recommend`,yyd_credit.credit FROM `yyd_borrow` INNER JOIN yyd_credit ON yyd_credit.user_id = yyd_borrow.user_id  WHERE ( (`status`=1 AND `borrow_end_time`>1443078608) OR `status`=3 ) AND `borrow_type` = 'credit' ORDER BY  `addtime` desc,`order` desc LIMIT 0,10   [ RunTime:0.0020s ]
INFO: [ app_end ] --START--
INFO: Run Behavior\ShowPageTraceBehavior [ RunTime:0.001001s ]
INFO: [ app_end ] --END-- [ RunTime:0.001001s ]

[ 2015-09-24T15:10:27+08:00 ] ::1 /czcf/home/api/borrowList/smmkey/3eef0f2cb569f66b61248104de523c101a1e4361/borrow_type/credit/borrow_period/egt12
INFO: [ app_init ] --START--
INFO: Run Behavior\BuildLiteBehavior [ RunTime:0.000000s ]
INFO: [ app_init ] --END-- [ RunTime:0.001000s ]
INFO: [ app_begin ] --START--
INFO: Run Behavior\ReadHtmlCacheBehavior [ RunTime:0.001000s ]
INFO: [ app_begin ] --END-- [ RunTime:0.001000s ]
SQL: SHOW COLUMNS FROM `yyd_borrow` [ RunTime:0.0140s ]
SQL: SELECT COUNT(*) AS tp_count FROM `yyd_borrow` INNER JOIN yyd_credit ON yyd_credit.user_id = yyd_borrow.user_id  WHERE ( (`status`=1 AND `borrow_end_time`>1443078626) OR `status`=3 ) AND `borrow_type` = 'credit' AND `borrow_period` >= 12 LIMIT 1   [ RunTime:0.0010s ]
SQL: SELECT `name`,`status`,`account`,`borrow_nid`,`borrow_account_yes`,`borrow_account_wait`,`borrow_type`,`borrow_style`,`borrow_period`,`borrow_apr`,`borrow_end_time`,`addtime`,`award_status`,`recommend`,yyd_credit.credit FROM `yyd_borrow` INNER JOIN yyd_credit ON yyd_credit.user_id = yyd_borrow.user_id  WHERE ( (`status`=1 AND `borrow_end_time`>1443078626) OR `status`=3 ) AND `borrow_type` = 'credit' AND `borrow_period` >= 12 ORDER BY  `addtime` desc,`order` desc LIMIT 0,10   [ RunTime:0.0010s ]
INFO: [ app_end ] --START--
INFO: Run Behavior\ShowPageTraceBehavior [ RunTime:0.001000s ]
INFO: [ app_end ] --END-- [ RunTime:0.001000s ]

[ 2015-09-24T15:10:46+08:00 ] ::1 /czcf/home/api/borrowList/smmkey/3eef0f2cb569f66b61248104de523c101a1e4361/borrow_type/credit/borrow_period/egt3lt6
INFO: [ app_init ] --START--
INFO: Run Behavior\BuildLiteBehavior [ RunTime:0.000000s ]
INFO: [ app_init ] --END-- [ RunTime:0.001000s ]
INFO: [ app_begin ] --START--
INFO: Run Behavior\ReadHtmlCacheBehavior [ RunTime:0.000000s ]
INFO: [ app_begin ] --END-- [ RunTime:0.000000s ]
SQL: SHOW COLUMNS FROM `yyd_borrow` [ RunTime:0.0040s ]
SQL: SELECT COUNT(*) AS tp_count FROM `yyd_borrow` INNER JOIN yyd_credit ON yyd_credit.user_id = yyd_borrow.user_id  WHERE ( (`status`=1 AND `borrow_end_time`>1443078645) OR `status`=3 ) AND `borrow_type` = 'credit' AND ( `borrow_period` >= 3 AND `borrow_period` < 6  ) LIMIT 1   [ RunTime:0.0000s ]
SQL: SELECT `name`,`status`,`account`,`borrow_nid`,`borrow_account_yes`,`borrow_account_wait`,`borrow_type`,`borrow_style`,`borrow_period`,`borrow_apr`,`borrow_end_time`,`addtime`,`award_status`,`recommend`,yyd_credit.credit FROM `yyd_borrow` INNER JOIN yyd_credit ON yyd_credit.user_id = yyd_borrow.user_id  WHERE ( (`status`=1 AND `borrow_end_time`>1443078645) OR `status`=3 ) AND `borrow_type` = 'credit' AND ( `borrow_period` >= 3 AND `borrow_period` < 6  ) ORDER BY  `addtime` desc,`order` desc LIMIT 0,10   [ RunTime:0.0000s ]
INFO: [ app_end ] --START--
INFO: Run Behavior\ShowPageTraceBehavior [ RunTime:0.001000s ]
INFO: [ app_end ] --END-- [ RunTime:0.001000s ]

[ 2015-09-24T15:11:47+08:00 ] ::1 /czcf/home/api/borrowList/smmkey/3eef0f2cb569f66b61248104de523c101a1e4361/borrow_type/credit/borrow_period/lt3
INFO: [ app_init ] --START--
INFO: Run Behavior\BuildLiteBehavior [ RunTime:0.000000s ]
INFO: [ app_init ] --END-- [ RunTime:0.001000s ]
INFO: [ app_begin ] --START--
INFO: Run Behavior\ReadHtmlCacheBehavior [ RunTime:0.000000s ]
INFO: [ app_begin ] --END-- [ RunTime:0.000000s ]
SQL: SHOW COLUMNS FROM `yyd_borrow` [ RunTime:0.0130s ]
SQL: SELECT COUNT(*) AS tp_count FROM `yyd_borrow` INNER JOIN yyd_credit ON yyd_credit.user_id = yyd_borrow.user_id  WHERE ( (`status`=1 AND `borrow_end_time`>1443078706) OR `status`=3 ) AND `borrow_type` = 'credit' AND `borrow_period` < 3 LIMIT 1   [ RunTime:0.0010s ]
SQL: SELECT `name`,`status`,`account`,`borrow_nid`,`borrow_account_yes`,`borrow_account_wait`,`borrow_type`,`borrow_style`,`borrow_period`,`borrow_apr`,`borrow_end_time`,`addtime`,`award_status`,`recommend`,yyd_credit.credit FROM `yyd_borrow` INNER JOIN yyd_credit ON yyd_credit.user_id = yyd_borrow.user_id  WHERE ( (`status`=1 AND `borrow_end_time`>1443078706) OR `status`=3 ) AND `borrow_type` = 'credit' AND `borrow_period` < 3 ORDER BY  `addtime` desc,`order` desc LIMIT 0,10   [ RunTime:0.0020s ]
INFO: [ app_end ] --START--
INFO: Run Behavior\ShowPageTraceBehavior [ RunTime:0.002000s ]
INFO: [ app_end ] --END-- [ RunTime:0.002000s ]

[ 2015-09-24T15:15:42+08:00 ] ::1 /czcf/home/api/borrowList/smmkey/3eef0f2cb569f66b61248104de523c101a1e4361/borrow_type/credit/borrow_period/lt3/borrow_style/0
INFO: [ app_init ] --START--
INFO: Run Behavior\BuildLiteBehavior [ RunTime:0.000000s ]
INFO: [ app_init ] --END-- [ RunTime:0.001000s ]
INFO: [ app_begin ] --START--
INFO: Run Behavior\ReadHtmlCacheBehavior [ RunTime:0.000000s ]
INFO: [ app_begin ] --END-- [ RunTime:0.001001s ]
SQL: SHOW COLUMNS FROM `yyd_borrow` [ RunTime:0.0130s ]
SQL: SELECT COUNT(*) AS tp_count FROM `yyd_borrow` INNER JOIN yyd_credit ON yyd_credit.user_id = yyd_borrow.user_id  WHERE ( (`status`=1 AND `borrow_end_time`>1443078941) OR `status`=3 ) AND `borrow_type` = 'credit' AND `borrow_period` < 3 AND `borrow_style` = '0' LIMIT 1   [ RunTime:0.0010s ]
SQL: SELECT `name`,`status`,`account`,`borrow_nid`,`borrow_account_yes`,`borrow_account_wait`,`borrow_type`,`borrow_style`,`borrow_period`,`borrow_apr`,`borrow_end_time`,`addtime`,`award_status`,`recommend`,yyd_credit.credit FROM `yyd_borrow` INNER JOIN yyd_credit ON yyd_credit.user_id = yyd_borrow.user_id  WHERE ( (`status`=1 AND `borrow_end_time`>1443078941) OR `status`=3 ) AND `borrow_type` = 'credit' AND `borrow_period` < 3 AND `borrow_style` = '0' ORDER BY  `addtime` desc,`order` desc LIMIT 0,10   [ RunTime:0.0020s ]
INFO: [ app_end ] --START--
INFO: Run Behavior\ShowPageTraceBehavior [ RunTime:0.001000s ]
INFO: [ app_end ] --END-- [ RunTime:0.001000s ]

[ 2015-09-24T15:15:48+08:00 ] ::1 /czcf/home/api/borrowList/smmkey/3eef0f2cb569f66b61248104de523c101a1e4361/borrow_type/credit/borrow_period/lt3/borrow_style/2
INFO: [ app_init ] --START--
INFO: Run Behavior\BuildLiteBehavior [ RunTime:0.000000s ]
INFO: [ app_init ] --END-- [ RunTime:0.001000s ]
INFO: [ app_begin ] --START--
INFO: Run Behavior\ReadHtmlCacheBehavior [ RunTime:0.001000s ]
INFO: [ app_begin ] --END-- [ RunTime:0.001000s ]
SQL: SHOW COLUMNS FROM `yyd_borrow` [ RunTime:0.0150s ]
SQL: SELECT COUNT(*) AS tp_count FROM `yyd_borrow` INNER JOIN yyd_credit ON yyd_credit.user_id = yyd_borrow.user_id  WHERE ( (`status`=1 AND `borrow_end_time`>1443078947) OR `status`=3 ) AND `borrow_type` = 'credit' AND `borrow_period` < 3 AND `borrow_style` = '2' LIMIT 1   [ RunTime:0.0010s ]
SQL: SELECT `name`,`status`,`account`,`borrow_nid`,`borrow_account_yes`,`borrow_account_wait`,`borrow_type`,`borrow_style`,`borrow_period`,`borrow_apr`,`borrow_end_time`,`addtime`,`award_status`,`recommend`,yyd_credit.credit FROM `yyd_borrow` INNER JOIN yyd_credit ON yyd_credit.user_id = yyd_borrow.user_id  WHERE ( (`status`=1 AND `borrow_end_time`>1443078947) OR `status`=3 ) AND `borrow_type` = 'credit' AND `borrow_period` < 3 AND `borrow_style` = '2' ORDER BY  `addtime` desc,`order` desc LIMIT 0,10   [ RunTime:0.0030s ]
INFO: [ app_end ] --START--
INFO: Run Behavior\ShowPageTraceBehavior [ RunTime:0.001000s ]
INFO: [ app_end ] --END-- [ RunTime:0.001000s ]

[ 2015-09-24T15:18:06+08:00 ] ::1 /czcf/home/api/borrowList/smmkey/3eef0f2cb569f66b61248104de523c101a1e4361/borrow_type/credit/borrow_period/lt3/borrow_style/2/account/lt50000
INFO: [ app_init ] --START--
INFO: Run Behavior\BuildLiteBehavior [ RunTime:0.000000s ]
INFO: [ app_init ] --END-- [ RunTime:0.001000s ]
INFO: [ app_begin ] --START--
INFO: Run Behavior\ReadHtmlCacheBehavior [ RunTime:0.001000s ]
INFO: [ app_begin ] --END-- [ RunTime:0.001000s ]
SQL: SHOW COLUMNS FROM `yyd_borrow` [ RunTime:0.0110s ]
SQL: SELECT COUNT(*) AS tp_count FROM `yyd_borrow` INNER JOIN yyd_credit ON yyd_credit.user_id = yyd_borrow.user_id  WHERE ( (`status`=1 AND `borrow_end_time`>1443079085) OR `status`=3 ) AND `borrow_type` = 'credit' AND `borrow_period` < 3 AND `account` < 50000 AND `borrow_style` = '2' LIMIT 1   [ RunTime:0.0010s ]
SQL: SELECT `name`,`status`,`account`,`borrow_nid`,`borrow_account_yes`,`borrow_account_wait`,`borrow_type`,`borrow_style`,`borrow_period`,`borrow_apr`,`borrow_end_time`,`addtime`,`award_status`,`recommend`,yyd_credit.credit FROM `yyd_borrow` INNER JOIN yyd_credit ON yyd_credit.user_id = yyd_borrow.user_id  WHERE ( (`status`=1 AND `borrow_end_time`>1443079085) OR `status`=3 ) AND `borrow_type` = 'credit' AND `borrow_period` < 3 AND `account` < 50000 AND `borrow_style` = '2' ORDER BY  `addtime` desc,`order` desc LIMIT 0,10   [ RunTime:0.0020s ]
INFO: [ app_end ] --START--
INFO: Run Behavior\ShowPageTraceBehavior [ RunTime:0.002000s ]
INFO: [ app_end ] --END-- [ RunTime:0.002000s ]

[ 2015-09-24T15:18:18+08:00 ] ::1 /czcf/home/api/borrowList/smmkey/3eef0f2cb569f66b61248104de523c101a1e4361/borrow_type/credit/borrow_period/lt3/borrow_style/2/account/egt50000lt100000
INFO: [ app_init ] --START--
INFO: Run Behavior\BuildLiteBehavior [ RunTime:0.000000s ]
INFO: [ app_init ] --END-- [ RunTime:0.001000s ]
INFO: [ app_begin ] --START--
INFO: Run Behavior\ReadHtmlCacheBehavior [ RunTime:0.001000s ]
INFO: [ app_begin ] --END-- [ RunTime:0.001000s ]
SQL: SHOW COLUMNS FROM `yyd_borrow` [ RunTime:0.0130s ]
SQL: SELECT COUNT(*) AS tp_count FROM `yyd_borrow` INNER JOIN yyd_credit ON yyd_credit.user_id = yyd_borrow.user_id  WHERE ( (`status`=1 AND `borrow_end_time`>1443079097) OR `status`=3 ) AND `borrow_type` = 'credit' AND `borrow_period` < 3 AND ( `account` >= 50000 AND `account` < 100000  ) AND `borrow_style` = '2' LIMIT 1   [ RunTime:0.0030s ]
SQL: SELECT `name`,`status`,`account`,`borrow_nid`,`borrow_account_yes`,`borrow_account_wait`,`borrow_type`,`borrow_style`,`borrow_period`,`borrow_apr`,`borrow_end_time`,`addtime`,`award_status`,`recommend`,yyd_credit.credit FROM `yyd_borrow` INNER JOIN yyd_credit ON yyd_credit.user_id = yyd_borrow.user_id  WHERE ( (`status`=1 AND `borrow_end_time`>1443079097) OR `status`=3 ) AND `borrow_type` = 'credit' AND `borrow_period` < 3 AND ( `account` >= 50000 AND `account` < 100000  ) AND `borrow_style` = '2' ORDER BY  `addtime` desc,`order` desc LIMIT 0,10   [ RunTime:0.0020s ]
INFO: [ app_end ] --START--
INFO: Run Behavior\ShowPageTraceBehavior [ RunTime:0.001000s ]
INFO: [ app_end ] --END-- [ RunTime:0.001000s ]

[ 2015-09-24T15:19:53+08:00 ] ::1 /czcf/home/api/borrowList/smmkey/3eef0f2cb569f66b61248104de523c101a1e4361/borrow_type/credit/borrow_period/lt3/borrow_style/2
INFO: [ app_init ] --START--
INFO: Run Behavior\BuildLiteBehavior [ RunTime:0.000000s ]
INFO: [ app_init ] --END-- [ RunTime:0.001000s ]
INFO: [ app_begin ] --START--
INFO: Run Behavior\ReadHtmlCacheBehavior [ RunTime:0.001000s ]
INFO: [ app_begin ] --END-- [ RunTime:0.001000s ]
SQL: SHOW COLUMNS FROM `yyd_borrow` [ RunTime:0.0130s ]
SQL: SELECT COUNT(*) AS tp_count FROM `yyd_borrow` INNER JOIN yyd_credit ON yyd_credit.user_id = yyd_borrow.user_id  WHERE ( (`status`=1 AND `borrow_end_time`>1443079192) OR `status`=3 ) AND `borrow_type` = 'credit' AND `borrow_period` < 3 AND `borrow_style` = '2' LIMIT 1   [ RunTime:0.0010s ]
SQL: SELECT `name`,`status`,`account`,`borrow_nid`,`borrow_account_yes`,`borrow_account_wait`,`borrow_type`,`borrow_style`,`borrow_period`,`borrow_apr`,`borrow_end_time`,`addtime`,`award_status`,`recommend`,yyd_credit.credit FROM `yyd_borrow` INNER JOIN yyd_credit ON yyd_credit.user_id = yyd_borrow.user_id  WHERE ( (`status`=1 AND `borrow_end_time`>1443079192) OR `status`=3 ) AND `borrow_type` = 'credit' AND `borrow_period` < 3 AND `borrow_style` = '2' ORDER BY  `addtime` desc,`order` desc LIMIT 0,10   [ RunTime:0.0030s ]
INFO: [ app_end ] --START--
INFO: Run Behavior\ShowPageTraceBehavior [ RunTime:0.001000s ]
INFO: [ app_end ] --END-- [ RunTime:0.001000s ]

[ 2015-09-24T15:20:06+08:00 ] ::1 /czcf/home/api/borrowList/smmkey/3eef0f2cb569f66b61248104de523c101a1e4361/borrow_type/credit/borrow_period/lt3/borrow_style/2/pagesize/2
INFO: [ app_init ] --START--
INFO: Run Behavior\BuildLiteBehavior [ RunTime:0.000000s ]
INFO: [ app_init ] --END-- [ RunTime:0.001000s ]
INFO: [ app_begin ] --START--
INFO: Run Behavior\ReadHtmlCacheBehavior [ RunTime:0.000000s ]
INFO: [ app_begin ] --END-- [ RunTime:0.000000s ]
SQL: SHOW COLUMNS FROM `yyd_borrow` [ RunTime:0.0130s ]
SQL: SELECT COUNT(*) AS tp_count FROM `yyd_borrow` INNER JOIN yyd_credit ON yyd_credit.user_id = yyd_borrow.user_id  WHERE ( (`status`=1 AND `borrow_end_time`>1443079205) OR `status`=3 ) AND `borrow_type` = 'credit' AND `borrow_period` < 3 AND `borrow_style` = '2' LIMIT 1   [ RunTime:0.0010s ]
SQL: SELECT `name`,`status`,`account`,`borrow_nid`,`borrow_account_yes`,`borrow_account_wait`,`borrow_type`,`borrow_style`,`borrow_period`,`borrow_apr`,`borrow_end_time`,`addtime`,`award_status`,`recommend`,yyd_credit.credit FROM `yyd_borrow` INNER JOIN yyd_credit ON yyd_credit.user_id = yyd_borrow.user_id  WHERE ( (`status`=1 AND `borrow_end_time`>1443079205) OR `status`=3 ) AND `borrow_type` = 'credit' AND `borrow_period` < 3 AND `borrow_style` = '2' ORDER BY  `addtime` desc,`order` desc LIMIT 0,2   [ RunTime:0.0020s ]
INFO: [ app_end ] --START--
INFO: Run Behavior\ShowPageTraceBehavior [ RunTime:0.002000s ]
INFO: [ app_end ] --END-- [ RunTime:0.002000s ]

[ 2015-09-24T15:20:17+08:00 ] ::1 /czcf/home/api/borrowList/smmkey/3eef0f2cb569f66b61248104de523c101a1e4361/borrow_type/credit/borrow_period/lt3/borrow_style/2/pagesize/2/p/2
INFO: [ app_init ] --START--
INFO: Run Behavior\BuildLiteBehavior [ RunTime:0.000000s ]
INFO: [ app_init ] --END-- [ RunTime:0.000000s ]
INFO: [ app_begin ] --START--
INFO: Run Behavior\ReadHtmlCacheBehavior [ RunTime:0.000000s ]
INFO: [ app_begin ] --END-- [ RunTime:0.000000s ]
SQL: SHOW COLUMNS FROM `yyd_borrow` [ RunTime:0.0130s ]
SQL: SELECT COUNT(*) AS tp_count FROM `yyd_borrow` INNER JOIN yyd_credit ON yyd_credit.user_id = yyd_borrow.user_id  WHERE ( (`status`=1 AND `borrow_end_time`>1443079216) OR `status`=3 ) AND `borrow_type` = 'credit' AND `borrow_period` < 3 AND `borrow_style` = '2' LIMIT 1   [ RunTime:0.0010s ]
SQL: SELECT `name`,`status`,`account`,`borrow_nid`,`borrow_account_yes`,`borrow_account_wait`,`borrow_type`,`borrow_style`,`borrow_period`,`borrow_apr`,`borrow_end_time`,`addtime`,`award_status`,`recommend`,yyd_credit.credit FROM `yyd_borrow` INNER JOIN yyd_credit ON yyd_credit.user_id = yyd_borrow.user_id  WHERE ( (`status`=1 AND `borrow_end_time`>1443079216) OR `status`=3 ) AND `borrow_type` = 'credit' AND `borrow_period` < 3 AND `borrow_style` = '2' ORDER BY  `addtime` desc,`order` desc LIMIT 2,2   [ RunTime:0.0020s ]
INFO: [ app_end ] --START--
INFO: Run Behavior\ShowPageTraceBehavior [ RunTime:0.002000s ]
INFO: [ app_end ] --END-- [ RunTime:0.002000s ]

[ 2015-09-24T15:20:22+08:00 ] ::1 /czcf/home/api/borrowList/smmkey/3eef0f2cb569f66b61248104de523c101a1e4361/borrow_type/credit/borrow_period/lt3/borrow_style/2/pagesize/2/p/1
INFO: [ app_init ] --START--
INFO: Run Behavior\BuildLiteBehavior [ RunTime:0.000000s ]
INFO: [ app_init ] --END-- [ RunTime:0.001000s ]
INFO: [ app_begin ] --START--
INFO: Run Behavior\ReadHtmlCacheBehavior [ RunTime:0.001000s ]
INFO: [ app_begin ] --END-- [ RunTime:0.001000s ]
SQL: SHOW COLUMNS FROM `yyd_borrow` [ RunTime:0.0100s ]
SQL: SELECT COUNT(*) AS tp_count FROM `yyd_borrow` INNER JOIN yyd_credit ON yyd_credit.user_id = yyd_borrow.user_id  WHERE ( (`status`=1 AND `borrow_end_time`>1443079221) OR `status`=3 ) AND `borrow_type` = 'credit' AND `borrow_period` < 3 AND `borrow_style` = '2' LIMIT 1   [ RunTime:0.0010s ]
SQL: SELECT `name`,`status`,`account`,`borrow_nid`,`borrow_account_yes`,`borrow_account_wait`,`borrow_type`,`borrow_style`,`borrow_period`,`borrow_apr`,`borrow_end_time`,`addtime`,`award_status`,`recommend`,yyd_credit.credit FROM `yyd_borrow` INNER JOIN yyd_credit ON yyd_credit.user_id = yyd_borrow.user_id  WHERE ( (`status`=1 AND `borrow_end_time`>1443079221) OR `status`=3 ) AND `borrow_type` = 'credit' AND `borrow_period` < 3 AND `borrow_style` = '2' ORDER BY  `addtime` desc,`order` desc LIMIT 0,2   [ RunTime:0.0010s ]
INFO: [ app_end ] --START--
INFO: Run Behavior\ShowPageTraceBehavior [ RunTime:0.002000s ]
INFO: [ app_end ] --END-- [ RunTime:0.002000s ]

[ 2015-09-24T15:49:37+08:00 ] ::1 /czcf/home/api/borrowList/smmkey/3eef0f2cb569f66b61248104de523c101a1e4361/borrow_type/credit/borrow_period/lt3/borrow_style/2/pagesize/2/p/1
INFO: [ app_init ] --START--
INFO: Run Behavior\BuildLiteBehavior [ RunTime:0.000000s ]
INFO: [ app_init ] --END-- [ RunTime:0.001000s ]
INFO: [ app_begin ] --START--
INFO: Run Behavior\ReadHtmlCacheBehavior [ RunTime:0.000000s ]
INFO: [ app_begin ] --END-- [ RunTime:0.000000s ]
SQL: SHOW COLUMNS FROM `yyd_borrow` [ RunTime:0.0150s ]
SQL: SELECT COUNT(*) AS tp_count FROM `yyd_borrow` INNER JOIN yyd_credit ON yyd_credit.user_id = yyd_borrow.user_id  WHERE ( (`status`=1 AND `borrow_end_time`>1443080976) OR `status`=3 ) AND `borrow_type` = 'credit' AND `borrow_period` < 3 AND `borrow_style` = '2' LIMIT 1   [ RunTime:0.0020s ]
SQL: SELECT `name`,`status`,`account`,`borrow_nid`,`borrow_account_yes`,`borrow_account_wait`,`borrow_type`,`borrow_style`,`borrow_period`,`borrow_apr`,`borrow_end_time`,`addtime`,`award_status`,`recommend`,yyd_credit.credit FROM `yyd_borrow` INNER JOIN yyd_credit ON yyd_credit.user_id = yyd_borrow.user_id  WHERE ( (`status`=1 AND `borrow_end_time`>1443080976) OR `status`=3 ) AND `borrow_type` = 'credit' AND `borrow_period` < 3 AND `borrow_style` = '2' ORDER BY  `addtime` desc,`order` desc LIMIT 0,2   [ RunTime:0.0010s ]
INFO: [ app_end ] --START--
INFO: Run Behavior\ShowPageTraceBehavior [ RunTime:0.001000s ]
INFO: [ app_end ] --END-- [ RunTime:0.001000s ]

[ 2015-09-24T15:49:43+08:00 ] ::1 /czcf/home/api/borrowList/smmkey/3eef0f2cb569f66b61248104de523c101a1e4361/borrow_type/credit/borrow_period/lt3/borrow_style/2/pagesize/2/p/2
INFO: [ app_init ] --START--
INFO: Run Behavior\BuildLiteBehavior [ RunTime:0.000000s ]
INFO: [ app_init ] --END-- [ RunTime:0.001000s ]
INFO: [ app_begin ] --START--
INFO: Run Behavior\ReadHtmlCacheBehavior [ RunTime:0.001000s ]
INFO: [ app_begin ] --END-- [ RunTime:0.001000s ]
SQL: SHOW COLUMNS FROM `yyd_borrow` [ RunTime:0.0140s ]
SQL: SELECT COUNT(*) AS tp_count FROM `yyd_borrow` INNER JOIN yyd_credit ON yyd_credit.user_id = yyd_borrow.user_id  WHERE ( (`status`=1 AND `borrow_end_time`>1443080982) OR `status`=3 ) AND `borrow_type` = 'credit' AND `borrow_period` < 3 AND `borrow_style` = '2' LIMIT 1   [ RunTime:0.0010s ]
SQL: SELECT `name`,`status`,`account`,`borrow_nid`,`borrow_account_yes`,`borrow_account_wait`,`borrow_type`,`borrow_style`,`borrow_period`,`borrow_apr`,`borrow_end_time`,`addtime`,`award_status`,`recommend`,yyd_credit.credit FROM `yyd_borrow` INNER JOIN yyd_credit ON yyd_credit.user_id = yyd_borrow.user_id  WHERE ( (`status`=1 AND `borrow_end_time`>1443080982) OR `status`=3 ) AND `borrow_type` = 'credit' AND `borrow_period` < 3 AND `borrow_style` = '2' ORDER BY  `addtime` desc,`order` desc LIMIT 2,2   [ RunTime:0.0030s ]
INFO: [ app_end ] --START--
INFO: Run Behavior\ShowPageTraceBehavior [ RunTime:0.002000s ]
INFO: [ app_end ] --END-- [ RunTime:0.002000s ]

