[ 2015-09-23T11:31:47+08:00 ] ::1 /czcf/home/api/register/smmkey/3eef0f2cb569f66b61248104de523c101a1e4361
INFO: [ app_init ] --START--
INFO: Run Behavior\BuildLiteBehavior [ RunTime:0.000000s ]
INFO: [ app_init ] --END-- [ RunTime:0.001000s ]
INFO: [ app_begin ] --START--
INFO: Run Behavior\ReadHtmlCacheBehavior [ RunTime:0.015001s ]
INFO: [ app_begin ] --END-- [ RunTime:0.016001s ]
SQL: SHOW COLUMNS FROM `yyd_users` [ RunTime:0.0230s ]
ERR: SQLSTATE[42S22]: Column not found: 1054 Unknown column 'id' in 'field list'

[ 2015-09-23T11:32:08+08:00 ] ::1 /czcf/home/api/register/smmkey/3eef0f2cb569f66b61248104de523c101a1e4361
INFO: [ app_init ] --START--
INFO: Run Behavior\BuildLiteBehavior [ RunTime:0.000000s ]
INFO: [ app_init ] --END-- [ RunTime:0.000000s ]
INFO: [ app_begin ] --START--
INFO: Run Behavior\ReadHtmlCacheBehavior [ RunTime:0.000000s ]
INFO: [ app_begin ] --END-- [ RunTime:0.001001s ]
SQL: SHOW COLUMNS FROM `yyd_users` [ RunTime:0.0090s ]
SQL: SELECT `user_id` FROM `yyd_users` WHERE `username` = '18510095975' LIMIT 1   [ RunTime:0.0010s ]

[ 2015-09-23T11:33:53+08:00 ] ::1 /czcf/home/api/register/smmkey/3eef0f2cb569f66b61248104de523c101a1e4361
INFO: [ app_init ] --START--
INFO: Run Behavior\BuildLiteBehavior [ RunTime:0.000000s ]
INFO: [ app_init ] --END-- [ RunTime:0.000000s ]
INFO: [ app_begin ] --START--
INFO: Run Behavior\ReadHtmlCacheBehavior [ RunTime:0.001000s ]
INFO: [ app_begin ] --END-- [ RunTime:0.001000s ]
SQL: SHOW COLUMNS FROM `yyd_users` [ RunTime:0.0080s ]
SQL: SELECT `user_id` FROM `yyd_users` WHERE `username` = '18510095975' LIMIT 1   [ RunTime:0.0010s ]

[ 2015-09-23T11:34:12+08:00 ] ::1 /czcf/home/api/register/smmkey/3eef0f2cb569f66b61248104de523c101a1e4361
INFO: [ app_init ] --START--
INFO: Run Behavior\BuildLiteBehavior [ RunTime:0.000000s ]
INFO: [ app_init ] --END-- [ RunTime:0.001000s ]
INFO: [ app_begin ] --START--
INFO: Run Behavior\ReadHtmlCacheBehavior [ RunTime:0.000000s ]
INFO: [ app_begin ] --END-- [ RunTime:0.000000s ]
SQL: SHOW COLUMNS FROM `yyd_users` [ RunTime:0.0090s ]
SQL: SELECT `user_id` FROM `yyd_users` WHERE `username` = '18510095975' LIMIT 1   [ RunTime:0.0010s ]

[ 2015-09-23T11:34:19+08:00 ] ::1 /czcf/home/api/register/smmkey/3eef0f2cb569f66b61248104de523c101a1e4361
INFO: [ app_init ] --START--
INFO: Run Behavior\BuildLiteBehavior [ RunTime:0.000000s ]
INFO: [ app_init ] --END-- [ RunTime:0.001000s ]
INFO: [ app_begin ] --START--
INFO: Run Behavior\ReadHtmlCacheBehavior [ RunTime:0.000000s ]
INFO: [ app_begin ] --END-- [ RunTime:0.001000s ]
SQL: SHOW COLUMNS FROM `yyd_users` [ RunTime:0.0070s ]
SQL: SELECT `user_id` FROM `yyd_users` WHERE `username` = '18510095971' LIMIT 1   [ RunTime:0.0010s ]

[ 2015-09-23T11:34:48+08:00 ] ::1 /czcf/home/api/register/smmkey/3eef0f2cb569f66b61248104de523c101a1e4361
INFO: [ app_init ] --START--
INFO: Run Behavior\BuildLiteBehavior [ RunTime:0.000000s ]
INFO: [ app_init ] --END-- [ RunTime:0.000000s ]
INFO: [ app_begin ] --START--
INFO: Run Behavior\ReadHtmlCacheBehavior [ RunTime:0.000000s ]
INFO: [ app_begin ] --END-- [ RunTime:0.000000s ]
SQL: SHOW COLUMNS FROM `yyd_users` [ RunTime:0.0080s ]
SQL: SELECT `user_id` FROM `yyd_users` WHERE `username` = '18510095971' LIMIT 1   [ RunTime:0.0010s ]

[ 2015-09-23T11:34:55+08:00 ] ::1 /czcf/home/api/register/smmkey/3eef0f2cb569f66b61248104de523c101a1e4361
INFO: [ app_init ] --START--
INFO: Run Behavior\BuildLiteBehavior [ RunTime:0.000000s ]
INFO: [ app_init ] --END-- [ RunTime:0.000000s ]
INFO: [ app_begin ] --START--
INFO: Run Behavior\ReadHtmlCacheBehavior [ RunTime:0.001000s ]
INFO: [ app_begin ] --END-- [ RunTime:0.001000s ]
SQL: SHOW COLUMNS FROM `yyd_users` [ RunTime:0.0100s ]
SQL: SELECT `user_id` FROM `yyd_users` WHERE `username` = '18510095975' LIMIT 1   [ RunTime:0.0020s ]

[ 2015-09-23T11:57:34+08:00 ] ::1 /czcf/home/api/register/smmkey/3eef0f2cb569f66b61248104de523c101a1e4361
INFO: [ app_init ] --START--
INFO: Run Behavior\BuildLiteBehavior [ RunTime:0.000000s ]
INFO: [ app_init ] --END-- [ RunTime:0.001000s ]
INFO: [ app_begin ] --START--
INFO: Run Behavior\ReadHtmlCacheBehavior [ RunTime:0.001000s ]
INFO: [ app_begin ] --END-- [ RunTime:0.001000s ]
SQL: SHOW COLUMNS FROM `yyd_users` [ RunTime:0.0130s ]
SQL: SELECT `user_id` FROM `yyd_users` WHERE `username` = '' LIMIT 1   [ RunTime:0.0010s ]

[ 2015-09-23T11:57:42+08:00 ] ::1 /czcf/home/api/register/smmkey/3eef0f2cb569f66b61248104de523c101a1e4361
INFO: [ app_init ] --START--
INFO: Run Behavior\BuildLiteBehavior [ RunTime:0.000000s ]
INFO: [ app_init ] --END-- [ RunTime:0.000000s ]
INFO: [ app_begin ] --START--
INFO: Run Behavior\ReadHtmlCacheBehavior [ RunTime:0.001000s ]
INFO: [ app_begin ] --END-- [ RunTime:0.001000s ]
SQL: SHOW COLUMNS FROM `yyd_users` [ RunTime:0.0030s ]
SQL: SELECT `user_id` FROM `yyd_users` WHERE `username` = '18510095975' LIMIT 1   [ RunTime:0.0000s ]

[ 2015-09-23T11:57:54+08:00 ] ::1 /czcf/home/api/register/smmkey/3eef0f2cb569f66b61248104de523c101a1e4361
INFO: [ app_init ] --START--
INFO: Run Behavior\BuildLiteBehavior [ RunTime:0.000000s ]
INFO: [ app_init ] --END-- [ RunTime:0.000000s ]
INFO: [ app_begin ] --START--
INFO: Run Behavior\ReadHtmlCacheBehavior [ RunTime:0.000000s ]
INFO: [ app_begin ] --END-- [ RunTime:0.000000s ]
SQL: SHOW COLUMNS FROM `yyd_users` [ RunTime:0.0100s ]
SQL: SELECT `user_id` FROM `yyd_users` WHERE `username` = '18510095975' LIMIT 1   [ RunTime:0.0010s ]

[ 2015-09-23T16:43:47+08:00 ] ::1 /czcf/home/api/getUserMsg/smmkey/3eef0f2cb569f66b61248104de523c101a1e4361/user_id/36
INFO: [ app_init ] --START--
INFO: Run Behavior\BuildLiteBehavior [ RunTime:0.000000s ]
INFO: [ app_init ] --END-- [ RunTime:0.000000s ]
INFO: [ app_begin ] --START--
INFO: Run Behavior\ReadHtmlCacheBehavior [ RunTime:0.000000s ]
INFO: [ app_begin ] --END-- [ RunTime:0.000000s ]
SQL: SHOW COLUMNS FROM `yyd_message_receive` [ RunTime:0.0800s ]
ERR: SQLSTATE[23000]: Integrity constraint violation: 1052 Column 'status' in field list is ambiguous

[ 2015-09-23T16:44:38+08:00 ] ::1 /czcf/home/api/getUserMsg/smmkey/3eef0f2cb569f66b61248104de523c101a1e4361/user_id/36
INFO: [ app_init ] --START--
INFO: Run Behavior\BuildLiteBehavior [ RunTime:0.000000s ]
INFO: [ app_init ] --END-- [ RunTime:0.000000s ]
INFO: [ app_begin ] --START--
INFO: Run Behavior\ReadHtmlCacheBehavior [ RunTime:0.001000s ]
INFO: [ app_begin ] --END-- [ RunTime:0.001000s ]
SQL: SHOW COLUMNS FROM `yyd_message_receive` [ RunTime:0.0100s ]
SQL: SELECT `send_userid`,`receive_id`,yyd_message_receive.status,`name`,`contents`,yyd_message_receive.addtime FROM `yyd_message_receive` INNER JOIN yyd_users_info ON yyd_users_info.user_id = yyd_message_receive.user_id  WHERE `receive_id` = '36'  [ RunTime:0.0170s ]
INFO: [ app_end ] --START--
INFO: Run Behavior\ShowPageTraceBehavior [ RunTime:0.018001s ]
INFO: [ app_end ] --END-- [ RunTime:0.018001s ]

[ 2015-09-23T16:45:03+08:00 ] ::1 /czcf/home/api/getUserMsg/smmkey/3eef0f2cb569f66b61248104de523c101a1e4361/user_id/36
INFO: [ app_init ] --START--
INFO: Run Behavior\BuildLiteBehavior [ RunTime:0.000000s ]
INFO: [ app_init ] --END-- [ RunTime:0.000000s ]
INFO: [ app_begin ] --START--
INFO: Run Behavior\ReadHtmlCacheBehavior [ RunTime:0.001000s ]
INFO: [ app_begin ] --END-- [ RunTime:0.001000s ]
SQL: SHOW COLUMNS FROM `yyd_message_receive` [ RunTime:0.0100s ]
SQL: SELECT `send_userid`,`receive_id`,yyd_message_receive.status,`name`,`contents`,yyd_message_receive.addtime FROM `yyd_message_receive` INNER JOIN yyd_users_info ON yyd_users_info.user_id = yyd_message_receive.user_id  WHERE `receive_id` = '36'  [ RunTime:0.0020s ]
INFO: [ app_end ] --START--
INFO: Run Behavior\ShowPageTraceBehavior [ RunTime:0.002000s ]
INFO: [ app_end ] --END-- [ RunTime:0.002000s ]

[ 2015-09-23T17:00:02+08:00 ] ::1 /czcf/home/api/getUserMsg/smmkey/3eef0f2cb569f66b61248104de523c101a1e4361/user_id/36
INFO: [ app_init ] --START--
INFO: Run Behavior\BuildLiteBehavior [ RunTime:0.000000s ]
INFO: [ app_init ] --END-- [ RunTime:0.001000s ]
INFO: [ app_begin ] --START--
INFO: Run Behavior\ReadHtmlCacheBehavior [ RunTime:0.000000s ]
INFO: [ app_begin ] --END-- [ RunTime:0.000000s ]
SQL: SHOW COLUMNS FROM `yyd_message_receive` [ RunTime:0.0100s ]
ERR: SQLSTATE[42000]: Syntax error or access violation: 1064 You have an error in your SQL syntax; check the manual that corresponds to your MySQL server version for the right syntax to use near '.niname,`receive_id`,yyd_message_receive.status,`name`,`contents`,yyd_message_re' at line 1

[ 2015-09-23T17:00:24+08:00 ] ::1 /czcf/home/api/getUserMsg/smmkey/3eef0f2cb569f66b61248104de523c101a1e4361/user_id/36
INFO: [ app_init ] --START--
INFO: Run Behavior\BuildLiteBehavior [ RunTime:0.000000s ]
INFO: [ app_init ] --END-- [ RunTime:0.000000s ]
INFO: [ app_begin ] --START--
INFO: Run Behavior\ReadHtmlCacheBehavior [ RunTime:0.001000s ]
INFO: [ app_begin ] --END-- [ RunTime:0.001000s ]
SQL: SHOW COLUMNS FROM `yyd_message_receive` [ RunTime:0.0140s ]
SQL: SELECT `send_userid`,yyd_users_info.niname,`receive_id`,yyd_message_receive.status,`name`,`contents`,yyd_message_receive.addtime FROM `yyd_message_receive` INNER JOIN yyd_users_info ON yyd_users_info.user_id = yyd_message_receive.user_id  WHERE `receive_id` = '36'  [ RunTime:0.0600s ]
INFO: [ app_end ] --START--
INFO: Run Behavior\ShowPageTraceBehavior [ RunTime:0.000000s ]
INFO: [ app_end ] --END-- [ RunTime:0.000000s ]

[ 2015-09-23T17:03:31+08:00 ] ::1 /czcf/home/api/getUserMsg/smmkey/3eef0f2cb569f66b61248104de523c101a1e4361/user_id/36
INFO: [ app_init ] --START--
INFO: Run Behavior\BuildLiteBehavior [ RunTime:0.000000s ]
INFO: [ app_init ] --END-- [ RunTime:0.001000s ]
INFO: [ app_begin ] --START--
INFO: Run Behavior\ReadHtmlCacheBehavior [ RunTime:0.000000s ]
INFO: [ app_begin ] --END-- [ RunTime:0.000000s ]
SQL: SHOW COLUMNS FROM `yyd_message_receive` [ RunTime:0.0090s ]
SQL: SELECT `send_userid`,yyd_users_info.niname,`receive_id`,yyd_message_receive.status,`name`,`contents`,yyd_message_receive.addtime FROM `yyd_message_receive` RIGHT JOIN yyd_users_info ON yyd_users_info.user_id = yyd_message_receive.user_id  WHERE `receive_id` = '36'  [ RunTime:0.0020s ]
INFO: [ app_end ] --START--
INFO: Run Behavior\ShowPageTraceBehavior [ RunTime:0.001000s ]
INFO: [ app_end ] --END-- [ RunTime:0.001000s ]

[ 2015-09-23T17:03:55+08:00 ] ::1 /czcf/home/api/getUserMsg/smmkey/3eef0f2cb569f66b61248104de523c101a1e4361/user_id/36
INFO: [ app_init ] --START--
INFO: Run Behavior\BuildLiteBehavior [ RunTime:0.000000s ]
INFO: [ app_init ] --END-- [ RunTime:0.000000s ]
INFO: [ app_begin ] --START--
INFO: Run Behavior\ReadHtmlCacheBehavior [ RunTime:0.000000s ]
INFO: [ app_begin ] --END-- [ RunTime:0.000000s ]
SQL: SHOW COLUMNS FROM `yyd_message_receive` [ RunTime:0.0100s ]
SQL: SELECT `send_userid`,yyd_users_info.niname,`receive_id`,yyd_message_receive.status,`name`,`contents`,yyd_message_receive.addtime FROM `yyd_message_receive` RIGHT JOIN yyd_users_info ON yyd_users_info.user_id = yyd_message_receive.user_id  WHERE `receive_id` = '36'  [ RunTime:0.0010s ]
INFO: [ app_end ] --START--
INFO: Run Behavior\ShowPageTraceBehavior [ RunTime:0.002000s ]
INFO: [ app_end ] --END-- [ RunTime:0.002000s ]

[ 2015-09-23T17:04:28+08:00 ] ::1 /czcf/home/api/getUserMsg/smmkey/3eef0f2cb569f66b61248104de523c101a1e4361/user_id/36
INFO: [ app_init ] --START--
INFO: Run Behavior\BuildLiteBehavior [ RunTime:0.000000s ]
INFO: [ app_init ] --END-- [ RunTime:0.001000s ]
INFO: [ app_begin ] --START--
INFO: Run Behavior\ReadHtmlCacheBehavior [ RunTime:0.000000s ]
INFO: [ app_begin ] --END-- [ RunTime:0.000000s ]
SQL: SHOW COLUMNS FROM `yyd_message_receive` [ RunTime:0.0080s ]
SQL: SELECT `send_userid`,yyd_users_info.niname,`receive_id`,yyd_message_receive.status,`name`,`contents`,yyd_message_receive.addtime FROM `yyd_message_receive` LEFT JOIN yyd_users_info ON yyd_users_info.user_id = yyd_message_receive.user_id  WHERE `receive_id` = '36'  [ RunTime:0.0010s ]
INFO: [ app_end ] --START--
INFO: Run Behavior\ShowPageTraceBehavior [ RunTime:0.001000s ]
INFO: [ app_end ] --END-- [ RunTime:0.001000s ]

[ 2015-09-23T17:05:18+08:00 ] ::1 /czcf/home/api/getUserMsg/smmkey/3eef0f2cb569f66b61248104de523c101a1e4361/user_id/36
INFO: [ app_init ] --START--
INFO: Run Behavior\BuildLiteBehavior [ RunTime:0.000000s ]
INFO: [ app_init ] --END-- [ RunTime:0.000000s ]
INFO: [ app_begin ] --START--
INFO: Run Behavior\ReadHtmlCacheBehavior [ RunTime:0.001000s ]
INFO: [ app_begin ] --END-- [ RunTime:0.001000s ]
SQL: SHOW COLUMNS FROM `yyd_message_receive` [ RunTime:0.0100s ]
ERR: SQLSTATE[42000]: Syntax error or access violation: 1066 Not unique table/alias: 'yyd_message_receive'

[ 2015-09-23T17:05:49+08:00 ] ::1 /czcf/home/api/getUserMsg/smmkey/3eef0f2cb569f66b61248104de523c101a1e4361/user_id/36
INFO: [ app_init ] --START--
INFO: Run Behavior\BuildLiteBehavior [ RunTime:0.000000s ]
INFO: [ app_init ] --END-- [ RunTime:0.000000s ]
INFO: [ app_begin ] --START--
INFO: Run Behavior\ReadHtmlCacheBehavior [ RunTime:0.001000s ]
INFO: [ app_begin ] --END-- [ RunTime:0.001000s ]
SQL: SHOW COLUMNS FROM `yyd_message_receive` [ RunTime:0.0100s ]
SQL: SELECT `send_userid`,yyd_users_info.niname,`receive_id`,yyd_message_receive.status,`name`,`contents`,yyd_message_receive.addtime FROM `yyd_message_receive` INNER JOIN yyd_users_info ON yyd_users_info.user_id = yyd_message_receive.user_id  WHERE `receive_id` = '36'  [ RunTime:0.0010s ]
INFO: [ app_end ] --START--
INFO: Run Behavior\ShowPageTraceBehavior [ RunTime:0.002000s ]
INFO: [ app_end ] --END-- [ RunTime:0.002000s ]

[ 2015-09-23T17:06:29+08:00 ] ::1 /czcf/home/api/getUserMsg/smmkey/3eef0f2cb569f66b61248104de523c101a1e4361/user_id/36
INFO: [ app_init ] --START--
INFO: Run Behavior\BuildLiteBehavior [ RunTime:0.000000s ]
INFO: [ app_init ] --END-- [ RunTime:0.001000s ]
INFO: [ app_begin ] --START--
INFO: Run Behavior\ReadHtmlCacheBehavior [ RunTime:0.000000s ]
INFO: [ app_begin ] --END-- [ RunTime:0.000000s ]
SQL: SHOW COLUMNS FROM `yyd_message_receive` [ RunTime:0.0120s ]
SQL: SELECT `send_userid`,yyd_users_info.niname,`receive_id`,yyd_message_receive.status,`name`,`contents`,yyd_message_receive.addtime FROM `yyd_message_receive` INNER JOIN yyd_users_info ON yyd_users_info.user_id = yyd_message_receive.send_userid  WHERE `receive_id` = '36'  [ RunTime:0.0010s ]
INFO: [ app_end ] --START--
INFO: Run Behavior\ShowPageTraceBehavior [ RunTime:0.001000s ]
INFO: [ app_end ] --END-- [ RunTime:0.001000s ]

[ 2015-09-23T17:06:45+08:00 ] ::1 /czcf/home/api/getUserMsg/smmkey/3eef0f2cb569f66b61248104de523c101a1e4361/user_id/36
INFO: [ app_init ] --START--
INFO: Run Behavior\BuildLiteBehavior [ RunTime:0.000000s ]
INFO: [ app_init ] --END-- [ RunTime:0.001000s ]
INFO: [ app_begin ] --START--
INFO: Run Behavior\ReadHtmlCacheBehavior [ RunTime:0.001000s ]
INFO: [ app_begin ] --END-- [ RunTime:0.001000s ]
SQL: SHOW COLUMNS FROM `yyd_message_receive` [ RunTime:0.0100s ]
SQL: SELECT `send_userid`,yyd_users_info.niname,`receive_id`,yyd_message_receive.status,`name`,`contents`,yyd_message_receive.addtime FROM `yyd_message_receive` RIGHT JOIN yyd_users_info ON yyd_users_info.user_id = yyd_message_receive.send_userid  WHERE `receive_id` = '36'  [ RunTime:0.0020s ]
INFO: [ app_end ] --START--
INFO: Run Behavior\ShowPageTraceBehavior [ RunTime:0.002000s ]
INFO: [ app_end ] --END-- [ RunTime:0.002000s ]

[ 2015-09-23T17:06:48+08:00 ] ::1 /czcf/home/api/getUserMsg/smmkey/3eef0f2cb569f66b61248104de523c101a1e4361/user_id/36
INFO: [ app_init ] --START--
INFO: Run Behavior\BuildLiteBehavior [ RunTime:0.000000s ]
INFO: [ app_init ] --END-- [ RunTime:0.001000s ]
INFO: [ app_begin ] --START--
INFO: Run Behavior\ReadHtmlCacheBehavior [ RunTime:0.000000s ]
INFO: [ app_begin ] --END-- [ RunTime:0.000000s ]
SQL: SHOW COLUMNS FROM `yyd_message_receive` [ RunTime:0.0090s ]
SQL: SELECT `send_userid`,yyd_users_info.niname,`receive_id`,yyd_message_receive.status,`name`,`contents`,yyd_message_receive.addtime FROM `yyd_message_receive` RIGHT JOIN yyd_users_info ON yyd_users_info.user_id = yyd_message_receive.send_userid  WHERE `receive_id` = '36'  [ RunTime:0.0010s ]
INFO: [ app_end ] --START--
INFO: Run Behavior\ShowPageTraceBehavior [ RunTime:0.001000s ]
INFO: [ app_end ] --END-- [ RunTime:0.001000s ]

[ 2015-09-23T17:06:59+08:00 ] ::1 /czcf/home/api/getUserMsg/smmkey/3eef0f2cb569f66b61248104de523c101a1e4361/user_id/36
INFO: [ app_init ] --START--
INFO: Run Behavior\BuildLiteBehavior [ RunTime:0.000000s ]
INFO: [ app_init ] --END-- [ RunTime:0.001000s ]
INFO: [ app_begin ] --START--
INFO: Run Behavior\ReadHtmlCacheBehavior [ RunTime:0.001001s ]
INFO: [ app_begin ] --END-- [ RunTime:0.001001s ]
SQL: SHOW COLUMNS FROM `yyd_message_receive` [ RunTime:0.0120s ]
SQL: SELECT `send_userid`,yyd_users_info.niname,`receive_id`,yyd_message_receive.status,`name`,`contents`,yyd_message_receive.addtime FROM `yyd_message_receive` LEFT JOIN yyd_users_info ON yyd_users_info.user_id = yyd_message_receive.send_userid  WHERE `receive_id` = '36'  [ RunTime:0.0020s ]
INFO: [ app_end ] --START--
INFO: Run Behavior\ShowPageTraceBehavior [ RunTime:0.002000s ]
INFO: [ app_end ] --END-- [ RunTime:0.002000s ]

[ 2015-09-23T17:18:37+08:00 ] ::1 /czcf/home/api/getUserMsg/smmkey/3eef0f2cb569f66b61248104de523c101a1e4361/user_id/36
INFO: [ app_init ] --START--
INFO: Run Behavior\BuildLiteBehavior [ RunTime:0.000000s ]
INFO: [ app_init ] --END-- [ RunTime:0.000000s ]
INFO: [ app_begin ] --START--
INFO: Run Behavior\ReadHtmlCacheBehavior [ RunTime:0.000000s ]
INFO: [ app_begin ] --END-- [ RunTime:0.000000s ]
SQL: SHOW COLUMNS FROM `yyd_message_receive` [ RunTime:0.0120s ]
SQL: SELECT `send_userid`,yyd_users_info.niname,`receive_id`,yyd_message_receive.status,`name`,`contents`,yyd_message_receive.addtime FROM `yyd_message_receive` LEFT JOIN yyd_users_info ON yyd_users_info.user_id = yyd_message_receive.send_userid  WHERE `receive_id` = '36'  [ RunTime:0.0030s ]
INFO: [ app_end ] --START--
INFO: Run Behavior\ShowPageTraceBehavior [ RunTime:0.002000s ]
INFO: [ app_end ] --END-- [ RunTime:0.002000s ]

[ 2015-09-23T17:24:22+08:00 ] ::1 /czcf/home/api/getUserMsg/smmkey/3eef0f2cb569f66b61248104de523c101a1e4361/user_id/36
INFO: [ app_init ] --START--
INFO: Run Behavior\BuildLiteBehavior [ RunTime:0.000000s ]
INFO: [ app_init ] --END-- [ RunTime:0.000000s ]
INFO: [ app_begin ] --START--
INFO: Run Behavior\ReadHtmlCacheBehavior [ RunTime:0.001000s ]
INFO: [ app_begin ] --END-- [ RunTime:0.001000s ]

[ 2015-09-23T17:38:15+08:00 ] ::1 /czcf/home/api/getUserMsg/smmkey/3eef0f2cb569f66b61248104de523c101a1e4361/user_id/36
INFO: [ app_init ] --START--
INFO: Run Behavior\BuildLiteBehavior [ RunTime:0.000000s ]
INFO: [ app_init ] --END-- [ RunTime:0.000000s ]
INFO: [ app_begin ] --START--
INFO: Run Behavior\ReadHtmlCacheBehavior [ RunTime:0.001000s ]
INFO: [ app_begin ] --END-- [ RunTime:0.001000s ]

[ 2015-09-23T17:42:40+08:00 ] ::1 /czcf/home/api/getUserMsg/smmkey/3eef0f2cb569f66b61248104de523c101a1e4361/user_id/36
INFO: [ app_init ] --START--
INFO: Run Behavior\BuildLiteBehavior [ RunTime:0.000000s ]
INFO: [ app_init ] --END-- [ RunTime:0.001000s ]
INFO: [ app_begin ] --START--
INFO: Run Behavior\ReadHtmlCacheBehavior [ RunTime:0.001001s ]
INFO: [ app_begin ] --END-- [ RunTime:0.001001s ]
SQL: SHOW COLUMNS FROM `yyd_message_receive` [ RunTime:0.0160s ]
SQL: SELECT yyd_message_receive.id,`send_userid`,yyd_users_info.niname,`receive_id`,yyd_message_receive.status,`name`,`contents`,yyd_message_receive.addtime FROM `yyd_message_receive` LEFT JOIN yyd_users_info ON yyd_users_info.user_id = yyd_message_receive.send_userid  WHERE `receive_id` = '36'  [ RunTime:0.0040s ]
INFO: [ app_end ] --START--
INFO: Run Behavior\ShowPageTraceBehavior [ RunTime:0.001000s ]
INFO: [ app_end ] --END-- [ RunTime:0.001000s ]

[ 2015-09-23T17:43:40+08:00 ] ::1 /czcf/home/api/getUserMsgcount/smmkey/3eef0f2cb569f66b61248104de523c101a1e4361/user_id/36
INFO: [ app_init ] --START--
INFO: Run Behavior\BuildLiteBehavior [ RunTime:0.000000s ]
INFO: [ app_init ] --END-- [ RunTime:0.000000s ]
INFO: [ app_begin ] --START--
INFO: Run Behavior\ReadHtmlCacheBehavior [ RunTime:0.000000s ]
INFO: [ app_begin ] --END-- [ RunTime:0.000000s ]

[ 2015-09-23T17:44:04+08:00 ] ::1 /czcf/home/api/getUserMsgcount/smmkey/3eef0f2cb569f66b61248104de523c101a1e4361/user_id/36
INFO: [ app_init ] --START--
INFO: Run Behavior\BuildLiteBehavior [ RunTime:0.000000s ]
INFO: [ app_init ] --END-- [ RunTime:0.001000s ]
INFO: [ app_begin ] --START--
INFO: Run Behavior\ReadHtmlCacheBehavior [ RunTime:0.001000s ]
INFO: [ app_begin ] --END-- [ RunTime:0.001000s ]
SQL: SHOW COLUMNS FROM `yyd_message_receive` [ RunTime:0.0030s ]
SQL: SELECT COUNT(*) AS tp_count FROM `yyd_message_receive` WHERE `receive_id` = '36' AND `status` = 0 LIMIT 1   [ RunTime:0.0000s ]
INFO: [ app_end ] --START--
INFO: Run Behavior\ShowPageTraceBehavior [ RunTime:0.001000s ]
INFO: [ app_end ] --END-- [ RunTime:0.001000s ]

[ 2015-09-23T17:53:04+08:00 ] ::1 /czcf/home/api/getUserMsgcount/smmkey/3eef0f2cb569f66b61248104de523c101a1e4361/user_id/36
INFO: [ app_init ] --START--
INFO: Run Behavior\BuildLiteBehavior [ RunTime:0.000000s ]
INFO: [ app_init ] --END-- [ RunTime:0.001000s ]
INFO: [ app_begin ] --START--
INFO: Run Behavior\ReadHtmlCacheBehavior [ RunTime:0.000000s ]
INFO: [ app_begin ] --END-- [ RunTime:0.000000s ]
SQL: SHOW COLUMNS FROM `yyd_message_receive` [ RunTime:0.0150s ]
SQL: SELECT COUNT(*) AS tp_count FROM `yyd_message_receive` WHERE `receive_id` = '36' AND `status` = 1 LIMIT 1   [ RunTime:0.0010s ]
INFO: [ app_end ] --START--
INFO: Run Behavior\ShowPageTraceBehavior [ RunTime:0.002000s ]
INFO: [ app_end ] --END-- [ RunTime:0.002000s ]

[ 2015-09-23T17:53:20+08:00 ] ::1 /czcf/home/api/getUserMsgcount/smmkey/3eef0f2cb569f66b61248104de523c101a1e4361/user_id/36
INFO: [ app_init ] --START--
INFO: Run Behavior\BuildLiteBehavior [ RunTime:0.000000s ]
INFO: [ app_init ] --END-- [ RunTime:0.000000s ]
INFO: [ app_begin ] --START--
INFO: Run Behavior\ReadHtmlCacheBehavior [ RunTime:0.000000s ]
INFO: [ app_begin ] --END-- [ RunTime:0.000000s ]
SQL: SHOW COLUMNS FROM `yyd_message_receive` [ RunTime:0.0100s ]
SQL: SELECT COUNT(*) AS tp_count FROM `yyd_message_receive` WHERE `receive_id` = '36' AND `status` = 0 LIMIT 1   [ RunTime:0.0010s ]
INFO: [ app_end ] --START--
INFO: Run Behavior\ShowPageTraceBehavior [ RunTime:0.002000s ]
INFO: [ app_end ] --END-- [ RunTime:0.002000s ]

[ 2015-09-23T17:53:55+08:00 ] ::1 /czcf/home/api/getUserMsgcount/smmkey/3eef0f2cb569f66b61248104de523c101a1e4361/user_id/36
INFO: [ app_init ] --START--
INFO: Run Behavior\BuildLiteBehavior [ RunTime:0.000000s ]
INFO: [ app_init ] --END-- [ RunTime:0.000000s ]
INFO: [ app_begin ] --START--
INFO: Run Behavior\ReadHtmlCacheBehavior [ RunTime:0.001000s ]
INFO: [ app_begin ] --END-- [ RunTime:0.001000s ]
SQL: SHOW COLUMNS FROM `yyd_message_receive` [ RunTime:0.0110s ]
SQL: SELECT * FROM `yyd_message_receive` WHERE `receive_id` = '36' AND `status` = 0 LIMIT 1   [ RunTime:0.0010s ]
INFO: [ app_end ] --START--
INFO: Run Behavior\ShowPageTraceBehavior [ RunTime:0.001000s ]
INFO: [ app_end ] --END-- [ RunTime:0.001000s ]

[ 2015-09-23T17:54:09+08:00 ] ::1 /czcf/home/api/getUserMsgcount/smmkey/3eef0f2cb569f66b61248104de523c101a1e4361/user_id/36
INFO: [ app_init ] --START--
INFO: Run Behavior\BuildLiteBehavior [ RunTime:0.000000s ]
INFO: [ app_init ] --END-- [ RunTime:0.001000s ]
INFO: [ app_begin ] --START--
INFO: Run Behavior\ReadHtmlCacheBehavior [ RunTime:0.000000s ]
INFO: [ app_begin ] --END-- [ RunTime:0.000000s ]
SQL: SHOW COLUMNS FROM `yyd_message_receive` [ RunTime:0.0080s ]
SQL: SELECT * FROM `yyd_message_receive` WHERE `receive_id` = '36' AND `status` = 0 LIMIT 1   [ RunTime:0.0010s ]
INFO: [ app_end ] --START--
INFO: Run Behavior\ShowPageTraceBehavior [ RunTime:0.001000s ]
INFO: [ app_end ] --END-- [ RunTime:0.001000s ]

[ 2015-09-23T17:54:31+08:00 ] ::1 /czcf/home/api/getUserMsgcount/smmkey/3eef0f2cb569f66b61248104de523c101a1e4361/user_id/36
INFO: [ app_init ] --START--
INFO: Run Behavior\BuildLiteBehavior [ RunTime:0.000000s ]
INFO: [ app_init ] --END-- [ RunTime:0.001000s ]
INFO: [ app_begin ] --START--
INFO: Run Behavior\ReadHtmlCacheBehavior [ RunTime:0.000000s ]
INFO: [ app_begin ] --END-- [ RunTime:0.000000s ]
SQL: SHOW COLUMNS FROM `yyd_message_receive` [ RunTime:0.0120s ]
SQL: SELECT * FROM `yyd_message_receive` WHERE `receive_id` = '36' AND `status` = 1 LIMIT 1   [ RunTime:0.0010s ]
INFO: [ app_end ] --START--
INFO: Run Behavior\ShowPageTraceBehavior [ RunTime:0.001000s ]
INFO: [ app_end ] --END-- [ RunTime:0.001000s ]

[ 2015-09-23T17:54:42+08:00 ] ::1 /czcf/home/api/getUserMsgcount/smmkey/3eef0f2cb569f66b61248104de523c101a1e4361/user_id/36
INFO: [ app_init ] --START--
INFO: Run Behavior\BuildLiteBehavior [ RunTime:0.000000s ]
INFO: [ app_init ] --END-- [ RunTime:0.000000s ]
INFO: [ app_begin ] --START--
INFO: Run Behavior\ReadHtmlCacheBehavior [ RunTime:0.000000s ]
INFO: [ app_begin ] --END-- [ RunTime:0.000000s ]
SQL: SHOW COLUMNS FROM `yyd_message_receive` [ RunTime:0.0120s ]
SQL: SELECT * FROM `yyd_message_receive` WHERE `receive_id` = '36' AND `status` = 1  [ RunTime:0.0010s ]
INFO: [ app_end ] --START--
INFO: Run Behavior\ShowPageTraceBehavior [ RunTime:0.001000s ]
INFO: [ app_end ] --END-- [ RunTime:0.001000s ]

[ 2015-09-23T17:58:11+08:00 ] ::1 /czcf/home/api/getUserMsgcount/smmkey/3eef0f2cb569f66b61248104de523c101a1e4361/user_id/36
INFO: [ app_init ] --START--
INFO: Run Behavior\BuildLiteBehavior [ RunTime:0.000000s ]
INFO: [ app_init ] --END-- [ RunTime:0.000000s ]
INFO: [ app_begin ] --START--
INFO: Run Behavior\ReadHtmlCacheBehavior [ RunTime:0.000000s ]
INFO: [ app_begin ] --END-- [ RunTime:0.000000s ]

[ 2015-09-23T17:58:25+08:00 ] ::1 /czcf/home/api/getUserMsgcount/smmkey/3eef0f2cb569f66b61248104de523c101a1e4361/user_id/36
INFO: [ app_init ] --START--
INFO: Run Behavior\BuildLiteBehavior [ RunTime:0.000000s ]
INFO: [ app_init ] --END-- [ RunTime:0.001000s ]
INFO: [ app_begin ] --START--
INFO: Run Behavior\ReadHtmlCacheBehavior [ RunTime:0.001000s ]
INFO: [ app_begin ] --END-- [ RunTime:0.001000s ]
SQL: SHOW COLUMNS FROM `yyd_message_receive` [ RunTime:0.0130s ]
SQL: SELECT * FROM `yyd_message_receive` WHERE `receive_id` = '36' AND `status` = 0  [ RunTime:0.0020s ]
INFO: [ app_end ] --START--
INFO: Run Behavior\ShowPageTraceBehavior [ RunTime:0.002000s ]
INFO: [ app_end ] --END-- [ RunTime:0.002000s ]

[ 2015-09-23T17:58:51+08:00 ] ::1 /czcf/home/api/getUserMsgcount/smmkey/3eef0f2cb569f66b61248104de523c101a1e4361/user_id/36
INFO: [ app_init ] --START--
INFO: Run Behavior\BuildLiteBehavior [ RunTime:0.000000s ]
INFO: [ app_init ] --END-- [ RunTime:0.000000s ]
INFO: [ app_begin ] --START--
INFO: Run Behavior\ReadHtmlCacheBehavior [ RunTime:0.001000s ]
INFO: [ app_begin ] --END-- [ RunTime:0.001000s ]
SQL: SHOW COLUMNS FROM `yyd_message_receive` [ RunTime:0.0080s ]
SQL: SELECT COUNT(*) AS tp_count FROM `yyd_message_receive` WHERE `receive_id` = '36' AND `status` = 0 LIMIT 1   [ RunTime:0.0010s ]
INFO: [ app_end ] --START--
INFO: Run Behavior\ShowPageTraceBehavior [ RunTime:0.001000s ]
INFO: [ app_end ] --END-- [ RunTime:0.001000s ]

[ 2015-09-23T17:59:23+08:00 ] ::1 /czcf/home/api/getUserMsgcount/smmkey/3eef0f2cb569f66b61248104de523c101a1e4361/user_id/36
INFO: [ app_init ] --START--
INFO: Run Behavior\BuildLiteBehavior [ RunTime:0.000000s ]
INFO: [ app_init ] --END-- [ RunTime:0.001000s ]
INFO: [ app_begin ] --START--
INFO: Run Behavior\ReadHtmlCacheBehavior [ RunTime:0.000000s ]
INFO: [ app_begin ] --END-- [ RunTime:0.000000s ]
SQL: SHOW COLUMNS FROM `yyd_message_receive` [ RunTime:0.0060s ]
SQL: SELECT COUNT(*) AS tp_count FROM `yyd_message_receive` WHERE `receive_id` = '36' AND `status` = 0 LIMIT 1   [ RunTime:0.0010s ]
INFO: [ app_end ] --START--
INFO: Run Behavior\ShowPageTraceBehavior [ RunTime:0.001000s ]
INFO: [ app_end ] --END-- [ RunTime:0.001000s ]

[ 2015-09-23T18:30:15+08:00 ] ::1 /czcf/home/api/delUserMsg/smmkey/3eef0f2cb569f66b61248104de523c101a1e4361/user_id/36
INFO: [ app_init ] --START--
INFO: Run Behavior\BuildLiteBehavior [ RunTime:0.000000s ]
INFO: [ app_init ] --END-- [ RunTime:0.000000s ]
INFO: [ app_begin ] --START--
INFO: Run Behavior\ReadHtmlCacheBehavior [ RunTime:0.000000s ]
INFO: [ app_begin ] --END-- [ RunTime:0.000000s ]

[ 2015-09-23T18:30:39+08:00 ] ::1 /czcf/home/api/delUserMsg/smmkey/3eef0f2cb569f66b61248104de523c101a1e4361/user_id/36/del_msgid/92
INFO: [ app_init ] --START--
INFO: Run Behavior\BuildLiteBehavior [ RunTime:0.000000s ]
INFO: [ app_init ] --END-- [ RunTime:0.000000s ]
INFO: [ app_begin ] --START--
INFO: Run Behavior\ReadHtmlCacheBehavior [ RunTime:0.001000s ]
INFO: [ app_begin ] --END-- [ RunTime:0.001000s ]
SQL: SHOW COLUMNS FROM `yyd_message_receive` [ RunTime:0.0950s ]
ERR: SQLSTATE[23000]: Integrity constraint violation: 1052 Column 'id' in where clause is ambiguous

[ 2015-09-23T18:31:00+08:00 ] ::1 /czcf/home/api/delUserMsg/smmkey/3eef0f2cb569f66b61248104de523c101a1e4361/user_id/36/del_msgid/92
INFO: [ app_init ] --START--
INFO: Run Behavior\BuildLiteBehavior [ RunTime:0.000000s ]
INFO: [ app_init ] --END-- [ RunTime:0.000000s ]
INFO: [ app_begin ] --START--
INFO: Run Behavior\ReadHtmlCacheBehavior [ RunTime:0.000000s ]
INFO: [ app_begin ] --END-- [ RunTime:0.000000s ]
SQL: SHOW COLUMNS FROM `yyd_message_receive` [ RunTime:0.0070s ]
SQL: SELECT * FROM `yyd_message_receive` INNER JOIN yyd_message ON yyd_message.id = yyd_message_receive.send_id  WHERE yyd_message_receive.id = '92'  [ RunTime:0.0010s ]
INFO: [ app_end ] --START--
INFO: Run Behavior\ShowPageTraceBehavior [ RunTime:0.002000s ]
INFO: [ app_end ] --END-- [ RunTime:0.002000s ]

[ 2015-09-23T18:31:18+08:00 ] ::1 /czcf/home/api/delUserMsg/smmkey/3eef0f2cb569f66b61248104de523c101a1e4361/user_id/36/del_msgid/91
INFO: [ app_init ] --START--
INFO: Run Behavior\BuildLiteBehavior [ RunTime:0.000000s ]
INFO: [ app_init ] --END-- [ RunTime:0.001000s ]
INFO: [ app_begin ] --START--
INFO: Run Behavior\ReadHtmlCacheBehavior [ RunTime:0.000000s ]
INFO: [ app_begin ] --END-- [ RunTime:0.000000s ]
SQL: SHOW COLUMNS FROM `yyd_message_receive` [ RunTime:0.0080s ]
SQL: SELECT * FROM `yyd_message_receive` INNER JOIN yyd_message ON yyd_message.id = yyd_message_receive.send_id  WHERE yyd_message_receive.id = '91'  [ RunTime:0.0010s ]
INFO: [ app_end ] --START--
INFO: Run Behavior\ShowPageTraceBehavior [ RunTime:0.002000s ]
INFO: [ app_end ] --END-- [ RunTime:0.002000s ]

[ 2015-09-23T18:31:39+08:00 ] ::1 /czcf/home/api/delUserMsg/smmkey/3eef0f2cb569f66b61248104de523c101a1e4361/user_id/36/del_msgid/91
INFO: [ app_init ] --START--
INFO: Run Behavior\BuildLiteBehavior [ RunTime:0.000000s ]
INFO: [ app_init ] --END-- [ RunTime:0.001000s ]
INFO: [ app_begin ] --START--
INFO: Run Behavior\ReadHtmlCacheBehavior [ RunTime:0.001000s ]
INFO: [ app_begin ] --END-- [ RunTime:0.001000s ]
SQL: SHOW COLUMNS FROM `yyd_message_receive` [ RunTime:0.0070s ]
SQL: SELECT * FROM `yyd_message_receive` LEFT JOIN yyd_message ON yyd_message.id = yyd_message_receive.send_id  WHERE yyd_message_receive.id = '91'  [ RunTime:0.0010s ]
INFO: [ app_end ] --START--
INFO: Run Behavior\ShowPageTraceBehavior [ RunTime:0.002000s ]
INFO: [ app_end ] --END-- [ RunTime:0.002000s ]

[ 2015-09-23T18:32:08+08:00 ] ::1 /czcf/home/api/delUserMsg/smmkey/3eef0f2cb569f66b61248104de523c101a1e4361/user_id/36/del_msgid/91
INFO: [ app_init ] --START--
INFO: Run Behavior\BuildLiteBehavior [ RunTime:0.000000s ]
INFO: [ app_init ] --END-- [ RunTime:0.001000s ]
INFO: [ app_begin ] --START--
INFO: Run Behavior\ReadHtmlCacheBehavior [ RunTime:0.001000s ]
INFO: [ app_begin ] --END-- [ RunTime:0.001000s ]
SQL: SHOW COLUMNS FROM `yyd_message_receive` [ RunTime:0.0080s ]
SQL: SELECT * FROM `yyd_message_receive` LEFT JOIN yyd_message ON yyd_message.id = yyd_message_receive.send_id  WHERE yyd_message_receive.id = '91'  [ RunTime:0.0020s ]
INFO: [ app_end ] --START--
INFO: Run Behavior\ShowPageTraceBehavior [ RunTime:0.001000s ]
INFO: [ app_end ] --END-- [ RunTime:0.001000s ]

[ 2015-09-23T18:35:15+08:00 ] ::1 /czcf/home/api/delUserMsg/smmkey/3eef0f2cb569f66b61248104de523c101a1e4361/user_id/36/del_msgid/91
INFO: [ app_init ] --START--
INFO: Run Behavior\BuildLiteBehavior [ RunTime:0.000000s ]
INFO: [ app_init ] --END-- [ RunTime:0.000000s ]
INFO: [ app_begin ] --START--
INFO: Run Behavior\ReadHtmlCacheBehavior [ RunTime:0.001000s ]
INFO: [ app_begin ] --END-- [ RunTime:0.001000s ]
SQL: SHOW COLUMNS FROM `yyd_message_receive` [ RunTime:0.0080s ]
SQL: SELECT * FROM `yyd_message_receive` RIGHT JOIN yyd_message ON yyd_message.id = yyd_message_receive.send_id  WHERE yyd_message_receive.id = '91'  [ RunTime:0.0010s ]
INFO: [ app_end ] --START--
INFO: Run Behavior\ShowPageTraceBehavior [ RunTime:0.002001s ]
INFO: [ app_end ] --END-- [ RunTime:0.002001s ]

[ 2015-09-23T18:36:26+08:00 ] ::1 /czcf/home/api/delUserMsg/smmkey/3eef0f2cb569f66b61248104de523c101a1e4361/user_id/36/del_msgid/47
INFO: [ app_init ] --START--
INFO: Run Behavior\BuildLiteBehavior [ RunTime:0.000000s ]
INFO: [ app_init ] --END-- [ RunTime:0.001000s ]
INFO: [ app_begin ] --START--
INFO: Run Behavior\ReadHtmlCacheBehavior [ RunTime:0.001000s ]
INFO: [ app_begin ] --END-- [ RunTime:0.001000s ]
SQL: SHOW COLUMNS FROM `yyd_message_receive` [ RunTime:0.0090s ]
SQL: SELECT * FROM `yyd_message_receive` INNER JOIN yyd_message ON yyd_message.id = yyd_message_receive.send_id  WHERE yyd_message_receive.id = '47'  [ RunTime:0.0530s ]
INFO: [ app_end ] --START--
INFO: Run Behavior\ShowPageTraceBehavior [ RunTime:0.001000s ]
INFO: [ app_end ] --END-- [ RunTime:0.001000s ]

[ 2015-09-23T18:36:31+08:00 ] ::1 /czcf/home/api/delUserMsg/smmkey/3eef0f2cb569f66b61248104de523c101a1e4361/user_id/36/del_msgid/46
INFO: [ app_init ] --START--
INFO: Run Behavior\BuildLiteBehavior [ RunTime:0.000000s ]
INFO: [ app_init ] --END-- [ RunTime:0.000000s ]
INFO: [ app_begin ] --START--
INFO: Run Behavior\ReadHtmlCacheBehavior [ RunTime:0.000000s ]
INFO: [ app_begin ] --END-- [ RunTime:0.000000s ]
SQL: SHOW COLUMNS FROM `yyd_message_receive` [ RunTime:0.0090s ]
SQL: SELECT * FROM `yyd_message_receive` INNER JOIN yyd_message ON yyd_message.id = yyd_message_receive.send_id  WHERE yyd_message_receive.id = '46'  [ RunTime:0.0010s ]
INFO: [ app_end ] --START--
INFO: Run Behavior\ShowPageTraceBehavior [ RunTime:0.002000s ]
INFO: [ app_end ] --END-- [ RunTime:0.002000s ]

[ 2015-09-23T18:36:35+08:00 ] ::1 /czcf/home/api/delUserMsg/smmkey/3eef0f2cb569f66b61248104de523c101a1e4361/user_id/36/del_msgid/45
INFO: [ app_init ] --START--
INFO: Run Behavior\BuildLiteBehavior [ RunTime:0.000000s ]
INFO: [ app_init ] --END-- [ RunTime:0.000000s ]
INFO: [ app_begin ] --START--
INFO: Run Behavior\ReadHtmlCacheBehavior [ RunTime:0.000000s ]
INFO: [ app_begin ] --END-- [ RunTime:0.000000s ]
SQL: SHOW COLUMNS FROM `yyd_message_receive` [ RunTime:0.0070s ]
SQL: SELECT * FROM `yyd_message_receive` INNER JOIN yyd_message ON yyd_message.id = yyd_message_receive.send_id  WHERE yyd_message_receive.id = '45'  [ RunTime:0.0010s ]
INFO: [ app_end ] --START--
INFO: Run Behavior\ShowPageTraceBehavior [ RunTime:0.002000s ]
INFO: [ app_end ] --END-- [ RunTime:0.002000s ]

[ 2015-09-23T18:36:39+08:00 ] ::1 /czcf/home/api/delUserMsg/smmkey/3eef0f2cb569f66b61248104de523c101a1e4361/user_id/36/del_msgid/36
INFO: [ app_init ] --START--
INFO: Run Behavior\BuildLiteBehavior [ RunTime:0.000000s ]
INFO: [ app_init ] --END-- [ RunTime:0.000000s ]
INFO: [ app_begin ] --START--
INFO: Run Behavior\ReadHtmlCacheBehavior [ RunTime:0.000000s ]
INFO: [ app_begin ] --END-- [ RunTime:0.000000s ]
SQL: SHOW COLUMNS FROM `yyd_message_receive` [ RunTime:0.0080s ]
SQL: SELECT * FROM `yyd_message_receive` INNER JOIN yyd_message ON yyd_message.id = yyd_message_receive.send_id  WHERE yyd_message_receive.id = '36'  [ RunTime:0.0010s ]
INFO: [ app_end ] --START--
INFO: Run Behavior\ShowPageTraceBehavior [ RunTime:0.001000s ]
INFO: [ app_end ] --END-- [ RunTime:0.001000s ]

[ 2015-09-23T18:36:42+08:00 ] ::1 /czcf/home/api/delUserMsg/smmkey/3eef0f2cb569f66b61248104de523c101a1e4361/user_id/36/del_msgid/37
INFO: [ app_init ] --START--
INFO: Run Behavior\BuildLiteBehavior [ RunTime:0.000000s ]
INFO: [ app_init ] --END-- [ RunTime:0.000000s ]
INFO: [ app_begin ] --START--
INFO: Run Behavior\ReadHtmlCacheBehavior [ RunTime:0.000000s ]
INFO: [ app_begin ] --END-- [ RunTime:0.001000s ]
SQL: SHOW COLUMNS FROM `yyd_message_receive` [ RunTime:0.0080s ]
SQL: SELECT * FROM `yyd_message_receive` INNER JOIN yyd_message ON yyd_message.id = yyd_message_receive.send_id  WHERE yyd_message_receive.id = '37'  [ RunTime:0.0010s ]
INFO: [ app_end ] --START--
INFO: Run Behavior\ShowPageTraceBehavior [ RunTime:0.001000s ]
INFO: [ app_end ] --END-- [ RunTime:0.001000s ]

[ 2015-09-23T18:36:57+08:00 ] ::1 /czcf/home/api/delUserMsg/smmkey/3eef0f2cb569f66b61248104de523c101a1e4361/user_id/36/del_msgid/36
INFO: [ app_init ] --START--
INFO: Run Behavior\BuildLiteBehavior [ RunTime:0.000000s ]
INFO: [ app_init ] --END-- [ RunTime:0.001000s ]
INFO: [ app_begin ] --START--
INFO: Run Behavior\ReadHtmlCacheBehavior [ RunTime:0.001000s ]
INFO: [ app_begin ] --END-- [ RunTime:0.001000s ]
SQL: SHOW COLUMNS FROM `yyd_message_receive` [ RunTime:0.0080s ]
SQL: SELECT * FROM `yyd_message_receive` INNER JOIN yyd_message ON yyd_message.id = yyd_message_receive.send_id  WHERE yyd_message_receive.id = '36'  [ RunTime:0.0010s ]
INFO: [ app_end ] --START--
INFO: Run Behavior\ShowPageTraceBehavior [ RunTime:0.002000s ]
INFO: [ app_end ] --END-- [ RunTime:0.002000s ]

[ 2015-09-23T18:37:07+08:00 ] ::1 /czcf/home/api/delUserMsg/smmkey/3eef0f2cb569f66b61248104de523c101a1e4361/user_id/36/del_msgid/35
INFO: [ app_init ] --START--
INFO: Run Behavior\BuildLiteBehavior [ RunTime:0.000000s ]
INFO: [ app_init ] --END-- [ RunTime:0.001000s ]
INFO: [ app_begin ] --START--
INFO: Run Behavior\ReadHtmlCacheBehavior [ RunTime:0.001001s ]
INFO: [ app_begin ] --END-- [ RunTime:0.001001s ]
SQL: SHOW COLUMNS FROM `yyd_message_receive` [ RunTime:0.0070s ]
SQL: SELECT * FROM `yyd_message_receive` INNER JOIN yyd_message ON yyd_message.id = yyd_message_receive.send_id  WHERE yyd_message_receive.id = '35'  [ RunTime:0.0010s ]
INFO: [ app_end ] --START--
INFO: Run Behavior\ShowPageTraceBehavior [ RunTime:0.001000s ]
INFO: [ app_end ] --END-- [ RunTime:0.001000s ]

[ 2015-09-23T18:37:13+08:00 ] ::1 /czcf/home/api/delUserMsg/smmkey/3eef0f2cb569f66b61248104de523c101a1e4361/user_id/36/del_msgid/1
INFO: [ app_init ] --START--
INFO: Run Behavior\BuildLiteBehavior [ RunTime:0.000000s ]
INFO: [ app_init ] --END-- [ RunTime:0.000000s ]
INFO: [ app_begin ] --START--
INFO: Run Behavior\ReadHtmlCacheBehavior [ RunTime:0.001000s ]
INFO: [ app_begin ] --END-- [ RunTime:0.001000s ]
SQL: SHOW COLUMNS FROM `yyd_message_receive` [ RunTime:0.0090s ]
SQL: SELECT * FROM `yyd_message_receive` INNER JOIN yyd_message ON yyd_message.id = yyd_message_receive.send_id  WHERE yyd_message_receive.id = '1'  [ RunTime:0.0010s ]
INFO: [ app_end ] --START--
INFO: Run Behavior\ShowPageTraceBehavior [ RunTime:0.001000s ]
INFO: [ app_end ] --END-- [ RunTime:0.001000s ]

[ 2015-09-23T18:37:18+08:00 ] ::1 /czcf/home/api/delUserMsg/smmkey/3eef0f2cb569f66b61248104de523c101a1e4361/user_id/36/del_msgid/2
INFO: [ app_init ] --START--
INFO: Run Behavior\BuildLiteBehavior [ RunTime:0.000000s ]
INFO: [ app_init ] --END-- [ RunTime:0.000000s ]
INFO: [ app_begin ] --START--
INFO: Run Behavior\ReadHtmlCacheBehavior [ RunTime:0.001000s ]
INFO: [ app_begin ] --END-- [ RunTime:0.001000s ]
SQL: SHOW COLUMNS FROM `yyd_message_receive` [ RunTime:0.0030s ]
SQL: SELECT * FROM `yyd_message_receive` INNER JOIN yyd_message ON yyd_message.id = yyd_message_receive.send_id  WHERE yyd_message_receive.id = '2'  [ RunTime:0.0000s ]
INFO: [ app_end ] --START--
INFO: Run Behavior\ShowPageTraceBehavior [ RunTime:0.001000s ]
INFO: [ app_end ] --END-- [ RunTime:0.001000s ]

[ 2015-09-23T18:37:22+08:00 ] ::1 /czcf/home/api/delUserMsg/smmkey/3eef0f2cb569f66b61248104de523c101a1e4361/user_id/36/del_msgid/36
INFO: [ app_init ] --START--
INFO: Run Behavior\BuildLiteBehavior [ RunTime:0.000000s ]
INFO: [ app_init ] --END-- [ RunTime:0.001000s ]
INFO: [ app_begin ] --START--
INFO: Run Behavior\ReadHtmlCacheBehavior [ RunTime:0.000000s ]
INFO: [ app_begin ] --END-- [ RunTime:0.000000s ]
SQL: SHOW COLUMNS FROM `yyd_message_receive` [ RunTime:0.0080s ]
SQL: SELECT * FROM `yyd_message_receive` INNER JOIN yyd_message ON yyd_message.id = yyd_message_receive.send_id  WHERE yyd_message_receive.id = '36'  [ RunTime:0.0020s ]
INFO: [ app_end ] --START--
INFO: Run Behavior\ShowPageTraceBehavior [ RunTime:0.001000s ]
INFO: [ app_end ] --END-- [ RunTime:0.001000s ]

[ 2015-09-23T18:41:58+08:00 ] ::1 /czcf/home/api/delUserMsg/smmkey/3eef0f2cb569f66b61248104de523c101a1e4361/user_id/36/del_msgid/36
INFO: [ app_init ] --START--
INFO: Run Behavior\BuildLiteBehavior [ RunTime:0.000000s ]
INFO: [ app_init ] --END-- [ RunTime:0.000000s ]
INFO: [ app_begin ] --START--
INFO: Run Behavior\ReadHtmlCacheBehavior [ RunTime:0.001000s ]
INFO: [ app_begin ] --END-- [ RunTime:0.001000s ]
SQL: SHOW COLUMNS FROM `yyd_message_receive` [ RunTime:0.0080s ]
SQL: SELECT COUNT(*) AS tp_count FROM `yyd_message_receive` WHERE yyd_message_receive.id = '36' LIMIT 1   [ RunTime:0.0010s ]
INFO: [ app_end ] --START--
INFO: Run Behavior\ShowPageTraceBehavior [ RunTime:0.002000s ]
INFO: [ app_end ] --END-- [ RunTime:0.002000s ]

[ 2015-09-23T18:42:05+08:00 ] ::1 /czcf/home/api/delUserMsg/smmkey/3eef0f2cb569f66b61248104de523c101a1e4361/user_id/36/del_msgid/100
INFO: [ app_init ] --START--
INFO: Run Behavior\BuildLiteBehavior [ RunTime:0.000000s ]
INFO: [ app_init ] --END-- [ RunTime:0.001000s ]
INFO: [ app_begin ] --START--
INFO: Run Behavior\ReadHtmlCacheBehavior [ RunTime:0.000000s ]
INFO: [ app_begin ] --END-- [ RunTime:0.000000s ]
SQL: SHOW COLUMNS FROM `yyd_message_receive` [ RunTime:0.0080s ]
SQL: SELECT COUNT(*) AS tp_count FROM `yyd_message_receive` WHERE yyd_message_receive.id = '100' LIMIT 1   [ RunTime:0.0010s ]
INFO: [ app_end ] --START--
INFO: Run Behavior\ShowPageTraceBehavior [ RunTime:0.001000s ]
INFO: [ app_end ] --END-- [ RunTime:0.001000s ]

[ 2015-09-23T18:42:10+08:00 ] ::1 /czcf/home/api/delUserMsg/smmkey/3eef0f2cb569f66b61248104de523c101a1e4361/del_msgid/100
INFO: [ app_init ] --START--
INFO: Run Behavior\BuildLiteBehavior [ RunTime:0.000000s ]
INFO: [ app_init ] --END-- [ RunTime:0.001001s ]
INFO: [ app_begin ] --START--
INFO: Run Behavior\ReadHtmlCacheBehavior [ RunTime:0.001000s ]
INFO: [ app_begin ] --END-- [ RunTime:0.001000s ]
SQL: SHOW COLUMNS FROM `yyd_message_receive` [ RunTime:0.0070s ]
SQL: SELECT COUNT(*) AS tp_count FROM `yyd_message_receive` WHERE yyd_message_receive.id = '100' LIMIT 1   [ RunTime:0.0010s ]
INFO: [ app_end ] --START--
INFO: Run Behavior\ShowPageTraceBehavior [ RunTime:0.001000s ]
INFO: [ app_end ] --END-- [ RunTime:0.002000s ]

[ 2015-09-23T18:46:42+08:00 ] ::1 /czcf/home/api/delUserMsg/smmkey/3eef0f2cb569f66b61248104de523c101a1e4361/del_msgid/77
INFO: [ app_init ] --START--
INFO: Run Behavior\BuildLiteBehavior [ RunTime:0.000000s ]
INFO: [ app_init ] --END-- [ RunTime:0.000000s ]
INFO: [ app_begin ] --START--
INFO: Run Behavior\ReadHtmlCacheBehavior [ RunTime:0.001000s ]
INFO: [ app_begin ] --END-- [ RunTime:0.001000s ]
SQL: SHOW COLUMNS FROM `yyd_message_receive` [ RunTime:0.0080s ]
SQL: SELECT COUNT(*) AS tp_count FROM `yyd_message_receive` WHERE `id` = 77 LIMIT 1   [ RunTime:0.0010s ]
SQL: DELETE FROM `yyd_message_receive` WHERE `id` = 77 [ RunTime:0.0010s ]
INFO: [ app_end ] --START--
INFO: Run Behavior\ShowPageTraceBehavior [ RunTime:0.002000s ]
INFO: [ app_end ] --END-- [ RunTime:0.002000s ]

[ 2015-09-23T18:46:48+08:00 ] ::1 /czcf/home/api/delUserMsg/smmkey/3eef0f2cb569f66b61248104de523c101a1e4361/del_msgid/77
INFO: [ app_init ] --START--
INFO: Run Behavior\BuildLiteBehavior [ RunTime:0.000000s ]
INFO: [ app_init ] --END-- [ RunTime:0.001000s ]
INFO: [ app_begin ] --START--
INFO: Run Behavior\ReadHtmlCacheBehavior [ RunTime:0.001001s ]
INFO: [ app_begin ] --END-- [ RunTime:0.001001s ]
SQL: SHOW COLUMNS FROM `yyd_message_receive` [ RunTime:0.0080s ]
SQL: SELECT COUNT(*) AS tp_count FROM `yyd_message_receive` WHERE `id` = 77 LIMIT 1   [ RunTime:0.0010s ]

[ 2015-09-23T18:46:52+08:00 ] ::1 /czcf/home/api/delUserMsg/smmkey/3eef0f2cb569f66b61248104de523c101a1e4361/del_msgid/77
INFO: [ app_init ] --START--
INFO: Run Behavior\BuildLiteBehavior [ RunTime:0.000000s ]
INFO: [ app_init ] --END-- [ RunTime:0.000000s ]
INFO: [ app_begin ] --START--
INFO: Run Behavior\ReadHtmlCacheBehavior [ RunTime:0.001001s ]
INFO: [ app_begin ] --END-- [ RunTime:0.001001s ]
SQL: SHOW COLUMNS FROM `yyd_message_receive` [ RunTime:0.0060s ]
SQL: SELECT COUNT(*) AS tp_count FROM `yyd_message_receive` WHERE `id` = 77 LIMIT 1   [ RunTime:0.0000s ]

