[ 2015-09-17T10:20:59+08:00 ] ::1 /czcf/home/api/userWithdraw/smmkey/3eef0f2cb569f66b61248104de523c101a1e4361
INFO: [ app_init ] --START--
INFO: Run Behavior\BuildLiteBehavior [ RunTime:0.000000s ]
INFO: [ app_init ] --END-- [ RunTime:0.000000s ]
INFO: [ app_begin ] --START--
INFO: Run Behavior\ReadHtmlCacheBehavior [ RunTime:0.000000s ]
INFO: [ app_begin ] --END-- [ RunTime:0.000000s ]

[ 2015-09-17T10:21:34+08:00 ] ::1 /czcf/home/api/userWithdraw/smmkey/3eef0f2cb569f66b61248104de523c101a1e4361
INFO: [ app_init ] --START--
INFO: Run Behavior\BuildLiteBehavior [ RunTime:0.000000s ]
INFO: [ app_init ] --END-- [ RunTime:0.001000s ]
INFO: [ app_begin ] --START--
INFO: Run Behavior\ReadHtmlCacheBehavior [ RunTime:0.001000s ]
INFO: [ app_begin ] --END-- [ RunTime:0.001000s ]
SQL: SHOW COLUMNS FROM `yyd_account` [ RunTime:0.0080s ]
SQL: SELECT * FROM `yyd_account` WHERE `user_id` = 36 LIMIT 1   [ RunTime:0.0010s ]

[ 2015-09-17T10:22:40+08:00 ] ::1 /czcf/home/api/userWithdraw/smmkey/3eef0f2cb569f66b61248104de523c101a1e4361
INFO: [ app_init ] --START--
INFO: Run Behavior\BuildLiteBehavior [ RunTime:0.001000s ]
INFO: [ app_init ] --END-- [ RunTime:0.001000s ]
INFO: [ app_begin ] --START--
INFO: Run Behavior\ReadHtmlCacheBehavior [ RunTime:0.001000s ]
INFO: [ app_begin ] --END-- [ RunTime:0.001000s ]
SQL: SHOW COLUMNS FROM `yyd_account` [ RunTime:0.0060s ]
SQL: SELECT * FROM `yyd_account` WHERE `user_id` = 36 LIMIT 1   [ RunTime:0.0010s ]
SQL: SHOW COLUMNS FROM `yyd_users` [ RunTime:0.0050s ]
SQL: SELECT `paypassword` FROM `yyd_users` WHERE `user_id` = 36 LIMIT 1   [ RunTime:0.0000s ]
SQL: SHOW COLUMNS FROM `yyd_account_cash` [ RunTime:0.0040s ]
SQL: INSERT INTO `yyd_account_cash` (`user_id`,`nid`,`status`,`account`,`bank`,`bank_id`,`province`,`city`,`total`,`credited`,`fee`,`addtime`,`addip`) VALUES ('36','cash_361442456560708','0','6666','中信银行昌平支行','1121163793306','0','0','6666','6646.002','19.998','1442456560','0.0.0.0') [ RunTime:0.0510s ]
SQL: UPDATE `yyd_account` SET `balance`=balance-6666 WHERE `user_id` = 36 [ RunTime:0.0010s ]

[ 2015-09-17T10:41:18+08:00 ] ::1 /czcf/home/api/userWithdraw/smmkey/3eef0f2cb569f66b61248104de523c101a1e4361
INFO: [ app_init ] --START--
INFO: Run Behavior\BuildLiteBehavior [ RunTime:0.000000s ]
INFO: [ app_init ] --END-- [ RunTime:0.000000s ]
INFO: [ app_begin ] --START--
INFO: Run Behavior\ReadHtmlCacheBehavior [ RunTime:0.000000s ]
INFO: [ app_begin ] --END-- [ RunTime:0.000000s ]

[ 2015-09-17T10:43:11+08:00 ] ::1 /czcf/home/api/userWithdraw/smmkey/3eef0f2cb569f66b61248104de523c101a1e4361
INFO: [ app_init ] --START--
INFO: Run Behavior\BuildLiteBehavior [ RunTime:0.000000s ]
INFO: [ app_init ] --END-- [ RunTime:0.001000s ]
INFO: [ app_begin ] --START--
INFO: Run Behavior\ReadHtmlCacheBehavior [ RunTime:0.001000s ]
INFO: [ app_begin ] --END-- [ RunTime:0.001000s ]

[ 2015-09-17T10:52:03+08:00 ] ::1 /czcf/home/api/userWithdraw/smmkey/3eef0f2cb569f66b61248104de523c101a1e4361
INFO: [ app_init ] --START--
INFO: Run Behavior\BuildLiteBehavior [ RunTime:0.000000s ]
INFO: [ app_init ] --END-- [ RunTime:0.001000s ]
INFO: [ app_begin ] --START--
INFO: Run Behavior\ReadHtmlCacheBehavior [ RunTime:0.001000s ]
INFO: [ app_begin ] --END-- [ RunTime:0.001000s ]
SQL: SHOW COLUMNS FROM `yyd_account` [ RunTime:0.0100s ]
SQL: SELECT * FROM `yyd_account` WHERE `user_id` = 36 LIMIT 1   [ RunTime:0.0010s ]
SQL: SHOW COLUMNS FROM `yyd_users` [ RunTime:0.0110s ]
SQL: SELECT `paypassword` FROM `yyd_users` WHERE `user_id` = 36 LIMIT 1   [ RunTime:0.0000s ]
SQL: SHOW COLUMNS FROM `yyd_account_cash` [ RunTime:0.0050s ]
SQL: INSERT INTO `yyd_account_cash` (`user_id`,`nid`,`status`,`account`,`bank`,`bank_id`,`province`,`city`,`total`,`credited`,`fee`,`addtime`,`addip`) VALUES ('36','cash_361442458323634','0','8888','中信银行昌平支行','1121163793306','0','0','8888','8861.336','26.664','1442458323','0.0.0.0') [ RunTime:0.0010s ]
ERR: SQLSTATE[42000]: Syntax error or access violation: 1064 You have an error in your SQL syntax; check the manual that corresponds to your MySQL server version for the right syntax to use near '(`balance`      = `balance` - 8888, 
                                       `ba' at line 1

[ 2015-09-17T10:53:58+08:00 ] ::1 /czcf/home/api/userWithdraw/smmkey/3eef0f2cb569f66b61248104de523c101a1e4361
INFO: [ app_init ] --START--
INFO: Run Behavior\BuildLiteBehavior [ RunTime:0.000000s ]
INFO: [ app_init ] --END-- [ RunTime:0.001000s ]
INFO: [ app_begin ] --START--
INFO: Run Behavior\ReadHtmlCacheBehavior [ RunTime:0.001000s ]
INFO: [ app_begin ] --END-- [ RunTime:0.001000s ]

[ 2015-09-17T10:56:56+08:00 ] ::1 /czcf/home/api/userWithdraw/smmkey/3eef0f2cb569f66b61248104de523c101a1e4361
INFO: [ app_init ] --START--
INFO: Run Behavior\BuildLiteBehavior [ RunTime:0.000000s ]
INFO: [ app_init ] --END-- [ RunTime:0.000000s ]
INFO: [ app_begin ] --START--
INFO: Run Behavior\ReadHtmlCacheBehavior [ RunTime:0.001000s ]
INFO: [ app_begin ] --END-- [ RunTime:0.001000s ]
SQL: SHOW COLUMNS FROM `yyd_account` [ RunTime:0.0100s ]
SQL: SELECT * FROM `yyd_account` WHERE `user_id` = 36 LIMIT 1   [ RunTime:0.0010s ]
SQL: SHOW COLUMNS FROM `yyd_users` [ RunTime:0.0100s ]
SQL: SELECT `paypassword` FROM `yyd_users` WHERE `user_id` = 36 LIMIT 1   [ RunTime:0.0010s ]
SQL: SHOW COLUMNS FROM `yyd_account_cash` [ RunTime:0.0100s ]
SQL: INSERT INTO `yyd_account_cash` (`user_id`,`nid`,`status`,`account`,`bank`,`bank_id`,`province`,`city`,`total`,`credited`,`fee`,`addtime`,`addip`) VALUES ('36','cash_361442458616895','0','9999','中信银行昌平支行','1121163793306','0','0','9999','9969.003','29.997','1442458616','0.0.0.0') [ RunTime:0.0000s ]
SQL: UPDATE yyd_account SET `balance`      = `balance` - 9999, 
                                      `balance_cash` = `balance_cash` - 9999,
                                      `frost`        = `frost` + 9999 
                                  WHERE `user_id` = 36 [ RunTime:0.0010s ]
INFO: [ app_end ] --START--
INFO: Run Behavior\ShowPageTraceBehavior [ RunTime:0.002000s ]
INFO: [ app_end ] --END-- [ RunTime:0.002000s ]

[ 2015-09-17T11:35:03+08:00 ] ::1 /czcf/home/api/userWithdraw/smmkey/3eef0f2cb569f66b61248104de523c101a1e4361
INFO: [ app_init ] --START--
INFO: Run Behavior\BuildLiteBehavior [ RunTime:0.000000s ]
INFO: [ app_init ] --END-- [ RunTime:0.000000s ]
INFO: [ app_begin ] --START--
INFO: Run Behavior\ReadHtmlCacheBehavior [ RunTime:0.000000s ]
INFO: [ app_begin ] --END-- [ RunTime:0.000000s ]
SQL: SHOW COLUMNS FROM `yyd_account` [ RunTime:0.0120s ]
SQL: SELECT * FROM `yyd_account` WHERE `user_id` = 36 LIMIT 1   [ RunTime:0.0010s ]
SQL: SHOW COLUMNS FROM `yyd_users` [ RunTime:0.0080s ]
SQL: SELECT `paypassword` FROM `yyd_users` WHERE `user_id` = 36 LIMIT 1   [ RunTime:0.0010s ]
SQL: SHOW COLUMNS FROM `yyd_account_balance` [ RunTime:0.0060s ]
SQL: SELECT `id`,`nid`,`user_id`,`type`,`money`,`balance`,`income`,`expend`,`remark`,`addtime`,`addip` FROM `yyd_account_balance` ORDER BY id desc LIMIT 1   [ RunTime:0.0000s ]
NOTIC: [8] Undefined index: total D:\phpStudy\WWW\czcf\Admin\Home\Controller\ApiController.class.php 第 518 行.
SQL: SHOW COLUMNS FROM `yyd_account_cash` [ RunTime:0.0040s ]
SQL: INSERT INTO `yyd_account_cash` (`user_id`,`nid`,`status`,`account`,`bank`,`bank_id`,`province`,`city`,`total`,`credited`,`fee`,`addtime`,`addip`) VALUES ('36','cash_361442460903671','0','1212','中信银行昌平支行','1121163793306','0','0','1212','1208.364','3.636','1442460903','0.0.0.0') [ RunTime:0.0000s ]
SQL: UPDATE yyd_account SET `balance`      = `balance` - 1212, 
                                      `balance_cash` = `balance_cash` - 1212,
                                      `frost`        = `frost` + 1212 
                                  WHERE `user_id` = 36 [ RunTime:0.0000s ]
ERR: SQLSTATE[23000]: Integrity constraint violation: 1048 Column 'total' cannot be null

[ 2015-09-17T11:38:14+08:00 ] ::1 /czcf/home/api/userWithdraw/smmkey/3eef0f2cb569f66b61248104de523c101a1e4361
INFO: [ app_init ] --START--
INFO: Run Behavior\BuildLiteBehavior [ RunTime:0.000000s ]
INFO: [ app_init ] --END-- [ RunTime:0.000000s ]
INFO: [ app_begin ] --START--
INFO: Run Behavior\ReadHtmlCacheBehavior [ RunTime:0.001000s ]
INFO: [ app_begin ] --END-- [ RunTime:0.001000s ]
SQL: SHOW COLUMNS FROM `yyd_account_balance` [ RunTime:0.0070s ]
SQL: SELECT `id`,`nid`,`user_id`,`type`,`money`,`balance`,`income`,`expend`,`remark`,`addtime`,`addip` FROM `yyd_account_balance` ORDER BY id desc LIMIT 1   [ RunTime:0.0010s ]

[ 2015-09-17T11:38:27+08:00 ] ::1 /czcf/home/api/userWithdraw/smmkey/3eef0f2cb569f66b61248104de523c101a1e4361
INFO: [ app_init ] --START--
INFO: Run Behavior\BuildLiteBehavior [ RunTime:0.000000s ]
INFO: [ app_init ] --END-- [ RunTime:0.000000s ]
INFO: [ app_begin ] --START--
INFO: Run Behavior\ReadHtmlCacheBehavior [ RunTime:0.000000s ]
INFO: [ app_begin ] --END-- [ RunTime:0.000000s ]
SQL: SHOW COLUMNS FROM `yyd_account_balance` [ RunTime:0.0090s ]
SQL: SELECT `id`,`nid`,`user_id`,`type`,`money`,`balance`,`income`,`expend`,`remark`,`addtime`,`addip` FROM `yyd_account_balance` ORDER BY id desc LIMIT 1   [ RunTime:0.0010s ]

[ 2015-09-17T11:39:03+08:00 ] ::1 /czcf/home/api/userWithdraw/smmkey/3eef0f2cb569f66b61248104de523c101a1e4361
INFO: [ app_init ] --START--
INFO: Run Behavior\BuildLiteBehavior [ RunTime:0.000000s ]
INFO: [ app_init ] --END-- [ RunTime:0.000000s ]
INFO: [ app_begin ] --START--
INFO: Run Behavior\ReadHtmlCacheBehavior [ RunTime:0.001000s ]
INFO: [ app_begin ] --END-- [ RunTime:0.001000s ]
SQL: SHOW COLUMNS FROM `yyd_account_balance` [ RunTime:0.0090s ]
SQL: SELECT `total`,`balance` FROM `yyd_account_balance` ORDER BY id desc LIMIT 1   [ RunTime:0.0010s ]

[ 2015-09-17T11:41:25+08:00 ] ::1 /czcf/home/api/userWithdraw/smmkey/3eef0f2cb569f66b61248104de523c101a1e4361
INFO: [ app_init ] --START--
INFO: Run Behavior\BuildLiteBehavior [ RunTime:0.000000s ]
INFO: [ app_init ] --END-- [ RunTime:0.001000s ]
INFO: [ app_begin ] --START--
INFO: Run Behavior\ReadHtmlCacheBehavior [ RunTime:0.001000s ]
INFO: [ app_begin ] --END-- [ RunTime:0.001000s ]
SQL: SHOW COLUMNS FROM `yyd_account` [ RunTime:0.0020s ]
SQL: SELECT * FROM `yyd_account` WHERE `user_id` = 36 LIMIT 1   [ RunTime:0.0000s ]
SQL: SHOW COLUMNS FROM `yyd_users` [ RunTime:0.0020s ]
SQL: SELECT `paypassword` FROM `yyd_users` WHERE `user_id` = 36 LIMIT 1   [ RunTime:0.0000s ]
SQL: SHOW COLUMNS FROM `yyd_account_balance` [ RunTime:0.0020s ]
SQL: SELECT `total`,`balance` FROM `yyd_account_balance` ORDER BY id desc LIMIT 1   [ RunTime:0.0000s ]
SQL: SHOW COLUMNS FROM `yyd_account_cash` [ RunTime:0.0030s ]
SQL: INSERT INTO `yyd_account_cash` (`user_id`,`nid`,`status`,`account`,`bank`,`bank_id`,`province`,`city`,`total`,`credited`,`fee`,`addtime`,`addip`) VALUES ('36','cash_361442461285483','0','1313','中信银行昌平支行','1121163793306','0','0','1313','1309.061','3.939','1442461285','0.0.0.0') [ RunTime:0.0000s ]
SQL: UPDATE yyd_account SET `balance`      = `balance` - 1313, 
                                      `balance_cash` = `balance_cash` - 1313,
                                      `frost`        = `frost` + 1313 
                                  WHERE `user_id` = 36 [ RunTime:0.0000s ]
SQL: INSERT INTO `yyd_account_balance` (`nid`,`user_id`,`type`,`money`,`total`,`balance`,`income`,`expend`,`remark`,`addtime`,`addip`) VALUES ('cash_361442461285483','36','cash','1313','106786180.36','106672420.08','0','0','申请提现，冻结提现金额1313','1442461285','0.0.0.0') [ RunTime:0.0000s ]
INFO: [ app_end ] --START--
INFO: Run Behavior\ShowPageTraceBehavior [ RunTime:0.000000s ]
INFO: [ app_end ] --END-- [ RunTime:0.000000s ]

[ 2015-09-17T14:44:57+08:00 ] ::1 /czcf/home/api/userWithdraw/smmkey/3eef0f2cb569f66b61248104de523c101a1e4361
INFO: [ app_init ] --START--
INFO: Run Behavior\BuildLiteBehavior [ RunTime:0.000000s ]
INFO: [ app_init ] --END-- [ RunTime:0.001000s ]
INFO: [ app_begin ] --START--
INFO: Run Behavior\ReadHtmlCacheBehavior [ RunTime:0.001001s ]
INFO: [ app_begin ] --END-- [ RunTime:0.001001s ]
NOTIC: [8] Undefined variable: nid D:\phpStudy\WWW\czcf\Admin\Home\Controller\ApiController.class.php 第 470 行.
NOTIC: [8] Undefined variable: userAccountInfo D:\phpStudy\WWW\czcf\Admin\Home\Controller\ApiController.class.php 第 473 行.
NOTIC: [8] Undefined variable: userAccountInfo D:\phpStudy\WWW\czcf\Admin\Home\Controller\ApiController.class.php 第 474 行.
NOTIC: [8] Undefined variable: userAccountInfo D:\phpStudy\WWW\czcf\Admin\Home\Controller\ApiController.class.php 第 476 行.
NOTIC: [8] Undefined variable: userAccountInfo D:\phpStudy\WWW\czcf\Admin\Home\Controller\ApiController.class.php 第 477 行.
NOTIC: [8] Undefined variable: userAccountInfo D:\phpStudy\WWW\czcf\Admin\Home\Controller\ApiController.class.php 第 479 行.
NOTIC: [8] Undefined variable: userAccountInfo D:\phpStudy\WWW\czcf\Admin\Home\Controller\ApiController.class.php 第 480 行.
NOTIC: [8] Undefined variable: userAccountInfo D:\phpStudy\WWW\czcf\Admin\Home\Controller\ApiController.class.php 第 482 行.
NOTIC: [8] Undefined variable: userAccountInfo D:\phpStudy\WWW\czcf\Admin\Home\Controller\ApiController.class.php 第 483 行.
NOTIC: [8] Undefined variable: userAccountInfo D:\phpStudy\WWW\czcf\Admin\Home\Controller\ApiController.class.php 第 485 行.
NOTIC: [8] Undefined variable: userAccountInfo D:\phpStudy\WWW\czcf\Admin\Home\Controller\ApiController.class.php 第 486 行.
NOTIC: [8] Undefined index: balance_cash D:\phpStudy\WWW\czcf\Admin\Home\Controller\ApiController.class.php 第 486 行.
NOTIC: [8] Undefined variable: userAccountInfo D:\phpStudy\WWW\czcf\Admin\Home\Controller\ApiController.class.php 第 488 行.
NOTIC: [8] Undefined variable: userAccountInfo D:\phpStudy\WWW\czcf\Admin\Home\Controller\ApiController.class.php 第 489 行.
NOTIC: [8] Undefined variable: userAccountInfo D:\phpStudy\WWW\czcf\Admin\Home\Controller\ApiController.class.php 第 491 行.
NOTIC: [8] Undefined variable: userAccountInfo D:\phpStudy\WWW\czcf\Admin\Home\Controller\ApiController.class.php 第 492 行.
SQL: SHOW COLUMNS FROM `yyd_account` [ RunTime:0.0080s ]
SQL: SELECT * FROM `yyd_account` WHERE `user_id` = 36 LIMIT 1   [ RunTime:0.0010s ]
SQL: SHOW COLUMNS FROM `yyd_users` [ RunTime:0.0080s ]
SQL: SELECT `paypassword` FROM `yyd_users` WHERE `user_id` = 36 LIMIT 1   [ RunTime:0.0010s ]
SQL: SHOW COLUMNS FROM `yyd_account_balance` [ RunTime:0.0060s ]
SQL: SELECT `total`,`balance` FROM `yyd_account_balance` ORDER BY id desc LIMIT 1   [ RunTime:0.0000s ]
SQL: SHOW COLUMNS FROM `yyd_account_cash` [ RunTime:0.0040s ]
SQL: INSERT INTO `yyd_account_cash` (`user_id`,`nid`,`status`,`account`,`bank`,`bank_id`,`province`,`city`,`total`,`credited`,`fee`,`addtime`,`addip`) VALUES ('36','cash_361442472297517','0','1313','中信银行昌平支行','1121163793306','0','0','1313','1309.061','3.939','1442472297','0.0.0.0') [ RunTime:0.0000s ]
SQL: UPDATE yyd_account SET `balance`      = `balance` - 1313, 
                                      `balance_cash` = `balance_cash` - 1313,
                                      `frost`        = `frost` + 1313 
                                  WHERE `user_id` = 36 [ RunTime:0.0010s ]
SQL: INSERT INTO `yyd_account_balance` (`nid`,`user_id`,`type`,`money`,`total`,`balance`,`income`,`expend`,`remark`,`addtime`,`addip`) VALUES ('cash_361442472297517','36','cash','1313','106786180.36','106672420.08','0','0','app申请提现，冻结提现金额1313','1442472297','0.0.0.0') [ RunTime:0.0000s ]
SQL: SELECT * FROM `yyd_account` WHERE `user_id` = 36 LIMIT 1   [ RunTime:0.0010s ]
NOTIC: [8] Undefined index: balance_cash D:\phpStudy\WWW\czcf\Admin\Home\Controller\ApiController.class.php 第 600 行.
INFO: [ app_end ] --START--
INFO: Run Behavior\ShowPageTraceBehavior [ RunTime:0.001000s ]
INFO: [ app_end ] --END-- [ RunTime:0.001000s ]

[ 2015-09-17T14:47:18+08:00 ] ::1 /czcf/home/api/userWithdraw/smmkey/3eef0f2cb569f66b61248104de523c101a1e4361
INFO: [ app_init ] --START--
INFO: Run Behavior\BuildLiteBehavior [ RunTime:0.000000s ]
INFO: [ app_init ] --END-- [ RunTime:0.001000s ]
INFO: [ app_begin ] --START--
INFO: Run Behavior\ReadHtmlCacheBehavior [ RunTime:0.000000s ]
INFO: [ app_begin ] --END-- [ RunTime:0.000000s ]
SQL: SHOW COLUMNS FROM `yyd_account` [ RunTime:0.0090s ]
SQL: SELECT * FROM `yyd_account` WHERE `user_id` = 36 LIMIT 1   [ RunTime:0.0020s ]
SQL: SHOW COLUMNS FROM `yyd_users` [ RunTime:0.0080s ]
SQL: SELECT `paypassword` FROM `yyd_users` WHERE `user_id` = 36 LIMIT 1   [ RunTime:0.0010s ]
SQL: SHOW COLUMNS FROM `yyd_account_balance` [ RunTime:0.0070s ]
SQL: SELECT `total`,`balance` FROM `yyd_account_balance` ORDER BY id desc LIMIT 1   [ RunTime:0.0010s ]
SQL: SHOW COLUMNS FROM `yyd_account_cash` [ RunTime:0.0070s ]
SQL: INSERT INTO `yyd_account_cash` (`user_id`,`nid`,`status`,`account`,`bank`,`bank_id`,`province`,`city`,`total`,`credited`,`fee`,`addtime`,`addip`) VALUES ('36','cash_361442472438947','0','1313','中信银行昌平支行','1121163793306','0','0','1313','1309.061','3.939','1442472438','0.0.0.0') [ RunTime:0.0000s ]
SQL: UPDATE yyd_account SET `balance`      = `balance` - 1313, 
                                      `balance_cash` = `balance_cash` - 1313,
                                      `frost`        = `frost` + 1313 
                                  WHERE `user_id` = 36 [ RunTime:0.0010s ]
SQL: INSERT INTO `yyd_account_balance` (`nid`,`user_id`,`type`,`money`,`total`,`balance`,`income`,`expend`,`remark`,`addtime`,`addip`) VALUES ('cash_361442472438947','36','cash','1313','106786180.36','106672420.08','0','0','app申请提现，冻结提现金额1313','1442472438','0.0.0.0') [ RunTime:0.0010s ]
SQL: SELECT * FROM `yyd_account` WHERE `user_id` = 36 LIMIT 1   [ RunTime:0.0000s ]
NOTIC: [8] Undefined index: balance_cash D:\phpStudy\WWW\czcf\Admin\Home\Controller\ApiController.class.php 第 567 行.
SQL: SHOW COLUMNS FROM `yyd_account_log` [ RunTime:0.0050s ]
SQL: INSERT INTO `yyd_account_log` (`nid`,`user_id`,`type`,`total`,`total_old`,`money`,`income`,`income_old`,`income_new`,`expend`,`expend_old`,`expend_new`,`balance`,`balance_old`,`balance_new`,`balance_cash`,`balance_cash_old`,`balance_cash_new`,`balance_frost`,`balance_frost_old`,`balance_frost_new`,`frost`,`frost_old`,`frost_new`,`await`,`await_old`,`await_new`,`to_userid`,`remark`,`addtime`,`addip`) VALUES ('cash_361442472438947','36','cash','5006014.33','5006014.33','1313','5016114.33','5016114.33','0','10100.00','10100.00','0','6070.00','7383','-1313','7070.00','7070','-1313','-2100.00','-2100.00','0','37370.00','36057','1313','0','0','0','0','app申请提现，冻结提现金额1313元','1442472438','0.0.0.0') [ RunTime:0.0000s ]
INFO: [ app_end ] --START--
INFO: Run Behavior\ShowPageTraceBehavior [ RunTime:0.001000s ]
INFO: [ app_end ] --END-- [ RunTime:0.001000s ]

[ 2015-09-17T14:49:31+08:00 ] ::1 /czcf/home/api/userWithdraw/smmkey/3eef0f2cb569f66b61248104de523c101a1e4361
INFO: [ app_init ] --START--
INFO: Run Behavior\BuildLiteBehavior [ RunTime:0.000000s ]
INFO: [ app_init ] --END-- [ RunTime:0.000000s ]
INFO: [ app_begin ] --START--
INFO: Run Behavior\ReadHtmlCacheBehavior [ RunTime:0.000000s ]
INFO: [ app_begin ] --END-- [ RunTime:0.000000s ]
SQL: SHOW COLUMNS FROM `yyd_account` [ RunTime:0.0120s ]
SQL: SELECT * FROM `yyd_account` WHERE `user_id` = 36 LIMIT 1   [ RunTime:0.0010s ]
SQL: SHOW COLUMNS FROM `yyd_users` [ RunTime:0.0080s ]
SQL: SELECT `paypassword` FROM `yyd_users` WHERE `user_id` = 36 LIMIT 1   [ RunTime:0.0010s ]
SQL: SHOW COLUMNS FROM `yyd_account_balance` [ RunTime:0.0030s ]
SQL: SELECT `total`,`balance` FROM `yyd_account_balance` ORDER BY id desc LIMIT 1   [ RunTime:0.0000s ]
SQL: SHOW COLUMNS FROM `yyd_account_cash` [ RunTime:0.0040s ]
SQL: INSERT INTO `yyd_account_cash` (`user_id`,`nid`,`status`,`account`,`bank`,`bank_id`,`province`,`city`,`total`,`credited`,`fee`,`addtime`,`addip`) VALUES ('36','cash_361442472571690','0','1313','中信银行昌平支行','1121163793306','0','0','1313','1309.061','3.939','1442472571','0.0.0.0') [ RunTime:0.0010s ]
SQL: UPDATE yyd_account SET `balance`      = `balance` - 1313, 
                                      `balance_cash` = `balance_cash` - 1313,
                                      `frost`        = `frost` + 1313 
                                  WHERE `user_id` = 36 [ RunTime:0.0010s ]
SQL: INSERT INTO `yyd_account_balance` (`nid`,`user_id`,`type`,`money`,`total`,`balance`,`income`,`expend`,`remark`,`addtime`,`addip`) VALUES ('cash_361442472571690','36','cash','1313','106786180.36','106672420.08','0','0','app申请提现，冻结提现金额1313','1442472571','0.0.0.0') [ RunTime:0.0000s ]
SQL: SELECT * FROM `yyd_account` WHERE `user_id` = 36 LIMIT 1   [ RunTime:0.0000s ]
SQL: SHOW COLUMNS FROM `yyd_account_log` [ RunTime:0.0040s ]
SQL: INSERT INTO `yyd_account_log` (`nid`,`user_id`,`type`,`total`,`total_old`,`money`,`income`,`income_old`,`income_new`,`expend`,`expend_old`,`expend_new`,`balance`,`balance_old`,`balance_new`,`balance_cash`,`balance_cash_old`,`balance_cash_new`,`balance_frost`,`balance_frost_old`,`balance_frost_new`,`frost`,`frost_old`,`frost_new`,`await`,`await_old`,`await_new`,`to_userid`,`remark`,`addtime`,`addip`) VALUES ('cash_361442472571690','36','cash','5006014.33','5006014.33','1313','5016114.33','5016114.33','0','10100.00','10100.00','0','4757.00','6070','-1313','5757.00','7070','-1313','-2100.00','-2100.00','0','38683.00','37370','1313','0','0','0','0','app申请提现，冻结提现金额1313元','1442472571','0.0.0.0') [ RunTime:0.0010s ]
INFO: [ app_end ] --START--
INFO: Run Behavior\ShowPageTraceBehavior [ RunTime:0.001000s ]
INFO: [ app_end ] --END-- [ RunTime:0.001000s ]

[ 2015-09-17T15:18:13+08:00 ] ::1 /czcf/home/api/userWithdraw/smmkey/3eef0f2cb569f66b61248104de523c101a1e4361
INFO: [ app_init ] --START--
INFO: Run Behavior\BuildLiteBehavior [ RunTime:0.000000s ]
INFO: [ app_init ] --END-- [ RunTime:0.000000s ]
INFO: [ app_begin ] --START--
INFO: Run Behavior\ReadHtmlCacheBehavior [ RunTime:0.001000s ]
INFO: [ app_begin ] --END-- [ RunTime:0.001000s ]
SQL: SHOW COLUMNS FROM `yyd_account` [ RunTime:0.0020s ]
SQL: SELECT * FROM `yyd_account` WHERE `user_id` = 36 LIMIT 1   [ RunTime:0.0020s ]
SQL: SHOW COLUMNS FROM `yyd_users` [ RunTime:0.0020s ]
SQL: SELECT `paypassword` FROM `yyd_users` WHERE `user_id` = 36 LIMIT 1   [ RunTime:0.0000s ]
SQL: SHOW COLUMNS FROM `yyd_account_balance` [ RunTime:0.0020s ]
SQL: SELECT `total`,`balance` FROM `yyd_account_balance` ORDER BY id desc LIMIT 1   [ RunTime:0.0000s ]
SQL: SHOW COLUMNS FROM `yyd_account_cash` [ RunTime:0.0050s ]
SQL: INSERT INTO `yyd_account_cash` (`user_id`,`nid`,`status`,`account`,`bank`,`bank_id`,`province`,`city`,`total`,`credited`,`fee`,`addtime`,`addip`) VALUES ('36','cash_361442474293150','0','1313','中信银行昌平支行','1121163793306','0','0','1313','1309.061','3.939','1442474293','0.0.0.0') [ RunTime:0.0000s ]
SQL: UPDATE yyd_account SET `balance`      = `balance` - 1313, 
                                      `balance_cash` = `balance_cash` - 1313,
                                      `frost`        = `frost` + 1313 
                                  WHERE `user_id` = 36 [ RunTime:0.0000s ]
SQL: INSERT INTO `yyd_account_balance` (`nid`,`user_id`,`type`,`money`,`total`,`balance`,`income`,`expend`,`remark`,`addtime`,`addip`) VALUES ('cash_361442474293150','36','cash','1313','106786180.36','106672420.08','0','0','app申请提现，冻结提现金额1313元','1442474293','0.0.0.0') [ RunTime:0.0000s ]
SQL: SELECT * FROM `yyd_account` WHERE `user_id` = 36 LIMIT 1   [ RunTime:0.0000s ]
SQL: SHOW COLUMNS FROM `yyd_account_log` [ RunTime:0.0030s ]
SQL: INSERT INTO `yyd_account_log` (`nid`,`user_id`,`type`,`total`,`total_old`,`money`,`income`,`income_old`,`income_new`,`expend`,`expend_old`,`expend_new`,`balance`,`balance_old`,`balance_new`,`balance_cash`,`balance_cash_old`,`balance_cash_new`,`balance_frost`,`balance_frost_old`,`balance_frost_new`,`frost`,`frost_old`,`frost_new`,`await`,`await_old`,`await_new`,`to_userid`,`remark`,`addtime`,`addip`) VALUES ('cash_361442474293150','36','cash','5006014.33','5006014.33','1313','5016114.33','5016114.33','0','10100.00','10100.00','0','3444.00','4757','-1313','4444.00','5757','-1313','-2100.00','-2100.00','0','39996.00','38683','1313','0','0','0','0','app申请提现，冻结提现金额1313元','1442474293','0.0.0.0') [ RunTime:0.0000s ]
SQL: SHOW COLUMNS FROM `yyd_account_users` [ RunTime:0.0020s ]
SQL: SELECT `total`,`balance` FROM `yyd_account_users` ORDER BY id desc LIMIT 1   [ RunTime:0.0000s ]
SQL: INSERT INTO `yyd_account_users` (`nid`,`user_id`,`type`,`money`,`total`,`balance`,`income`,`expend`,`frost`,`await`,`remark`,`addtime`,`addip`) VALUES ('cash_361442474293150','36','cash','1313','5026214.33','5006014.33','0','0','36','0','app申请提现，冻结提现金额1313元','1442474293','0.0.0.0') [ RunTime:0.0000s ]
INFO: [ app_end ] --START--
INFO: Run Behavior\ShowPageTraceBehavior [ RunTime:0.001000s ]
INFO: [ app_end ] --END-- [ RunTime:0.001000s ]

[ 2015-09-17T15:19:08+08:00 ] ::1 /czcf/home/api/userWithdraw/smmkey/3eef0f2cb569f66b61248104de523c101a1e4361
INFO: [ app_init ] --START--
INFO: Run Behavior\BuildLiteBehavior [ RunTime:0.000000s ]
INFO: [ app_init ] --END-- [ RunTime:0.001000s ]
INFO: [ app_begin ] --START--
INFO: Run Behavior\ReadHtmlCacheBehavior [ RunTime:0.001001s ]
INFO: [ app_begin ] --END-- [ RunTime:0.001001s ]
SQL: SHOW COLUMNS FROM `yyd_account` [ RunTime:0.0030s ]
SQL: SELECT * FROM `yyd_account` WHERE `user_id` = 36 LIMIT 1   [ RunTime:0.0000s ]
SQL: SHOW COLUMNS FROM `yyd_users` [ RunTime:0.0030s ]
SQL: SELECT `paypassword` FROM `yyd_users` WHERE `user_id` = 36 LIMIT 1   [ RunTime:0.0000s ]
SQL: SHOW COLUMNS FROM `yyd_account_balance` [ RunTime:0.0030s ]
SQL: SELECT `total`,`balance` FROM `yyd_account_balance` ORDER BY id desc LIMIT 1   [ RunTime:0.0000s ]
SQL: SHOW COLUMNS FROM `yyd_account_cash` [ RunTime:0.0030s ]
SQL: INSERT INTO `yyd_account_cash` (`user_id`,`nid`,`status`,`account`,`bank`,`bank_id`,`province`,`city`,`total`,`credited`,`fee`,`addtime`,`addip`) VALUES ('36','cash_361442474348383','0','1313','中信银行昌平支行','1121163793306','0','0','1313','1309.061','3.939','1442474348','0.0.0.0') [ RunTime:0.0000s ]
SQL: UPDATE yyd_account SET `balance`      = `balance` - 1313, 
                                      `balance_cash` = `balance_cash` - 1313,
                                      `frost`        = `frost` + 1313 
                                  WHERE `user_id` = 36 [ RunTime:0.0000s ]
SQL: INSERT INTO `yyd_account_balance` (`nid`,`user_id`,`type`,`money`,`total`,`balance`,`income`,`expend`,`remark`,`addtime`,`addip`) VALUES ('cash_361442474348383','36','cash','1313','106786180.36','106672420.08','0','0','app申请提现，冻结提现金额1313元','1442474348','0.0.0.0') [ RunTime:0.0010s ]
SQL: SELECT * FROM `yyd_account` WHERE `user_id` = 36 LIMIT 1   [ RunTime:0.0000s ]
SQL: SHOW COLUMNS FROM `yyd_account_log` [ RunTime:0.0030s ]
SQL: INSERT INTO `yyd_account_log` (`nid`,`user_id`,`type`,`total`,`total_old`,`money`,`income`,`income_old`,`income_new`,`expend`,`expend_old`,`expend_new`,`balance`,`balance_old`,`balance_new`,`balance_cash`,`balance_cash_old`,`balance_cash_new`,`balance_frost`,`balance_frost_old`,`balance_frost_new`,`frost`,`frost_old`,`frost_new`,`await`,`await_old`,`await_new`,`to_userid`,`remark`,`addtime`,`addip`) VALUES ('cash_361442474348383','36','cash','5006014.33','5006014.33','1313','5016114.33','5016114.33','0','10100.00','10100.00','0','2131.00','3444','-1313','3131.00','4444','-1313','-2100.00','-2100.00','0','41309.00','39996','1313','0','0','0','0','app申请提现，冻结提现金额1313元','1442474348','0.0.0.0') [ RunTime:0.0010s ]
SQL: SHOW COLUMNS FROM `yyd_account_users` [ RunTime:0.0020s ]
SQL: SELECT `total`,`balance` FROM `yyd_account_users` ORDER BY id desc LIMIT 1   [ RunTime:0.0010s ]
SQL: INSERT INTO `yyd_account_users` (`nid`,`user_id`,`type`,`money`,`total`,`balance`,`income`,`expend`,`frost`,`await`,`remark`,`addtime`,`addip`) VALUES ('cash_361442474348383','36','cash','1313','5026214.33','5006014.33','0','0','1313','0','app申请提现，冻结提现金额1313元','1442474348','0.0.0.0') [ RunTime:0.0000s ]
INFO: [ app_end ] --START--
INFO: Run Behavior\ShowPageTraceBehavior [ RunTime:0.001000s ]
INFO: [ app_end ] --END-- [ RunTime:0.001000s ]

