[ 2015-09-25T09:03:40+08:00 ] ::1 /czcf/
INFO: [ app_init ] --START--
INFO: Run Behavior\BuildLiteBehavior [ RunTime:0.000000s ]
INFO: [ app_init ] --END-- [ RunTime:0.000000s ]
INFO: [ app_begin ] --START--
INFO: Run Behavior\ReadHtmlCacheBehavior [ RunTime:0.001000s ]
INFO: [ app_begin ] --END-- [ RunTime:0.001000s ]
INFO: [ view_parse ] --START--
INFO: [ template_filter ] --START--
INFO: Run Behavior\ContentReplaceBehavior [ RunTime:0.000000s ]
INFO: [ template_filter ] --END-- [ RunTime:0.000000s ]
INFO: Run Behavior\ParseTemplateBehavior [ RunTime:0.024002s ]
INFO: [ view_parse ] --END-- [ RunTime:0.024002s ]
INFO: [ view_filter ] --START--
INFO: Run Behavior\WriteHtmlCacheBehavior [ RunTime:0.051003s ]
INFO: [ view_filter ] --END-- [ RunTime:0.051003s ]

[ 2015-09-25T09:03:43+08:00 ] ::1 /czcf/home/login/index
INFO: [ app_init ] --START--
INFO: Run Behavior\BuildLiteBehavior [ RunTime:0.000000s ]
INFO: [ app_init ] --END-- [ RunTime:0.001000s ]
INFO: [ app_begin ] --START--
INFO: Run Behavior\ReadHtmlCacheBehavior [ RunTime:0.001000s ]
INFO: [ app_begin ] --END-- [ RunTime:0.001000s ]
INFO: [ view_parse ] --START--
INFO: [ template_filter ] --START--
INFO: Run Behavior\ContentReplaceBehavior [ RunTime:0.000000s ]
INFO: [ template_filter ] --END-- [ RunTime:0.000000s ]
INFO: Run Behavior\ParseTemplateBehavior [ RunTime:0.023002s ]
INFO: [ view_parse ] --END-- [ RunTime:0.023002s ]
INFO: [ view_filter ] --START--
INFO: Run Behavior\WriteHtmlCacheBehavior [ RunTime:0.000000s ]
INFO: [ view_filter ] --END-- [ RunTime:0.001000s ]
INFO: [ app_end ] --START--
INFO: Run Behavior\ShowPageTraceBehavior [ RunTime:0.001000s ]
INFO: [ app_end ] --END-- [ RunTime:0.001000s ]

[ 2015-09-25T09:03:43+08:00 ] ::1 /czcf/home/login/verify
INFO: [ app_init ] --START--
INFO: Run Behavior\BuildLiteBehavior [ RunTime:0.000000s ]
INFO: [ app_init ] --END-- [ RunTime:0.001000s ]
INFO: [ app_begin ] --START--
INFO: Run Behavior\ReadHtmlCacheBehavior [ RunTime:0.001000s ]
INFO: [ app_begin ] --END-- [ RunTime:0.001000s ]
INFO: [ app_end ] --START--
INFO: Run Behavior\ShowPageTraceBehavior [ RunTime:0.002000s ]
INFO: [ app_end ] --END-- [ RunTime:0.002000s ]

[ 2015-09-25T13:58:31+08:00 ] ::1 /czcf/home/api/userTender/smmkey/3eef0f2cb569f66b61248104de523c101a1e4361
INFO: [ app_init ] --START--
INFO: Run Behavior\BuildLiteBehavior [ RunTime:0.000000s ]
INFO: [ app_init ] --END-- [ RunTime:0.001000s ]
INFO: [ app_begin ] --START--
INFO: Run Behavior\ReadHtmlCacheBehavior [ RunTime:0.001000s ]
INFO: [ app_begin ] --END-- [ RunTime:0.001000s ]
SQL: SHOW COLUMNS FROM `yyd_borrow` [ RunTime:0.0160s ]
SQL: SELECT COUNT(*) AS tp_count FROM `yyd_borrow` WHERE `borrow_end_time` > 1443160711 AND `borrow_nid` = '421443088692' LIMIT 1   [ RunTime:0.0010s ]

[ 2015-09-25T15:04:36+08:00 ] ::1 /czcf/home/api/userTender/smmkey/3eef0f2cb569f66b61248104de523c101a1e4361
INFO: [ app_init ] --START--
INFO: Run Behavior\BuildLiteBehavior [ RunTime:0.000000s ]
INFO: [ app_init ] --END-- [ RunTime:0.000000s ]
INFO: [ app_begin ] --START--
INFO: Run Behavior\ReadHtmlCacheBehavior [ RunTime:0.001000s ]
INFO: [ app_begin ] --END-- [ RunTime:0.001000s ]
SQL: SHOW COLUMNS FROM `yyd_borrow` [ RunTime:0.0140s ]
SQL: SELECT COUNT(*) AS tp_count FROM `yyd_borrow` WHERE `borrow_end_time` > 1443164676 AND `borrow_nid` = '421443088692' LIMIT 1   [ RunTime:0.0010s ]
SQL: SELECT COUNT(*) AS tp_count FROM `yyd_borrow` WHERE `borrow_nid` = '421443088692' AND `user_id` = 36 LIMIT 1   [ RunTime:0.0010s ]
SQL: SHOW COLUMNS FROM `yyd_users` [ RunTime:0.0070s ]
SQL: SELECT `paypassword` FROM `yyd_users` WHERE `user_id` = 36 LIMIT 1   [ RunTime:0.0010s ]
INFO: [ app_end ] --START--
INFO: Run Behavior\ShowPageTraceBehavior [ RunTime:0.001000s ]
INFO: [ app_end ] --END-- [ RunTime:0.001000s ]

[ 2015-09-25T15:15:56+08:00 ] ::1 /czcf/home/api/userTender/smmkey/3eef0f2cb569f66b61248104de523c101a1e4361
INFO: [ app_init ] --START--
INFO: Run Behavior\BuildLiteBehavior [ RunTime:0.000000s ]
INFO: [ app_init ] --END-- [ RunTime:0.001000s ]
INFO: [ app_begin ] --START--
INFO: Run Behavior\ReadHtmlCacheBehavior [ RunTime:0.000000s ]
INFO: [ app_begin ] --END-- [ RunTime:0.000000s ]
SQL: SHOW COLUMNS FROM `yyd_borrow` [ RunTime:0.0140s ]
SQL: SELECT COUNT(*) AS tp_count FROM `yyd_borrow` WHERE `borrow_end_time` > 1443165356 AND `borrow_nid` = '421443088692' LIMIT 1   [ RunTime:0.0010s ]
SQL: SELECT COUNT(*) AS tp_count FROM `yyd_borrow` WHERE `borrow_nid` = '421443088692' AND `user_id` = 36 LIMIT 1   [ RunTime:0.0000s ]
SQL: SHOW COLUMNS FROM `yyd_users` [ RunTime:0.0050s ]
SQL: SELECT `paypassword` FROM `yyd_users` WHERE `user_id` = 36 LIMIT 1   [ RunTime:0.0010s ]
SQL: SHOW COLUMNS FROM `yyd_account_balance` [ RunTime:0.0050s ]
ERR: Think\Model:limt方法不存在！

[ 2015-09-25T15:16:09+08:00 ] ::1 /czcf/home/api/userTender/smmkey/3eef0f2cb569f66b61248104de523c101a1e4361
INFO: [ app_init ] --START--
INFO: Run Behavior\BuildLiteBehavior [ RunTime:0.000000s ]
INFO: [ app_init ] --END-- [ RunTime:0.000000s ]
INFO: [ app_begin ] --START--
INFO: Run Behavior\ReadHtmlCacheBehavior [ RunTime:0.001000s ]
INFO: [ app_begin ] --END-- [ RunTime:0.001000s ]
SQL: SHOW COLUMNS FROM `yyd_borrow` [ RunTime:0.0180s ]
SQL: SELECT COUNT(*) AS tp_count FROM `yyd_borrow` WHERE `borrow_end_time` > 1443165369 AND `borrow_nid` = '421443088692' LIMIT 1   [ RunTime:0.0020s ]
SQL: SELECT COUNT(*) AS tp_count FROM `yyd_borrow` WHERE `borrow_nid` = '421443088692' AND `user_id` = 36 LIMIT 1   [ RunTime:0.0010s ]
SQL: SHOW COLUMNS FROM `yyd_users` [ RunTime:0.0140s ]
SQL: SELECT `paypassword` FROM `yyd_users` WHERE `user_id` = 36 LIMIT 1   [ RunTime:0.0000s ]
SQL: SHOW COLUMNS FROM `yyd_account_balance` [ RunTime:0.0040s ]
SQL: SELECT `total`,`balance` FROM `yyd_account_balance` ORDER BY id DESC LIMIT 1   [ RunTime:0.0010s ]
NOTIC: [4096] Object of class Think\Model could not be converted to string D:\phpStudy\WWW\czcf\Admin\Home\Controller\ApiController.class.php 第 977 行.
INFO: [ app_end ] --START--
INFO: Run Behavior\ShowPageTraceBehavior [ RunTime:0.000000s ]
INFO: [ app_end ] --END-- [ RunTime:0.000000s ]

[ 2015-09-25T15:16:32+08:00 ] ::1 /czcf/home/api/userTender/smmkey/3eef0f2cb569f66b61248104de523c101a1e4361
INFO: [ app_init ] --START--
INFO: Run Behavior\BuildLiteBehavior [ RunTime:0.000000s ]
INFO: [ app_init ] --END-- [ RunTime:0.000000s ]
INFO: [ app_begin ] --START--
INFO: Run Behavior\ReadHtmlCacheBehavior [ RunTime:0.000000s ]
INFO: [ app_begin ] --END-- [ RunTime:0.000000s ]
SQL: SHOW COLUMNS FROM `yyd_borrow` [ RunTime:0.0110s ]
SQL: SELECT COUNT(*) AS tp_count FROM `yyd_borrow` WHERE `borrow_end_time` > 1443165392 AND `borrow_nid` = '421443088692' LIMIT 1   [ RunTime:0.0010s ]
SQL: SELECT COUNT(*) AS tp_count FROM `yyd_borrow` WHERE `borrow_nid` = '421443088692' AND `user_id` = 36 LIMIT 1   [ RunTime:0.0010s ]
SQL: SHOW COLUMNS FROM `yyd_users` [ RunTime:0.0080s ]
SQL: SELECT `paypassword` FROM `yyd_users` WHERE `user_id` = 36 LIMIT 1   [ RunTime:0.0010s ]
SQL: SHOW COLUMNS FROM `yyd_account_balance` [ RunTime:0.0050s ]
SQL: SELECT `total`,`balance` FROM `yyd_account_balance` ORDER BY id DESC LIMIT 1   [ RunTime:0.0000s ]
INFO: [ app_end ] --START--
INFO: Run Behavior\ShowPageTraceBehavior [ RunTime:0.001000s ]
INFO: [ app_end ] --END-- [ RunTime:0.001000s ]

[ 2015-09-25T15:30:22+08:00 ] ::1 /czcf/home/api/userTender/smmkey/3eef0f2cb569f66b61248104de523c101a1e4361
INFO: [ app_init ] --START--
INFO: Run Behavior\BuildLiteBehavior [ RunTime:0.000000s ]
INFO: [ app_init ] --END-- [ RunTime:0.001000s ]
INFO: [ app_begin ] --START--
INFO: Run Behavior\ReadHtmlCacheBehavior [ RunTime:0.001001s ]
INFO: [ app_begin ] --END-- [ RunTime:0.001001s ]
SQL: SHOW COLUMNS FROM `yyd_borrow` [ RunTime:0.0140s ]
SQL: SELECT COUNT(*) AS tp_count FROM `yyd_borrow` WHERE `borrow_end_time` > 1443166222 AND `borrow_nid` = '421443088692' LIMIT 1   [ RunTime:0.0000s ]
SQL: SELECT COUNT(*) AS tp_count FROM `yyd_borrow` WHERE `borrow_nid` = '421443088692' AND `user_id` = 36 LIMIT 1   [ RunTime:0.0000s ]
SQL: SHOW COLUMNS FROM `yyd_users` [ RunTime:0.0070s ]
SQL: SELECT `paypassword` FROM `yyd_users` WHERE `user_id` = 36 LIMIT 1   [ RunTime:0.0000s ]
SQL: SHOW COLUMNS FROM `yyd_account_balance` [ RunTime:0.0060s ]
SQL: SELECT `total`,`balance` FROM `yyd_account_balance` ORDER BY id DESC LIMIT 1   [ RunTime:0.0010s ]
INFO: [ app_end ] --START--
INFO: Run Behavior\ShowPageTraceBehavior [ RunTime:0.001000s ]
INFO: [ app_end ] --END-- [ RunTime:0.001000s ]

[ 2015-09-25T15:34:06+08:00 ] ::1 /czcf/home/api/userTender/smmkey/3eef0f2cb569f66b61248104de523c101a1e4361
INFO: [ app_init ] --START--
INFO: Run Behavior\BuildLiteBehavior [ RunTime:0.000000s ]
INFO: [ app_init ] --END-- [ RunTime:0.001000s ]
INFO: [ app_begin ] --START--
INFO: Run Behavior\ReadHtmlCacheBehavior [ RunTime:0.000000s ]
INFO: [ app_begin ] --END-- [ RunTime:0.000000s ]
SQL: SHOW COLUMNS FROM `yyd_borrow` [ RunTime:0.0130s ]
SQL: SELECT COUNT(*) AS tp_count FROM `yyd_borrow` WHERE `borrow_end_time` > 1443166446 AND `borrow_nid` = '421443088692' LIMIT 1   [ RunTime:0.0010s ]
SQL: SELECT COUNT(*) AS tp_count FROM `yyd_borrow` WHERE `borrow_nid` = '421443088692' AND `user_id` = 36 LIMIT 1   [ RunTime:0.0020s ]
SQL: SHOW COLUMNS FROM `yyd_users` [ RunTime:0.0080s ]
SQL: SELECT `paypassword` FROM `yyd_users` WHERE `user_id` = 36 LIMIT 1   [ RunTime:0.0020s ]
SQL: SHOW COLUMNS FROM `yyd_account_balance` [ RunTime:0.0080s ]
SQL: SELECT `total`,`balance` FROM `yyd_account_balance` ORDER BY id DESC LIMIT 1   [ RunTime:0.0010s ]
INFO: [ app_end ] --START--
INFO: Run Behavior\ShowPageTraceBehavior [ RunTime:0.001000s ]
INFO: [ app_end ] --END-- [ RunTime:0.001000s ]

[ 2015-09-25T15:35:26+08:00 ] ::1 /czcf/home/api/userTender/smmkey/3eef0f2cb569f66b61248104de523c101a1e4361
INFO: [ app_init ] --START--
INFO: Run Behavior\BuildLiteBehavior [ RunTime:0.000000s ]
INFO: [ app_init ] --END-- [ RunTime:0.000000s ]
INFO: [ app_begin ] --START--
INFO: Run Behavior\ReadHtmlCacheBehavior [ RunTime:0.000000s ]
INFO: [ app_begin ] --END-- [ RunTime:0.000000s ]
SQL: SHOW COLUMNS FROM `yyd_borrow` [ RunTime:0.0100s ]
SQL: SELECT COUNT(*) AS tp_count FROM `yyd_borrow` WHERE `borrow_end_time` > 1443166526 AND `borrow_nid` = '421443088692' LIMIT 1   [ RunTime:0.0010s ]
SQL: SELECT COUNT(*) AS tp_count FROM `yyd_borrow` WHERE `borrow_nid` = '421443088692' AND `user_id` = 36 LIMIT 1   [ RunTime:0.0020s ]
SQL: SHOW COLUMNS FROM `yyd_users` [ RunTime:0.0060s ]
SQL: SELECT `paypassword` FROM `yyd_users` WHERE `user_id` = 36 LIMIT 1   [ RunTime:0.0010s ]
SQL: SHOW COLUMNS FROM `yyd_account_balance` [ RunTime:0.0070s ]
SQL: SELECT `total`,`balance` FROM `yyd_account_balance` ORDER BY id DESC LIMIT 1   [ RunTime:0.0000s ]
SQL: INSERT INTO `yyd_account_balance` (`nid`,`user_id`,`type`,`money`,`total`,`balance`,`income`,`expend`,`remark`,`addtime`,`addip`) VALUES ('tender_frost_36_1443166526','36','tender','10000','107300116.77','107162492.01','0','0','App 对标421443088692号进行投资，冻结10000元','1443166526','0.0.0.0') [ RunTime:0.0010s ]
INFO: [ app_end ] --START--
INFO: Run Behavior\ShowPageTraceBehavior [ RunTime:0.001000s ]
INFO: [ app_end ] --END-- [ RunTime:0.001000s ]

[ 2015-09-25T15:54:49+08:00 ] ::1 /czcf/home/api/userTender/smmkey/3eef0f2cb569f66b61248104de523c101a1e4361
INFO: [ app_init ] --START--
INFO: Run Behavior\BuildLiteBehavior [ RunTime:0.000000s ]
INFO: [ app_init ] --END-- [ RunTime:0.001000s ]
INFO: [ app_begin ] --START--
INFO: Run Behavior\ReadHtmlCacheBehavior [ RunTime:0.000000s ]
INFO: [ app_begin ] --END-- [ RunTime:0.000000s ]
SQL: SHOW COLUMNS FROM `yyd_borrow` [ RunTime:0.0160s ]
SQL: SELECT COUNT(*) AS tp_count FROM `yyd_borrow` WHERE `borrow_end_time` > 1443167689 AND `borrow_nid` = '421443088692' LIMIT 1   [ RunTime:0.0010s ]
SQL: SELECT COUNT(*) AS tp_count FROM `yyd_borrow` WHERE `borrow_nid` = '421443088692' AND `user_id` = 36 LIMIT 1   [ RunTime:0.0010s ]
SQL: SHOW COLUMNS FROM `yyd_users` [ RunTime:0.0110s ]
SQL: SELECT `paypassword` FROM `yyd_users` WHERE `user_id` = 36 LIMIT 1   [ RunTime:0.0010s ]
SQL: SHOW COLUMNS FROM `yyd_account_balance` [ RunTime:0.0060s ]
SQL: SELECT `total`,`balance` FROM `yyd_account_balance` ORDER BY id DESC LIMIT 1   [ RunTime:0.0010s ]
SQL: SHOW COLUMNS FROM `yyd_account` [ RunTime:0.0050s ]
SQL: SELECT * FROM `yyd_account` WHERE `user_id` = 36 LIMIT 1   [ RunTime:0.0000s ]
INFO: [ app_end ] --START--
INFO: Run Behavior\ShowPageTraceBehavior [ RunTime:0.000000s ]
INFO: [ app_end ] --END-- [ RunTime:0.001000s ]

[ 2015-09-25T16:51:47+08:00 ] ::1 /czcf/home/api/userTender/smmkey/3eef0f2cb569f66b61248104de523c101a1e4361
INFO: [ app_init ] --START--
INFO: Run Behavior\BuildLiteBehavior [ RunTime:0.000000s ]
INFO: [ app_init ] --END-- [ RunTime:0.001000s ]
INFO: [ app_begin ] --START--
INFO: Run Behavior\ReadHtmlCacheBehavior [ RunTime:0.000000s ]
INFO: [ app_begin ] --END-- [ RunTime:0.000000s ]
SQL: SHOW COLUMNS FROM `yyd_borrow` [ RunTime:0.0240s ]
SQL: SELECT COUNT(*) AS tp_count FROM `yyd_borrow` WHERE `borrow_end_time` > 1443171107 AND `borrow_nid` = '421443088692' LIMIT 1   [ RunTime:0.0010s ]
SQL: SELECT COUNT(*) AS tp_count FROM `yyd_borrow` WHERE `borrow_nid` = '421443088692' AND `user_id` = 36 LIMIT 1   [ RunTime:0.0010s ]
SQL: SHOW COLUMNS FROM `yyd_users` [ RunTime:0.0060s ]
SQL: SELECT `paypassword` FROM `yyd_users` WHERE `user_id` = 36 LIMIT 1   [ RunTime:0.0000s ]
SQL: SHOW COLUMNS FROM `yyd_account_balance` [ RunTime:0.0060s ]
SQL: SELECT `total`,`balance` FROM `yyd_account_balance` ORDER BY id DESC LIMIT 1   [ RunTime:0.0000s ]
SQL: SHOW COLUMNS FROM `yyd_account` [ RunTime:0.0050s ]
SQL: SELECT * FROM `yyd_account` WHERE `user_id` = 36 LIMIT 1   [ RunTime:0.0000s ]
SQL: SELECT `user_id` FROM `yyd_borrow` WHERE `borrow_nid` = '421443088692' LIMIT 1   [ RunTime:0.0010s ]
INFO: [ app_end ] --START--
INFO: Run Behavior\ShowPageTraceBehavior [ RunTime:0.000000s ]
INFO: [ app_end ] --END-- [ RunTime:0.000000s ]

[ 2015-09-25T17:14:07+08:00 ] ::1 /czcf/home/api/userTender/smmkey/3eef0f2cb569f66b61248104de523c101a1e4361
INFO: [ app_init ] --START--
INFO: Run Behavior\BuildLiteBehavior [ RunTime:0.000000s ]
INFO: [ app_init ] --END-- [ RunTime:0.000000s ]
INFO: [ app_begin ] --START--
INFO: Run Behavior\ReadHtmlCacheBehavior [ RunTime:0.001000s ]
INFO: [ app_begin ] --END-- [ RunTime:0.001000s ]
SQL: SHOW COLUMNS FROM `yyd_borrow` [ RunTime:0.0090s ]
SQL: SELECT COUNT(*) AS tp_count FROM `yyd_borrow` WHERE `borrow_end_time` > 1443172447 AND `borrow_nid` = '421443088692' LIMIT 1   [ RunTime:0.0010s ]
SQL: SELECT COUNT(*) AS tp_count FROM `yyd_borrow` WHERE `borrow_nid` = '421443088692' AND `user_id` = 36 LIMIT 1   [ RunTime:0.0000s ]
SQL: SHOW COLUMNS FROM `yyd_users` [ RunTime:0.0050s ]
SQL: SELECT `paypassword` FROM `yyd_users` WHERE `user_id` = 36 LIMIT 1   [ RunTime:0.0020s ]
SQL: SHOW COLUMNS FROM `yyd_account_balance` [ RunTime:0.0040s ]
SQL: SELECT `total`,`balance` FROM `yyd_account_balance` ORDER BY id DESC LIMIT 1   [ RunTime:0.0020s ]
SQL: SHOW COLUMNS FROM `yyd_account` [ RunTime:0.0050s ]
SQL: SELECT * FROM `yyd_account` WHERE `user_id` = 36 LIMIT 1   [ RunTime:0.0000s ]
SQL: SELECT `user_id` FROM `yyd_borrow` WHERE `borrow_nid` = '421443088692' LIMIT 1   [ RunTime:0.0000s ]
SQL: SHOW COLUMNS FROM `yyd_account_users` [ RunTime:0.0040s ]
SQL: SELECT `total`,`balance` FROM `yyd_account_users` ORDER BY id DESC LIMIT 1   [ RunTime:0.0000s ]
INFO: [ app_end ] --START--
INFO: Run Behavior\ShowPageTraceBehavior [ RunTime:0.001000s ]
INFO: [ app_end ] --END-- [ RunTime:0.001000s ]

[ 2015-09-25T17:15:18+08:00 ] ::1 /czcf/home/api/userTender/smmkey/3eef0f2cb569f66b61248104de523c101a1e4361
INFO: [ app_init ] --START--
INFO: Run Behavior\BuildLiteBehavior [ RunTime:0.000000s ]
INFO: [ app_init ] --END-- [ RunTime:0.000000s ]
INFO: [ app_begin ] --START--
INFO: Run Behavior\ReadHtmlCacheBehavior [ RunTime:0.000000s ]
INFO: [ app_begin ] --END-- [ RunTime:0.000000s ]
SQL: SHOW COLUMNS FROM `yyd_borrow` [ RunTime:0.0120s ]
SQL: SELECT COUNT(*) AS tp_count FROM `yyd_borrow` WHERE `borrow_end_time` > 1443172518 AND `borrow_nid` = '421443088692' LIMIT 1   [ RunTime:0.0010s ]
SQL: SELECT COUNT(*) AS tp_count FROM `yyd_borrow` WHERE `borrow_nid` = '421443088692' AND `user_id` = 36 LIMIT 1   [ RunTime:0.0010s ]
SQL: SHOW COLUMNS FROM `yyd_users` [ RunTime:0.0050s ]
SQL: SELECT `paypassword` FROM `yyd_users` WHERE `user_id` = 36 LIMIT 1   [ RunTime:0.0000s ]
SQL: SHOW COLUMNS FROM `yyd_account_balance` [ RunTime:0.0040s ]
SQL: SELECT `total`,`balance` FROM `yyd_account_balance` ORDER BY id DESC LIMIT 1   [ RunTime:0.0000s ]
SQL: SHOW COLUMNS FROM `yyd_account` [ RunTime:0.0050s ]
SQL: SELECT * FROM `yyd_account` WHERE `user_id` = 36 LIMIT 1   [ RunTime:0.0010s ]
SQL: SELECT `user_id` FROM `yyd_borrow` WHERE `borrow_nid` = '421443088692' LIMIT 1   [ RunTime:0.0000s ]
SQL: SHOW COLUMNS FROM `yyd_account_users` [ RunTime:0.0050s ]
SQL: SELECT `total`,`balance` FROM `yyd_account_users` ORDER BY id DESC LIMIT 1   [ RunTime:0.0010s ]
INFO: [ app_end ] --START--
INFO: Run Behavior\ShowPageTraceBehavior [ RunTime:0.000000s ]
INFO: [ app_end ] --END-- [ RunTime:0.000000s ]

[ 2015-09-25T17:16:52+08:00 ] ::1 /czcf/home/api/userTender/smmkey/3eef0f2cb569f66b61248104de523c101a1e4361
INFO: [ app_init ] --START--
INFO: Run Behavior\BuildLiteBehavior [ RunTime:0.000000s ]
INFO: [ app_init ] --END-- [ RunTime:0.001000s ]
INFO: [ app_begin ] --START--
INFO: Run Behavior\ReadHtmlCacheBehavior [ RunTime:0.001000s ]
INFO: [ app_begin ] --END-- [ RunTime:0.001000s ]
SQL: SHOW COLUMNS FROM `yyd_borrow` [ RunTime:0.0050s ]
SQL: SELECT COUNT(*) AS tp_count FROM `yyd_borrow` WHERE `borrow_end_time` > 1443172612 AND `borrow_nid` = '421443088692' LIMIT 1   [ RunTime:0.0010s ]
SQL: SELECT COUNT(*) AS tp_count FROM `yyd_borrow` WHERE `borrow_nid` = '421443088692' AND `user_id` = 36 LIMIT 1   [ RunTime:0.0000s ]
SQL: SHOW COLUMNS FROM `yyd_users` [ RunTime:0.0040s ]
SQL: SELECT `paypassword` FROM `yyd_users` WHERE `user_id` = 36 LIMIT 1   [ RunTime:0.0000s ]
SQL: UPDATE yyd_account set `balance`        = `balance` - 10000,
                                        `balance_frost` = `balance_frost` - 10000,
                                        `frost`         = `frost` + 10000 
                                    where `user_id` = 36  [ RunTime:0.0150s ]
SQL: SHOW COLUMNS FROM `yyd_account_balance` [ RunTime:0.0030s ]
SQL: SELECT `total`,`balance` FROM `yyd_account_balance` ORDER BY id DESC LIMIT 1   [ RunTime:0.0000s ]
SQL: INSERT INTO `yyd_account_balance` (`nid`,`user_id`,`type`,`money`,`total`,`balance`,`income`,`expend`,`remark`,`addtime`,`addip`) VALUES ('tender_frost_36_1443172612','36','tender','10000','107300116.77','107162492.01','0','0','App 对标421443088692号进行投资，冻结10000元','1443172612','0.0.0.0') [ RunTime:0.0000s ]
SQL: SHOW COLUMNS FROM `yyd_account` [ RunTime:0.0030s ]
SQL: SELECT * FROM `yyd_account` WHERE `user_id` = 36 LIMIT 1   [ RunTime:0.0000s ]
SQL: SELECT `user_id` FROM `yyd_borrow` WHERE `borrow_nid` = '421443088692' LIMIT 1   [ RunTime:0.0000s ]
SQL: SHOW COLUMNS FROM `yyd_account_log` [ RunTime:0.0030s ]
SQL: INSERT INTO `yyd_account_log` (`nid`,`user_id`,`type`,`total`,`total_old`,`money`,`income`,`income_old`,`income_new`,`expend`,`expend_old`,`expend_new`,`balance`,`balance_old`,`balance_new`,`balance_cash`,`balance_cash_old`,`balance_cash_new`,`balance_frost`,`balance_frost_old`,`balance_frost_new`,`frost`,`frost_old`,`frost_new`,`await`,`await_old`,`await_new`,`to_userid`) VALUES ('tender_frost_36_1443172612','36','tender','4996120.43','4996120.43','10000','5017118.50','5017118.50','0','20998.07','20998.07','0','4912206.43','4922206.43','-10000','4981006.43','4981006.43','0','-68800.00','-58800','-10000','83914.00','73914','10000','0','0','0','42') [ RunTime:0.0010s ]
SQL: SHOW COLUMNS FROM `yyd_account_users` [ RunTime:0.0030s ]
SQL: SELECT `total`,`balance` FROM `yyd_account_users` ORDER BY id DESC LIMIT 1   [ RunTime:0.0000s ]
SQL: INSERT INTO `yyd_account_users` (`nid`,`user_id`,`type`,`money`,`total`,`balance`,`income`,`expend`,`frost`,`await`,`remark`,`addtime`,`addip`) VALUES ('tender_frost_36_1443172612','36','tender','10000','5038116.57','4996120.43','0','0','10000','0','App 对标421443088692号进行投资，冻结10000元','1443172612','0.0.0.0') [ RunTime:0.0000s ]
INFO: [ app_end ] --START--
INFO: Run Behavior\ShowPageTraceBehavior [ RunTime:0.000000s ]
INFO: [ app_end ] --END-- [ RunTime:0.000000s ]

[ 2015-09-25T17:18:44+08:00 ] ::1 /czcf/home/api/userTender/smmkey/3eef0f2cb569f66b61248104de523c101a1e4361
INFO: [ app_init ] --START--
INFO: Run Behavior\BuildLiteBehavior [ RunTime:0.000000s ]
INFO: [ app_init ] --END-- [ RunTime:0.001000s ]
INFO: [ app_begin ] --START--
INFO: Run Behavior\ReadHtmlCacheBehavior [ RunTime:0.000000s ]
INFO: [ app_begin ] --END-- [ RunTime:0.000000s ]
SQL: SHOW COLUMNS FROM `yyd_borrow` [ RunTime:0.0100s ]
SQL: SELECT COUNT(*) AS tp_count FROM `yyd_borrow` WHERE `borrow_end_time` > 1443172724 AND `borrow_nid` = '421443088692' LIMIT 1   [ RunTime:0.0010s ]
SQL: SELECT COUNT(*) AS tp_count FROM `yyd_borrow` WHERE `borrow_nid` = '421443088692' AND `user_id` = 36 LIMIT 1   [ RunTime:0.0010s ]
SQL: SHOW COLUMNS FROM `yyd_users` [ RunTime:0.0070s ]
SQL: SELECT `paypassword` FROM `yyd_users` WHERE `user_id` = 36 LIMIT 1   [ RunTime:0.0000s ]
SQL: UPDATE yyd_account set `balance`        = `balance` - 10000,
                                        `balance_frost` = `balance_frost` - 10000,
                                        `frost`         = `frost` + 10000 
                                    where `user_id` = 36  [ RunTime:0.0000s ]
SQL: SHOW COLUMNS FROM `yyd_account_balance` [ RunTime:0.0060s ]
SQL: SELECT `total`,`balance` FROM `yyd_account_balance` ORDER BY id DESC LIMIT 1   [ RunTime:0.0000s ]
SQL: INSERT INTO `yyd_account_balance` (`nid`,`user_id`,`type`,`money`,`total`,`balance`,`income`,`expend`,`remark`,`addtime`,`addip`) VALUES ('tender_frost_36_1443172724','36','tender','10000','107300116.77','107162492.01','0','0','App 对标421443088692号进行投资，冻结10000元','1443172724','0.0.0.0') [ RunTime:0.0000s ]
SQL: SHOW COLUMNS FROM `yyd_account` [ RunTime:0.0060s ]
SQL: SELECT * FROM `yyd_account` WHERE `user_id` = 36 LIMIT 1   [ RunTime:0.0000s ]
SQL: SELECT `user_id` FROM `yyd_borrow` WHERE `borrow_nid` = '421443088692' LIMIT 1   [ RunTime:0.0000s ]
SQL: SHOW COLUMNS FROM `yyd_account_log` [ RunTime:0.0080s ]
SQL: INSERT INTO `yyd_account_log` (`nid`,`user_id`,`type`,`total`,`total_old`,`money`,`income`,`income_old`,`income_new`,`expend`,`expend_old`,`expend_new`,`balance`,`balance_old`,`balance_new`,`balance_cash`,`balance_cash_old`,`balance_cash_new`,`balance_frost`,`balance_frost_old`,`balance_frost_new`,`frost`,`frost_old`,`frost_new`,`await`,`await_old`,`await_new`,`to_userid`) VALUES ('tender_frost_36_1443172724','36','tender','4996120.43','4996120.43','10000','5017118.50','5017118.50','0','20998.07','20998.07','0','4902206.43','4912206.43','-10000','4981006.43','4981006.43','0','-78800.00','-68800','-10000','93914.00','83914','10000','0','0','0','42') [ RunTime:0.0000s ]
SQL: SHOW COLUMNS FROM `yyd_account_users` [ RunTime:0.0030s ]
SQL: SELECT `total`,`balance` FROM `yyd_account_users` ORDER BY id DESC LIMIT 1   [ RunTime:0.0000s ]
SQL: INSERT INTO `yyd_account_users` (`nid`,`user_id`,`type`,`money`,`total`,`balance`,`income`,`expend`,`frost`,`await`,`remark`,`addtime`,`addip`) VALUES ('tender_frost_36_1443172724','36','tender','10000','5038116.57','4996120.43','0','0','10000','0','App 对标421443088692号进行投资，冻结10000元','1443172724','0.0.0.0') [ RunTime:0.0000s ]
INFO: [ app_end ] --START--
INFO: Run Behavior\ShowPageTraceBehavior [ RunTime:0.000000s ]
INFO: [ app_end ] --END-- [ RunTime:0.001000s ]

