[ 2015-08-28T17:30:13+08:00 ] ::1 /czcf/home/admin/addadmin/pli/6/cli/1
INFO: [ app_init ] --START--
INFO: Run Behavior\BuildLiteBehavior [ RunTime:0.000000s ]
INFO: [ app_init ] --END-- [ RunTime:0.000000s ]
INFO: [ app_begin ] --START--
INFO: Run Behavior\ReadHtmlCacheBehavior [ RunTime:0.001001s ]
INFO: [ app_begin ] --END-- [ RunTime:0.001001s ]
SQL: SHOW COLUMNS FROM `yyd_admin` [ RunTime:0.0030s ]
SQL: SHOW COLUMNS FROM `yyd_admin_type` [ RunTime:0.0030s ]
SQL: SELECT admin.id AS id,admin.username AS username,admin.adminname AS adminname,admin.type_id AS type_id,admin.addtime AS addtime,admin.addip AS addip,admin.update_time AS update_time,admin.update_ip AS update_ip,admin.login_time AS login_time,admin.login_ip AS login_ip,admin_type.name AS name FROM yyd_admin admin LEFT JOIN yyd_admin_type admin_type ON admin.type_id = admin_type.id WHERE admin.id = '1' LIMIT 1   [ RunTime:0.0010s ]
INFO: [ view_parse ] --START--
INFO: [ template_filter ] --START--
INFO: Run Behavior\ContentReplaceBehavior [ RunTime:0.000000s ]
INFO: [ template_filter ] --END-- [ RunTime:0.000000s ]
INFO: Run Behavior\ParseTemplateBehavior [ RunTime:0.007001s ]
INFO: [ view_parse ] --END-- [ RunTime:0.007001s ]
INFO: [ view_filter ] --START--
INFO: Run Behavior\WriteHtmlCacheBehavior [ RunTime:0.001000s ]
INFO: [ view_filter ] --END-- [ RunTime:0.001000s ]
INFO: [ app_end ] --START--
INFO: Run Behavior\ShowPageTraceBehavior [ RunTime:0.000000s ]
INFO: [ app_end ] --END-- [ RunTime:0.000000s ]

[ 2015-08-28T17:31:50+08:00 ] ::1 /czcf/home/admin/index/pli/6/cli/0
INFO: [ app_init ] --START--
INFO: Run Behavior\BuildLiteBehavior [ RunTime:0.000000s ]
INFO: [ app_init ] --END-- [ RunTime:0.001000s ]
INFO: [ app_begin ] --START--
INFO: Run Behavior\ReadHtmlCacheBehavior [ RunTime:0.000000s ]
INFO: [ app_begin ] --END-- [ RunTime:0.000000s ]
SQL: SHOW COLUMNS FROM `yyd_admin` [ RunTime:0.0100s ]
SQL: SHOW COLUMNS FROM `yyd_admin_type` [ RunTime:0.0060s ]
SQL: SELECT admin.id AS id,admin.username AS username,admin.adminname AS adminname,admin.type_id AS type_id,admin.addtime AS addtime,admin.addip AS addip,admin.update_time AS update_time,admin.update_ip AS update_ip,admin.login_time AS login_time,admin.login_ip AS login_ip,admin_type.name AS name FROM yyd_admin admin LEFT JOIN yyd_admin_type admin_type ON admin.type_id = admin_type.id WHERE admin.id = '1' LIMIT 1   [ RunTime:0.0010s ]
SQL: SELECT admin.id AS id,admin.username AS username,admin.adminname AS adminname,admin.type_id AS type_id,admin.addtime AS addtime,admin.addip AS addip,admin.update_time AS update_time,admin.update_ip AS update_ip,admin.login_time AS login_time,admin.login_ip AS login_ip,admin_type.name AS name FROM yyd_admin admin LEFT JOIN yyd_admin_type admin_type ON admin.type_id = admin_type.id  [ RunTime:0.0000s ]
INFO: [ view_parse ] --START--
INFO: [ template_filter ] --START--
INFO: Run Behavior\ContentReplaceBehavior [ RunTime:0.000000s ]
INFO: [ template_filter ] --END-- [ RunTime:0.000000s ]
INFO: Run Behavior\ParseTemplateBehavior [ RunTime:0.008000s ]
INFO: [ view_parse ] --END-- [ RunTime:0.008000s ]
INFO: [ view_filter ] --START--
INFO: Run Behavior\WriteHtmlCacheBehavior [ RunTime:0.001000s ]
INFO: [ view_filter ] --END-- [ RunTime:0.001000s ]
INFO: [ app_end ] --START--
INFO: Run Behavior\ShowPageTraceBehavior [ RunTime:0.000000s ]
INFO: [ app_end ] --END-- [ RunTime:0.000000s ]

[ 2015-08-28T17:33:38+08:00 ] ::1 /czcf/home/borrow/index
INFO: [ app_init ] --START--
INFO: Run Behavior\BuildLiteBehavior [ RunTime:0.000000s ]
INFO: [ app_init ] --END-- [ RunTime:0.001000s ]
INFO: [ app_begin ] --START--
INFO: Run Behavior\ReadHtmlCacheBehavior [ RunTime:0.001000s ]
INFO: [ app_begin ] --END-- [ RunTime:0.001000s ]
SQL: SHOW COLUMNS FROM `yyd_admin` [ RunTime:0.0050s ]
SQL: SHOW COLUMNS FROM `yyd_admin_type` [ RunTime:0.0050s ]
SQL: SELECT admin.id AS id,admin.username AS username,admin.adminname AS adminname,admin.type_id AS type_id,admin.addtime AS addtime,admin.addip AS addip,admin.update_time AS update_time,admin.update_ip AS update_ip,admin.login_time AS login_time,admin.login_ip AS login_ip,admin_type.name AS name FROM yyd_admin admin LEFT JOIN yyd_admin_type admin_type ON admin.type_id = admin_type.id WHERE admin.id = '1' LIMIT 1   [ RunTime:0.0020s ]
INFO: [ view_parse ] --START--
INFO: [ template_filter ] --START--
INFO: Run Behavior\ContentReplaceBehavior [ RunTime:0.000000s ]
INFO: [ template_filter ] --END-- [ RunTime:0.000000s ]
INFO: Run Behavior\ParseTemplateBehavior [ RunTime:0.027001s ]
INFO: [ view_parse ] --END-- [ RunTime:0.027001s ]
INFO: [ view_filter ] --START--
INFO: Run Behavior\WriteHtmlCacheBehavior [ RunTime:0.000000s ]
INFO: [ view_filter ] --END-- [ RunTime:0.000000s ]
INFO: [ app_end ] --START--
INFO: Run Behavior\ShowPageTraceBehavior [ RunTime:0.000000s ]
INFO: [ app_end ] --END-- [ RunTime:0.000000s ]

