[ 2015-09-15T11:53:01+08:00 ] ::1 /czcf/home/api/register/smmkey/3eef0f2cb569f66b61248104de523c101a1e4361
INFO: [ app_init ] --START--
INFO: Run Behavior\BuildLiteBehavior [ RunTime:0.000000s ]
INFO: [ app_init ] --END-- [ RunTime:0.001000s ]
INFO: [ app_begin ] --START--
INFO: Run Behavior\ReadHtmlCacheBehavior [ RunTime:0.001000s ]
INFO: [ app_begin ] --END-- [ RunTime:0.001000s ]
NOTIC: [8] Undefined index: send_time D:\phpStudy\WWW\czcf\Admin\Home\Controller\ApiController.class.php 第 135 行.
SQL: SHOW COLUMNS FROM `yyd_users` [ RunTime:0.0120s ]
SQL: SELECT * FROM `yyd_users` WHERE `username` = '18668367602' LIMIT 1   [ RunTime:0.0010s ]
NOTIC: [2] preg_match(): Compilation failed: PCRE does not support \L, \l, \N{name}, \U, or \u at offset 2 D:\phpStudy\WWW\czcf\Admin\Home\Controller\ApiController.class.php 第 81 行.

[ 2015-09-15T11:53:51+08:00 ] ::1 /czcf/home/api/register/smmkey/3eef0f2cb569f66b61248104de523c101a1e4361
INFO: [ app_init ] --START--
INFO: Run Behavior\BuildLiteBehavior [ RunTime:0.000000s ]
INFO: [ app_init ] --END-- [ RunTime:0.001000s ]
INFO: [ app_begin ] --START--
INFO: Run Behavior\ReadHtmlCacheBehavior [ RunTime:0.001000s ]
INFO: [ app_begin ] --END-- [ RunTime:0.001000s ]
NOTIC: [8] Undefined index: send_time D:\phpStudy\WWW\czcf\Admin\Home\Controller\ApiController.class.php 第 135 行.
SQL: SHOW COLUMNS FROM `yyd_users` [ RunTime:0.0070s ]
SQL: SELECT * FROM `yyd_users` WHERE `username` = '18668367602' LIMIT 1   [ RunTime:0.0000s ]
NOTIC: [2] preg_match(): Compilation failed: PCRE does not support \L, \l, \N{name}, \U, or \u at offset 3 D:\phpStudy\WWW\czcf\Admin\Home\Controller\ApiController.class.php 第 81 行.

[ 2015-09-15T11:55:16+08:00 ] ::1 /czcf/home/api/register/smmkey/3eef0f2cb569f66b61248104de523c101a1e4361
INFO: [ app_init ] --START--
INFO: Run Behavior\BuildLiteBehavior [ RunTime:0.000000s ]
INFO: [ app_init ] --END-- [ RunTime:0.001000s ]
INFO: [ app_begin ] --START--
INFO: Run Behavior\ReadHtmlCacheBehavior [ RunTime:0.000000s ]
INFO: [ app_begin ] --END-- [ RunTime:0.000000s ]
NOTIC: [8] Undefined index: send_time D:\phpStudy\WWW\czcf\Admin\Home\Controller\ApiController.class.php 第 135 行.
SQL: SHOW COLUMNS FROM `yyd_users` [ RunTime:0.0130s ]
SQL: SELECT * FROM `yyd_users` WHERE `username` = '18668367602' LIMIT 1   [ RunTime:0.0010s ]
NOTIC: [2] preg_match(): Compilation failed: PCRE does not support \L, \l, \N{name}, \U, or \u at offset 3 D:\phpStudy\WWW\czcf\Admin\Home\Controller\ApiController.class.php 第 81 行.

[ 2015-09-15T11:55:44+08:00 ] ::1 /czcf/home/api/register/smmkey/3eef0f2cb569f66b61248104de523c101a1e4361
INFO: [ app_init ] --START--
INFO: Run Behavior\BuildLiteBehavior [ RunTime:0.000000s ]
INFO: [ app_init ] --END-- [ RunTime:0.000000s ]
INFO: [ app_begin ] --START--
INFO: Run Behavior\ReadHtmlCacheBehavior [ RunTime:0.001000s ]
INFO: [ app_begin ] --END-- [ RunTime:0.001000s ]
NOTIC: [8] Undefined index: send_time D:\phpStudy\WWW\czcf\Admin\Home\Controller\ApiController.class.php 第 135 行.
SQL: SHOW COLUMNS FROM `yyd_users` [ RunTime:0.0080s ]
SQL: SELECT * FROM `yyd_users` WHERE `username` = '18668367602' LIMIT 1   [ RunTime:0.0000s ]
NOTIC: [2] preg_match(): Compilation failed: PCRE does not support \L, \l, \N{name}, \U, or \u at offset 3 D:\phpStudy\WWW\czcf\Admin\Home\Controller\ApiController.class.php 第 81 行.

[ 2015-09-15T11:58:34+08:00 ] ::1 /czcf/home/api/register/smmkey/3eef0f2cb569f66b61248104de523c101a1e4361
INFO: [ app_init ] --START--
INFO: Run Behavior\BuildLiteBehavior [ RunTime:0.000000s ]
INFO: [ app_init ] --END-- [ RunTime:0.001000s ]
INFO: [ app_begin ] --START--
INFO: Run Behavior\ReadHtmlCacheBehavior [ RunTime:0.000000s ]
INFO: [ app_begin ] --END-- [ RunTime:0.000000s ]
NOTIC: [8] Undefined index: send_time D:\phpStudy\WWW\czcf\Admin\Home\Controller\ApiController.class.php 第 135 行.
SQL: SHOW COLUMNS FROM `yyd_users` [ RunTime:0.0160s ]
SQL: SELECT * FROM `yyd_users` WHERE `username` = '18668367602' LIMIT 1   [ RunTime:0.0010s ]

[ 2015-09-15T11:58:43+08:00 ] ::1 /czcf/home/api/register/smmkey/3eef0f2cb569f66b61248104de523c101a1e4361
INFO: [ app_init ] --START--
INFO: Run Behavior\BuildLiteBehavior [ RunTime:0.000000s ]
INFO: [ app_init ] --END-- [ RunTime:0.000000s ]
INFO: [ app_begin ] --START--
INFO: Run Behavior\ReadHtmlCacheBehavior [ RunTime:0.001000s ]
INFO: [ app_begin ] --END-- [ RunTime:0.001000s ]
NOTIC: [8] Undefined index: send_time D:\phpStudy\WWW\czcf\Admin\Home\Controller\ApiController.class.php 第 135 行.
SQL: SHOW COLUMNS FROM `yyd_users` [ RunTime:0.0100s ]
SQL: SELECT * FROM `yyd_users` WHERE `username` = '18668367602' LIMIT 1   [ RunTime:0.0010s ]

[ 2015-09-15T11:59:55+08:00 ] ::1 /czcf/home/api/register/smmkey/3eef0f2cb569f66b61248104de523c101a1e4361
INFO: [ app_init ] --START--
INFO: Run Behavior\BuildLiteBehavior [ RunTime:0.000000s ]
INFO: [ app_init ] --END-- [ RunTime:0.001000s ]
INFO: [ app_begin ] --START--
INFO: Run Behavior\ReadHtmlCacheBehavior [ RunTime:0.001000s ]
INFO: [ app_begin ] --END-- [ RunTime:0.001000s ]

[ 2015-09-15T12:00:08+08:00 ] ::1 /czcf/home/api/register/smmkey/3eef0f2cb569f66b61248104de523c101a1e4361
INFO: [ app_init ] --START--
INFO: Run Behavior\BuildLiteBehavior [ RunTime:0.001000s ]
INFO: [ app_init ] --END-- [ RunTime:0.001000s ]
INFO: [ app_begin ] --START--
INFO: Run Behavior\ReadHtmlCacheBehavior [ RunTime:0.000000s ]
INFO: [ app_begin ] --END-- [ RunTime:0.001000s ]
NOTIC: [8] Undefined index: send_time D:\phpStudy\WWW\czcf\Admin\Home\Controller\ApiController.class.php 第 132 行.
SQL: SHOW COLUMNS FROM `yyd_users` [ RunTime:0.0120s ]
SQL: SELECT * FROM `yyd_users` WHERE `username` = '18668367602' LIMIT 1   [ RunTime:0.0020s ]

[ 2015-09-15T12:00:18+08:00 ] ::1 /czcf/home/api/register/smmkey/3eef0f2cb569f66b61248104de523c101a1e4361
INFO: [ app_init ] --START--
INFO: Run Behavior\BuildLiteBehavior [ RunTime:0.000000s ]
INFO: [ app_init ] --END-- [ RunTime:0.001000s ]
INFO: [ app_begin ] --START--
INFO: Run Behavior\ReadHtmlCacheBehavior [ RunTime:0.001000s ]
INFO: [ app_begin ] --END-- [ RunTime:0.001000s ]
NOTIC: [8] Undefined index: send_time D:\phpStudy\WWW\czcf\Admin\Home\Controller\ApiController.class.php 第 132 行.
SQL: SHOW COLUMNS FROM `yyd_users` [ RunTime:0.0120s ]
SQL: SELECT * FROM `yyd_users` WHERE `username` = '18668367602' LIMIT 1   [ RunTime:0.0010s ]

[ 2015-09-15T12:00:40+08:00 ] ::1 /czcf/home/api/register/smmkey/3eef0f2cb569f66b61248104de523c101a1e4361
INFO: [ app_init ] --START--
INFO: Run Behavior\BuildLiteBehavior [ RunTime:0.000000s ]
INFO: [ app_init ] --END-- [ RunTime:0.000000s ]
INFO: [ app_begin ] --START--
INFO: Run Behavior\ReadHtmlCacheBehavior [ RunTime:0.001000s ]
INFO: [ app_begin ] --END-- [ RunTime:0.001000s ]
NOTIC: [8] Undefined index: send_time D:\phpStudy\WWW\czcf\Admin\Home\Controller\ApiController.class.php 第 132 行.
SQL: SHOW COLUMNS FROM `yyd_users` [ RunTime:0.0090s ]
SQL: SELECT * FROM `yyd_users` WHERE `username` = '18668367602' LIMIT 1   [ RunTime:0.0010s ]

[ 2015-09-15T13:00:14+08:00 ] ::1 /czcf/home/api/register/smmkey/3eef0f2cb569f66b61248104de523c101a1e4361
INFO: [ app_init ] --START--
INFO: Run Behavior\BuildLiteBehavior [ RunTime:0.000000s ]
INFO: [ app_init ] --END-- [ RunTime:0.000000s ]
INFO: [ app_begin ] --START--
INFO: Run Behavior\ReadHtmlCacheBehavior [ RunTime:0.000000s ]
INFO: [ app_begin ] --END-- [ RunTime:0.000000s ]
NOTIC: [8] Undefined index: send_time D:\phpStudy\WWW\czcf\Admin\Home\Controller\ApiController.class.php 第 132 行.
SQL: SHOW COLUMNS FROM `yyd_users` [ RunTime:0.0120s ]
SQL: SELECT * FROM `yyd_users` WHERE `username` = '18668367602' LIMIT 1   [ RunTime:0.0000s ]

[ 2015-09-15T13:00:24+08:00 ] ::1 /czcf/home/api/register/smmkey/3eef0f2cb569f66b61248104de523c101a1e4361
INFO: [ app_init ] --START--
INFO: Run Behavior\BuildLiteBehavior [ RunTime:0.000000s ]
INFO: [ app_init ] --END-- [ RunTime:0.000000s ]
INFO: [ app_begin ] --START--
INFO: Run Behavior\ReadHtmlCacheBehavior [ RunTime:0.000000s ]
INFO: [ app_begin ] --END-- [ RunTime:0.000000s ]
NOTIC: [8] Undefined index: send_time D:\phpStudy\WWW\czcf\Admin\Home\Controller\ApiController.class.php 第 132 行.
SQL: SHOW COLUMNS FROM `yyd_users` [ RunTime:0.0030s ]
SQL: SELECT * FROM `yyd_users` WHERE `username` = '18668367602' LIMIT 1   [ RunTime:0.0000s ]

[ 2015-09-15T13:03:49+08:00 ] ::1 /czcf/home/api/register/smmkey/3eef0f2cb569f66b61248104de523c101a1e4361
INFO: [ app_init ] --START--
INFO: Run Behavior\BuildLiteBehavior [ RunTime:0.000000s ]
INFO: [ app_init ] --END-- [ RunTime:0.000000s ]
INFO: [ app_begin ] --START--
INFO: Run Behavior\ReadHtmlCacheBehavior [ RunTime:0.000000s ]
INFO: [ app_begin ] --END-- [ RunTime:0.001000s ]
NOTIC: [8] Undefined index: send_time D:\phpStudy\WWW\czcf\Admin\Home\Controller\ApiController.class.php 第 132 行.
SQL: SHOW COLUMNS FROM `yyd_users` [ RunTime:0.0110s ]
SQL: SELECT * FROM `yyd_users` WHERE `username` = '18668367602' LIMIT 1   [ RunTime:0.0010s ]

[ 2015-09-15T13:04:20+08:00 ] ::1 /czcf/home/api/register/smmkey/3eef0f2cb569f66b61248104de523c101a1e4361
INFO: [ app_init ] --START--
INFO: Run Behavior\BuildLiteBehavior [ RunTime:0.000000s ]
INFO: [ app_init ] --END-- [ RunTime:0.000000s ]
INFO: [ app_begin ] --START--
INFO: Run Behavior\ReadHtmlCacheBehavior [ RunTime:0.000000s ]
INFO: [ app_begin ] --END-- [ RunTime:0.000000s ]
NOTIC: [8] Undefined index: send_time D:\phpStudy\WWW\czcf\Admin\Home\Controller\ApiController.class.php 第 132 行.
SQL: SHOW COLUMNS FROM `yyd_users` [ RunTime:0.0100s ]
SQL: SELECT * FROM `yyd_users` WHERE `username` = '18668367602' LIMIT 1   [ RunTime:0.0010s ]

[ 2015-09-15T13:04:45+08:00 ] ::1 /czcf/home/api/register/smmkey/3eef0f2cb569f66b61248104de523c101a1e4361
INFO: [ app_init ] --START--
INFO: Run Behavior\BuildLiteBehavior [ RunTime:0.000000s ]
INFO: [ app_init ] --END-- [ RunTime:0.000000s ]
INFO: [ app_begin ] --START--
INFO: Run Behavior\ReadHtmlCacheBehavior [ RunTime:0.000000s ]
INFO: [ app_begin ] --END-- [ RunTime:0.000000s ]
NOTIC: [8] Undefined index: send_time D:\phpStudy\WWW\czcf\Admin\Home\Controller\ApiController.class.php 第 132 行.
SQL: SHOW COLUMNS FROM `yyd_users` [ RunTime:0.0120s ]
SQL: SELECT * FROM `yyd_users` WHERE `username` = '18668367602' LIMIT 1   [ RunTime:0.0010s ]

[ 2015-09-15T13:05:04+08:00 ] ::1 /czcf/home/api/register/smmkey/3eef0f2cb569f66b61248104de523c101a1e4361
INFO: [ app_init ] --START--
INFO: Run Behavior\BuildLiteBehavior [ RunTime:0.000000s ]
INFO: [ app_init ] --END-- [ RunTime:0.000000s ]
INFO: [ app_begin ] --START--
INFO: Run Behavior\ReadHtmlCacheBehavior [ RunTime:0.001000s ]
INFO: [ app_begin ] --END-- [ RunTime:0.001000s ]
NOTIC: [8] Undefined index: send_time D:\phpStudy\WWW\czcf\Admin\Home\Controller\ApiController.class.php 第 132 行.
SQL: SHOW COLUMNS FROM `yyd_users` [ RunTime:0.0030s ]
SQL: SELECT * FROM `yyd_users` WHERE `username` = '18668367602' LIMIT 1   [ RunTime:0.0010s ]

[ 2015-09-15T13:05:27+08:00 ] ::1 /czcf/home/api/register/smmkey/3eef0f2cb569f66b61248104de523c101a1e4361
INFO: [ app_init ] --START--
INFO: Run Behavior\BuildLiteBehavior [ RunTime:0.000000s ]
INFO: [ app_init ] --END-- [ RunTime:0.001000s ]
INFO: [ app_begin ] --START--
INFO: Run Behavior\ReadHtmlCacheBehavior [ RunTime:0.000000s ]
INFO: [ app_begin ] --END-- [ RunTime:0.000000s ]
NOTIC: [8] Undefined index: send_time D:\phpStudy\WWW\czcf\Admin\Home\Controller\ApiController.class.php 第 132 行.
SQL: SHOW COLUMNS FROM `yyd_users` [ RunTime:0.0110s ]
SQL: SELECT * FROM `yyd_users` WHERE `username` = '18668367602' LIMIT 1   [ RunTime:0.0020s ]

[ 2015-09-15T13:05:41+08:00 ] ::1 /czcf/home/api/register/smmkey/3eef0f2cb569f66b61248104de523c101a1e4361
INFO: [ app_init ] --START--
INFO: Run Behavior\BuildLiteBehavior [ RunTime:0.000000s ]
INFO: [ app_init ] --END-- [ RunTime:0.000000s ]
INFO: [ app_begin ] --START--
INFO: Run Behavior\ReadHtmlCacheBehavior [ RunTime:0.000000s ]
INFO: [ app_begin ] --END-- [ RunTime:0.001000s ]
NOTIC: [8] Undefined index: send_time D:\phpStudy\WWW\czcf\Admin\Home\Controller\ApiController.class.php 第 132 行.
SQL: SHOW COLUMNS FROM `yyd_users` [ RunTime:0.0110s ]
SQL: SELECT * FROM `yyd_users` WHERE `username` = '18668367602' LIMIT 1   [ RunTime:0.0010s ]

[ 2015-09-15T13:07:02+08:00 ] ::1 /czcf/home/api/register/smmkey/3eef0f2cb569f66b61248104de523c101a1e4361
INFO: [ app_init ] --START--
INFO: Run Behavior\BuildLiteBehavior [ RunTime:0.000000s ]
INFO: [ app_init ] --END-- [ RunTime:0.001000s ]
INFO: [ app_begin ] --START--
INFO: Run Behavior\ReadHtmlCacheBehavior [ RunTime:0.001000s ]
INFO: [ app_begin ] --END-- [ RunTime:0.001000s ]
NOTIC: [8] Undefined index: send_time D:\phpStudy\WWW\czcf\Admin\Home\Controller\ApiController.class.php 第 129 行.
SQL: SHOW COLUMNS FROM `yyd_users` [ RunTime:0.0130s ]
SQL: SELECT * FROM `yyd_users` WHERE `username` = '18668367602' LIMIT 1   [ RunTime:0.0010s ]

[ 2015-09-15T13:07:15+08:00 ] ::1 /czcf/home/api/register/smmkey/3eef0f2cb569f66b61248104de523c101a1e4361
INFO: [ app_init ] --START--
INFO: Run Behavior\BuildLiteBehavior [ RunTime:0.000000s ]
INFO: [ app_init ] --END-- [ RunTime:0.001000s ]
INFO: [ app_begin ] --START--
INFO: Run Behavior\ReadHtmlCacheBehavior [ RunTime:0.000000s ]
INFO: [ app_begin ] --END-- [ RunTime:0.000000s ]
NOTIC: [8] Undefined index: send_time D:\phpStudy\WWW\czcf\Admin\Home\Controller\ApiController.class.php 第 129 行.
SQL: SHOW COLUMNS FROM `yyd_users` [ RunTime:0.0130s ]
SQL: SELECT * FROM `yyd_users` WHERE `username` = '18668367602' LIMIT 1   [ RunTime:0.0000s ]

[ 2015-09-15T13:07:31+08:00 ] ::1 /czcf/home/api/register/smmkey/3eef0f2cb569f66b61248104de523c101a1e4361
INFO: [ app_init ] --START--
INFO: Run Behavior\BuildLiteBehavior [ RunTime:0.000000s ]
INFO: [ app_init ] --END-- [ RunTime:0.000000s ]
INFO: [ app_begin ] --START--
INFO: Run Behavior\ReadHtmlCacheBehavior [ RunTime:0.001000s ]
INFO: [ app_begin ] --END-- [ RunTime:0.001000s ]
NOTIC: [8] Undefined index: send_time D:\phpStudy\WWW\czcf\Admin\Home\Controller\ApiController.class.php 第 129 行.
SQL: SHOW COLUMNS FROM `yyd_users` [ RunTime:0.0120s ]
SQL: SELECT * FROM `yyd_users` WHERE `username` = '18668367602' LIMIT 1   [ RunTime:0.0010s ]

[ 2015-09-15T13:07:47+08:00 ] ::1 /czcf/home/api/register/smmkey/3eef0f2cb569f66b61248104de523c101a1e4361
INFO: [ app_init ] --START--
INFO: Run Behavior\BuildLiteBehavior [ RunTime:0.000000s ]
INFO: [ app_init ] --END-- [ RunTime:0.000000s ]
INFO: [ app_begin ] --START--
INFO: Run Behavior\ReadHtmlCacheBehavior [ RunTime:0.001000s ]
INFO: [ app_begin ] --END-- [ RunTime:0.001000s ]
NOTIC: [8] Undefined index: send_time D:\phpStudy\WWW\czcf\Admin\Home\Controller\ApiController.class.php 第 129 行.
SQL: SHOW COLUMNS FROM `yyd_users` [ RunTime:0.0140s ]
SQL: SELECT * FROM `yyd_users` WHERE `username` = '18668367602' LIMIT 1   [ RunTime:0.0010s ]

[ 2015-09-15T13:08:28+08:00 ] ::1 /czcf/home/api/register/smmkey/3eef0f2cb569f66b61248104de523c101a1e4361
INFO: [ app_init ] --START--
INFO: Run Behavior\BuildLiteBehavior [ RunTime:0.000000s ]
INFO: [ app_init ] --END-- [ RunTime:0.000000s ]
INFO: [ app_begin ] --START--
INFO: Run Behavior\ReadHtmlCacheBehavior [ RunTime:0.001000s ]
INFO: [ app_begin ] --END-- [ RunTime:0.001000s ]
NOTIC: [8] Undefined index: send_time D:\phpStudy\WWW\czcf\Admin\Home\Controller\ApiController.class.php 第 129 行.

[ 2015-09-15T13:37:37+08:00 ] ::1 /czcf/home/api/register/smmkey/3eef0f2cb569f66b61248104de523c101a1e4361
INFO: [ app_init ] --START--
INFO: Run Behavior\BuildLiteBehavior [ RunTime:0.000000s ]
INFO: [ app_init ] --END-- [ RunTime:0.001000s ]
INFO: [ app_begin ] --START--
INFO: Run Behavior\ReadHtmlCacheBehavior [ RunTime:0.000000s ]
INFO: [ app_begin ] --END-- [ RunTime:0.000000s ]
NOTIC: [8] Undefined index: send_time D:\phpStudy\WWW\czcf\Admin\Home\Controller\ApiController.class.php 第 129 行.

[ 2015-09-15T13:37:47+08:00 ] ::1 /czcf/home/api/getPhoneVerify/smmkey/3eef0f2cb569f66b61248104de523c101a1e4361
INFO: [ app_init ] --START--
INFO: Run Behavior\BuildLiteBehavior [ RunTime:0.000000s ]
INFO: [ app_init ] --END-- [ RunTime:0.000000s ]
INFO: [ app_begin ] --START--
INFO: Run Behavior\ReadHtmlCacheBehavior [ RunTime:0.000000s ]
INFO: [ app_begin ] --END-- [ RunTime:0.000000s ]
NOTIC: [8] Undefined index: port D:\phpStudy\WWW\czcf\Admin\Common\Common\function.php 第 148 行.
INFO: [ app_end ] --START--
INFO: Run Behavior\ShowPageTraceBehavior [ RunTime:0.012001s ]
INFO: [ app_end ] --END-- [ RunTime:0.012001s ]

[ 2015-09-15T13:38:19+08:00 ] ::1 /czcf/home/api/register/smmkey/3eef0f2cb569f66b61248104de523c101a1e4361
INFO: [ app_init ] --START--
INFO: Run Behavior\BuildLiteBehavior [ RunTime:0.000000s ]
INFO: [ app_init ] --END-- [ RunTime:0.000000s ]
INFO: [ app_begin ] --START--
INFO: Run Behavior\ReadHtmlCacheBehavior [ RunTime:0.000000s ]
INFO: [ app_begin ] --END-- [ RunTime:0.001000s ]
SQL: SHOW COLUMNS FROM `yyd_users` [ RunTime:0.0130s ]
SQL: SELECT * FROM `yyd_users` WHERE `username` = '18510095975' LIMIT 1   [ RunTime:0.0010s ]

[ 2015-09-15T13:38:36+08:00 ] ::1 /czcf/home/api/register/smmkey/3eef0f2cb569f66b61248104de523c101a1e4361
INFO: [ app_init ] --START--
INFO: Run Behavior\BuildLiteBehavior [ RunTime:0.000000s ]
INFO: [ app_init ] --END-- [ RunTime:0.001000s ]
INFO: [ app_begin ] --START--
INFO: Run Behavior\ReadHtmlCacheBehavior [ RunTime:0.000000s ]
INFO: [ app_begin ] --END-- [ RunTime:0.000000s ]
SQL: SHOW COLUMNS FROM `yyd_users` [ RunTime:0.0140s ]
SQL: SELECT * FROM `yyd_users` WHERE `username` = '18510095975' LIMIT 1   [ RunTime:0.0010s ]

[ 2015-09-15T13:40:33+08:00 ] ::1 /czcf/home/api/register/smmkey/3eef0f2cb569f66b61248104de523c101a1e4361
INFO: [ app_init ] --START--
INFO: Run Behavior\BuildLiteBehavior [ RunTime:0.000000s ]
INFO: [ app_init ] --END-- [ RunTime:0.001000s ]
INFO: [ app_begin ] --START--
INFO: Run Behavior\ReadHtmlCacheBehavior [ RunTime:0.001000s ]
INFO: [ app_begin ] --END-- [ RunTime:0.001000s ]
SQL: SHOW COLUMNS FROM `yyd_users` [ RunTime:0.0130s ]
SQL: SELECT * FROM `yyd_users` WHERE `username` = '18510095975' LIMIT 1   [ RunTime:0.0010s ]

[ 2015-09-15T13:42:32+08:00 ] ::1 /czcf/home/api/register/smmkey/3eef0f2cb569f66b61248104de523c101a1e4361
INFO: [ app_init ] --START--
INFO: Run Behavior\BuildLiteBehavior [ RunTime:0.000000s ]
INFO: [ app_init ] --END-- [ RunTime:0.000000s ]
INFO: [ app_begin ] --START--
INFO: Run Behavior\ReadHtmlCacheBehavior [ RunTime:0.000000s ]
INFO: [ app_begin ] --END-- [ RunTime:0.001000s ]
SQL: SHOW COLUMNS FROM `yyd_users` [ RunTime:0.0040s ]
SQL: SELECT * FROM `yyd_users` WHERE `username` = '18510095975' LIMIT 1   [ RunTime:0.0010s ]

[ 2015-09-15T13:42:36+08:00 ] ::1 /czcf/home/api/register/smmkey/3eef0f2cb569f66b61248104de523c101a1e4361
INFO: [ app_init ] --START--
INFO: Run Behavior\BuildLiteBehavior [ RunTime:0.000000s ]
INFO: [ app_init ] --END-- [ RunTime:0.001001s ]
INFO: [ app_begin ] --START--
INFO: Run Behavior\ReadHtmlCacheBehavior [ RunTime:0.001000s ]
INFO: [ app_begin ] --END-- [ RunTime:0.001000s ]
SQL: SHOW COLUMNS FROM `yyd_users` [ RunTime:0.0150s ]
SQL: SELECT * FROM `yyd_users` WHERE `username` = '18510095975' LIMIT 1   [ RunTime:0.0010s ]

[ 2015-09-15T13:45:12+08:00 ] ::1 /czcf/home/api/register/smmkey/3eef0f2cb569f66b61248104de523c101a1e4361
INFO: [ app_init ] --START--
INFO: Run Behavior\BuildLiteBehavior [ RunTime:0.000000s ]
INFO: [ app_init ] --END-- [ RunTime:0.000000s ]
INFO: [ app_begin ] --START--
INFO: Run Behavior\ReadHtmlCacheBehavior [ RunTime:0.000000s ]
INFO: [ app_begin ] --END-- [ RunTime:0.000000s ]

[ 2015-09-15T13:45:19+08:00 ] ::1 /czcf/home/api/register/smmkey/3eef0f2cb569f66b61248104de523c101a1e4361
INFO: [ app_init ] --START--
INFO: Run Behavior\BuildLiteBehavior [ RunTime:0.001001s ]
INFO: [ app_init ] --END-- [ RunTime:0.002001s ]
INFO: [ app_begin ] --START--
INFO: Run Behavior\ReadHtmlCacheBehavior [ RunTime:0.001000s ]
INFO: [ app_begin ] --END-- [ RunTime:0.001000s ]

[ 2015-09-15T17:38:58+08:00 ] ::1 /czcf/home/api/userWithdraw/smmkey/3eef0f2cb569f66b61248104de523c101a1e4361
INFO: [ app_init ] --START--
INFO: Run Behavior\BuildLiteBehavior [ RunTime:0.000000s ]
INFO: [ app_init ] --END-- [ RunTime:0.000000s ]
INFO: [ app_begin ] --START--
INFO: Run Behavior\ReadHtmlCacheBehavior [ RunTime:0.000000s ]
INFO: [ app_begin ] --END-- [ RunTime:0.000000s ]
INFO: [ app_end ] --START--
INFO: Run Behavior\ShowPageTraceBehavior [ RunTime:0.000000s ]
INFO: [ app_end ] --END-- [ RunTime:0.000000s ]

[ 2015-09-15T18:47:36+08:00 ] ::1 /czcf/home/api/userWithdraw/smmkey/3eef0f2cb569f66b61248104de523c101a1e4361
INFO: [ app_init ] --START--
INFO: Run Behavior\BuildLiteBehavior [ RunTime:0.000000s ]
INFO: [ app_init ] --END-- [ RunTime:0.000000s ]
INFO: [ app_begin ] --START--
INFO: Run Behavior\ReadHtmlCacheBehavior [ RunTime:0.001000s ]
INFO: [ app_begin ] --END-- [ RunTime:0.001000s ]
INFO: [ app_end ] --START--
INFO: Run Behavior\ShowPageTraceBehavior [ RunTime:0.001000s ]
INFO: [ app_end ] --END-- [ RunTime:0.001000s ]

